multiplier_32b_5b27f4989850b50428ce6c06600f439c.v	1712.90	8776	1249.90	14598	916	971
multiplier_32b_df6d79c8d134252cab7318d72b4f13f7.v	1934.10	8981	1361.90	14370	918	1037
multiplier_32b_949c8fdf196996da6da5e1e8d09debf0.v	1826.50	9054	1282.10	14990	912	1077
multiplier_32b_46339e0e58fbdd5cf471a1dc9ad8cb52.v	1619.40	7794	1145.40	13498	918	584
multiplier_32b_a56a918c0799b4298bbf0f4f1f41067f.v	1683.00	7680	1173.60	12366	918	537
multiplier_32b_3987bbf6424e183780fcb5ec3fe7ea87.v	1738.60	7686	1172.40	12056	921	548
multiplier_32b_af09c7726ffda5974a13a6329d43a24e.v	1639.30	7736	1155.60	13098	922	561
multiplier_32b_90b44b42f2917dee6aea278f50f2d71c.v	1651.60	7277	1119.20	11838	920	388
multiplier_32b_16894a67b1f0d31fc7a817a79b0c58d5.v	1654.40	7160	1059.70	12229	922	330
multiplier_32b_c48249d0054a1f2297fc338e5a42c983.v	1627.00	7115	100000.00	100000	919	310
multiplier_32b_4c90aeaf94d81ab7d7d4c0fc9b09d528.v	1618.40	7147	100000.00	100000	921	333
multiplier_32b_55a728609e730466a428a2d504b6ce38.v	1548.30	7162	1081.20	11956	922	336
multiplier_32b_4d1563e3cfa9a1b5f38bd23d6e4e8f32.v	1641.40	7137	1155.80	10351	926	332
multiplier_32b_3c867aec52903b4bbdea7d450341c879.v	1578.60	6967	1104.90	11416	916	282
multiplier_32b_0f04ebf214c87065553ae6089792ad7c.v	1612.20	6946	1082.40	11929	926	261
multiplier_32b_e6b64d129300312956a35e40c029495c.v	1592.90	6965	1124.50	11158	923	275
multiplier_32b_ed7a39d5fe0b781f96ed53c2535f306b.v	1781.10	6951	1155.80	9390	921	266
multiplier_32b_14144bedd0ea28ccf5ddc5632a01217f.v	1576.30	6511	1063.00	9652	929	88
multiplier_32b_98e933b669336ba75d5316df7949ea5f.v	1484.10	6424	1001.40	11026	931	53
multiplier_32b_ff4e1fe79ce7660adc0a7eafe96bc706.v	1568.80	6429	1057.60	9735	932	56
multiplier_32b_8122db655ea7c1ff206e1aafc6700220.v	1463.20	6431	1042.40	10934	936	47
multiplier_32b_d04fd7835a256afbc9add69a9207143a.v	1558.30	6425	1048.30	10020	931	53
multiplier_32b_edafb215eb705ddf6f8bdafa24beec11.v	1443.50	6411	1028.70	10451	935	49
multiplier_32b_617d6119cad4b5b6362df8984f6dbda4.v	2977.70	8505	100000.00	100000	863	1023
multiplier_32b_337ed42ebb60922d63b8aab8cdfa2adb.v	2308.70	7450	100000.00	100000	897	543
multiplier_32b_bff96fd60f940b3045361b77124c3097.v	2837.90	8353	100000.00	100000	858	964
multiplier_32b_13c35e9c21d17866c84ebd0225498725.v	2347.40	7657	100000.00	100000	890	637
