multiplier_32b_5b27f4989850b50428ce6c06600f439c.v	1738.60	8777	1247.90	14907	916	971
multiplier_32b_df6d79c8d134252cab7318d72b4f13f7.v	1915.30	8981	1332.90	14331	918	1037
multiplier_32b_949c8fdf196996da6da5e1e8d09debf0.v	100000.00	100000	100000.00	100000	912	1077
multiplier_32b_89b8cac36e16ff035ec028c6813f009b.v	1654.00	7966	1143.30	13942	916	649
multiplier_32b_6c167d683e252035e445296b496df0bf.v	1657.90	7872	100000.00	100000	918	619
multiplier_32b_c5033b5f49ce861554577a3e50be248a.v	1582.20	7911	1133.50	12770	913	626
multiplier_32b_e65962cb17677228abed3e6d515a6c24.v	1697.40	7860	1198.80	11458	920	604
multiplier_32b_b6bc9edbba530c01d2a111b837c5c430.v	1581.60	7511	1102.20	12481	931	466
multiplier_32b_9e705c8ea92613f265844926423ad507.v	1622.40	7399	1091.60	11764	923	428
multiplier_32b_2250701160b7afe87775c5c042db4422.v	1724.10	7407	1132.50	11246	923	428
multiplier_32b_80c9cd182a5d196262025a8b8264b046.v	1797.50	7526	1130.30	11940	919	474
multiplier_32b_407cdd26e5acaee71a664aa9338a7705.v	1548.50	7378	1098.80	12045	923	401
multiplier_32b_704072ab3a1ddd6cff3f8706df1adf86.v	1561.40	6850	100000.00	100000	923	213
multiplier_32b_d6bac33f84df801f8e44bf51cc356d25.v	1454.70	6952	1076.40	11178	923	247
multiplier_32b_d08550b93ff49e17ef6ca6b8546cf4d8.v	1502.00	6940	1081.60	9893	927	246
multiplier_32b_345b027a014eb403f9683aba8dad3d74.v	1616.90	6900	1057.70	11409	917	236
multiplier_32b_cfba26e606d4a804356b0f798a48f7c3.v	1637.70	6961	1096.90	11434	925	264
multiplier_32b_2173932a944e7c0c844626e9573a579b.v	1592.00	6773	1099.60	10945	926	199
multiplier_32b_14f956f6b428a3e324a7188bb7f0872c.v	1639.70	6686	1149.20	9106	928	170
multiplier_32b_4dcca962f3a410cfe541e9a189895229.v	1533.90	6755	1047.60	11588	921	191
multiplier_32b_ceba541b07e01e5840d9d875d17d5987.v	1537.20	6705	1128.60	9945	925	178
multiplier_32b_e3a791bf6bc6c95b56bdaa377968f834.v	1509.20	6772	1062.90	10677	921	204
multiplier_32b_beb35b0a469790b4a10faeb443d533fe.v	1535.30	6567	1016.80	10760	930	109
multiplier_32b_5c9b8b9f609aef9749e6f540c6a60495.v	1460.60	6517	1035.80	10240	929	86
multiplier_32b_1a622736a5cafc4f64c336d0c8827fb1.v	1594.90	6536	1036.30	10120	929	93
multiplier_32b_6507731666aeebbca333aa3f19b39b18.v	1526.00	6502	1077.40	9423	926	85
multiplier_32b_dff2f9f1dadf8351efcbf7f0c6d9eaaa.v	1530.60	6532	100000.00	100000	929	89
multiplier_32b_e0aa4a879eb2c7e8d4ba528f0a5ea6be.v	1528.30	6535	1057.70	10606	933	89
multiplier_32b_01334f8f5d01e85c90f71601e056e9ff.v	1528.50	6901	1099.60	10401	916	252
multiplier_32b_aed1ea1edeecffad38781a19a45da483.v	1650.00	7144	1144.40	11093	917	339
multiplier_32b_5698c3fe9b046aad101b5598f8ae743d.v	1567.00	7068	1094.40	12292	923	308
multiplier_32b_3e4b6401d87b7979953ccaa92f190578.v	1619.50	7135	100000.00	100000	917	343
multiplier_32b_5bd2cac56ae99cfd25d6c0bb58c13c93.v	1691.20	7110	1182.00	9997	924	329
multiplier_32b_21b31e416d7f9598062ed0c425271eca.v	1539.30	6738	1020.00	11490	922	174
multiplier_32b_31782bbfd47591c15ed1b41cca2d1dd4.v	1597.00	6717	1105.90	10790	933	158
multiplier_32b_ce1350cbdf7a31d9512da08a5b1a7597.v	1507.40	6690	1053.90	10862	931	153
multiplier_32b_3540638ed1bb7816ba35d50b864029ea.v	1488.20	6747	1056.30	10125	924	165
multiplier_32b_68521e50c458db5ad89f2c815b5ef6d3.v	1518.80	6698	1034.40	10919	929	158
multiplier_32b_04eb0794247335e73fc516dc81765623.v	1613.60	6697	1061.30	10603	929	158
multiplier_32b_c2a8ba5a26d9efe301ca4bbb47838ed5.v	1570.50	6390	1023.30	10293	931	39
multiplier_32b_763a06c66116667c9734725288b051d7.v	1481.00	6350	1117.10	8502	937	23
multiplier_32b_519e64c00502e5d245c577326554793e.v	1495.00	6393	1003.90	11293	934	38
multiplier_32b_24f44d4e5cfc3b5c4839127510a3f69a.v	1479.90	6382	1073.10	10164	939	31
multiplier_32b_4dfa24c8cd2a231465ad5a7c82f581ed.v	1705.50	6364	1104.90	8320	939	22
multiplier_32b_64153dadcd03b5a55cb04e313795305a.v	1568.50	6384	1074.60	9230	933	37
multiplier_32b_1537db50f9d87cf46db7be273a79431b.v	1502.50	6674	1032.80	11498	937	138
multiplier_32b_519e6cbfc351b527a3020da3e2ecbda7.v	1610.80	6830	1158.80	9434	931	207
multiplier_32b_0db4c6a951a8b8a3c6106c700c1d7782.v	1564.30	6896	1081.50	10623	919	231
multiplier_32b_950895efaffce947412b220ea98074de.v	1657.90	6909	1072.30	11374	930	235
multiplier_32b_0b0e99a84b71a497ca931c1e575dc724.v	1479.30	6867	100000.00	100000	929	221
multiplier_32b_9be841d085d025e3934e9a7c6b0feeab.v	1686.10	6901	1118.10	10286	929	240
multiplier_32b_a11eb06be09aaec9d5d1f2fc30ea5acf.v	1530.50	6614	1050.70	10059	924	132
multiplier_32b_e64e9a82a98cd202b79d7606e8a018c8.v	1597.30	6682	1091.80	9974	930	148
multiplier_32b_926773b6225e3cc4aa38b04782ca5ebc.v	1593.60	6623	1066.90	10380	920	142
multiplier_32b_d771b64b30adffccf072a408bf497d78.v	1537.80	6652	1102.80	9163	936	130
multiplier_32b_2e0e3f6424306d427a6f78dfd38a6fd6.v	1835.20	6617	1102.80	9491	932	130
multiplier_32b_71280207d4a283b5ce7c2835d6229b59.v	1420.60	6547	1020.50	9939	929	94
multiplier_32b_003740ec34284b4864c522fd707b6169.v	1558.90	6498	1049.10	9528	934	80
multiplier_32b_5dad66f9bec97fdca2f81d21bca174f1.v	1399.80	6535	993.60	10756	927	88
multiplier_32b_3219b6357fa393afcd3edddf1b39fd94.v	1410.20	6526	1015.90	10487	927	86
multiplier_32b_971549e6d890b19e87ce1b185bc5d46d.v	1458.90	6556	1085.00	8791	930	96
multiplier_32b_3624ee964403f62cd0adc9a91a0d6892.v	1523.90	6497	1052.30	9650	930	84
multiplier_32b_2b1a1dd1979df92e632a40363c4138e8.v	1584.20	6521	1074.10	10554	930	91
multiplier_32b_5ec538c6124d2c3268d068de8985d9c4.v	1577.80	6490	1053.60	10100	931	73
multiplier_32b_30b65d917176a69a2e7c65b56c0cf02a.v	1436.40	6479	1068.80	9287	930	73
multiplier_32b_63c721b5287e89784509d4b2cba42f9b.v	1473.40	6485	1020.10	10452	930	73
multiplier_32b_dfad9eb6bc5f006e70f04d5a0feffb1d.v	1461.20	6520	1047.90	10675	936	85
multiplier_32b_4f3b2e8be9179917a2111e1d35c6924c.v	1465.60	6449	1024.90	10448	929	67
multiplier_32b_af28e4b80aceb71db023391c6b4b0a00.v	1375.90	6447	1015.20	10641	935	55
multiplier_32b_07ff6c808ee5565dd5d6e2d215f409bf.v	1598.20	6407	1096.10	8794	938	46
multiplier_32b_8dbbeb007b7f145ef348e3998d5764c0.v	1437.00	6435	1023.50	10607	936	61
multiplier_32b_941a81c41f8c0bfd477960fa00a7a2e4.v	1488.20	6489	1018.20	10896	932	66
multiplier_32b_93ed2193b6eb6fca1d69e2a1205add00.v	1538.20	6418	1025.90	10504	930	57
multiplier_32b_8c3ff8ca5be284d24e8f91a279c26109.v	1505.90	6423	1042.70	10123	934	51
multiplier_32b_ac4d3611c9e4908f2789113e93d96bf1.v	1580.50	6474	1077.20	9754	934	66
multiplier_32b_dedda8ce2d38e6a31d645ed73b68b6d7.v	1586.60	6438	1041.60	11070	934	56
multiplier_32b_58d88c68de4e1b5f46fdcb6b45d32d62.v	1450.60	6429	1047.00	9828	930	54
multiplier_32b_bf02bee2f4064358ab064a0fa5932f91.v	1477.20	6433	1031.30	10088	930	55
multiplier_32b_753d02a02480f7860515b2435cf1975c.v	1449.00	6464	1085.70	10249	937	56
multiplier_32b_3433ce2e4d0478ea581b0584de9da338.v	1599.70	6423	1104.70	8942	932	50
multiplier_32b_53494a2803d3a12da4810b58f4a128c8.v	1613.80	6431	1060.60	9696	938	46
multiplier_32b_373bfaf5f9ab6dee0391eb22d9651575.v	1504.40	6496	1003.40	11106	920	91
multiplier_32b_086de75cce89d6d49c7b6e0a90c2e5fc.v	1498.70	6462	1088.60	9819	931	71
multiplier_32b_fedf9db7ceaa983f0a896dacb5683243.v	1452.60	6513	1029.20	10749	928	83
multiplier_32b_78755971d37487bfc1505ddd03fc5407.v	1529.50	6488	1073.20	10701	928	86
multiplier_32b_7739a48c5cbc545b6b44249d75832348.v	1580.20	6486	1025.00	11219	925	88
multiplier_32b_232c8881915458cbf6d05659bc299fad.v	1501.50	6481	1035.90	10095	926	79
multiplier_32b_1b9e97c279124c5b395101125f3b8037.v	1476.60	6453	1015.40	10828	936	53
multiplier_32b_16fa3477ea54b4f5d9dff735f783cb14.v	1439.90	6432	1032.90	9908	932	56
multiplier_32b_dd115d556972ab2267d79dd7eb8b347d.v	1497.20	6426	1011.40	10478	932	56
multiplier_32b_9365c0b231a7ba69e50fe2622af095fc.v	1516.80	6485	1023.20	10271	935	63
multiplier_32b_9a1409b41d9f3c1eff202c88ebcc5f9f.v	1444.90	6449	1035.10	10455	927	59
multiplier_32b_936610ca9b9a2fd7e70adacc54be76fd.v	1587.30	6456	1051.30	9862	940	54
multiplier_32b_0ad0efa4c958426ebf33ab46bcff7cb1.v	1417.00	6472	1021.00	10359	925	69
multiplier_32b_291f5ef1046d0d3a9c47c37331deb020.v	1475.90	6427	1058.00	9812	935	49
multiplier_32b_11075e9bd0826dbb2e35154081e96d09.v	1527.70	6407	1032.20	10904	934	44
multiplier_32b_81a8eaf3030f83f75b5397aeffc3ba25.v	1515.60	6422	1042.40	9410	930	50
multiplier_32b_6544f6686683e45d448188ca7cc4392e.v	1531.60	6424	1047.80	10008	933	43
multiplier_32b_93b4af7fef653fc3f3de81c9ea627215.v	1491.10	6432	1023.50	10734	933	51
multiplier_32b_0a51e1f607b782a971f97b4a3a6aa4ff.v	1489.10	6455	1008.40	10910	928	65
multiplier_32b_2185f6ae581562365938b5339771951a.v	1630.50	6556	1031.00	11026	933	108
multiplier_32b_3d76d35ab0182cd04806f85da2fd26de.v	1494.20	6468	1059.60	9876	929	78
multiplier_32b_a18cc8103a066e6024a78f5496b554c5.v	1623.00	6627	1045.70	11343	924	142
multiplier_32b_dc715b42c55cb0ee4dd8ad576922e353.v	1478.90	6523	1024.20	11141	921	112
multiplier_32b_f0c9fa350ad2966d1c14dfbd75cd42da.v	1543.90	6560	1084.00	9737	919	114
multiplier_32b_db1fcb5bcb6f04bd53b1bdfb1d2492d0.v	1440.80	6495	1028.40	10770	930	75
multiplier_32b_bc6009c01dbc1090813dcf21c17c6908.v	1453.90	6501	1016.80	10667	929	79
multiplier_32b_df0ea9d8f0b8a7e1eda9ce222e9d8951.v	1527.40	6533	1042.00	10091	936	86
multiplier_32b_3c0c81f83ef5ce379cb0975149420272.v	1454.00	6467	1053.80	9818	930	68
multiplier_32b_4dd74f8f158e43513392b8cc8378934f.v	1479.20	6487	1000.50	10103	930	74
multiplier_32b_7f195da48d600649afeeb2ddad67ff36.v	1462.30	6473	998.20	11371	937	67
multiplier_32b_fd6737db82ef10caa288b2a45efbfaab.v	1483.60	6449	1071.50	10044	933	67
multiplier_32b_4976152b6238e46425c862b8536401c9.v	1423.20	6440	1041.80	10601	929	59
multiplier_32b_474568347996ee1ab22f25cdf11b7f08.v	1742.00	6443	1084.20	8949	932	56
multiplier_32b_5c1372ebbfd88e285096110f9a61208d.v	1557.10	6483	1020.20	11009	928	72
multiplier_32b_b663ca608ee306631e83cadc131f5f87.v	1465.80	6440	1013.90	11266	929	63
multiplier_32b_805452cdcf7d5606b0708dfa1c7a7ed1.v	1479.60	6448	1040.30	10818	929	70
multiplier_32b_f0085216774bf0f635bb0792d32c4c96.v	1434.10	6428	1051.30	9978	932	53
multiplier_32b_2dda64d164fe2397ca72f82191aedd1c.v	1436.80	6413	1039.70	10716	934	51
multiplier_32b_5eb3f472f5e15ee009b42a7f81f1a5cb.v	1453.70	6440	1033.20	10340	931	63
multiplier_32b_c510da96f97444ae3c32ba78e239e22a.v	1511.60	6421	1018.10	10439	930	51
multiplier_32b_7e499593e51fe1d8b6f71d2dc62545ec.v	1444.90	6437	100000.00	100000	932	54
multiplier_32b_b524c9850c85b8dff62c77a45bd621a8.v	1510.40	6463	1019.20	10661	931	64
multiplier_32b_b84095f946cb14d9f0fdde461912900d.v	1639.70	6433	1062.00	9948	938	45
multiplier_32b_aa9f7bf9d6828a4fe0217ce271682673.v	1563.90	6658	1115.60	9584	928	137
multiplier_32b_aca9a36fe255923ec42c9dc9d3941f13.v	1599.40	6709	1122.10	9679	929	147
multiplier_32b_0d7c431b30651073499236ab12a686fd.v	1555.70	6712	1091.20	10454	929	159
multiplier_32b_2c576354312fd50322ec476f9874c60b.v	1536.90	6723	1058.90	10541	924	169
multiplier_32b_9e8da400f3562bb2a95141d93c3dd944.v	1467.80	6698	1062.00	10667	923	160
multiplier_32b_d79104258fc623d5be82048042942501.v	1717.40	6738	1095.20	9578	927	163
multiplier_32b_5473a493cb075e61ce61eca3991d1a25.v	1810.10	6396	1103.90	9099	943	36
multiplier_32b_ec741acc7ae594839d66b76283743afe.v	1550.80	6435	1028.10	10372	928	53
multiplier_32b_8fa16345bf7029d1978ec26e706b3c0a.v	1509.50	6408	1047.20	9775	929	46
multiplier_32b_0252aa0db2b4d32502b52a6f20d4fd26.v	1548.60	6425	1118.00	8548	935	53
multiplier_32b_ed0148951675910e148bfd54827a89da.v	1473.50	6417	1078.30	9932	938	41
multiplier_32b_cddad6b7c54191c4b9634998462c5359.v	1440.70	6457	1002.40	10365	930	62
multiplier_32b_777dc86e82b63caef5e7322242959861.v	1642.10	6582	1211.40	10216	917	150
multiplier_32b_b3cc29ba6e26c060c5dd87f0cd3e97e4.v	1635.00	6549	1136.70	10743	926	122
multiplier_32b_1bb653a143e089803d6f0931f70a7d73.v	1680.20	6568	1244.60	9722	917	152
multiplier_32b_b5b4aed1c7c2f3b251c0f798e0dad20a.v	1766.30	6589	1199.20	9142	921	144
multiplier_32b_08b13161596bb3221ab41afac725384c.v	1649.00	6555	1228.90	10540	920	137
multiplier_32b_ea3b6ca49040847fd331033b6e9cd239.v	1539.00	6416	1048.40	10129	933	45
multiplier_32b_36b0ea739b0272c7fa80229e7d064110.v	1567.20	6416	1036.10	10336	937	42
multiplier_32b_48e210ab0f37be443c3037e03f7f8a8a.v	1453.80	6396	999.70	10952	940	30
multiplier_32b_bf22ae09a70ff923d8b38b8102435eff.v	1483.70	6380	1017.40	10041	933	32
multiplier_32b_df8d47612eb65037546dad64e58210e4.v	1503.30	6399	1038.10	10819	934	32
multiplier_32b_1b52f1951f0d2d462deda3470939d871.v	1581.30	6393	1020.50	10176	936	33
multiplier_32b_95680e91cbf4369ffa9c585b45803170.v	1499.40	6420	1016.70	11016	935	49
multiplier_32b_fb06c59ced1eb8a1064356dd4a7f4648.v	1516.80	6842	1082.40	10789	928	199
multiplier_32b_a919750735f5dbb7073edf0db9466145.v	1559.60	6916	1069.90	10988	928	223
multiplier_32b_11cc6b2dd54152bcb17566ffc00c0836.v	1635.90	6971	1109.50	10422	927	258
multiplier_32b_89d90a3c001f75236d0fb33ade422ba2.v	1590.80	6831	1079.30	10294	919	204
multiplier_32b_d47bfa4b0e55e1d5854a748551d84e5a.v	1581.10	6927	1098.20	10872	933	246
multiplier_32b_b4cf8c547a711d359434608ff4155149.v	1673.90	6723	1089.40	9458	926	167
multiplier_32b_0cce542af324081268290ce8cee40fc4.v	1503.40	6449	1040.50	10039	931	52
multiplier_32b_85c84dcb9571f4c0e0935cad7e073091.v	1511.90	6410	1073.50	9791	936	40
multiplier_32b_01b3e9f176e6ed9082a8bea0cc2ebe4a.v	1516.50	6384	1027.60	10809	926	44
multiplier_32b_9f3726b0b88da83fd380bca8731fdcd6.v	1641.50	6430	1053.50	8953	929	48
multiplier_32b_400aea102fdfb9dec23956e88828490e.v	1535.60	6425	1071.20	10120	935	51
multiplier_32b_d8b9c1f4b387be00b52e307b37de92d6.v	1507.80	6473	1031.10	10717	929	79
multiplier_32b_7cadd5a6315101df2030d5d065f6ce8f.v	1538.00	6498	1095.50	9308	935	80
multiplier_32b_47a095eb4f824b0075904af7cc9c9cfa.v	1559.50	6534	1043.20	9677	921	99
multiplier_32b_c2d6b8da43b87df9ea4014599962e326.v	1503.30	6449	1056.70	10071	924	73
multiplier_32b_4c2f5bddbe34b6d407dbd5c93673f324.v	1504.50	6510	1034.60	10412	931	84
multiplier_32b_e5ab1f5cac26d6c6da4997608db7cbd6.v	1522.50	6496	1060.90	10287	925	93
multiplier_32b_eace0abe2a542a5d95351260168c35d9.v	1407.30	6452	1015.10	10690	931	59
multiplier_32b_66aac393f470ebbf96a9c9441760f9f2.v	1437.30	6459	1011.00	10295	929	66
multiplier_32b_2526ec50ef58f71bbe42ce8329ec0642.v	1475.60	6454	1012.90	10871	931	63
multiplier_32b_69d74dad5668cc9d4d682e090cad7d10.v	1438.20	6458	1031.10	11222	932	62
multiplier_32b_eef38de7e2019605f90a4a45d2efe591.v	1447.30	6410	1008.60	10743	931	47
multiplier_32b_af742baa7a9d4166682e71468696c186.v	1667.90	6436	1167.70	8436	943	47
multiplier_32b_c301f71439691ac33cd19b884e278ee9.v	1481.00	6477	1030.40	9799	935	64
multiplier_32b_dc6fd3c0411fa67c141c6f80d42790ce.v	1794.40	6461	1171.90	8964	937	69
multiplier_32b_52db08f68c493eb85725961c7246306e.v	1545.40	6456	1021.50	11224	933	65
multiplier_32b_9d4255a01e7c72363c7a77d8622ead81.v	1435.40	6416	1011.60	10512	925	70
multiplier_32b_6dd2a40922bc7da5cb016f5088961a11.v	1485.90	6444	1055.70	10812	925	69
multiplier_32b_5ecd8b4e564586093794a398eb93770e.v	1466.80	6461	1057.80	10073	934	64
multiplier_32b_565d19d32fea8cadae57133a88bba05c.v	1615.60	6425	1060.40	10158	925	73
multiplier_32b_30ec1e129d1005cc5a78849e2f0349ad.v	1521.20	6435	1035.80	10298	931	52
multiplier_32b_6c0b005f7d711e677f372734cfd9e9ac.v	1460.60	6447	1019.50	10896	931	59
multiplier_32b_f6d62e511318cde20cd7e791dc9ea6ca.v	1558.60	6379	1023.80	10222	935	30
multiplier_32b_cb8552d804b8edda52c9273f26821592.v	1463.70	6474	1072.10	8934	935	65
multiplier_32b_47337a0199cd1b15929dbde12cad3aa0.v	1546.00	6427	1025.00	10200	930	49
multiplier_32b_d313b44119ad48ef32b3f7e3e1d4b4a0.v	1512.60	6428	1093.20	8940	937	45
multiplier_32b_815e4b4b4354a2bdff8f55c7f9c6f654.v	1565.30	6459	1060.00	9680	933	64
multiplier_32b_5f2900a641093df29cb92376e786fe77.v	1451.20	6465	1041.10	10418	933	59
multiplier_32b_52223300b7eabed48a909b9a0aed2e19.v	1522.20	6396	1028.10	10113	937	43
multiplier_32b_738da8fc247ff4bd6f71b9325114a000.v	1716.30	6402	1226.50	8359	942	42
multiplier_32b_dcf66d5594131a66a6e2752f57b746e4.v	1532.70	6426	1096.60	9046	930	57
multiplier_32b_1b0fcf7ebd9f63b8c226c97b69bb463f.v	1490.20	6408	993.10	10893	930	51
multiplier_32b_0bc95bcb01e31e2bab4d6e3f6f143e85.v	1518.90	6463	1025.80	10575	932	67
multiplier_32b_9d05d95678dcbe728bbd4e1cec288d7d.v	1478.80	6478	1049.10	10239	934	77
multiplier_32b_5df281153dd0d3ec31b8484e95df14c1.v	1684.60	6539	1133.60	8471	925	99
multiplier_32b_1aa3954247f0919d52e997b5d28c1665.v	1632.70	6485	1025.20	10725	925	82
multiplier_32b_90f3075e90781144cc9f01f39fdda887.v	1507.00	6544	1037.20	11120	932	96
multiplier_32b_d11b0c3d0617cb6d92893c3437f4befb.v	1543.20	6481	1068.40	9113	925	82
multiplier_32b_b64099ee041c9a035945e2e72dec04bc.v	1482.20	6540	1047.30	10101	929	91
multiplier_32b_018c037de28d85f3aab86998a4485abf.v	1601.80	6490	1075.00	9391	932	73
multiplier_32b_81d5110b86bb12949aafa0b2575fbd27.v	1469.20	6495	1021.00	10303	929	75
multiplier_32b_06493d275b5b8c6f4723887c2043ea8b.v	1503.80	6467	1072.60	9566	932	68
multiplier_32b_38d2666f97b5324a5d785fb00e5b1bc5.v	1506.20	6505	1044.40	9632	931	72
multiplier_32b_a0c542aa25abd998af8b2362a2020351.v	1526.30	6464	1039.40	10085	929	78
multiplier_32b_7e6da7bc225467d35db3a1e2d9634cce.v	1417.30	6450	1028.80	10177	923	68
multiplier_32b_1b9c14bd69ee5bc58faeee59065f5ac2.v	1486.60	6438	1041.80	10192	935	48
multiplier_32b_070b78a020715e37947b13fc0c08a1ca.v	1479.80	6454	1030.00	10632	929	57
multiplier_32b_8418353d9fe80d9316e73214599ca6ee.v	1507.20	6437	1036.30	10564	931	56
multiplier_32b_64ba7593b38f90faec05154b51ff0595.v	1500.30	6491	1058.10	9882	930	68
multiplier_32b_8c826338c4b2971ff227ff5fe5c8cf9b.v	1383.40	6467	1015.20	10985	933	61
multiplier_32b_5a69b42d5591cc32ff9c0baf54b11073.v	1485.00	6496	1053.80	9909	933	67
multiplier_32b_0c4dbff5109bb7a4d55721445ce6d485.v	1536.10	6440	1014.90	11303	927	56
multiplier_32b_e579cc33bb56a4b55c116e820ce5e1fe.v	1644.30	6414	1061.10	9078	930	42
multiplier_32b_4ef10ca00250b9e3840cfe527f80ea51.v	1560.00	6409	1072.00	9626	929	58
multiplier_32b_bcb7fab1ba2ceabd31cee8d1dc8576a8.v	1440.20	6412	1021.20	10718	932	57
multiplier_32b_ce65effb960a18ae6cb177cecdd045a8.v	1497.90	6432	1038.00	10895	937	53
multiplier_32b_007ed36f2a5bec78303b51760c49bf9b.v	1477.30	6465	1028.50	10662	930	65
multiplier_32b_1209b8945b540ded12f313fd81ecf0b9.v	1585.30	6458	1062.20	10059	930	76
multiplier_32b_d9b9b0b0cb945ec22a511ded12da7382.v	1735.80	6481	1139.80	8566	932	73
multiplier_32b_b1db99b748f1bf94762a890c147304a0.v	1538.50	6474	1050.40	10113	923	82
multiplier_32b_6fd34206e69ff2aa6250177fadb083e1.v	1584.00	6446	1038.20	10559	928	75
multiplier_32b_46a5ed7c7e92ff821c7a09b16dcf67e4.v	1608.60	6493	1037.40	10179	937	74
multiplier_32b_c7acc60bfe4c6f92bc9e8b45df5f0132.v	1501.20	6508	1021.60	10844	924	90
multiplier_32b_bb184536d5847c49482cf2011bc5a647.v	1506.10	6486	1039.30	10455	926	77
multiplier_32b_f6cc56a4c63e571a6b45807aa3b21c9d.v	1513.60	6454	1060.00	9459	928	63
multiplier_32b_060de0e46ce9c6ce3dceafd2e6c9ba5d.v	1468.50	6427	1018.40	10687	927	56
multiplier_32b_177933e9e0b9af4877d121041456f614.v	1460.00	6474	1055.70	10275	932	62
multiplier_32b_8c6c34ddd0253ff28ac27f1447f79d0a.v	1483.40	6449	1040.00	10320	930	64
multiplier_32b_e04ffa2f708c937ec7b3daa0fe381c5b.v	1474.30	6429	1065.20	9510	934	51
multiplier_32b_8487e9523e9cb465bc8df78de4e73838.v	1515.50	6431	1042.70	10118	930	51
multiplier_32b_5093084d3440f27ade36cd8dbdbc1a3e.v	1663.80	6414	1107.20	8843	934	45
multiplier_32b_805d5abd05b5c350ba1ffc2b3dec0dfa.v	1525.50	6409	1047.30	9257	934	48
multiplier_32b_fd9c421f146d0eed231974f5008eac28.v	1434.20	6412	1042.20	10145	925	47
multiplier_32b_4d05ed7a106819f01cb5d1d4709c7ddb.v	1437.70	6424	1040.40	10597	934	56
multiplier_32b_9b298105acc35487b1c7876636bc3adb.v	1526.80	6399	1088.20	8396	933	44
multiplier_32b_3397577bbf4d40eda61c6cebc7981a2a.v	1534.10	6457	1067.30	9695	930	61
multiplier_32b_6a6bce18d7c411314b5ed9d263f22ab5.v	1520.00	6449	1034.20	10251	930	56
multiplier_32b_56a160870b1df38d68271aabb908f245.v	1585.50	6457	1112.00	8873	929	58
multiplier_32b_86a58dc08f6e1892728287e6f5802712.v	1502.10	6477	1043.20	11206	931	65
multiplier_32b_582c69af9d522204b2c0daef5baf4437.v	1512.00	6500	1039.00	10478	931	72
multiplier_32b_2a8dbee9633575b127f18e593ee75f91.v	1533.30	6472	1039.90	10156	929	70
multiplier_32b_9fa9c32609c898408c74b4b5941a9c54.v	1529.40	6457	1015.10	10476	927	66
multiplier_32b_1e28a277585ca796d6fb825d417844de.v	1609.30	6480	1106.90	9857	919	94
multiplier_32b_91f227ec023998376d7057642d7465d6.v	1498.10	6453	1077.60	10259	928	78
multiplier_32b_ee69e7d93a64dae64feac7e38ca27ba2.v	1592.90	6482	1058.50	10814	922	92
multiplier_32b_296a1bf286d4e94bb5ec06beaacd52eb.v	1728.90	6455	1133.30	9290	929	76
multiplier_32b_bf612434d4eaebda153e64774b3e00b0.v	1639.60	6490	1067.00	10352	929	90
multiplier_32b_e555e34352ea7059c1b26d0102fb9740.v	1579.00	6489	1125.30	10248	927	95
multiplier_32b_f4ffa847ac7a51f2da6512f4d53e37e8.v	1502.60	6398	1038.60	10630	935	39
multiplier_32b_7c11769bd924b7831c8c1a8d9f9c27aa.v	1518.30	6412	1046.60	10823	933	40
multiplier_32b_b39d2c310f9c88446c6409de6493c944.v	1424.90	6436	1026.00	10875	935	49
multiplier_32b_23ce69c09f30931ad5961190a3a67212.v	1528.80	6394	1052.90	10668	940	37
multiplier_32b_490b07043cc88383916fd76a7b519119.v	1583.00	6400	1048.20	9089	938	35
multiplier_32b_903cc62be1a00c2020af37f79a7609bf.v	1589.00	6409	1060.50	9824	936	44
multiplier_32b_b53714c48a7485e6ef7438d254bd3c9e.v	1605.40	6774	1082.60	10607	927	181
multiplier_32b_a158adff5cb7a1ab152151ff492a1610.v	1610.60	7070	100000.00	100000	919	312
multiplier_32b_658e6add5133f0df77e5521236bea7a1.v	1912.90	7028	1210.10	9323	922	280
multiplier_32b_ec665e73981ccd57e8e6338c30298f49.v	1511.20	6885	1093.70	11091	925	243
multiplier_32b_0e7a47dbebb99c88ef6018b1c21d9c41.v	1738.90	6954	1182.30	9720	931	252
multiplier_32b_59448da217db50922ba6e83d9facf01b.v	1473.00	6814	1033.40	11395	926	206
multiplier_32b_d09e70c9744d8efa213d7eb033eef7b5.v	1542.50	6635	1074.10	10250	922	136
multiplier_32b_49602a3a58a8ca65c8a4ca6c7d30c775.v	1574.90	6657	1093.30	9400	927	143
multiplier_32b_446cebe867a12d7527866246a29a08f3.v	1557.60	6690	1067.00	10659	929	148
multiplier_32b_7aa939311ab6023a6e0c32f67b4713f6.v	1622.70	6686	1036.80	11133	919	154
multiplier_32b_559393ef7526e5400d86dba1152e4932.v	1579.90	6642	1066.90	10820	927	134
multiplier_32b_33d93edd01a2118a4e638002a11e34fe.v	1586.80	6505	1046.30	10805	927	88
multiplier_32b_c107084f0478be8f3788a88678490522.v	1557.50	6510	1095.50	9588	930	82
multiplier_32b_d17aebf7d8ce07e560f3bcc57311bdf5.v	1581.20	6544	1042.20	10605	925	93
multiplier_32b_3760798e1b5b23f8ee40fdfac2a7e23b.v	1593.20	6564	1032.40	11535	928	104
multiplier_32b_96b9613fc6cd38fdc6021dc66124acdc.v	1575.10	6497	1079.30	10217	932	86
multiplier_32b_8b592488795e804e8e3883cf621ecaae.v	1493.40	6500	1050.80	9784	936	74
multiplier_32b_1840ddedc4f92c5f2ce5d8973d0bbd29.v	1518.30	6574	1070.60	10088	925	130
multiplier_32b_bee5d4b0c6b31e68d6b8c73ab90647ee.v	1677.10	6495	1126.30	8863	925	94
multiplier_32b_7f8ea47a302d3ab5a36e67f4904d3ce1.v	1702.50	6555	1154.60	8533	927	117
multiplier_32b_257a4fb2cf2663a0e95273f862f6f598.v	1589.70	6554	1073.90	10540	921	124
multiplier_32b_5e18159c4ea7552388eb79f0749c228f.v	1533.50	6565	1085.30	10273	925	127
multiplier_32b_1be823210a52ce5c85239ad7d2db1a17.v	1691.30	6556	1154.40	9758	931	115
multiplier_32b_4a9e634a24d0f04c34888026923bd6e8.v	1480.10	6448	1041.90	10111	929	66
multiplier_32b_ea67bc4cc0d2b945a8cd94a134d7bd28.v	1430.40	6459	1021.10	10784	927	65
multiplier_32b_81ca273bf0c2dbf6ddf8207ae470a7f9.v	1585.20	6472	1074.70	10045	934	65
multiplier_32b_4aca55356b2c0145668d941107a926f5.v	1522.00	6401	1016.40	10311	922	63
multiplier_32b_485fd334077cc79766404dbc1ddc05e4.v	1577.30	6473	1079.10	9953	929	72
multiplier_32b_7cd0ae232d275cccdfbae9b05170c1f5.v	1477.90	6424	1037.60	10368	925	67
multiplier_32b_fb7f3a2699d881818bed7eba016a56e9.v	1594.30	6430	1070.20	9689	934	55
multiplier_32b_eea1c908f7840c5054f184009d5aeca9.v	1718.00	6395	1119.40	8844	935	42
multiplier_32b_6901458c0e37651057fc5aa8a11a144c.v	1583.00	6425	1025.40	9522	922	45
multiplier_32b_15f2e0d6195923a5e8939c7e04e1644e.v	1477.10	6468	1011.00	11202	932	65
multiplier_32b_ec5d050f73ebe1fd19001f6fcee093dc.v	1569.80	6420	1063.50	9587	936	46
multiplier_32b_b2dfb829785abdd47e5dbde4906ee85b.v	1498.10	6431	1037.50	10350	930	48
multiplier_32b_6d98ad596705cf4a5e10711d040e53cb.v	1497.90	6477	1076.60	10006	932	77
multiplier_32b_99cdaaa0d0ba7be3aff5511bf21f876b.v	1473.80	6468	1071.20	10153	924	80
multiplier_32b_8221a9a517b426608c2991b162ad812b.v	1503.70	6435	1104.40	9107	928	61
multiplier_32b_153c6baa22107af38d0f6f44e6dd76ae.v	1577.90	6476	1097.40	9687	937	81
multiplier_32b_9c4d06e97333b7d29ea6f1c215546741.v	1530.70	6479	1048.10	9940	926	81
multiplier_32b_37b6b9e07cc832eeb208fa82c6125cfa.v	1449.10	6459	1044.90	10390	933	70
multiplier_32b_616d58a705ba6e8ffe027d0dd9f071ad.v	1565.00	6400	1058.90	9713	933	47
multiplier_32b_4069b3bc9fbea19d132d74bbb8fbe6ba.v	1480.20	6416	1033.70	10206	927	55
multiplier_32b_0705a1eacf134333aecd58f18d3c836a.v	1908.90	6427	1184.00	8029	939	60
multiplier_32b_6aef467674887fe92c8eeaa797a1068b.v	1454.90	6406	1015.60	10542	928	47
multiplier_32b_4ce6f3ad387d3b200b4cd9859c12551a.v	1574.70	6417	1085.40	9458	935	46
multiplier_32b_a7ef05292c0d546c78ec5513a3f3398a.v	1585.10	6410	1054.20	9636	932	49
multiplier_32b_cd084b281918dcb582324133ec15c7aa.v	1452.00	6386	1068.50	8934	926	49
multiplier_32b_be8195289542985d1a97ade779ea4a6f.v	1637.30	6464	1118.20	9182	931	82
multiplier_32b_aa0a64c325d85c7d7b8fa93d36b352a4.v	1474.30	6503	1090.00	9845	926	99
multiplier_32b_362b81fbafe7b67c7049dcc3f42a5d8a.v	1606.60	6544	1037.30	10907	928	104
multiplier_32b_69674e64f6e03f6bded433948607d636.v	1549.10	6567	1041.10	10845	924	117
multiplier_32b_9b7b618b8bc8843248b158bd33dfd2d6.v	1529.60	6575	1067.80	10320	920	121
multiplier_32b_3065fb79d889442db3a26119b02a7d21.v	1594.60	6546	1078.60	10134	930	102
multiplier_32b_9ecbbb182f946f4b867dff988d1f0ca4.v	1495.00	6473	1039.00	10058	931	70
multiplier_32b_93b1a81d0542a96b9fd842f0e161f6de.v	1417.10	6479	1003.90	10795	928	67
multiplier_32b_a1a97d70fb0478c6d59c30a8f0c65680.v	1700.70	6541	1059.00	10171	933	96
multiplier_32b_bcad776e08d2f3d5e59d58282006caea.v	1448.10	6486	1026.10	10275	929	75
multiplier_32b_bfe9d03c1371716c9bb852ac1a2fd786.v	1690.80	6555	1125.40	9351	934	93
multiplier_32b_c7d81456c7cda63b63d48b8daba7561f.v	1542.90	6487	1010.50	10756	931	69
multiplier_32b_8c42a1ca23be6f86ad4069aea38ce22c.v	1477.00	6476	1033.40	10594	927	71
multiplier_32b_76411cc2d194590aaf8ec1ec8293ec8b.v	1590.00	6438	1088.60	8975	938	53
multiplier_32b_f2de5dbb97a18242ce3cbc26dcc43c08.v	1569.20	6479	1071.10	9825	937	72
multiplier_32b_2b41a6320bdde3a4048705e60195e62f.v	1482.40	6483	1034.00	11548	929	75
multiplier_32b_b7d87dac039cee1aa840e4f7886eb943.v	1404.60	6429	1000.30	10778	919	74
multiplier_32b_692ccb1c82a57a13baaf8d824bf7b864.v	1576.80	6485	1060.80	10513	933	71
multiplier_32b_6f6a1296bff95d87ec61e2e0cca018d6.v	1479.20	6429	1021.00	9878	925	53
multiplier_32b_1757f89d526f6befc2882e2399b4a989.v	1478.10	6437	1045.60	10431	934	48
multiplier_32b_743250fc9f3f18947bd6e849a9456b9b.v	1571.10	6424	1052.70	9667	927	52
multiplier_32b_0f0cea0eac6014788e17c3a3758b6445.v	1474.70	6463	1012.60	11080	930	59
multiplier_32b_2e922d3cbf5debcffe9550b0077c3446.v	1508.60	6415	1060.90	9808	935	45
multiplier_32b_60c4f3a77630e1ed8ae9b94e298391df.v	1513.10	6428	1032.90	10050	932	51
multiplier_32b_8be9473dbdba3091e6d3cd4f0e407b6f.v	1626.80	6469	1081.30	9727	930	81
multiplier_32b_8ce6610e76c212d35a964212de708080.v	1531.00	6481	1073.80	9518	924	86
multiplier_32b_e8e1ea8977674f52450a4a699057e517.v	1419.30	6467	1025.50	10784	936	63
multiplier_32b_ef3a138a34c40d16d59ea2793ebc585f.v	1532.60	6420	1071.60	9593	922	69
multiplier_32b_17f238dbabf13b86e7279146f0feff35.v	1497.40	6461	1086.00	9753	932	68
multiplier_32b_f69dda14aa6d2c72190a33d4aa4afbfd.v	1527.70	6478	1061.10	10813	924	82
multiplier_32b_7b41fd95bd92f83bab7688e8a349933c.v	1494.50	6419	1046.20	9898	930	48
multiplier_32b_4fdd7d9cb8fcc44094f2a832e40d7f61.v	1467.60	6403	1006.00	10985	928	55
multiplier_32b_193fcc4acfde3ddef187b71c2836c2c7.v	1471.60	6393	1023.50	11003	928	48
multiplier_32b_b92251d9de75b85876816adfa77a4d75.v	1491.60	6428	1037.80	10181	929	53
multiplier_32b_f34dbdeb9d1bac59ab587f7945b29873.v	1614.30	6429	1031.00	10441	932	47
multiplier_32b_e8846ba68a52ba3696361f5688f02d5f.v	1628.40	6406	1045.60	9903	926	50
multiplier_32b_325153d7e5d9f40f54fcffff62eb736c.v	1501.20	6433	1032.70	9923	924	65
multiplier_32b_f9f325137aebd0b622f2e87de92dbaae.v	1513.40	6536	1084.00	9693	935	90
multiplier_32b_3ce34b91d8f7d8477d7832f89f04f99c.v	1577.20	6508	1101.10	9916	927	93
multiplier_32b_b30b68ab3411ffce5d8cfcd77e06dea1.v	1529.10	6555	1048.80	10028	929	105
multiplier_32b_64df221869ba3cd68fecdf65e858ab16.v	1528.00	6521	1052.20	10196	927	104
multiplier_32b_d6b771d1301afebd33cc8f2dea5ad0ae.v	1407.40	6494	1034.80	11174	919	96
multiplier_32b_85735f105d5d6ac2dc628bb4e0403528.v	1444.70	6509	1030.40	10858	929	84
multiplier_32b_27f2be267b0e16e92d46b23eb207d235.v	1461.20	6476	1026.50	10867	930	69
multiplier_32b_ba6fd0fb0274a9c7803daf2b87987fe6.v	1531.90	6494	1078.40	10169	934	76
multiplier_32b_bab32f966fb3e9b3f3b98966e2899386.v	1452.20	6488	1034.50	10259	931	80
multiplier_32b_a3510c8524750f86aa75b609be00062a.v	1496.20	6440	1017.90	10953	930	54
multiplier_32b_c9a383a26ae654ca2a810c6baebe140c.v	1526.30	6468	1080.00	9388	937	63
multiplier_32b_da7b305d5252176ed0318ae0c902f467.v	1480.70	6491	1025.40	10853	938	69
multiplier_32b_c9a45bbf3fef2fdfce9ab07618a1cbb4.v	1493.90	6437	1058.10	10219	933	54
multiplier_32b_d402313a7cca3beec473c1e8f96bbca9.v	1504.90	6440	1031.80	11048	929	59
multiplier_32b_9b32567a49776e1d1be5ecf50706956f.v	1553.90	6474	1040.80	10244	928	74
multiplier_32b_bfbb045f67c2d39a4ec18430f870cacc.v	1593.10	6470	1037.40	10421	928	75
multiplier_32b_8e2db1a2d6e5688b37efa368ad0e57e2.v	1456.50	6434	1008.70	10964	927	65
multiplier_32b_6bba36cc716e8967fd80c3f81a8f2ee0.v	1613.50	6460	1040.10	9523	924	72
multiplier_32b_54900b72d3adb91a651d6d768c2ebbf1.v	1591.60	6426	1086.70	9396	930	58
multiplier_32b_de03cc5a13024d11b0621c72862f7ba2.v	1545.20	6397	1053.00	9807	930	47
multiplier_32b_ff11871faa253889f8401d57d874bbc1.v	1498.00	6442	1029.20	9376	927	57
multiplier_32b_afdc848a929887d90f42f5be985aee92.v	1487.40	6437	1035.00	10669	937	50
multiplier_32b_31313903133ebf701175be7412922d02.v	1513.10	6392	1028.80	10832	936	35
multiplier_32b_4a4d2420ab27f803a993a630a275ad9a.v	1479.50	6396	1003.20	10738	931	37
multiplier_32b_e515c4db9d85f4269f657c0ec54fdc5c.v	1466.70	6607	1045.10	10557	927	126
multiplier_32b_0f0acce5183c030e2fe6354565ec9ee6.v	1584.30	6868	1077.50	10841	925	219
multiplier_32b_ef714566dfbc0afc5c4508482ec2c1f1.v	1510.30	6788	1084.60	10756	923	192
multiplier_32b_908b8445b9fc39d20e4fef83e9ed1588.v	1556.20	6735	1046.30	10445	929	173
multiplier_32b_d444689d8e6043c32961d659ac599984.v	1601.80	6854	1114.20	9507	930	211
multiplier_32b_a2e63bc60488c7f51ef807fe7cf33424.v	1497.00	6834	1092.20	11373	931	199
multiplier_32b_8b6f63bd8ce93912b3bb5cbab176a6e4.v	1812.90	6351	1196.40	8079	944	18
multiplier_32b_9bbbaba056619da7abe9b10f9f0ce9cb.v	1922.20	6365	1236.60	8448	949	16
multiplier_32b_d507ffb1dbcb624b351849b9b93a1c14.v	2035.30	6370	1230.30	8580	948	21
multiplier_32b_3c898dd2a094fe005d8611aaf9883f0d.v	1493.60	6399	1053.60	9607	940	36
multiplier_32b_e7872b48c845cf080963f61c7f344ce1.v	1636.60	6348	1081.20	8822	942	15
multiplier_32b_3f72a6632a862cf62333b1fa2ec32ae6.v	1789.70	6352	1095.50	8967	942	19
multiplier_32b_3eb009efc0d6e3c6b8b0d20829baed23.v	1686.00	6412	1157.60	9028	931	70
multiplier_32b_8e6b6496cc925652a04dc6c4e0c4e88e.v	1613.70	6463	1110.50	10334	922	98
multiplier_32b_d1b3a71173b0bb41105d1b542ddc8560.v	1532.90	6471	1104.50	10618	930	90
multiplier_32b_573a0c784de9dfeac6559dbff371a45e.v	1795.00	6392	1117.80	9027	936	46
multiplier_32b_a675b32567607481550438f76e35194d.v	1634.40	6483	1153.80	9086	924	99
multiplier_32b_b1a4706a5875fe85ff4978134e72cf61.v	1622.80	6441	1133.00	10851	923	86
multiplier_32b_9483b1dfc890c5748a06a6572937c417.v	1569.90	6348	1096.30	8894	930	40
multiplier_32b_6a47cc8ea9d18a5c3b6210ff21d20ea1.v	1964.30	6348	1224.10	8047	949	17
multiplier_32b_d6148ecfe72ac487e18b8a897ee659d0.v	1490.10	6364	1017.90	10264	936	26
multiplier_32b_f4632f9253a6be43e8a3302eda7a373c.v	1598.10	6366	1064.30	9576	939	25
multiplier_32b_3c39ba912b4ae317fe6032214ff78263.v	1759.60	6391	1107.40	8698	939	30
multiplier_32b_22a88b53c6bb83797d3e3ee98b0b2641.v	1483.00	6387	1071.30	10501	936	43
multiplier_32b_deec169504ad3d727c844186962eb815.v	1508.10	6503	1037.20	10739	935	88
multiplier_32b_6af132af98adb4979f3137ffe09bca2d.v	1522.30	6979	1091.00	10884	920	271
multiplier_32b_b7cef47665be41625d09f10cee1a2ed6.v	1618.10	6919	1086.40	10760	924	253
multiplier_32b_a8f77b86b45f3be9ceb9d15350267fc5.v	1695.00	7025	1086.50	11501	929	279
multiplier_32b_84350e0603b3ea047d3502631fa2fe58.v	1657.80	6798	1118.20	10140	926	213
multiplier_32b_fd7ee52b25f949c58187dbe2e0a4d337.v	1638.90	6935	1081.70	11069	922	259
multiplier_32b_a117fa177d1750e8f633040adbab61a7.v	1449.40	6430	1020.10	10258	929	67
multiplier_32b_c88189906a3474da959c922a296f079f.v	1490.90	6440	1042.60	10246	935	47
multiplier_32b_64b868f6adc6eab864a62dce2ffd57bd.v	1541.90	6464	1050.00	11039	934	70
multiplier_32b_6cb360adfbc91a6b3291533527a999fc.v	1533.40	6443	1040.30	10092	925	64
multiplier_32b_bbd4633840d045e940771924ef4584c3.v	1573.40	6423	1078.10	9743	931	59
multiplier_32b_563e4273f8ff5a40392300568f264ab3.v	1535.00	6456	1069.30	10586	927	68
multiplier_32b_43f796a90612cba9ad605a9a52c87097.v	1463.50	6431	1008.50	10750	929	51
multiplier_32b_daaef73af63653ce574ccfa1e7986c35.v	1504.00	6452	1050.40	9718	934	62
multiplier_32b_1b2f1db3d7b87824d5a0bc7dc7ac8f7e.v	1416.70	6446	1005.00	11232	929	60
multiplier_32b_323a1ab25e4503037fa6fd2aff54429f.v	1551.60	6423	1065.90	9800	934	47
multiplier_32b_2fea05e64a318fc3e0c139e5e9d0fe10.v	1510.90	6388	1043.10	10242	936	38
multiplier_32b_bbbc9fc85b899b06cce2f4a85512ddc8.v	1509.40	6446	1047.30	9093	926	56
multiplier_32b_e7bfe24f75570cb21ed9cd7cd640ae98.v	1431.10	6482	1041.50	10599	940	68
multiplier_32b_68a0a3cfd5f9beec71af976ad4d3e564.v	1472.80	6460	1011.40	12056	934	63
multiplier_32b_6edd7c6466170e15af90f0e551f21abf.v	1506.80	6452	1024.40	10433	926	67
multiplier_32b_0194503913ccf0c8fbd0e8aac647e0d4.v	1638.40	6490	1084.10	9561	931	75
multiplier_32b_6e47289aec36d3e49454fd63a2f55f3b.v	1593.60	6440	1118.80	8522	931	54
multiplier_32b_b838f1bb9345fd0d47ad497f69a9cbd8.v	1473.20	6498	1049.20	10075	929	77
multiplier_32b_b6325cd32532dc37f9b1fcb5ea052242.v	1855.20	6462	1191.90	7973	936	67
multiplier_32b_f29378f049c2f31c364d7d7ab3a7cb84.v	1691.20	6456	1103.40	9429	933	60
multiplier_32b_4a55530ced114ac762ba0d4802acf8d1.v	1498.40	6436	1026.60	10542	925	67
multiplier_32b_8dfbe8e1429c822d091aeddddf38c2c1.v	1546.10	6458	1060.30	10213	933	70
multiplier_32b_d0429325d1f848fb805c600ead3c112a.v	1411.60	6413	1008.30	10453	938	45
multiplier_32b_e39ee7252ba0156f4f37f7db13c5b04a.v	1548.50	6454	1044.10	10489	931	72
multiplier_32b_2ba9e963bb2e3f625ed6f1ded92132ce.v	1559.80	6433	1061.20	10615	934	56
multiplier_32b_2365a958753ea26c993f35ee259cc70e.v	1475.20	6389	1035.30	10216	936	36
multiplier_32b_d5de84cf0aabb1b3c5c6cb39bad556c6.v	1514.00	6373	1018.60	10200	938	30
multiplier_32b_8720d2664d2f95c5d46aa23a8e18b956.v	1472.30	6411	1025.70	9439	932	47
multiplier_32b_5547a3872de9d397c8a53bec2d55e837.v	1375.60	6428	1022.10	10022	934	46
multiplier_32b_44dfddf23af3a1f6358c3e3797a363d5.v	1435.30	6415	1009.50	10733	934	44
multiplier_32b_c74c4706b1d3a0cd59ed239c50000fd1.v	1561.10	6386	1047.50	9391	935	39
multiplier_32b_f93d2f34bac17995cbdc30c7c587145d.v	1552.80	6490	1012.50	10958	925	74
multiplier_32b_9ff86f09ba1a8c754d3c0a5b99acd3e8.v	1540.30	6429	1049.90	10721	928	68
multiplier_32b_18c8acae12227add7d8dbd9e27a32eac.v	1527.40	6478	1032.90	10810	928	69
multiplier_32b_4fa7b55b2bed915e8769e11996f9cf05.v	1472.10	6468	1046.10	10372	931	76
multiplier_32b_e517c2f14635213de0aee2f154c9fbf0.v	1568.70	6520	1082.40	9071	933	85
multiplier_32b_e5b4c1fc3ed5bcdc91192c7339de6b2f.v	1579.10	6441	1038.10	10674	927	67
multiplier_32b_c1982d1e6fa4788bad04abfd6d2dcf31.v	1546.70	6454	1057.10	10803	927	79
multiplier_32b_9a17319b1ceefbb4fda2c5faf406675b.v	1610.30	6477	1117.70	9198	923	81
multiplier_32b_6211933cd5538c52484e0c1fa6f9308a.v	1499.40	6472	1059.40	11139	928	73
multiplier_32b_1dd24aa800dcfe2f41dada351ceb68ca.v	1628.40	6479	1100.90	9454	929	84
multiplier_32b_7a53b75f1dffe769e82ed9a365e3ccb4.v	1605.70	6402	1104.50	8739	934	50
multiplier_32b_8d6f2c3896460e81e5f04897a23a147f.v	1733.40	6457	1195.30	8252	929	62
multiplier_32b_7afb7d6e7c37eebc553b9d83f2c8d8d8.v	1413.20	6423	1024.00	10606	937	43
multiplier_32b_7013b6f92c4df060070dbebc62a1d836.v	1471.80	6403	1033.90	9940	936	42
multiplier_32b_55c16ad7723b126af8d648bc6dca44e1.v	1460.50	6427	1044.40	9769	935	43
multiplier_32b_d0d5f423f98f7b80a585c70d0c46b1ac.v	1530.40	6415	1059.90	10484	934	54
multiplier_32b_c8bffc06b9a8545c142d6094bc9afce7.v	1423.80	6401	1035.10	9842	935	37
multiplier_32b_b0b9989bec4cbe17c765af1ef2373ffd.v	1613.50	6397	1058.40	9789	939	36
multiplier_32b_199b472fc5ecfa4cff27241a72aea3a8.v	1526.00	6443	1063.20	9844	933	66
multiplier_32b_c28bad2a8ed6c35eed019e96acc2aad6.v	1486.30	6504	1048.50	10583	934	92
multiplier_32b_971993354b372314b6643f6749de7559.v	1691.90	6521	1090.90	8789	932	80
multiplier_32b_f3ec86adc254687ad653c058ea8465d2.v	1534.30	6493	1029.60	10211	928	88
multiplier_32b_0ef986e438ea9e6ff9a13582a93a50f4.v	1488.00	6493	1010.00	10579	925	81
multiplier_32b_1d8142d844ae325349fcebaff0db58a1.v	1487.30	6537	1052.20	9802	927	91
multiplier_32b_54e1f5d291b1ebb5fb2a3abebf53f1cc.v	1668.50	6523	1134.90	8329	932	84
multiplier_32b_5a6bec071e61b0fd500fd18802aaad45.v	1440.50	6439	1011.70	10428	925	63
multiplier_32b_f1b7f0d69b04a916ee3fd2c5b23f5a30.v	1509.60	6468	1040.30	10363	927	68
multiplier_32b_c449b2ca175bac8908bb685feb2c8561.v	1411.60	6443	1034.20	11232	930	58
multiplier_32b_f9bdf8261064e39654e34ce358222dc0.v	1572.10	6445	1066.80	8895	933	55
multiplier_32b_ae92eec40cafa0ae8db0d8b1801295bf.v	1463.20	6454	1039.90	11055	930	67
multiplier_32b_dbe8fa5e9516fa0efc95beb96f8e2437.v	1486.20	6493	1056.20	9966	928	65
multiplier_32b_782ace8959e2c039be22db3a32d776ee.v	1477.40	6418	1018.90	10569	938	42
multiplier_32b_fd68c7ff57bd196629373c7df2d0343f.v	1465.80	6393	981.10	10991	932	40
multiplier_32b_c1918140d26c335d1cc484c1572d6317.v	1489.00	6419	997.80	10930	933	42
multiplier_32b_2366c097055dcc9742f4a1743ab16b81.v	1498.80	6464	1019.90	10686	929	65
multiplier_32b_fba838c2406066920a893a19808f61b3.v	1544.40	6406	1028.30	10291	933	42
multiplier_32b_afb84707b5d180dd1743cf52794bb79a.v	1573.40	6457	1075.70	10366	932	58
multiplier_32b_dd7d1a39fa602a228c81c0cce505f5c7.v	1616.10	6436	1072.00	10143	936	60
multiplier_32b_88b89c22ed70ad4212426efa871fcbe1.v	1514.40	6441	1056.30	9948	931	65
