multiplier_16b_10d3fa866e975805eac35d3923672346.v	1368.80	2052	997.00	3320	201	208
multiplier_16b_7cb35087ebe82cf196f50fe4cb838cde.v	1377.40	2126	918.00	3809	197	242
multiplier_16b_39986144cf15c06f5b76dd528d3fad12.v	1358.50	2074	954.80	3841	204	217
multiplier_16b_bab9d550296cfc5015777d23f4ceb64a.v	1167.40	1974	872.40	3589	203	177
multiplier_16b_9340f124d6003d5b6f6b85f6b04e6853.v	1152.50	1856	861.00	3168	200	134
multiplier_16b_c1cb49dc15f125b2607aae04c5919a8e.v	1225.10	1824	100000.00	100000	206	119
multiplier_16b_6aa35ed9b6e18b944028debb6604080e.v	1238.10	1839	854.30	3357	203	124
multiplier_16b_15dfc5bd912382fc24a331e8a7050d92.v	1262.00	1826	864.30	2947	205	118
multiplier_16b_a1d7ba5f7eff6503aee223effaddc1f4.v	1227.60	1866	823.70	3372	201	136
multiplier_16b_c655d2917c2e0ee2aaed22c5e29a0345.v	1227.10	1872	873.10	3227	203	136
multiplier_16b_154bfad29588b5cadfe862e94450762d.v	1284.40	1972	904.90	3504	203	177
multiplier_16b_8fd335966d369fb06ec42b1fc13fd67f.v	1179.90	1871	860.60	3407	202	134
multiplier_16b_b51a69c3b0cf91020bd7e1621e8daba0.v	1292.10	1844	854.50	3225	201	124
multiplier_16b_2feef9c623926970eb25c01b4064749e.v	1189.40	1805	838.50	3157	206	109
multiplier_16b_b80ee1dd174fb031809764a61c364449.v	1221.60	1823	876.20	3066	204	121
multiplier_16b_8123210e92d77df823453d8f260a3f30.v	1222.70	1772	824.00	2966	205	96
multiplier_16b_e7e6c08da9b6d24670787c2c6bfd2fa5.v	1293.00	1775	844.20	3040	202	103
multiplier_16b_4237ca7bf6a438905c58826208899025.v	1131.80	1788	827.00	3163	205	100
multiplier_16b_2e6a94033466d62f31f6a45ffba27943.v	1130.80	1690	793.90	3091	205	59
multiplier_16b_b70b29eef0bd8aecf5961976cd9241c1.v	1169.10	1675	778.70	3134	204	65
multiplier_16b_5d0891894c9257862ae8d926fbb087a7.v	1128.80	1695	795.00	3191	204	70
multiplier_16b_31c41ddd98f983e82ba38d873d034a8d.v	1127.30	1697	775.20	3137	206	68
multiplier_16b_b0081446f4dd465fa228a3aa1aeb55ae.v	1184.70	1701	818.70	3016	207	68
multiplier_16b_c14df1af976070a577ffc92593debb9d.v	1101.20	1644	823.80	2622	208	45
multiplier_16b_3324e7da0597d07f30797af067a048bb.v	1127.60	1652	802.60	2724	214	49
multiplier_16b_75631a5310cd25642ac2e79703f57628.v	1142.10	1627	815.80	2749	207	39
multiplier_16b_593674268861b6115caf365561cc2d25.v	1117.70	1624	782.80	2970	208	35
multiplier_16b_c56f1a337b4535e742c58891790d2436.v	1117.60	1631	766.90	2960	207	42
multiplier_16b_ba261e0c23c8ce565f4cb7166eeeba20.v	1143.80	1640	790.70	2784	201	50
multiplier_16b_7df9ef8b025b8efdb9ee70ea7bc74e47.v	1124.40	1607	806.70	2681	212	28
multiplier_16b_5f6736601a73016978d61dc3458f58a4.v	1233.90	1573	828.10	2348	209	17
multiplier_16b_d5ad89ffdd90afd62229772be3971e94.v	1274.00	1596	794.90	2530	210	26
multiplier_16b_0338e7ee83ec92e87a196e9e8e0e0e0b.v	1137.20	1608	100000.00	100000	210	33
multiplier_16b_6052ceef40c213ee813b18b8f55ff208.v	1123.10	1606	787.10	2787	209	29
multiplier_16b_22be2e1e419a0bb320426eee4b4798d4.v	1170.30	1612	747.40	3086	206	33
multiplier_16b_5d356ab945ab8b7aaa28b0cb8a0a668d.v	1101.30	1622	802.00	2469	207	36
multiplier_16b_d97b420fe975264313485c414de6262e.v	1240.40	1830	100000.00	100000	204	128
multiplier_16b_3f5274c6b36461cd8ecf4538dd2353fc.v	1219.40	1834	100000.00	100000	204	120
multiplier_16b_bef93dfb898a3957c7841706fdd6b456.v	1173.90	1873	865.30	3500	207	137
multiplier_16b_7232339479163a97aab91c9f7a5f9528.v	1332.60	1815	904.70	2841	205	113
multiplier_16b_a6ac7fb7712601edeb4b01f15db619a3.v	1250.20	1716	841.70	2902	208	77
multiplier_16b_599b45b5c7edce7c4df0dceaa9c27863.v	1144.30	1784	838.20	3105	203	103
multiplier_16b_3c85c1552bd8b108198ca36d241f6020.v	1154.70	1769	846.40	2901	202	96
multiplier_16b_9fdc93582480daf97cd2b00bd25b01e0.v	1155.10	1718	831.80	2978	203	78
multiplier_16b_132acbb169251cdace13ebbe9ccb61db.v	1103.80	1735	811.20	3089	203	86
multiplier_16b_f04aa765508ebe0c64c15808a9a8df48.v	1198.00	1769	884.10	2643	205	92
multiplier_16b_fe51365156e468280320f51378f0ac69.v	1114.80	1700	801.80	2901	205	70
multiplier_16b_5c0c7243af074e360b68dd2f9362b14a.v	1176.60	1687	100000.00	100000	204	63
multiplier_16b_760288b14c6f4f8ab15cc7d1e270878f.v	1202.70	1642	814.30	2968	210	46
multiplier_16b_968925a49c9d7033754ec6b19c7fef45.v	1306.20	1656	916.30	2436	214	43
multiplier_16b_2c00708bb07013192fa6308c17af2f5e.v	1175.80	1675	789.90	2799	201	58
multiplier_16b_713e1c1f977aad9a5eeae8e32caa3838.v	1142.70	1638	788.80	2894	207	42
multiplier_16b_898357a6a67d1edef1d05fd75c89b61b.v	1338.10	1692	876.60	2675	212	62
multiplier_16b_82349af0ec5cad7099f1dbfec0b27d26.v	1190.70	1662	855.90	2690	213	49
multiplier_16b_1d639a4647d685804f9a04241fb98d8a.v	1195.90	1678	796.00	3133	207	61
multiplier_16b_97e5f5172e4b98891533e982d6d4e07d.v	1245.20	1703	855.70	2694	206	66
multiplier_16b_d5ba52446b6c3def99cf292bac8844ab.v	1115.20	1621	773.10	2806	208	34
multiplier_16b_a4c2f85d0613dcec97a249993c95bacb.v	1202.50	1740	836.00	2820	205	84
multiplier_16b_f4cde570a1af644985ad366476f5df2c.v	1080.00	1610	809.70	2784	211	30
multiplier_16b_e1dbefac68b4d284b09f53ea32170c67.v	1065.20	1602	791.50	2658	212	24
multiplier_16b_42877a75a3fd6fde29ea87c3774dcacb.v	1064.50	1639	780.40	3167	210	39
multiplier_16b_9a3a8503fe45814b5a4f214860d8841f.v	1179.10	1609	836.50	2562	211	31
multiplier_16b_0974f05077e6ba07c4084f9b7ef4c2fd.v	1193.20	1616	811.40	2508	209	32
multiplier_16b_c1defb9ca9a4ccb0e723073e9e71b12e.v	1413.10	1594	848.60	2361	211	26
multiplier_16b_e62714b3e0d2951c904ac085247963d8.v	1167.80	1599	781.10	2751	206	28
multiplier_16b_8c2ca379099d6498db5a0db566095f13.v	1231.00	1602	803.40	2638	212	24
multiplier_16b_07a2590124a6d13db67460bdc1332028.v	1177.90	1579	766.00	2838	207	22
multiplier_16b_ad75ab5f832e938f0cd761d726b6f998.v	1095.50	1582	792.40	2799	207	21
multiplier_16b_9b47c4a2f63800d8d40ba45ca17fbea4.v	1129.40	1590	790.80	2783	208	22
multiplier_16b_141a610d9f3e57bd2ecea94928f3505b.v	1087.60	1582	773.60	2989	207	20
multiplier_16b_db687ef21e95a7731e82bd53a5991c56.v	1128.70	1555	797.00	2480	210	14
multiplier_16b_2cc527262dfc415325455ff3442fe1a7.v	1084.60	1601	775.20	2765	211	22
multiplier_16b_e5818dd5c5ff2d48aa2ffb8b02825e7a.v	1160.50	1575	791.50	2759	214	16
multiplier_16b_6d190d60da538295b5be79c695d0c10f.v	1131.20	1584	793.40	2658	212	17
multiplier_16b_cec79b509564cf3ef47f70dc8afda320.v	1129.40	1559	836.50	2399	215	14
multiplier_16b_ebc833007714da7195ae38aa4ca9a085.v	1185.50	1577	794.40	2655	213	15
multiplier_16b_6a7b978444c4f103e6706ece6916c63d.v	1073.80	1595	787.60	3124	211	22
multiplier_16b_a92aea7d4c8062c37830ff21d1939253.v	1206.90	1594	794.90	2830	210	22
multiplier_16b_1e1994140c0924c3ab0bd015cee2c467.v	1166.50	1594	833.90	2719	214	24
multiplier_16b_54b3b216815a0a631515a3c7824a9d3f.v	1095.00	1612	791.70	2661	214	28
multiplier_16b_29bb4c97067b341a4f7aee241507f596.v	1138.40	1595	781.00	2866	210	23
multiplier_16b_b25ba9cb92fe874143804d7abb06806e.v	1127.70	1578	750.70	2770	208	16
multiplier_16b_a821f4fcf7d45b555f8c135b4e7cb2c7.v	1188.50	1582	794.20	2837	216	15
multiplier_16b_50a46ac681f67b7a877dacc52093a2b7.v	1070.60	1565	758.50	3082	210	15
multiplier_16b_d4b690bde6983324c819bc4330765998.v	1043.00	1582	752.80	2950	205	22
multiplier_16b_1eac4cd0b00ae17b3de6d1e1459133ac.v	1155.20	1558	774.70	2804	213	13
multiplier_16b_1e691357b061ce0238324b1ad32e00f2.v	1127.40	1583	791.90	2816	208	20
multiplier_16b_c26e63ef05859a1e54ef577ac60bdee7.v	1126.90	1595	781.50	2822	208	22
multiplier_16b_0ba4ce086c130e136e8cf108b8f188ae.v	1047.70	1578	100000.00	100000	208	17
multiplier_16b_8d6d3d55055381f1c5a4b53d40636f81.v	1080.00	1578	765.90	3092	212	18
multiplier_16b_36469d4ae1073ac293a952dad982afd3.v	1369.40	1655	884.20	2500	209	53
multiplier_16b_2e4559ab031d2a605a920216597f33b2.v	1174.00	1691	798.10	3021	204	69
multiplier_16b_0323eeabf3eff48c64a43bcf5a2e7740.v	1077.50	1692	797.80	2924	201	73
multiplier_16b_13bcac8c3e89c11cf2fbb2583c155264.v	1090.40	1666	794.60	3014	203	60
multiplier_16b_c6b9df67310333ed1c1655cebfbc0177.v	1178.30	1666	794.50	3033	207	55
multiplier_16b_3e17aeec632de1764c3853b38f430a4d.v	1158.40	1671	100000.00	100000	204	63
multiplier_16b_9d96e6a6f285c6678f3fb9372937e51c.v	1195.20	1618	862.60	2397	213	29
multiplier_16b_325144825b720b95843030694e68e503.v	1182.40	1633	773.20	3000	205	37
multiplier_16b_d2ea04d069aa2ac1d323fbccde82b76b.v	1179.60	1624	815.80	2762	207	36
multiplier_16b_a454f744f9abff0cf5dfb7da2fec5b97.v	1130.10	1633	772.30	3051	206	39
multiplier_16b_eecb16d27fead5a320916b92b0ffc7fa.v	1145.30	1634	789.90	3198	207	46
multiplier_16b_14da191dceadf9e436d45b7acc006d97.v	1137.80	1598	804.70	2684	210	25
multiplier_16b_ee4bd68cc9c22c7eea90b9bfe125a018.v	1163.10	1639	767.80	2949	209	42
multiplier_16b_11f979aa89785686d3cedbf13f3f11e6.v	1129.90	1600	781.50	2990	213	24
multiplier_16b_b47e1f8d91b5bce8e70176d575b49bde.v	1069.40	1602	772.20	2830	212	30
multiplier_16b_49b8578f25fe98b29148ed99530641b0.v	1199.30	1595	783.40	2952	211	22
multiplier_16b_656b78341e9bc6c2db6e675a48888e3f.v	1057.70	1587	753.60	3134	209	24
multiplier_16b_a76e590bf8f3ff8cd21e503fba6b6990.v	1231.20	1579	784.90	2877	214	19
multiplier_16b_64782a64d950f95f0dd80263adb4aa91.v	1068.70	1603	783.80	2684	209	27
multiplier_16b_785c0b0b6f8b9beb83ba8b7a180730c1.v	1126.50	1576	771.60	2930	213	17
multiplier_16b_dd0823648d4dfe2536938d29bc06d66f.v	1068.60	1582	795.30	2777	215	15
multiplier_16b_71a62ccd9e950903e1bb90d283957cf6.v	1171.90	1564	786.20	2881	213	15
multiplier_16b_523017a54e854768cdd9572951a5df39.v	1123.90	1570	763.50	2898	213	16
multiplier_16b_ee63c5011a5c73ef428e6b6d3bb1c7ba.v	1178.30	1580	800.70	2663	208	19
multiplier_16b_1fc844df49283715a634232061b54882.v	1186.00	1580	809.90	2500	215	18
multiplier_16b_1c2488a5f8fbbd608a15fd12a05fbcc6.v	1282.70	1583	880.10	2248	214	15
multiplier_16b_b68cab949fcf40081898ee631aef52a8.v	1092.60	1579	772.70	2871	209	23
multiplier_16b_d6689ef4808bd938f23f11c6c681bc57.v	1124.60	1595	787.00	2791	211	22
multiplier_16b_36530ebc569d1bee02863a7e54ebbb42.v	1105.70	1587	748.40	2923	207	22
multiplier_16b_68b3eda1df04c0a9945e340533a382f0.v	1153.10	1570	808.30	2573	214	14
multiplier_16b_d5de89268e1e1206c6fa3cc3e9e686e9.v	1065.60	1594	746.70	3008	211	22
multiplier_16b_134484642cdea18c77218c625634bb24.v	1083.60	1566	791.20	2790	213	13
multiplier_16b_f5bed431b524fb1775d740710fda2557.v	1186.30	1573	822.40	2459	213	16
multiplier_16b_9e4552b8b9603e413921f85eff5ecd22.v	1179.90	1588	817.90	2611	208	21
multiplier_16b_8d6bade2240ea657e16ae54554b6a0c1.v	1105.70	1583	795.60	2734	213	20
multiplier_16b_1aff7f0a944ceda94177fded159e22d8.v	1173.60	1604	784.00	2950	210	26
multiplier_16b_33530ccccbf1c91c9627611dd042a4e5.v	1157.70	1583	810.80	2784	211	17
multiplier_16b_681eb6853a4dc80a576bc640e7b867da.v	1084.30	1590	793.50	2838	208	26
multiplier_16b_e022d0b9cf508f30f305e4d4ccd23055.v	1095.80	1597	783.70	2863	210	22
multiplier_16b_3b0110e854c0cd2fd78350221e40f63c.v	1095.90	1580	760.10	2890	208	23
multiplier_16b_48c741e375074abb6e3ada35d7aabf03.v	1202.10	1590	782.50	2772	211	22
multiplier_16b_a2426c4d2675c2138f62a8750909c7de.v	1235.00	1557	803.00	2432	212	11
multiplier_16b_dd6b1e8672d02af93ccb635bcadce894.v	1101.60	1556	768.80	2861	216	6
multiplier_16b_40dcb62d2f271e98866f0fe3b55c7cf8.v	1129.30	1561	825.90	2665	215	13
multiplier_16b_cad1ae3e45eaf162ba648381f56689de.v	1089.20	1581	802.70	2515	209	22
multiplier_16b_a1dec6563a7299ab2a6ed261952a7dba.v	1111.20	1599	763.40	2852	207	27
multiplier_16b_f58ce88f69fbb77d6e7417c9c229599d.v	1260.90	1568	816.60	2514	214	14
multiplier_16b_2376413c6f6f0688054b375497083a0a.v	1189.20	1596	782.40	2695	212	22
multiplier_16b_8cc25c579304e724dcd8b3a6e3184bd0.v	1168.30	1562	802.10	2394	212	9
multiplier_16b_4e2fcfc9c1bedb5cc67d5270f162b50f.v	1195.80	1566	829.30	2443	214	13
multiplier_16b_3cf244f6a91f90361c15c869b256e6f2.v	1436.10	1570	882.90	2231	211	16
multiplier_16b_97c1a8e405594f63a47bd38d3d6ceb34.v	1131.80	1587	780.70	2757	208	22
multiplier_16b_7e2ff11a285f4cc234a2b11cc07b3b55.v	1062.90	1572	747.40	3032	216	10
multiplier_16b_6f4b7fb22df83662b4145062046190de.v	1085.10	1583	800.90	2553	213	14
multiplier_16b_a763586c8cc353116284808b75f8209b.v	1193.60	1560	795.20	2419	216	8
multiplier_16b_276eba10ed80e66f6c58b054f6d4a936.v	1150.50	1607	757.00	2841	212	23
multiplier_16b_29dfe3f55f1028b7c0e6ea610e9b0a70.v	1141.20	1603	777.10	2762	212	20
multiplier_16b_5d2825a06358622b4718cb47c950d00b.v	1135.00	1564	806.80	2669	216	11
multiplier_16b_f42972526f2ffb119211a5f77846454d.v	1090.20	1575	739.00	2764	210	13
multiplier_16b_caaf7eae122a5c982d9cc85ed84f0ce1.v	1126.70	1587	794.10	2659	210	23
multiplier_16b_c21307d643e4447bc81afa01475b66d6.v	1120.40	1603	786.10	2913	209	30
multiplier_16b_d3105a209044cfb976d71f30cc531e1a.v	1167.80	1596	824.20	2412	209	27
multiplier_16b_c28dc992a0638350041166a4375539f9.v	1194.20	1593	799.40	2848	212	22
multiplier_16b_d6c81d8ddf32e482291e6484c6300c85.v	1121.50	1575	805.40	2599	215	13
multiplier_16b_79ec5ad8ed979c3709941b999fe2cd6e.v	1188.90	1603	845.80	2523	211	28
multiplier_16b_f1ea712a824cc42b0fb21c8d75c43b1a.v	1216.00	1587	833.10	2623	213	16
multiplier_16b_0e4dcc071792bf73cd02f47feaf811fd.v	1061.20	1570	796.70	2690	212	17
multiplier_16b_1ee8d270e0eff63cada1354a679e6f6d.v	1115.50	1585	751.60	2910	209	19
multiplier_16b_c92e7cf36746f9a017411274a5a3d179.v	1132.30	1571	765.30	2919	211	15
multiplier_16b_38c7f44dcca09712d6ed76eb1c052d46.v	1120.50	1573	816.90	2645	216	9
multiplier_16b_683e71dfef360c30e8d64b5606a98cd3.v	1194.20	1572	822.30	2538	213	12
multiplier_16b_1002f1c86628cdb828da4830526652f1.v	1233.60	1571	819.10	2552	214	14
multiplier_16b_9fa420cfd043102144bbefd8526a0cd2.v	1233.10	1567	837.90	2409	215	12
multiplier_16b_29bef3954d6ca7724acea4c591cfc83f.v	1126.40	1569	752.40	2895	211	16
multiplier_16b_bfaec3025c069b779ffe8e037f4cc728.v	1094.80	1576	792.50	2471	212	12
multiplier_16b_709724d0d5270749567aeff761ef8306.v	1049.20	1558	755.50	2923	214	8
multiplier_16b_2f9ab715bfb0099a3ee93772ab1231b0.v	1173.00	1571	799.20	2418	214	11
multiplier_16b_6c9a1d042cdd72e2cf8babc6709b6c51.v	1167.40	1570	787.00	2584	214	11
multiplier_16b_57431d88585b8453a9a09985c36cdd5b.v	1186.50	1562	816.20	2568	215	10
multiplier_16b_76d6a5e5369121c2f73ccc06c93758b9.v	1227.70	1602	839.00	2404	212	23
multiplier_16b_a579e36a6589beaccce72eba00a7a0f2.v	1226.20	1586	836.10	2431	213	22
multiplier_16b_00a722f84bf980ee293881cd9d91cfff.v	1144.10	1582	773.70	2880	213	17
multiplier_16b_a778e5f4317ce700ce29b397faeb8f8c.v	1059.60	1568	751.80	2883	207	17
multiplier_16b_f221b9525207319ffd83a62269ad1948.v	1120.90	1597	797.70	2779	209	21
multiplier_16b_43bc49389b613faba3d8f3100a274e9d.v	1073.00	1604	810.90	2514	210	29
multiplier_16b_7d947330830ebed95dbdf7153a72d7d0.v	1152.80	1601	810.10	2678	208	32
multiplier_16b_7b0225925883c90512536b265b70e838.v	1056.90	1573	757.70	2849	211	17
multiplier_16b_0adb0c81828fe9711be5a4f4608fe6f9.v	1139.40	1585	775.90	2870	210	23
multiplier_16b_25e07ba81b15f500e9c8b67b25398289.v	1104.10	1583	803.40	2479	210	18
multiplier_16b_7db89de89aabbdc1d6f271aabd9f15cc.v	1029.70	1581	772.50	2779	209	21
multiplier_16b_dfd45070ca39fffac6447cba6bc6e56a.v	1133.10	1563	781.50	2936	217	6
multiplier_16b_b36249cf98aa8bd9d30488f671d00f3d.v	1131.40	1596	790.80	2855	212	22
multiplier_16b_d959f0565b2da3bfd16d00281a47f63a.v	1152.80	1565	797.50	2720	217	11
multiplier_16b_1aec04ab4e8405c3550326365fa5bac4.v	1155.50	1561	802.30	2532	214	7
multiplier_16b_db9f5bb859d5c26e985fc3f0ebc3186c.v	1067.30	1571	807.20	2815	217	10
multiplier_16b_91b47b3be3ac9f1fe13080354adb4f26.v	1155.20	1569	828.70	2487	215	13
multiplier_16b_089555f6cf60cced438e24ab10da3baa.v	1049.60	1569	747.00	2814	210	11
multiplier_16b_9056f2bfae103ea68c181bd48d262920.v	1179.50	1556	814.90	2584	219	4
multiplier_16b_26a304e7c7379576575be2c58e80f053.v	1233.00	1560	841.50	2422	217	9
multiplier_16b_48530def2a4d7387689ee794a87f7d05.v	1219.40	1564	837.60	2321	215	13
multiplier_16b_1890dbdf7ea8d323f1ac613a7bdeca26.v	1147.80	1589	793.90	2752	208	21
multiplier_16b_68500973c08cc54839a79fee4e83d20a.v	1103.40	1578	754.00	2856	209	20
multiplier_16b_d05bfe5976d823a0600ab5243ec3496b.v	1198.40	1574	769.90	2671	211	16
multiplier_16b_f4ab80efbc1248cd2d1d5bf79e782e66.v	1066.50	1579	795.40	2672	209	15
multiplier_16b_96e8acb162717ae1e67634deae534bcc.v	1074.30	1557	772.40	2623	208	15
multiplier_16b_bc1b598ceb9f77dc5a02e65f549ffa9e.v	1228.80	1575	780.80	2752	209	23
multiplier_16b_6f941b04a3df5d7d10c162b6974aeca4.v	1169.40	1594	793.10	2917	210	23
multiplier_16b_3dc21b0878e1f032d2f403df0a588998.v	1115.30	1585	809.90	2495	209	17
multiplier_16b_8a92ac779413461a07059bb2ef28a5f5.v	1194.40	1567	776.90	2913	209	13
multiplier_16b_ec610f60d01f4a11840a37911d7ccb3b.v	1102.10	1570	775.40	2498	211	8
multiplier_16b_388d05260d9392db1505c1975ec6aa0f.v	1213.20	1577	844.80	2469	213	19
multiplier_16b_0dc649d79316b8cb42955edc0b670562.v	1258.30	1575	806.70	2536	211	17
multiplier_16b_eaaec6fd7c29e94188192a4396289b9b.v	1128.40	1575	812.10	2615	212	17
multiplier_16b_c60cf6fe128ce563fe7e7d3bc916a250.v	1141.40	1570	823.60	2705	218	8
multiplier_16b_99ad250cb5b0ffa5f2608017a2a00b9b.v	1112.30	1572	816.10	2557	213	12
multiplier_16b_3a9686396727140684eb0a428581a144.v	1107.20	1543	765.90	2799	209	5
multiplier_16b_e2d5a28a4a54a4646ceecb1531196ac6.v	1205.50	1570	808.00	2501	213	11
multiplier_16b_36021ab9b41ddcb73919e917eb3987c8.v	1266.90	1579	849.70	2432	214	13
multiplier_16b_e7da0706c57c25d049674f1f6d968430.v	1359.90	1567	939.90	2325	216	11
multiplier_16b_710f05fe96ea1394719452e5df52fe4e.v	1067.10	1577	784.40	2710	215	16
multiplier_16b_80000ee8ba0de5237c4b9e41cd2ebc7b.v	1167.50	1591	790.00	2722	209	26
multiplier_16b_b444c88c72bd8c1ad3e136f39a596317.v	1173.30	1565	802.30	2759	216	12
multiplier_16b_f698a39980e1d3c69b0f7077cb39e993.v	1142.10	1565	784.70	3027	212	15
multiplier_16b_66c52d2d99a992f4764028b20471a933.v	1140.10	1579	777.10	2758	211	21
multiplier_16b_250f992fc82a6975ede1d668b3c8fcc7.v	1227.90	1569	851.40	2308	213	18
multiplier_16b_da7ef50975a81141caec7deb42dbb17c.v	1145.50	1572	807.10	2676	214	11
multiplier_16b_4a4408c3248de9e24285836cca3072f7.v	1247.40	1598	831.60	2497	212	24
multiplier_16b_73e2656ae6429ef9b9b31c961c59ff53.v	1308.40	1598	877.40	2395	210	33
multiplier_16b_c77738331c0bde92bd4ef25a92963035.v	1118.50	1591	813.40	2462	210	23
multiplier_16b_57e2e9899fa02a3b9f24a47e94ce6a0b.v	1286.90	1589	804.90	2804	206	25
multiplier_16b_805692bf29bbde416e00e0584f8467a0.v	1167.60	1617	829.10	2832	204	45
multiplier_16b_209d485d345b6bcd41d792f9b2a60183.v	1123.30	1591	805.60	2626	207	27
multiplier_16b_f20c2699794110947b0fda67fa7ddf9c.v	1272.20	1605	876.40	2340	208	35
multiplier_16b_f790ea9f7b8450dd8b063f57a45bb7f5.v	1198.00	1561	822.20	2495	217	9
multiplier_16b_a3a33ffb44ef270c4ee1e9bb1e283bb7.v	1133.10	1566	817.10	2501	215	8
multiplier_16b_c15fc75aec2501a276a7a4ce0f83c9e8.v	1148.40	1561	766.40	2823	213	10
multiplier_16b_006df753371144eef3c89701c8261514.v	1170.50	1575	831.20	2510	217	13
multiplier_16b_b5bf1f813007064ee76f5c38cd1624a0.v	1255.00	1555	823.90	2579	217	5
multiplier_16b_20f1b7e67ca4f1443d6039615f141fc6.v	1174.30	1546	779.10	2482	207	7
multiplier_16b_205ccb88c681e94650993e2ed587f7b0.v	1151.40	1562	801.00	2621	215	9
multiplier_16b_954ff271ef330cab39787192c0c1bf2a.v	1157.50	1592	803.00	2795	212	24
multiplier_16b_3217ee8d61d05fd8ca86d96f983b1a48.v	1139.60	1587	821.80	2474	210	16
multiplier_16b_6ed730affc88e784ac27ab99fce1f873.v	1082.40	1574	781.50	2803	213	13
multiplier_16b_0f6fcff58b5865dc542ee7cae7fe5a83.v	1235.60	1574	821.60	2510	216	12
multiplier_16b_99e694c0b41d91f36ff72e7c1436ff01.v	1071.30	1589	785.10	2785	213	19
multiplier_16b_522c2b16d5fd5dae45e218706395dde5.v	1126.60	1585	809.70	2771	212	19
multiplier_16b_f389ce4eb5880255aea28af2cc02c85e.v	1206.80	1590	788.70	2754	213	22
multiplier_16b_59763bc10cf76177cc5211f374ff4d61.v	1109.60	1583	786.90	2874	209	21
multiplier_16b_c20608b2469dc851cf4c40c770dab134.v	1100.80	1577	809.20	2644	212	21
multiplier_16b_85eb9a100a59551f7c7f77e572d53b45.v	1151.50	1581	802.10	2858	214	16
multiplier_16b_0e217f8fc009d9a8cb3ad64360825519.v	1177.40	1576	811.80	2426	212	17
multiplier_16b_da50be3c97d1937c0ee1f4b82fc5d66b.v	1114.40	1581	807.00	2691	216	15
multiplier_16b_595017d04b6fade20d36843d1b537dff.v	1109.00	1588	783.50	3016	214	20
multiplier_16b_f089dd2d2bd6f9253da87cfe8dcf9fc6.v	1146.80	1586	779.10	2638	210	23
multiplier_16b_4c07da2dd387e633f19add89f9a0b1e4.v	1349.90	1567	849.90	2368	215	12
multiplier_16b_603b451e15dd5dad6047044c0e9b5cbd.v	1183.90	1575	839.40	2420	211	19
multiplier_16b_9a2e9fafcc194ea308766ce419f9feed.v	1061.50	1576	774.20	2811	208	19
multiplier_16b_ed374dd14810784a1f7addd8a91d1c4b.v	1155.00	1595	760.70	2925	208	27
multiplier_16b_bebb24db5f9c29b855ef9ed74cffe790.v	1215.40	1577	854.00	2371	214	20
multiplier_16b_adbbef31e4ff3d4e11af7ae26f9821b0.v	1241.80	1576	811.00	2487	212	14
multiplier_16b_571ecfdf74ed54b1e9a9b4cd73a91c9e.v	1185.30	1581	805.90	2642	211	19
multiplier_16b_0e679baa068295c2a88bbe1dcb6c501a.v	1121.20	1582	784.10	2720	212	18
multiplier_16b_4ebee37c4baf4520f827a4c41a34db67.v	1185.70	1569	820.60	2551	215	11
multiplier_16b_5edd290945f72aea5e83e2753bb4f6a1.v	1179.30	1573	794.80	2645	216	13
multiplier_16b_7bc71639f548fd2812422538bc7d0b3a.v	1219.20	1606	814.60	2736	216	21
multiplier_16b_b59c1a98b20ad567634b3734433d05f0.v	1273.20	1570	860.60	2411	215	10
multiplier_16b_f328f0bcd4190a3a197bcac6efa60c38.v	1119.10	1574	785.50	2664	209	16
multiplier_16b_755d32bfdf2dc5a6e5e38a95bfdfa7f2.v	1173.80	1561	791.30	2657	212	11
multiplier_16b_cc25e89fc5300711254aa723742afdf1.v	1157.60	1576	775.70	2777	210	18
multiplier_16b_f64223db91bffb071a331ce65fd3950e.v	1204.80	1588	792.80	2744	211	16
multiplier_16b_8b16d707d3d78f72ce7e8fdbe220af62.v	1056.10	1566	789.20	2450	212	15
multiplier_16b_f28f155b75817af06391d25cf63fe528.v	1164.60	1578	806.40	2650	209	18
multiplier_16b_9a2f31292bb927c61295fbbc2a52b261.v	1097.10	1576	826.40	2536	210	16
multiplier_16b_08c5a08edc1a29c674a83c3074aafc2b.v	1172.10	1565	847.30	2667	215	11
multiplier_16b_ab94b9c4cdfbfb800c27fdbdb4235805.v	1175.20	1557	786.20	2716	212	12
multiplier_16b_976c35a0920357a4e23f098e17b57eaa.v	1068.00	1587	771.20	2818	207	21
multiplier_16b_0776a10e826884124bcc15e6a63dee69.v	1076.00	1555	764.60	2911	211	12
multiplier_16b_c62aa1335ee0dfdda0f7fb5fae6ba1ee.v	1214.80	1582	822.40	2448	210	14
multiplier_16b_255254a4a792e594eba37a0a85f2fa84.v	1264.40	1567	807.40	2389	212	13
multiplier_16b_edbd2b15a26b4678743bc67e5c309fd1.v	1157.80	1568	801.80	2623	212	14
multiplier_16b_6d3e326bcf0521643d3d861085021e8e.v	1150.80	1593	820.00	2838	211	26
multiplier_16b_092738e497e1aa6fdb31aca308a3ab3e.v	1203.70	1573	796.20	2971	211	20
multiplier_16b_beb6f80ede6dcde9c998f9db450516d2.v	1236.00	1579	833.20	2514	212	21
multiplier_16b_982b66b243f1c41b2c8d90d5a17a82e4.v	1319.50	1586	878.10	2311	207	29
multiplier_16b_a2fedb410d3f527bd8625480e34ca354.v	1111.70	1595	822.60	2764	213	22
multiplier_16b_3ef2df7b8479fa48606dd139b2857673.v	1178.90	1612	848.60	2210	208	26
multiplier_16b_f22e00432e956bc48e0536ddd0878083.v	1123.60	1571	786.00	3027	213	16
multiplier_16b_2fb5e6d6d71f73f4708e0c4c1feb77df.v	1118.00	1565	786.10	2680	216	11
multiplier_16b_f4b66516ba66bd1b84fd68dbbf9d658d.v	1136.10	1567	760.90	2854	210	14
multiplier_16b_476a731fcd41a2affc29ad65473a9c9e.v	1127.90	1561	805.90	2351	215	6
multiplier_16b_875f542c6100e8457c6045c3bc6fbf1c.v	1115.00	1595	769.80	2845	209	24
multiplier_16b_84929ab0c196a71a3e9d758f0ac4ce03.v	1220.40	1561	820.50	2552	214	11
multiplier_16b_ba7fdd4edbc6448b8e9658c6d16dbdc3.v	1144.40	1572	810.30	2782	217	11
multiplier_16b_3bc939272920c1aee9620bedee43a5dd.v	1221.90	1606	847.30	2497	208	31
multiplier_16b_87d868c8071f54a5b095efa36d64ff17.v	1123.40	1593	798.80	2633	209	27
multiplier_16b_94484635560aa76e4fab565213cb6ccd.v	1130.80	1570	786.50	2558	210	19
multiplier_16b_a0bf548657cb9e73276721b68ea803a2.v	1092.90	1602	825.80	2606	205	30
multiplier_16b_9e811ab5ae22ccce3a1ad9d1b9b9ea49.v	1223.90	1603	856.40	2624	210	32
multiplier_16b_7562fcd74f8a379a05069552eacd355c.v	1026.50	1580	762.60	2849	210	21
multiplier_16b_e347c71900c317ee03feb65becf13105.v	1180.30	1588	800.00	2752	208	23
multiplier_16b_c18b167e47882f6ad6ed66710bc6e8be.v	1203.60	1567	810.80	2792	213	16
multiplier_16b_6ba9ea8cde81c6d6a7ce2d18ce6b059f.v	1167.50	1573	802.60	2561	213	14
multiplier_16b_143f597840c56a5a51088101bea11e3e.v	1250.80	1581	949.80	2262	216	21
multiplier_16b_16bac8d7770b9f44680e379a90d1ce20.v	1090.40	1566	786.80	2627	213	12
multiplier_16b_7edba549805efca5062a8c0d7d84fb60.v	1287.60	1584	920.40	2422	214	20
multiplier_16b_95be292b62819779199b2e0e29cdd0d0.v	1148.10	1585	795.60	2624	211	18
multiplier_16b_c8993719152cf95ef2e6faba383da460.v	1142.60	1573	777.30	2530	205	18
multiplier_16b_2f8e5c8ea40c50f95b77b7c3ccce6e75.v	1189.10	1584	779.80	2609	206	28
multiplier_16b_3d454178ea31dfa3aaeb47aa5198f797.v	1202.50	1598	807.80	2839	209	27
multiplier_16b_c057569c4af7b30e310220c19fe0f7e1.v	1187.80	1558	780.60	2670	209	10
multiplier_16b_9ed7b6a71aa38bff4cc5efbced35a8d4.v	1165.80	1593	802.20	2834	209	30
multiplier_16b_12f6d78d7ec3e00d342d0ffc3a3e5f8a.v	1134.00	1599	769.00	2819	207	28
multiplier_16b_66b7900e5ea40107bd36f2d333a5039f.v	1203.40	1584	811.60	2512	211	20
multiplier_16b_3cb9bd5c432f48da07ca91cb043bcbd4.v	1092.90	1585	786.90	2568	211	19
multiplier_16b_3f5984b24bd7a37dc2b9e392c46013de.v	1116.60	1581	769.60	3010	213	17
multiplier_16b_967d4c2d42b2efed9d167ceaf2b4e004.v	1193.10	1579	858.20	2387	210	19
multiplier_16b_a317ccc09dffde455411d57f6d848e5f.v	1095.80	1575	774.50	2792	210	19
multiplier_16b_3e2798121b203458ea06303aa824e50e.v	1101.10	1573	771.80	2873	209	18
multiplier_16b_5b58cdb9b226fa833045ce297d03c858.v	1183.70	1562	838.70	2657	214	9
multiplier_16b_f10611075d961dd9c851dbf12b49c76c.v	1317.30	1556	863.50	2341	214	13
multiplier_16b_7fa3a926ab8935e86074a61207efeeea.v	1209.60	1590	835.50	2738	210	31
multiplier_16b_88bda5972023c3546f49266496375dc2.v	1220.70	1584	834.60	2430	209	27
multiplier_16b_25ae6d67d17a935e1f0e62cf79186a3c.v	1116.40	1568	802.50	2838	207	23
multiplier_16b_9e7cda069dd311c4b2bb5f34d34ccb30.v	1128.80	1602	784.60	2768	207	25
multiplier_16b_b513dd19df5a4c32521ec75e9e3b6539.v	1214.00	1588	803.50	2657	207	31
multiplier_16b_8d6a5c097847dfa72257aa162f36690f.v	1117.40	1607	813.70	2927	207	34
multiplier_16b_4a466dd4cecfd5a51fd350378552ec3f.v	1085.00	1573	756.40	2744	209	13
multiplier_16b_c6a40e4655c206d14e5f534337955273.v	1464.50	1553	937.10	2197	220	4
multiplier_16b_7876614dfefd6fccf5f6d77faba31383.v	1068.40	1570	763.30	2817	211	13
multiplier_16b_1252ce093b8ae6df41a87b01180fbb31.v	1040.10	1546	770.10	2562	214	3
multiplier_16b_7e07b362e4bfe9ac2aac8330269957dd.v	1147.80	1567	835.40	2313	215	8
multiplier_16b_01168807719a8bc08b16b3a39d2087db.v	1187.60	1557	825.50	2453	217	7
multiplier_16b_d3e22ef732d53162ce2530753d79e1a6.v	1282.70	1553	877.10	2470	219	5
multiplier_16b_fae7b2cb66b9c20db264ceffa3380a0f.v	1152.00	1562	784.10	2619	213	9
multiplier_16b_47769cb1211d95e21e51bb5cf70381af.v	1273.90	1558	830.00	2558	213	10
multiplier_16b_d69ac9488e5070a4f0f72ce646be6106.v	1106.20	1570	780.30	2929	215	9
multiplier_16b_84613229afac71d3bd499da9e08b5c0c.v	1052.30	1579	751.60	3002	210	24
multiplier_16b_8654997577e49a0eccfe530f529b073e.v	1220.10	1566	792.30	2781	216	9
multiplier_16b_297b53435d81850f11ba2bd667a96d0a.v	1075.40	1573	756.80	2869	215	12
multiplier_16b_0c496baf5f7a2f42c9a4af9cea8900b8.v	1193.10	1590	808.40	2773	214	17
multiplier_16b_be22bb3c5c85733e7a7fad98456b8120.v	1177.50	1567	793.70	2845	210	16
multiplier_16b_ed63b64cc8296f3777d2473d694fb14a.v	1123.40	1570	822.40	2501	208	23
multiplier_16b_0cf61aecd8dc2e8b21ce4af7b1c89f34.v	1149.20	1580	770.60	2677	208	18
multiplier_16b_cdba9558464dcabba6509fd3bee07e94.v	1225.20	1581	874.40	2342	211	25
multiplier_16b_09569fcd9c2acb4fb36cd4c7c1db6541.v	1110.00	1600	816.40	2977	208	30
multiplier_16b_c3a0d03f173d7d802015dca82d12bd65.v	1109.80	1585	787.50	2831	210	25
multiplier_16b_63744791964f2d2d81a122999776a336.v	1220.40	1563	778.30	2551	208	15
multiplier_16b_2aeed31aa162f858e18c4810bc65adcd.v	1149.80	1577	819.20	2660	212	14
multiplier_16b_f91c0d8d4f36c030c3cdf8ae22e05fe6.v	1141.20	1576	776.60	2932	210	19
multiplier_16b_a3257e66a977d7898fbc6ed7e24f4934.v	1076.90	1581	779.70	2775	213	13
multiplier_16b_9c3ba08b9da1db838e7befdcddde0268.v	1111.20	1563	786.20	2717	215	10
multiplier_16b_08b9eec640f0edc5f8cdb944e497c7e5.v	1307.50	1609	838.50	2493	211	25
multiplier_16b_3f7d8ce7abb788f5126bd3fa129f28db.v	1200.20	1578	794.00	2854	213	16
multiplier_16b_9c8cef7d1730e524801328c71a6a2ed5.v	1195.50	1583	851.50	2315	212	20
multiplier_16b_6d2af199ab3cba4a88f64cf3c842f63c.v	1170.00	1581	780.80	2919	212	20
multiplier_16b_bdcc38967a1bbb826ded7bbba823dcc8.v	1105.50	1595	791.50	2755	209	24
multiplier_16b_86d6846af1933583843f158b773aa5f2.v	1183.60	1615	851.80	2542	209	36
multiplier_16b_ec5335ed315cc89de37fbf799d113942.v	1226.40	1611	837.30	2409	208	39
multiplier_16b_919a2a2c541f9b82404ae35ff0b7a1be.v	1218.80	1589	823.40	2439	210	22
multiplier_16b_8f3fe3cabffd204538167ed71723c4a7.v	1171.00	1588	816.70	2455	210	24
multiplier_16b_25be3151851be6165dd9d917bb8d8278.v	1160.70	1606	777.90	2969	205	35
multiplier_16b_ce004f8708b8ad42a529098191f021d8.v	1137.40	1598	779.50	2971	207	31
multiplier_16b_9c7fd75309635f7bafa33ccbfb4262d0.v	1156.30	1621	806.30	2827	203	44
multiplier_16b_1031e949e590eaf3b460eece052d92fc.v	1070.70	1596	758.70	2899	206	27
multiplier_16b_01145c75ba474d5126908416e2d7c625.v	1239.50	1609	818.20	2616	208	34
multiplier_16b_779b9fdd4e73247422b4cada76b06df5.v	1363.60	1614	875.20	2381	207	36
multiplier_16b_c7d0bb6ec5652599bde0d3c85b70f93b.v	1149.80	1593	779.80	2650	208	20
multiplier_16b_c17a1ce90f1022eb1319c739f26e2e81.v	1195.60	1565	790.90	2607	207	15
multiplier_16b_61ae5f97ad6c985fb7ac6c61bbb7e43c.v	1042.50	1589	778.90	2948	208	20
multiplier_16b_1e29d027eb956b1efeb29cda24abd0d8.v	1136.30	1565	826.30	2575	214	13
multiplier_16b_5cc0e544eb1b9aa69754374f4bd45e9b.v	1252.80	1584	802.60	2533	213	18
multiplier_16b_3acd757c0c4294341716b411a4c892d1.v	1325.20	1572	836.60	2382	216	12
multiplier_16b_b91045e735f89749d868f2b22b08fd16.v	1033.60	1591	785.80	2724	209	21
multiplier_16b_a1085a97b315530696ae541b6f4470f9.v	1180.00	1553	847.50	2342	214	11
multiplier_16b_232df2431fe739183d6383503777eccf.v	1067.60	1554	754.60	2910	207	12
multiplier_16b_0c1701d14e68962703ce899e74a6255b.v	1063.80	1581	779.20	2829	210	19
multiplier_16b_0b4308906f16d256e1e2e3c7d0759dd4.v	1043.60	1594	770.70	2825	206	24
multiplier_16b_fb498553693c5408015010e853d0a01a.v	1186.10	1583	858.80	2343	211	22
multiplier_16b_07cd4a645d80ba82ef3990ed1d091db0.v	1181.50	1569	845.70	2402	214	13
multiplier_16b_d6db0e428821aec96b428df19ecbe75f.v	1211.60	1593	806.90	2704	211	17
multiplier_16b_251a51d595ea681139a22c414375f09e.v	1092.90	1583	753.80	3012	206	22
multiplier_16b_4edf2a73c9f28814d01b10c0212d8b88.v	1189.40	1582	783.30	2864	211	17
multiplier_16b_16c63429eb6c092b49a65a6c82a75247.v	1170.40	1594	805.40	2662	210	27
multiplier_16b_0c6c4abffa70b28c7120ddb2d6a85550.v	1301.40	1577	838.50	2630	212	18
multiplier_16b_0930dc867f4d59c2e6cfaeba29e72ec6.v	1129.70	1573	821.00	2566	215	15
multiplier_16b_4aff73406eb5a23f0ce1d54912059de9.v	1255.10	1583	860.90	2324	211	21
multiplier_16b_772ccbefb9a7f530a2590834d93a9d72.v	1165.20	1591	791.00	3028	210	23
multiplier_16b_481ce1838b41ded8d4ffa4b8f608d386.v	1076.60	1586	778.60	2754	210	20
multiplier_16b_a24f02a9701abcbd192ed67d4c6e8203.v	1040.70	1578	762.50	2978	214	14
multiplier_16b_931fc2262eae120041b85980442f47aa.v	1181.00	1576	801.50	2737	214	15
multiplier_16b_d22e04ebfba0eb999e882d50a1a0da96.v	1129.10	1576	772.30	3007	212	18
multiplier_16b_d779430baf124b70d53bbe52faba15f4.v	1177.00	1581	783.80	2720	206	21
multiplier_16b_4d6d6826ae3fe305ac3d55e2352298ad.v	1061.00	1591	774.50	2958	206	25
multiplier_16b_8576a9018bfdd3fcd37ee8f9fa35f01f.v	1130.30	1592	790.40	2824	210	26
multiplier_16b_b26d49d6b77399be81b35b2306e32709.v	1129.30	1582	788.50	2680	208	21
multiplier_16b_e1b21c719e31baf197cb196f810b00f3.v	1111.80	1591	816.80	2706	207	27
multiplier_16b_0ff240eedaf86559549a58f544ce24ed.v	1129.50	1608	830.10	2794	205	36
multiplier_16b_f675dafeb13908e8f6411763de72d989.v	1295.00	1576	826.60	2711	213	23
multiplier_16b_49b14e6c63ffaeb8302db7a461b0636c.v	1124.60	1578	795.30	2528	210	17
multiplier_16b_751cea1293f9e2d337106ec5257a3538.v	1140.90	1578	766.30	3031	208	22
multiplier_16b_8fb1c5f459a321530b1bd4a698fd9e5b.v	1086.80	1564	799.00	2543	210	15
multiplier_16b_1b916c4a4d01c08c44a5f7fdd632fd79.v	1121.50	1574	787.40	2689	213	14
multiplier_16b_b7771aca6cb80099c7de62c1f6b67c00.v	1143.10	1576	814.20	2818	215	12
multiplier_16b_9b6e636388e9534184cd43dcc2c6963e.v	1071.20	1581	785.70	2891	211	15
multiplier_16b_6d28f6ff00471090cbf81a1dbf37933a.v	1072.60	1582	769.50	2675	210	15
multiplier_16b_214ef385dce417179f60037601b6d552.v	1062.70	1554	741.60	2791	211	6
multiplier_16b_14628157c3c9506d749bf1863ed2e7c9.v	1203.90	1576	829.10	2395	213	12
multiplier_16b_c8d1737c88e6528c0227d8d008771a3b.v	1084.00	1580	764.40	2786	211	17
multiplier_16b_78de1f22137aa5581823bc82f988408b.v	1091.90	1583	776.60	2872	208	22
multiplier_16b_ab1534c7e8ba005f41c36c767aefefe9.v	1217.00	1595	815.70	2378	206	23
multiplier_16b_2fbae1ef633c7a9a54b5d1da203560fe.v	1122.90	1583	788.40	2812	211	16
multiplier_16b_760ab0594c9c315c996e1580f5ae0672.v	1099.60	1591	790.80	2729	213	15
multiplier_16b_fffce5d008e690f2d15b5ac37c1d083a.v	1150.40	1592	801.70	2548	212	19
multiplier_16b_991eb7f5654e7947a54308b7dd751691.v	1126.30	1586	809.70	2453	213	19
multiplier_16b_b4937ce6536af9a9e3b140ef93e5bdf5.v	1217.30	1580	806.60	2607	213	13
multiplier_16b_09da46827799f31cb72d50a2ec60fade.v	1347.40	1574	900.00	2327	218	12
multiplier_16b_bc5270b30e40441d8df420b4a57afbbe.v	1084.90	1576	778.30	2850	211	17
multiplier_16b_da0e0c6e84431d8f02db3256c77c1a0b.v	1139.50	1561	780.10	2774	214	11
multiplier_16b_0bb9da2cae969d43f07473252068b9d5.v	1155.20	1568	785.60	2803	217	12
multiplier_16b_a7dbd9553c00dcdd83369db1f081e4cd.v	1186.70	1595	819.80	2636	215	20
multiplier_16b_f010534e5d70daabc4451acdb5523043.v	1159.40	1577	802.40	2499	210	19
multiplier_16b_ee33b64a9fcd4b097f6fead8071eb31b.v	1125.20	1569	820.60	2575	217	10
multiplier_16b_85fbc6a3e8309b96489a0b7bb46d5257.v	1209.20	1571	849.20	2393	213	16
multiplier_16b_9ad12b8935b66cfedfffac5d37f6246c.v	1039.10	1581	773.30	2923	207	23
multiplier_16b_605757ed0ae0c03982f8444b3a395583.v	1072.60	1581	811.60	2595	209	22
multiplier_16b_b8b54c7ea4ac0403864ac389b5403518.v	1154.80	1576	809.50	2525	210	18
multiplier_16b_d4fcd1422cd5de012cbe9c84277ba665.v	1116.60	1580	775.10	2705	210	16
multiplier_16b_5e8423806bd0d3358cdc73de6d7cbee2.v	1146.30	1598	782.60	2766	207	26
multiplier_16b_5063db2587958a0ce2f9878a73024124.v	1131.60	1624	836.70	2896	207	36
multiplier_16b_d3ca11303075d7d2c1d2c0153808318b.v	1156.60	1579	793.50	2994	209	23
multiplier_16b_015929985f4c5bbf1118f99829a90d7c.v	1170.70	1573	759.60	2802	206	17
multiplier_16b_ed25ffdaa197913de15c4db2889e6b02.v	1145.60	1584	795.00	2695	209	24
multiplier_16b_6c2aa77823e42c3e0c55ec7b448a71fb.v	1178.50	1582	782.50	2834	210	20
multiplier_16b_25f738d73f5584f8c8da2b2355f69075.v	1254.20	1580	800.60	2472	208	19
multiplier_16b_17725abd9aabdc30cd3dd99a5e8a4085.v	1120.40	1575	804.50	2706	212	14
multiplier_16b_2a55a6f14c2bcea27c89e2cad1d9c5bc.v	1207.00	1573	852.50	2474	217	15
multiplier_16b_cd31a6a90c10ce69cc3d8e3f49f1ae87.v	1100.40	1565	780.80	2826	213	13
multiplier_16b_bf610be6eb6c8034693d12c6d9803a64.v	1116.10	1569	808.00	2601	216	11
multiplier_16b_cbcc2d9548c2f1a02fb24274cee10aab.v	1275.30	1580	835.10	2658	211	20
multiplier_16b_c5c22507a12e0c4fb48976016d2c20df.v	1258.50	1567	809.90	2524	213	12
multiplier_16b_d7e3c8f86e52b25e628726465d95ffc3.v	1127.30	1570	764.60	2606	209	15
multiplier_16b_6358b3251d58faab2f134ac785209e44.v	1172.60	1577	782.20	2913	211	16
multiplier_16b_bf6473786134324e68d9b838d4c67622.v	1196.10	1586	801.20	2636	212	18
multiplier_16b_a0c62af2718d776bb988f17cc968f6fd.v	1301.50	1574	855.90	2330	215	13
multiplier_16b_21e95e0782f63d99821c7cf00ab3d52f.v	1112.80	1584	766.80	2927	211	19
multiplier_16b_52ea91d2ec1b294f953e5f2100b3f2cd.v	1081.20	1577	762.60	2733	208	18
multiplier_16b_c04c8db24d86d41077dd2a57c6265f9f.v	1186.50	1574	793.10	2761	213	12
multiplier_16b_c85f117304633bb3c2257034af307193.v	1099.60	1598	798.20	2549	204	29
multiplier_16b_ec5617e640b47a30d4f93eb8f818ee9c.v	1250.30	1629	829.90	2657	202	49
multiplier_16b_0104d5164534341f862235a393f7e9d4.v	1138.60	1607	853.50	2555	207	37
multiplier_16b_b21f1becfe3a5d8e4d4d79f2218f7881.v	1219.20	1610	860.30	2658	209	36
multiplier_16b_2dc71b98190cec80e724c7b3b0a1d3fc.v	1146.40	1584	776.20	2754	202	31
multiplier_16b_11b037e50dfa443d6499fd32b52c5573.v	1127.40	1580	777.80	2829	204	29
multiplier_16b_a60bb91e649785eec774575656f09dd9.v	1098.10	1569	829.80	2445	214	9
multiplier_16b_a9f2e4f8448b09601302dc5901c38e62.v	1165.00	1560	781.60	2796	217	8
multiplier_16b_84bcc281c7db9803d6fa440c4a59c8c3.v	1174.30	1567	834.90	2522	214	13
multiplier_16b_9dfbaa6e31d3fa19d5ba4eea45c8e982.v	1188.70	1568	825.00	2404	215	11
multiplier_16b_2b210e4c3aa20074f323a7f96e693dea.v	1164.40	1551	805.50	2270	210	5
multiplier_16b_5bf0099ec3947d5eb7c6ae2bf8c00419.v	1271.40	1561	869.60	2246	217	7
multiplier_16b_dcd7d5fcbafbd8c5f763262cd630f99e.v	1159.20	1578	789.00	2771	211	18
multiplier_16b_3d59fb2b89f7a871d129ad1607ea81ab.v	1342.40	1573	861.50	2250	215	11
multiplier_16b_86e5101ec4e04525729937301c3a4a27.v	1185.40	1554	814.90	2331	214	10
multiplier_16b_dcd8936c92242030ba7550a6164b0ad8.v	1073.40	1567	792.00	2737	215	11
multiplier_16b_6dfa73ec3105541fae6649c4548918df.v	1213.60	1577	810.10	2533	215	16
multiplier_16b_bace2ee318a74f22d0e635a3e1c9850d.v	1214.30	1570	838.30	2447	211	15
multiplier_16b_62b0c55647ccec0021bac5dcc1f1d368.v	1122.30	1572	807.70	2746	213	15
multiplier_16b_c1a85352f9bac991a29c02ee270f2352.v	1188.10	1568	769.80	2781	212	8
multiplier_16b_a3613ae106740ed975f1a3821842b42c.v	1175.20	1565	798.10	2768	213	18
multiplier_16b_04f2273d01f7399853e406cb9dde5bad.v	1156.50	1582	808.00	2577	211	16
multiplier_16b_e433bd523a1cbaaf0c9e93ed8789509c.v	1122.00	1582	811.60	2491	211	22
multiplier_16b_6eb2debb9a3b2f2783478adbc5df5627.v	1162.60	1586	818.80	2794	208	23
multiplier_16b_6057871f8c5d26c1865d321f0019d990.v	1189.00	1587	782.10	2778	209	19
multiplier_16b_49a002fca147945aba8fb2c2bab2f05e.v	1158.00	1573	805.80	2652	212	17
multiplier_16b_a7deef1937c50c655aa1a7c52428b7df.v	1144.60	1583	795.20	2885	212	21
multiplier_16b_6bc409346b228a75a7c6e1a8cfbf201e.v	1105.10	1595	774.30	2910	205	27
multiplier_16b_9359c48cfceffb947f7d9216581985f0.v	1074.80	1594	771.50	3075	208	25
multiplier_16b_148eeb1e91476d6e3d9e90142e4863f6.v	1066.00	1598	778.40	2816	207	29
multiplier_16b_1905a04943efa59021e3f43a2a4bfd3f.v	1129.50	1590	793.40	2916	206	29
multiplier_16b_37b98a7e3ad80d777769f08a7ec6b5fd.v	1127.30	1613	771.00	2866	206	33
multiplier_16b_6bf06a68e829f093f2891a388611e968.v	1071.60	1593	784.80	2865	206	28
multiplier_16b_8d3272acda5aec2c732961ae58801150.v	1238.60	1569	912.00	2354	213	16
multiplier_16b_d726bd132615bf1228719705647ddbcc.v	1060.20	1587	795.20	2644	213	18
multiplier_16b_529af7e7d534e9072c30eb262ed1bb1d.v	1134.50	1573	777.60	3003	210	18
multiplier_16b_ce92e9f7da94bd3a184db1d0ec4c6ff3.v	1079.30	1560	811.20	2702	218	5
multiplier_16b_63a5e2441b721294d7857ddb4b4d02fe.v	1075.40	1580	779.10	2768	212	16
multiplier_16b_561ce6c7d19b8160b165cf2671e2203e.v	1464.20	1567	938.80	2252	217	10
multiplier_16b_a6667668cbe3325d00709ecdfd452ecd.v	1141.50	1566	802.50	2505	213	14
multiplier_16b_47170e977c0c30ca2939c6ea7fbc60bc.v	1233.40	1593	849.50	2381	209	28
multiplier_16b_bc25f5e2c228ad70a5cfe07e17b9f019.v	1214.70	1577	789.10	2727	206	24
multiplier_16b_24538c10553b70f8f999ad6060762482.v	1175.10	1583	785.40	2736	208	20
multiplier_16b_ec09ed19cab226be82128b04609cda0f.v	1139.20	1593	838.20	2596	212	23
multiplier_16b_dd07ca564a965420afbc4896f600b222.v	1098.60	1561	744.90	3058	207	17
multiplier_16b_0a93818a151cfa273c86183cea7bbc19.v	1359.80	1583	877.30	2305	211	25
multiplier_16b_057389b261252f9cc4bb00085a6c7b8a.v	1182.40	1579	797.10	2767	210	25
multiplier_16b_563c8cfe3e72cfaa387199144f533c3d.v	1193.90	1551	783.40	2537	207	11
multiplier_16b_206165467ad4e6baeb7720a9f3c80b72.v	1126.00	1575	782.60	2681	207	21
multiplier_16b_94406416b9bec435e4d52a41fcad6abb.v	1158.50	1610	831.20	2561	210	36
multiplier_16b_b991c47b47679bedc06c55b4b226549b.v	1145.00	1582	762.00	2840	211	19
multiplier_16b_461d7741336a2bad0f95a95c2cebc79e.v	1094.20	1580	799.30	2596	211	18
multiplier_16b_409562d3f17680150dea7a6a32f797d4.v	1114.40	1561	776.40	2660	208	13
multiplier_16b_71d56048b9f61086e519bd23180a9ac6.v	1123.80	1589	806.40	2734	208	24
multiplier_16b_fc9714eb00300c00f0f3e06248072ebc.v	1223.20	1552	816.90	2309	207	10
multiplier_16b_de307cd2ff2d43008a6590581e66e488.v	1169.10	1582	800.10	2853	214	13
multiplier_16b_1a55934c2e79521cfb6ddd8b08b1e133.v	1089.90	1583	763.40	3035	215	16
multiplier_16b_e281ed8f6c16a9bf369c4ad9462ab679.v	1242.20	1578	858.90	2640	212	19
multiplier_16b_e45f8188e91d2f52c4597630244da8bd.v	1064.10	1570	754.50	2844	211	14
multiplier_16b_1ad8a92ef660b212a096ea5fb75ec03a.v	1099.20	1569	822.10	2563	212	15
multiplier_16b_657085253c4d96a8df66f39ead07eeb0.v	1114.50	1559	782.70	2765	212	12
multiplier_16b_05d894db566df0b7e18a701249d077bb.v	1124.00	1579	790.00	2669	208	19
multiplier_16b_ae483ba0b4af5766c5316a204b59d6a2.v	1294.70	1558	882.50	2297	216	7
multiplier_16b_a7338a160a31138dda240cd325a28f60.v	1195.40	1576	841.80	2392	213	13
multiplier_16b_5456c3c09af2d94323dbc5af1ed7c340.v	1074.90	1560	767.50	2777	206	11
multiplier_16b_f5630a04f7fad1a0b156dd498690e1ba.v	1151.10	1561	801.60	2862	216	8
multiplier_16b_2ed2f52dda3372d9da77b6d55c223e6d.v	1123.70	1602	806.60	2508	212	21
multiplier_16b_3686fd80b292014ba0bd3a0ab3d1df25.v	1135.50	1577	808.30	2709	209	19
multiplier_16b_0e1a5a5784f308ff18002424361f2dd7.v	1116.20	1580	788.30	2780	209	22
multiplier_16b_73881a59bb79953e6a3471a7bacb3774.v	1208.70	1592	824.40	2432	207	29
multiplier_16b_45eb365b9d581527b7f59e54f49fa47f.v	1142.70	1576	813.50	2706	211	20
multiplier_16b_51e0487d10b7b17c3717befb7964d37e.v	1133.10	1568	789.10	2923	211	15
multiplier_16b_ee712aff745e7c596012ec85d1e10d0a.v	1202.60	1592	834.30	2532	210	20
multiplier_16b_a37f5633a95da844696d77c7440b1e6b.v	1126.80	1580	769.80	2913	212	15
multiplier_16b_5dd446e6577b62d45b4e8a0dae6941a9.v	1190.60	1576	783.30	2573	210	17
multiplier_16b_a4306a0910c9af945264f935c23f1582.v	1135.50	1591	794.80	2781	213	20
multiplier_16b_96938920a0693b7968ebca11eced15bd.v	1053.60	1591	752.10	2811	209	22
multiplier_16b_3b639be0d917913cda72eba0df6a8e39.v	1100.90	1580	819.80	2557	210	20
multiplier_16b_ecee7765ae47318069cd82d9473892cc.v	1196.40	1557	814.10	2453	210	16
multiplier_16b_6813505007ab24671acbac2ccac1ccde.v	1088.70	1573	782.60	2952	211	18
multiplier_16b_a9017fda9fbc9a840d910a8d30946e4b.v	1352.40	1565	883.20	2347	216	12
multiplier_16b_83956c3dad741bc55b18bd004311b42a.v	1149.00	1572	796.80	2763	211	19
multiplier_16b_77504886522ccf6f39e6b0b7dff3831c.v	1132.10	1568	838.10	2559	216	8
multiplier_16b_2ded936e949543c87241c630c184d65d.v	1295.10	1560	884.30	2391	212	11
multiplier_16b_445f9e77bd766e93551647227ac75f8d.v	1110.20	1576	779.80	2988	211	18
multiplier_16b_f7edbfe59b18cfca41e60f4df9133686.v	1143.20	1573	798.80	2563	212	13
multiplier_16b_2d4958a65c3a4eb1a289a8fe978d3276.v	1165.20	1569	806.70	2412	214	13
multiplier_16b_4c9ed748b416e556bbe101c78a69c58a.v	1152.40	1586	805.80	2720	211	22
multiplier_16b_5f91ed5c9378c212eac3350e8022fb28.v	1131.20	1594	794.10	2544	206	26
multiplier_16b_f71f3f3741a8bc747f1300669117cf34.v	1223.00	1607	842.90	2561	211	33
multiplier_16b_e82935a19bf2c857a33fdab4fc87cb8f.v	1163.10	1582	758.40	2751	213	14
multiplier_16b_5aada3c3a448096f98e38c00941622d5.v	1146.90	1601	774.90	2871	206	26
multiplier_16b_dd714af876b2ee34df093f44b6a87d1b.v	1188.90	1608	806.60	2638	211	25
multiplier_16b_2a0eba0497b9e709850cbdc244f95030.v	1158.50	1610	797.00	2796	207	32
multiplier_16b_115b6c86acec1bd35393e059e3338e8d.v	1094.50	1587	784.00	2898	216	16
multiplier_16b_9fcbf61ad64792183c4d5067e06ebbe8.v	1177.00	1610	794.00	2513	210	25
multiplier_16b_bf8cf342393bcf5e327faeb1f1300f2b.v	1138.60	1576	786.30	2942	217	12
multiplier_16b_c53f466295c89ebaec899890d35d9131.v	1073.90	1573	787.10	2981	209	19
multiplier_16b_405fc8e0feb91cc3624612dc8e388b0f.v	1106.80	1563	812.50	2618	210	17
multiplier_16b_8660fd85bb476235e7fb074dcc65a91e.v	1062.00	1582	769.70	2732	211	20
multiplier_16b_42983c68730bfae6251d556443fc7844.v	1114.40	1570	786.20	2799	212	12
multiplier_16b_da82819fed77756fb75a2fb2c8c46dcc.v	1175.90	1586	806.70	2624	215	15
multiplier_16b_4d902c6e8b0f60335aa928e018f4d350.v	1099.10	1589	769.60	2750	212	18
multiplier_16b_3b594769af2c3229152cae83bd536a88.v	1124.80	1573	799.00	2537	214	13
multiplier_16b_e2cd7df526c37b3c6bdc2694c2b8613e.v	1169.70	1570	776.20	2484	212	8
multiplier_16b_ebc4fe77e43b7d0d8d55e428e9db076b.v	1095.70	1583	781.20	2804	212	16
multiplier_16b_52a97c84b8a63633e4b72cf59db80c7e.v	1094.30	1572	776.30	2701	215	10
multiplier_16b_4ff33f7b8d44143558fc89b2a3243a1d.v	1210.90	1569	838.10	2639	215	11
multiplier_16b_3d49fc9e63c7d95051b2a464f6148d41.v	1088.10	1567	773.60	2905	211	15
multiplier_16b_e1e3ec95659ad3410ee57be6633e653f.v	1073.50	1557	794.10	2526	215	9
multiplier_16b_ac741757fed560321f9a8d5c6a539a8c.v	1284.70	1567	850.70	2341	215	12
multiplier_16b_30f7e34fc36534da4e0014d15e6339cb.v	1073.80	1580	758.20	2825	210	16
multiplier_16b_61185a1729b23a52b2f4ea910e07d233.v	1065.50	1563	755.30	2926	209	14
multiplier_16b_f74337988c8ad0abddb7efd27da8e0ac.v	1140.40	1581	766.20	2870	210	12
multiplier_16b_8d0754204e2563b5546bf84f677e9aa3.v	1094.40	1600	788.50	2831	208	29
multiplier_16b_2906c1ea3474cb387ce70d5a9afbca0c.v	1246.70	1578	814.60	2715	216	16
multiplier_16b_b8a060d83836311303be8c649e241492.v	1100.90	1584	819.50	2425	207	25
multiplier_16b_2935555cf5b3094e022269ee3140944e.v	1084.60	1590	786.30	2973	210	26
multiplier_16b_9723f901e8071c979f3572fff6daa849.v	1146.40	1579	783.80	2938	209	22
multiplier_16b_987b19a062c35be7426179f910a0b842.v	1263.70	1578	853.90	2370	212	20
multiplier_16b_9cf521a69cea140e2e01053dbc0b9f0a.v	1180.30	1568	848.40	2468	214	14
multiplier_16b_f909737df7a0438015301c256800d32b.v	1338.90	1569	881.00	2559	220	7
multiplier_16b_53cc186a0d2cd1ead900139af99a79a0.v	1098.20	1574	771.40	2796	208	19
multiplier_16b_088b4a1319444e1ca2a62c421820f910.v	1098.30	1561	764.30	2668	205	10
multiplier_16b_24c0301e76d6cddc3e3bc69d20945982.v	1184.50	1571	843.40	2467	218	8
multiplier_16b_a486fc8c65a7ba33ebbb9f2fc58a0ca8.v	1114.00	1559	763.10	2946	213	11
multiplier_16b_bda5b6391e268a9b38683582c0b56cc8.v	1096.50	1560	756.70	2847	215	8
multiplier_16b_cfb4e723d03bc24ee127695ca2005b20.v	1211.00	1614	808.80	2917	203	44
multiplier_16b_e77287591045e26d73946eedb5d37805.v	1200.90	1639	100000.00	100000	203	55
multiplier_16b_5c654610e7d9b7efeeec1d79dbb2bd22.v	1309.00	1671	855.80	2892	209	63
multiplier_16b_24530bed1e51b40ae52c98c35776fb1e.v	1234.30	1626	813.80	2536	209	36
multiplier_16b_91fc8579a86515e9b1482a7ebf2fcd9c.v	1190.70	1643	807.90	2915	201	53
multiplier_16b_663fc654b37e3cf5c858a6a95e84b1aa.v	1189.40	1656	100000.00	100000	201	62
multiplier_16b_4e836279a022f904b8464ba1c82000ce.v	1045.90	1588	767.20	2847	211	19
multiplier_16b_79bfff866a852866ccefde9bc3479117.v	1169.00	1885	843.40	3379	204	142
multiplier_16b_f2bda8247e5ce0545d0ae38659613077.v	1363.70	1893	961.80	3186	212	141
multiplier_16b_993d0bf16a983205503765cabec1f7e9.v	1307.50	1894	890.60	3085	204	148
multiplier_16b_08e0d1b59ecb1159b09e14e7e92fd370.v	1204.70	1903	861.90	3558	205	147
multiplier_16b_5135722fda7bd63543cbcd96ef455107.v	1278.20	1684	831.30	2609	205	61
multiplier_16b_f9ad293172d9b22a4d513fbb61947cef.v	1141.70	1654	846.10	2838	212	46
multiplier_16b_484dd85a313cdc889111af89f8e246cf.v	1169.30	1590	778.30	2734	210	23
multiplier_16b_ccf304794440e1bdc8a20a4239b60e50.v	1080.50	1592	759.10	2899	213	25
multiplier_16b_f4fae1a31f47dc432f765605b422c94c.v	1233.70	1628	848.00	2388	214	35
multiplier_16b_08dc3470b4277eb0149fa4900c54f352.v	1218.20	1625	802.80	2634	207	38
multiplier_16b_75fc36dbb850cd4a11b3aa8dd7d2e491.v	1087.20	1565	757.70	2869	212	8
multiplier_16b_1aad4851e849022bb9542d2275a53d62.v	1167.20	1568	785.90	2756	214	11
multiplier_16b_603827b47f336c0832b406262eff9ce5.v	1137.30	1564	756.00	2820	211	8
multiplier_16b_5610a76075f5a0b60c6279dd0c673af4.v	1189.10	1563	819.30	2383	214	9
multiplier_16b_7bc7b11d053b2642c3a2b5c36148612b.v	1220.70	1552	866.20	2310	215	6
multiplier_16b_c942b54eeea54527b265cc0193a50da6.v	1172.20	1565	791.70	2319	214	5
multiplier_16b_aa14c9d2e1d837548dc91347d37aaad0.v	1232.70	1573	815.40	2694	215	12
multiplier_16b_9df7f0fcbfd04c939e0303bf5966c7a6.v	1072.90	1556	776.30	2719	213	6
multiplier_16b_078ad7be39b9a879708b7c8610418723.v	1097.70	1545	751.80	2616	213	3
multiplier_16b_9170306aedc39b517df59618267895d8.v	1177.30	1557	811.10	2633	216	7
multiplier_16b_0d56347871c16a1b7d203b7944b94783.v	1215.00	1544	807.40	2360	209	5
multiplier_16b_06ddd601e163c9a73aed87981d5b87ff.v	1129.50	1545	788.00	2385	210	5
multiplier_16b_913761a1ddc22afcc60adbd6ca7296da.v	1285.90	1566	876.00	2437	217	8
multiplier_16b_311178693c2383512fe30b9f8aa41933.v	1132.10	1546	786.70	2445	211	4
multiplier_16b_e883b0f1106f76088345638b849d451e.v	1278.00	1558	802.60	2636	215	8
multiplier_16b_43411816db70d308ee02119e05ad4878.v	1181.70	1543	820.30	2291	213	3
multiplier_16b_9211606015e6abb49d889f5916467df9.v	1411.90	1545	921.60	2523	221	2
multiplier_16b_fc1b682cd7a8c7cd80714477492bcad2.v	1190.40	1561	816.10	2579	215	8
multiplier_16b_34bfa1db9db9c557dfded687f1c11114.v	1163.10	1562	755.00	2742	212	11
multiplier_16b_ab8f7f9e2531c75ab042f831d1aa64ba.v	1240.20	1562	852.10	2398	215	9
multiplier_16b_aba887e2f6543641610cdb48e12d9e49.v	1284.90	1538	786.70	2355	208	3
multiplier_16b_a8c440091546c9cd99f5644aa84d8e56.v	1181.20	1555	818.20	2396	213	8
multiplier_16b_887cc2bc6ff88ab4af7d5de17aff36f9.v	1261.80	1557	813.70	2426	208	8
multiplier_16b_58a79537de2ee031a91f809eb670ce40.v	1342.00	1566	848.20	2361	215	14
multiplier_16b_a57481910c3227f392f360fb4de7c8f0.v	1362.80	1583	844.30	2411	214	16
multiplier_16b_16470a6517f3aca36bd8238748357e41.v	1172.90	1549	814.50	2397	212	7
multiplier_16b_c24864350efd5f442e7ba050ab3c42ae.v	1129.20	1548	813.40	2330	214	4
multiplier_16b_606033192e189ca8c9ed883ac0a0651b.v	1116.50	1562	766.40	2759	211	12
multiplier_16b_fbb3d1be22e4ecd93b4ac539482d40b2.v	1123.00	1576	804.60	2714	215	18
multiplier_16b_3b9ab43e80536d3c04f9cb084d75625e.v	1185.60	1556	828.40	2314	216	7
multiplier_16b_01334f229ef66356b0b54c36c507a598.v	1091.50	1576	807.50	2661	213	16
multiplier_16b_3307210ab4b0443619b7c40949c86e44.v	1212.30	1556	804.80	2356	209	10
multiplier_16b_5d7fbf6ac80ce6e873c85b98f560bacf.v	1114.30	1572	825.80	2503	215	12
multiplier_16b_e3927b481deb45fecde475f73136cf29.v	1140.00	1559	848.40	2294	214	12
multiplier_16b_bb27fc5e98ab24bf55ac86ed1e456965.v	1204.80	1566	814.10	2315	211	10
multiplier_16b_7ca92b1807f16377cc5435ddb6ee41f4.v	1154.10	1541	771.60	2434	207	6
multiplier_16b_155e78ce023fe644f5289f100e7b74ec.v	1171.20	1565	827.00	2605	217	9
multiplier_16b_ecf63fa28168a0e29ff85010a5819ea1.v	1185.20	1556	857.30	2518	219	4
multiplier_16b_d5111b3f1167f35d583d60fab25d3737.v	1227.20	1566	838.40	2375	213	9
multiplier_16b_a9d5a98b204b5034d46718ef631f1f2c.v	1256.60	1565	868.10	2414	214	10
multiplier_16b_6a4b5b44f85cf20a4dd6f0915d33d570.v	1122.20	1551	847.50	2509	216	7
multiplier_16b_7afff164eac4f788b75ed1e803dd2868.v	1287.00	1561	860.40	2329	215	9
multiplier_16b_021a0af4bf28ca07ee79de90e919f8d2.v	1150.30	1564	818.20	2708	216	11
multiplier_16b_72e554763a64e1ec57808d4c718dabae.v	1085.60	1553	747.80	2731	213	7
multiplier_16b_baee21c5c8b7a1ae7e4c7c85ee1a9507.v	1185.70	1563	825.20	2574	218	6
multiplier_16b_c00b73cfeb7a8d64f07bb399df977976.v	1170.10	1556	834.10	2548	216	6
multiplier_16b_7a0dc53c4ad9dced400abe3ac745341b.v	1212.70	1572	772.50	2512	213	12
multiplier_16b_6d80deebb63bfb4a45d5e6b377047eee.v	1196.60	1574	820.80	2628	213	13
multiplier_16b_f8d9dd2f901e9c81b03e4d7074a2f5f7.v	1257.60	1547	873.30	2550	219	4
multiplier_16b_23d96d3ee9d7736b752c1d2af6452dc0.v	1207.20	1560	833.60	2820	216	7
multiplier_16b_53b726660ec6049f9266f726555d115b.v	1155.20	1560	760.70	2711	205	8
multiplier_16b_939d55caa5e50a61f62c2ee73f774cd9.v	1027.10	1560	732.70	3051	212	10
multiplier_16b_10d92fc65cebe64aef6a2150b4847038.v	1125.90	1567	804.40	2686	214	9
multiplier_16b_f4a13ce18ec73735a1097db9d209492c.v	1134.10	1565	762.90	2892	213	8
multiplier_16b_a8986d87ba6eb5d90693eb9a390e8411.v	1140.60	1569	771.90	2752	213	11
multiplier_16b_03902aca7c0dcfbe8ad35a18f900cf24.v	1110.70	1583	738.50	2934	211	15
multiplier_16b_c3f9e6253d75a08678fa40898c06b17c.v	1143.60	1582	772.50	2963	211	20
multiplier_16b_830bcfceab285598e75483ab6647a999.v	1157.40	1565	810.30	2832	216	12
multiplier_16b_dde64b67e92001179348b03fde601cb6.v	1283.80	1570	835.70	2369	213	13
multiplier_16b_4014b8886cab9ccea6920da2ebc269ac.v	1232.70	1569	833.50	2401	213	15
multiplier_16b_5ff927dbc255c7583059f882fc5fcbaa.v	1097.50	1548	760.20	2787	207	12
multiplier_16b_4331c508d8ce3d3fc9f15c3ff1989815.v	1163.80	1583	794.20	2793	211	17
multiplier_16b_e8a40307868971e95a79999c69cea095.v	1198.70	1578	804.70	2541	211	17
multiplier_16b_973d268a9df9402b2eb34b413ccba107.v	1086.40	1599	799.30	2742	213	25
multiplier_16b_eb0590c754709e3fa7438c8daf41c4ae.v	1144.20	1599	844.50	2484	213	21
multiplier_16b_ad6c8d76591fa27afb19aee9f98776f3.v	1235.60	1608	848.50	2508	213	27
multiplier_16b_051864801ebe8bc0210a6be852e432f0.v	1170.10	1570	807.50	2541	209	15
multiplier_16b_7ede8d087f8fa74fa1477c2638d3c6fc.v	1095.10	1580	785.40	2768	215	16
multiplier_16b_4a3b94256d08b7c1348dbace3a63641f.v	1110.30	1595	767.30	2927	210	28
multiplier_16b_7fffaa0e061df64d7ec8b704deeaa6a2.v	1225.60	1576	825.60	2353	212	14
multiplier_16b_0e6a54680f1c0e547c30d510e80133d5.v	1102.80	1592	799.30	2672	214	21
multiplier_16b_97f1497d176c25c7ed4e627f65bd72e0.v	1222.00	1611	821.10	2600	212	29
multiplier_16b_80ed5cffee325c1f548a6c72fec024bb.v	1168.10	1613	791.80	2882	210	27
multiplier_16b_0e940eaf064dec77bdafdae301c69c32.v	1160.30	1614	789.40	2877	209	32
multiplier_16b_7be98973b0416a2fdf7333b6c8eec825.v	1075.20	1580	775.10	2578	211	17
multiplier_16b_d764c1fe45895285f559d7490bac90a6.v	1114.80	1575	799.30	2615	214	13
multiplier_16b_b13164d4644bfc964a7a232b0bd904ee.v	1112.10	1599	807.40	2703	208	23
multiplier_16b_3da46afb664b1d5a1a42a2bbb131792b.v	1097.50	1577	768.40	2886	211	18
multiplier_16b_522446e1178c7397f1969210b642a079.v	1184.90	1571	786.80	2922	216	12
multiplier_16b_e52aa02622a7596fa5df79f0d740f3c3.v	1066.30	1588	776.40	2659	211	17
multiplier_16b_296673d8219fd726eb896ec1a911e019.v	1131.00	1566	765.50	2748	211	14
multiplier_16b_940988686067e5463d07255f5359ae7b.v	1209.70	1591	831.50	2508	215	21
multiplier_16b_5a1988b4f1b847998528c19b453d80b6.v	1144.80	1599	811.20	2572	215	19
multiplier_16b_24c253f9fc140282b629b6e46747ce84.v	1076.30	1583	754.10	2895	211	21
multiplier_16b_d805825a119ed600661c14642d17545c.v	1188.80	1609	865.20	2527	217	22
multiplier_16b_04ef48c948500955100174f5298c2e31.v	1037.20	1605	770.90	2755	210	27
multiplier_16b_7616a7de96c3828432c7df370a6f5dc6.v	1248.30	1596	825.90	2427	213	24
multiplier_16b_cd00afe2520039c5b046b845091569ad.v	1144.90	1610	787.00	2929	213	30
multiplier_16b_6ebec4d8249d3bdf6f7d439c7b8866bb.v	1122.40	1613	791.50	2878	213	32
multiplier_16b_8f6b2ac2e2faabc78e1756e646312652.v	1210.50	1585	844.20	2453	217	17
multiplier_16b_0cdbaa79548256d1cd39a853bd856518.v	1087.80	1606	786.90	3012	213	27
multiplier_16b_e7afbebea1f1769a71ef1619e3d29d65.v	1119.30	1603	795.00	2896	215	23
multiplier_16b_f15420e33146f0e94dce60d76a8202da.v	1205.70	1629	833.30	2812	215	31
multiplier_16b_b3e5e8ea5c68880b2c6af857065c0363.v	1133.30	1605	778.90	2692	212	24
multiplier_16b_a6e737764c817a74de49305609d85bf5.v	1168.30	1625	843.40	2491	214	29
multiplier_16b_a72b740aeab7bb3d122e23d254aee6b5.v	1059.60	1587	763.60	3013	213	19
multiplier_16b_3862ff8c488420ae4f12709dc1a4cc28.v	1419.20	1594	903.00	2337	217	19
multiplier_16b_e7897a025ceb56a83c412a4d9bd5c9ed.v	1142.20	1606	786.00	2852	214	26
multiplier_16b_ecf76ed3a47786d54c83128d51924131.v	1067.10	1617	803.80	2777	213	32
multiplier_16b_b02070fcb226dc319f120c5228d98f4d.v	1199.90	1603	827.80	2676	217	25
multiplier_16b_08e2fa402015100c30d0382c5270b41d.v	1072.10	1616	807.90	2761	216	31
multiplier_16b_227f5649f1ec8c7803bfaf1249c75238.v	1206.30	1588	832.40	2459	215	18
multiplier_16b_9fec50d378902bf392e569cb51bf46e2.v	1231.50	1598	881.50	2338	214	23
multiplier_16b_40c763420b98f283c34eaeeb7f6790be.v	1152.10	1602	817.10	2751	218	22
multiplier_16b_ded4a785ba3cba3ec444a4f399bee8a4.v	1065.20	1574	840.40	2517	216	15
multiplier_16b_5da666ed1c9e492c2deccd407f2feb57.v	1293.00	1601	853.70	2392	218	25
multiplier_16b_34d98a72b2cd904fe837218b3ea838c7.v	1253.70	1595	839.50	2596	217	18
multiplier_16b_1b6fbff2062ccaf36c979790ff206eee.v	1178.40	1589	814.60	2554	213	16
multiplier_16b_c01d49962fecdfe889ed5fcc9cbc2599.v	1055.60	1581	792.10	2644	214	16
multiplier_16b_8d1eeea5021421bc2df860ef6d66777e.v	1075.20	1584	748.40	3069	215	20
multiplier_16b_732a640c36856851c49e54e27fc9021d.v	1211.80	1577	808.00	2377	214	15
multiplier_16b_de12bcab28b484e0d493d903408a35b0.v	1163.00	1581	794.30	2709	215	16
multiplier_16b_76f3c2a4f5de9a1db4dddbd06969d5a7.v	1174.60	1600	792.40	2835	215	22
multiplier_16b_bc16a6e053b396e24e3c4bd4ed8fb843.v	1169.50	1560	808.90	2496	218	10
multiplier_16b_f5ed70d2343b3c1c18b95212e92b9cd6.v	1046.60	1595	745.00	2897	210	22
multiplier_16b_7d9724ad9d3ed9f69df71db4bde134d8.v	1251.50	1571	838.90	2662	216	14
multiplier_16b_93312c0a861db40096a3bb5d0869e0d1.v	1142.40	1578	801.30	2745	217	13
multiplier_16b_fe9bf78db09ac79a5ab2df5e47e6eb4b.v	1110.40	1582	747.10	2671	213	16
multiplier_16b_49b2c58ebf24d56514696e2ffd7064e1.v	1254.50	1596	825.80	2465	216	17
multiplier_16b_9620b7e42485355479d2ee8f13e10bbf.v	1127.60	1586	799.50	3048	214	18
multiplier_16b_0e13b9162868562f0ef5ab53bcd3df79.v	1244.50	1578	851.90	2392	216	18
multiplier_16b_8c889510eef28e4b3c32fff7b306200f.v	1091.20	1583	774.40	2752	211	18
multiplier_16b_0c7c2b0490f77b6265de8fad15fb6ee5.v	1236.80	1569	849.30	2517	216	13
multiplier_16b_31dbf41b89ee4e71e10d8116f2a8abe2.v	1080.40	1573	790.70	2847	212	14
multiplier_16b_39275c32ce6701ec00099fa49861ca32.v	1342.50	1580	942.20	2311	218	9
multiplier_16b_a073d5088e53fee95c70a7bf511b1885.v	1291.90	1570	929.10	2343	218	9
multiplier_16b_9de1fe1fa7d30eb3f1b17c4712bfa1c1.v	1155.40	1567	849.00	2252	215	10
multiplier_16b_02a8d730edb64e151a1b5b62f248f2da.v	1111.40	1561	749.40	2802	205	14
multiplier_16b_c8673066e6f89635c75ddd66f0153376.v	1154.60	1584	792.30	2711	211	22
multiplier_16b_8592964c693a74ebba63c73476700b68.v	1198.60	1591	792.50	2636	214	17
multiplier_16b_0c2a4ab0ac27094eefa6f9e57ae4fa7a.v	1107.90	1577	774.90	2999	213	14
multiplier_16b_8c660d6e3b990a59e4156834e123be2d.v	1244.60	1582	857.50	2410	218	12
multiplier_16b_d987d44ce890c2ac41c9ccb4829c01a4.v	1074.80	1602	751.60	2800	214	19
multiplier_16b_ce6bb4fc26408ce92f0e0211fe1af029.v	1339.30	1571	889.90	2331	215	14
multiplier_16b_2a918bc028b0063c0442c931d8dd1bed.v	1092.30	1592	768.70	2781	214	17
multiplier_16b_1dcbac3273f9b887b341c619c75104b4.v	1117.30	1558	783.40	2572	216	6
multiplier_16b_a8b805782363acf1dfb268e29ab49036.v	1076.90	1565	777.20	2686	215	10
multiplier_16b_2bd9d5afdb6f3e7d52d951e51fd71344.v	1136.10	1578	781.90	2817	215	12
multiplier_16b_2946cb39f1250e282e10c2269cd2f47d.v	1307.00	1569	822.70	2470	217	10
multiplier_16b_3e448c14ef11612eb043a1c1ab1ab571.v	1105.50	1574	773.90	2935	214	12
multiplier_16b_a4a75220abd31162797daf3775f07f0d.v	1187.70	1579	765.20	2901	209	17
multiplier_16b_c1731874b0ea3d74086f68a30f7ea692.v	1158.30	1585	835.10	2376	214	17
multiplier_16b_217d2a5cdcb0aaac9f7e44592b1875e2.v	1119.30	1565	771.60	2900	213	12
multiplier_16b_bb7edf4b91a7b5b82561ccf29fd426a1.v	1146.00	1574	804.60	2835	219	10
multiplier_16b_929e0f6621f2803b7d092a36f57fc2d0.v	1118.80	1567	808.20	2566	215	9
multiplier_16b_7e07079bbbe8e5fa62a4ac427071e749.v	1172.00	1586	794.00	2472	211	19
multiplier_16b_a0d56187f5c4705f6c9381ee33a78513.v	1281.40	1569	831.30	2782	216	12
multiplier_16b_967f75a9109d57b23b5ed196ac1d5ca1.v	1120.50	1582	781.70	2858	216	14
multiplier_16b_f3b30f858fb4db858ff5d1739d48fbd7.v	1074.40	1568	748.30	2877	213	10
multiplier_16b_81c71dd95028f8bb54e6453a5c28a221.v	1273.20	1578	832.90	2470	215	13
multiplier_16b_37500c461793d993a193fbf5201e7b55.v	1150.00	1562	789.10	2657	215	10
multiplier_16b_f49a93e1073d9975ff022e0950d6ef8c.v	1226.60	1578	833.00	2520	215	16
multiplier_16b_8e33080725371201467734fde90777cb.v	1033.00	1561	752.10	2969	212	12
multiplier_16b_a0c9857ccf3313fdfad8264aee2a9ea9.v	1151.40	1561	820.20	2620	216	9
multiplier_16b_eead45c8bf59d731ce2671c1ae85de0e.v	1355.50	1572	861.40	2416	213	11
multiplier_16b_4f61e4098d29b99f1f021a73fc7174b5.v	1102.70	1575	761.50	2985	212	16
multiplier_16b_f4050a1b972513e62f47e9f99538dc27.v	1198.80	1574	848.90	2286	216	10
multiplier_16b_27f53c85c12ae168d4ab34a3698fa04f.v	1081.20	1581	759.20	2796	209	15
multiplier_16b_d18c4f63b57d1e5ae0e7f1ba580d9a9c.v	1151.60	1599	791.10	2823	214	22
multiplier_16b_0a2781892a639d0a9f7ff37fe2071ea4.v	1125.20	1591	796.20	2806	212	19
multiplier_16b_166d198dc28016a7483584833799e766.v	1117.20	1576	785.40	2563	214	13
multiplier_16b_2353aad14d82eb2d0bce2261cd208de5.v	1103.40	1567	790.30	2840	217	9
multiplier_16b_872461f91de357b333f544d14796c8ef.v	1092.00	1563	772.60	2750	218	5
multiplier_16b_f0e6c3aedd6b195eb9c1c054f0fdccf3.v	1140.20	1552	792.90	2446	209	6
multiplier_16b_4a407f7cdd63679c6c91d25d83873ecf.v	1069.20	1552	738.90	2786	211	5
multiplier_16b_c4d1fc3383437afb84cbe2b3a30ce75f.v	1084.00	1558	765.90	2930	216	6
multiplier_16b_fa1dccff634f5c5ca311001dee8228b7.v	1235.60	1569	897.20	2383	217	11
multiplier_16b_16898aafd4c92a2cda0aa6444c2e3598.v	1364.30	1562	845.70	2386	218	7
multiplier_16b_e07f2665cf6a17b12a8d3333fc58a3b2.v	1193.40	1574	818.70	2456	216	9
multiplier_16b_d9e51103ea8a232c6bea81d0f042e597.v	1049.20	1552	759.80	2703	209	6
multiplier_16b_cf7f9c19df6abc5ed54e2021a0ae7097.v	1149.60	1560	788.70	2662	214	10
multiplier_16b_a378fc1196776f148119780b9f1a6568.v	1081.00	1569	777.50	2659	214	8
multiplier_16b_d0f27cc938d036e155db51dca79fb25c.v	1081.40	1553	747.80	2974	212	8
multiplier_16b_2718b66e92c70aacf37d1e37588a2b8d.v	1161.50	1576	816.90	2903	216	14
multiplier_16b_26d5a74f9ce2bfdd185a59973b8ea6fd.v	1086.60	1567	776.50	2812	217	5
multiplier_16b_f9ec465d02396c955d6fab810261da68.v	1191.40	1563	820.40	2686	217	8
multiplier_16b_f9e9d7b6f0a1ef7c4f66a5655ad1f48f.v	1112.90	1565	757.00	2813	214	11
multiplier_16b_eb0f91d30274c3fdbc548522cd74936f.v	1191.90	1578	811.00	2835	215	14
multiplier_16b_403178b37c20f568d20e449c53dc8f37.v	1067.40	1584	783.10	2764	215	15
multiplier_16b_45a2115faef1c537d189572b6c6af665.v	1305.10	1579	849.50	2337	218	12
multiplier_16b_70cb8bf340ee70cd2076f24134d9e384.v	1060.30	1574	753.60	2890	212	15
multiplier_16b_827a38063078940144d944e897d14506.v	1116.10	1585	761.00	2748	212	15
multiplier_16b_41d5700342e08268fada8e8cea9d900d.v	1243.20	1572	842.80	2428	215	14
multiplier_16b_cd14ed78cd779860c47e9227614f1932.v	1113.50	1585	771.20	2878	212	15
multiplier_16b_abf39404d92c7da6c4ca04c44fbf683f.v	999.50	1569	734.20	2879	208	12
multiplier_16b_faa346eae85b103646e99fed4d9ba590.v	1106.40	1577	805.00	2662	216	13
multiplier_16b_d3ccdb703d62b47e721d28a6c1af1243.v	1248.50	1570	848.30	2298	215	11
multiplier_16b_aa70d7da426e1d77e86a7f836647a140.v	1059.10	1569	751.30	2849	213	14
multiplier_16b_96e472cb5fa648f009eb606ba51422cc.v	1175.10	1577	822.80	2364	213	15
multiplier_16b_cdab7842a6733c5f58bb6a562ebece74.v	1166.70	1576	777.30	2738	213	16
multiplier_16b_edcbd32ab1592a1137ef15cc343f3cf8.v	1197.20	1572	845.60	2293	214	11
multiplier_16b_38c8280d00a4dc58bc92e4bac70d9d17.v	1061.40	1568	770.80	2642	213	11
multiplier_16b_e097b3b94bd6ee4b90858bce121e7588.v	1097.10	1582	760.80	3052	213	15
multiplier_16b_62af0463d7ac0897fa3973cb82c90df0.v	1099.20	1584	818.40	2399	213	17
multiplier_16b_6cf0271f542c535b09f11e0f1edf70cd.v	1223.20	1581	778.00	2800	212	15
multiplier_16b_5dc9ab54ca9eb2a56d7a6e0eb811716e.v	1217.80	1570	810.90	2601	216	11
multiplier_16b_b739387f21716739be92ccb8d718d4de.v	1135.80	1571	799.90	2862	216	10
multiplier_16b_d0ef69a1706cb9bea2a580fa78b39db9.v	1255.10	1569	819.80	2562	212	15
multiplier_16b_c93c8eb3583960b9aca78afe298b1122.v	1207.70	1583	896.70	2347	218	9
multiplier_16b_9e0d98c8a9f704b4a27384eb591bcf67.v	1152.90	1558	825.00	2536	218	7
multiplier_16b_c67f5ac33cd7115a59782ed3498d9cab.v	1123.30	1572	795.40	2827	215	11
multiplier_16b_7d67bd17ced243f6af4c45a5d802faec.v	1042.40	1570	768.30	2781	214	11
multiplier_16b_74e9816f5cf07bbb81f1e852cb83354b.v	1095.60	1573	766.80	2820	214	11
multiplier_16b_ddeefd933c3e9c3379b5a4146794baee.v	1286.30	1597	828.70	2617	218	21
multiplier_16b_4e455775e6063f8a0959330cc4c099ae.v	1030.80	1563	776.20	2836	214	10
multiplier_16b_a6c59c1984db81dc5207fd2b379de58c.v	1181.70	1572	833.10	2379	216	11
multiplier_16b_6e28076361e9f2a986d0644182ee0c5f.v	1141.40	1572	792.20	2558	213	15
multiplier_16b_dd21488b2d48c139b5e4378486171a44.v	1084.70	1582	785.30	2939	212	16
multiplier_16b_1eda2f3ab8298c5985c8bcb4c691d540.v	1103.20	1575	781.00	2821	214	15
multiplier_16b_fce2acd3edf0657c14e9a9ac63464007.v	1137.60	1557	763.40	2753	211	11
multiplier_16b_6c3581a40188bff27ac07173f3cb947c.v	1099.90	1569	808.40	2645	216	9
multiplier_16b_2923d147078202399713486dd77dcb70.v	1098.10	1570	786.90	2705	215	9
multiplier_16b_54ad5493a8e5d5c96cea77b1c19be7e7.v	1297.40	1567	876.00	2263	217	8
multiplier_16b_507fec8a4643a85eb42121bb36a6c555.v	1085.90	1566	799.40	2655	216	10
multiplier_16b_fcdab15d955839ed6df265125255a59a.v	1195.40	1555	835.20	2693	219	5
multiplier_16b_b9630a11195fa5ac1beb7cd8ac462c86.v	1098.60	1573	764.00	2865	212	13
multiplier_16b_701117c613fb9f082856e2c0f105ad41.v	1078.10	1568	767.40	2734	213	12
multiplier_16b_674627f1dfd093a975f297c3e4492af1.v	1114.70	1576	814.30	2470	216	14
multiplier_16b_8116e88aca7ce34ec368c79bf4fccd60.v	1075.00	1569	794.30	2563	214	14
multiplier_16b_8f8468957e5cda23ef5d3d54d7907be9.v	1094.30	1566	788.60	2492	215	10
multiplier_16b_56d67672028cade0f67fd43b230f4075.v	1044.20	1571	753.50	2902	213	17
multiplier_16b_b9c00828bfe52a54eda27d50b54ffb59.v	1164.40	1570	835.00	2287	217	12
multiplier_16b_91754fcecdf8292fde5df326149c5c6b.v	1131.00	1566	826.50	2483	216	10
multiplier_16b_ab979d91848e2a3d15e69d6e1f5d7716.v	1214.50	1580	808.70	2480	212	16
multiplier_16b_b0bdf3e4aab07e44151b19d57e1a1db3.v	1274.70	1566	825.70	2357	218	8
multiplier_16b_4b7340c8e8a3cb766d01984215df3ab4.v	1093.90	1582	770.00	2748	212	16
multiplier_16b_eee38d83357c4256c90dbd20f2cc7f7e.v	1077.50	1581	770.10	2893	212	15
multiplier_16b_7b1e416d8ab3c18fd5499feaadc0feab.v	1090.20	1571	802.50	2485	216	13
multiplier_16b_7a03a927617f6448ff7a219bc93e08a3.v	1308.20	1570	933.50	2313	220	9
multiplier_16b_92669b5e7d3bc271fa420da1d811374b.v	1041.00	1561	752.60	2987	215	7
multiplier_16b_a3a078b2583bfb7758bc348462351ec1.v	1125.80	1572	802.30	2704	216	9
multiplier_16b_685c6dc5d51c4dcadceb827e16d5a76d.v	1059.60	1561	812.90	2415	216	8
multiplier_16b_7753f013e3426a120b39e49df2c6a759.v	1047.20	1570	741.30	2870	211	13
multiplier_16b_dc11608d4972cf214af48374cf5478bb.v	1160.60	1572	805.80	2695	216	8
multiplier_16b_8d74f3f8d9fbca1e5385215002420f14.v	1154.00	1565	841.40	2409	217	7
multiplier_16b_91b5d1e1c02552b585e4ad001f550dee.v	1092.20	1579	788.20	2554	214	15
multiplier_16b_a0baac43c2c8488b6c3f4157cbc3fc02.v	1131.30	1557	794.70	2511	213	10
multiplier_16b_eb74d91180068d705eb8e1f0b58f2de7.v	1030.00	1579	748.60	2769	212	19
multiplier_16b_4a4418887640ba9a9b045d531612f280.v	1043.10	1583	770.00	2798	210	18
multiplier_16b_987bd68923c0758b9e0875ae8f24c3fc.v	1129.20	1572	789.20	2563	216	9
multiplier_16b_3344fc6b1bc08eb911f59c8f9f39df1d.v	1157.60	1569	819.40	2452	214	11
multiplier_16b_da5fccef27e44697549d984a9b8b2d88.v	1083.90	1582	817.80	2569	214	14
multiplier_16b_ef657c5fadc7bf71cff7a09a440fbf5d.v	1084.20	1580	759.30	2947	211	18
multiplier_16b_2f3ad2b834f3355d5f9ac9f58f66dba9.v	1129.10	1579	797.40	2611	214	13
multiplier_16b_8842571a5eb7cfdb41e14a5b2d03d196.v	1227.30	1594	832.80	2397	215	14
multiplier_16b_e029369cefeff41fefa0f94e29471f5a.v	1109.10	1581	782.10	2593	213	15
multiplier_16b_839ba08fdbf7fa1c031f85086ed850c1.v	1061.40	1572	738.30	2967	213	10
multiplier_16b_b013dab3e6239884282d8aff102b88bf.v	1108.40	1576	777.50	2754	210	17
multiplier_16b_d12fc4ccc1f44e9eaca2005e4f8ed925.v	1046.50	1574	752.80	2749	211	15
multiplier_16b_a7d6b4244fccd996d3ee209db29f8c3b.v	1151.90	1562	789.70	2468	217	6
multiplier_16b_c3b500f94dcfea3eaf02bef4cac6ea56.v	1061.30	1563	795.80	2724	213	12
multiplier_16b_9faedf2a2e5eee96eef5142e34d7eb86.v	1058.50	1577	793.70	2752	212	15
multiplier_16b_ec34068d3d9f43cf34e7b2eb569a0d0a.v	1093.80	1570	766.00	2763	216	8
multiplier_16b_c516f0d1b5876bd9042cfcc29be1ab95.v	1147.10	1567	819.30	2689	216	9
multiplier_16b_15de061c6611e39d4f7670475d24b94a.v	1092.20	1569	767.60	2878	210	14
multiplier_16b_30b6e1f0cf06780bcf855ffb039cff5f.v	1035.50	1575	761.00	2951	211	13
multiplier_16b_8013ce0e9497bbc4a74b74e6fa4a09e2.v	1066.00	1562	805.30	2616	213	13
multiplier_16b_0cc051cc18f12485face6d841c7e886c.v	1157.60	1616	100000.00	100000	211	26
multiplier_16b_94783714fe0b18e3f44d04817637cfd4.v	1084.00	1591	819.30	2501	217	19
multiplier_16b_3aea7de36064ca4f5c3edbc0f31cfe31.v	1159.60	1583	806.10	2634	212	19
multiplier_16b_613262a87db306330ef6e40730ed3273.v	1109.10	1576	793.70	2553	211	16
multiplier_16b_3a7d3b0510e9c29377d585b4c87b5180.v	1077.90	1573	767.10	2952	213	10
multiplier_16b_a8996e76547525039faff4085985b613.v	1140.10	1572	806.70	2449	213	10
multiplier_16b_a7a6a271c8ea4aa4eca65269cb1108df.v	1318.00	1888	100000.00	100000	184	180
multiplier_16b_4309ae35333dda22ac75af7eca178d93.v	2537.70	4976	1903.90	9699	190	1372
multiplier_16b_0d4296140856fe04e392a591c284f8b9.v	1321.50	1998	921.30	3389	202	189
multiplier_16b_0d6309d9eb055954bfcafc58ee629439.v	1285.40	1918	900.70	3174	201	158
multiplier_16b_f0d46b7f291612e2e9e069e0c9eab37b.v	1257.70	1983	882.60	3292	202	175
multiplier_16b_cd9149fb869bfcad9efee80dcb47642f.v	1227.90	1806	878.60	3000	207	106
multiplier_16b_7305ce464ee3fb5f1f751e2a9ca46b52.v	1110.60	1724	825.00	3170	202	80
multiplier_16b_9c2a9b7d8e4a04836aa30b7b93edb09b.v	1181.50	1800	840.80	3125	208	101
multiplier_16b_aa5e7a74c4403be94b9f19130547b3b0.v	1221.10	1790	861.80	3064	203	103
multiplier_16b_b511a0e2522c4675e1f3721e1192b728.v	1252.80	1792	882.30	2948	207	103
multiplier_16b_ffd278334b44203be35e9cb5aa3cda3d.v	1292.10	1757	885.40	2640	209	85
multiplier_16b_457c80352aca2f67623bd41ecce7ae27.v	1129.60	1667	824.40	2703	211	51
multiplier_16b_76c77c869f3f38a6c68f98747b16d812.v	1179.70	1703	820.90	2961	209	63
multiplier_16b_4ca134575e1f4b40cd00c967b4eb8494.v	1244.80	1677	868.80	2705	209	58
multiplier_16b_28d337ff0193c282731d9d82b020c489.v	1119.00	1663	792.40	3136	208	52
multiplier_16b_4d3964780f5879da997220c47984971c.v	1185.20	1676	832.00	2734	205	57
multiplier_16b_8aed0b5de4e67356d062f7c1c89ddfe1.v	1209.00	1606	805.50	2979	213	31
multiplier_16b_05a5d09ed31e52d03da44b53a204154b.v	1179.90	1599	823.20	2347	210	22
multiplier_16b_d0b13561af2137de435bc3bb75ca6580.v	1116.20	1594	800.70	2519	207	24
multiplier_16b_a807ac85dedbcba36024692ca28c2128.v	1051.80	1609	791.20	2916	215	26
multiplier_16b_9d9d0b43a96467a1d9b60210d71fc62c.v	1107.50	1595	775.90	2749	211	23
multiplier_16b_b44dad9c7f0eaa1a1cee7d4e089442a7.v	1169.30	1603	820.20	2582	212	23
multiplier_16b_4ef82cc88e634194357fc55a05f33b0b.v	1070.80	1592	778.70	2911	211	23
multiplier_16b_66c96ef5e2979e9583575c2c034cf597.v	1105.30	1602	793.80	2762	213	21
multiplier_16b_bbc0cb8dd0c55995db7fff028518fc79.v	1143.90	1593	793.50	2592	216	21
multiplier_16b_facdd85ab6ef9e66e59bf7c76f733112.v	1225.80	1564	825.70	2314	216	10
multiplier_16b_c7c515858bc75a11c71b012dc1952770.v	1170.90	1601	818.50	2516	216	20
multiplier_16b_fac97ced3ca3961bcc7d7900b0db6e20.v	1147.30	1592	827.70	2682	217	18
multiplier_16b_7a21a9b097480b4d31f6646d660a8508.v	1208.60	1595	831.10	2559	209	25
multiplier_16b_31ead0e588dade4ae9c1bdc514cf8b10.v	1152.90	1583	795.40	2515	215	15
multiplier_16b_40ae429f6e7bd861f9b73303c1739ce6.v	1196.00	1580	831.90	2484	216	13
multiplier_16b_be0cdb0ec0fc2f24bf77f31192d831dc.v	1157.80	1580	789.90	2600	214	11
multiplier_16b_2e7c44743ccf535094a3142322793967.v	1231.80	1582	837.30	2511	212	20
multiplier_16b_17b5d0a761c9ab12657bd6494e2f09b1.v	1149.00	1562	790.50	2629	212	12
multiplier_16b_31d548e3d976e2888c0449baab4d4d29.v	1248.90	1600	862.00	2400	215	19
multiplier_16b_8f4813412b47d62448136e8f574fb7c5.v	1093.30	1578	834.00	2469	215	17
multiplier_16b_163a098e1d7de42a6ae7e8139bd2859d.v	1154.50	1565	825.40	2578	217	11
multiplier_16b_0b0fc0db0694b1bf35372417ca6c9093.v	1191.10	1576	751.70	2870	211	15
multiplier_16b_5a2d4c981683c5aec8011a2b5780ef7b.v	1057.90	1553	749.30	2821	210	10
multiplier_16b_23133afefd6e31f147fcb45a8a189ebc.v	1231.70	1591	819.70	2399	212	21
multiplier_16b_c4f14f600b67e5665da1a81c9a986987.v	1024.40	1585	743.20	2982	210	19
multiplier_16b_e518f5c1d3939a901a6284a452ea2662.v	1296.80	1576	833.80	2318	217	16
multiplier_16b_bbbcb169d2791be645148d93312aaee1.v	1131.90	1571	770.60	2731	215	14
multiplier_16b_07c4b842a628117469fda2a6f83534fc.v	1075.30	1578	805.30	2444	210	18
multiplier_16b_4ecfaa23debb1d38c2707f641f765e50.v	1135.50	1576	777.00	2676	214	13
multiplier_16b_2d9109f67f223d9821fb0f3b611420d8.v	1216.60	1569	795.30	2776	214	11
multiplier_16b_b297feee24dee1b2ab6535b40b2f33b1.v	1097.00	1573	790.20	2786	214	17
multiplier_16b_8e9736d2c4c6435791ed54f053084bb9.v	1158.40	1590	791.30	2646	210	19
multiplier_16b_82206cb69b4f0c4f9bf79fd1c6f60174.v	1119.00	1594	788.70	2712	210	18
multiplier_16b_b6d6431d8cbfde3e3ded69ed3a886959.v	1132.60	1557	792.00	2550	215	12
multiplier_16b_8ca21f0c62f0e649cd0680bc352f7ee8.v	1210.30	1569	801.50	2520	216	13
multiplier_16b_f8a42707ccc55722b5435af08601423a.v	1135.90	1573	799.00	2440	213	15
multiplier_16b_433bf642c21a2935ab039af5ebd90db5.v	1133.30	1583	802.10	2647	211	18
multiplier_16b_44ebbddbbf618ac310788b0adeca5bfc.v	1019.50	1569	740.90	3062	210	13
multiplier_16b_9e8b9326a44b6c76f2cc8a2ceb9d118e.v	1183.90	1577	792.00	2703	209	16
multiplier_16b_420043df62147379f844fcd68c45b617.v	1217.70	1568	825.60	2311	214	12
