multiplier_16b_10d3fa866e975805eac35d3923672346.v	1375.60	2040	100000.00	100000	201	208
multiplier_16b_7cb35087ebe82cf196f50fe4cb838cde.v	1345.20	2124	920.20	4003	197	242
multiplier_16b_39986144cf15c06f5b76dd528d3fad12.v	1301.60	2076	954.60	3837	204	217
multiplier_16b_f780398e27c0b314a4b999f4aed2cc13.v	1206.90	2003	920.80	3455	206	187
multiplier_16b_7cea886145a4ee7ec2e3e1cce03d4aaf.v	1206.70	1963	898.70	3243	203	172
multiplier_16b_11751ab1b42d221d058b47cda107831f.v	1264.80	1913	890.00	3277	202	157
multiplier_16b_acc1833bbd7ae4cb6631a7f398a2a701.v	1234.20	1917	859.40	3364	204	148
multiplier_16b_8ac59d954708c0215b406d3f1838ed0a.v	1285.60	1934	857.80	3507	200	163
multiplier_16b_f090509baae4e9bb5028ac29cbd2bdd9.v	1241.20	1815	849.20	3188	205	113
multiplier_16b_287c5633b64a33bd458a727b808f8161.v	1242.70	1872	834.10	3390	202	141
multiplier_16b_338552813f64f32544fc769af67ac7eb.v	1190.00	1830	100000.00	100000	204	117
multiplier_16b_a74a53327835daab44a713de61b9f0b6.v	1260.90	1807	826.80	3177	203	110
multiplier_16b_9cb1e4628d6848a044e86bccadb6ecc4.v	1142.40	1780	851.80	2997	208	101
multiplier_16b_67551dcb40ca96e817200b4ae883ade2.v	1268.10	1882	862.60	3426	201	141
multiplier_16b_fe2d5f2a0d374b474d49cd50c55409ee.v	1236.60	1906	912.70	3071	204	147
multiplier_16b_0cba76c296225999df0a3725f30a0fe9.v	1242.30	1868	872.80	3468	206	138
multiplier_16b_5d0a824051694dbac9449f7fefb9264c.v	1287.30	1868	905.10	3116	202	140
multiplier_16b_4febae1605444c991c3c9f41d066e771.v	1308.70	1724	847.70	2819	205	80
multiplier_16b_245c671ebaa80762622c2b9b158ca3fd.v	1226.40	1698	828.60	2960	209	64
multiplier_16b_631cb5dbe2eb09a613007e868de3de85.v	1244.70	1759	861.20	2592	207	88
multiplier_16b_4416a8f60d0eeb5cdda121d135f72255.v	1240.10	1699	806.80	2991	206	66
multiplier_16b_d030949fe7c4a5b62e9bda95ea8ab49c.v	1192.60	1789	804.50	3103	203	103
multiplier_16b_eee867a6f39dd0c0e9ec97d8ed38a26e.v	1164.40	1709	815.20	3177	206	71
multiplier_16b_af363fced086152a75c22b07c9ded6b1.v	1150.10	1659	793.60	2930	209	52
multiplier_16b_63ba046b9f8073b9724ddbca5e622ce5.v	1097.90	1633	786.70	2817	205	46
multiplier_16b_a8293337af5ab9d0754fd12d37d1041e.v	1170.20	1617	825.70	2594	209	33
multiplier_16b_17260aa7f7e08e0cbb13cc23bda974d9.v	1194.50	1638	100000.00	100000	206	47
multiplier_16b_dd600e2932387a9aef3dcf9f1725ac5b.v	1128.80	1670	773.90	2942	206	53
multiplier_16b_1fe6df224a12468ebdd0c8ab967709b6.v	1106.90	1635	779.60	3017	210	36
multiplier_16b_2a3d2bd4f0b3267f327190e0de50c0f8.v	1091.40	1660	798.90	3046	208	46
multiplier_16b_e4e799c5442a6c0a23ce2e9783a422e1.v	1157.30	1671	787.70	2993	207	60
multiplier_16b_78b00656fe5e9a3ec13b1a0b2a1ec192.v	1214.60	1698	830.50	2799	208	63
multiplier_16b_20064f466c0791a46e3e4cd305b952e0.v	1057.30	1693	798.80	3065	205	66
multiplier_16b_7e5b02e7d2e435143cb1f3c48d2d09f6.v	1189.90	1685	825.80	2878	208	59
multiplier_16b_baa7a09aef154f10e4d84fb3d17b6895.v	1113.80	1634	786.60	2730	206	40
multiplier_16b_14174f36b956647fdc08aac2748fc4a5.v	1214.50	1627	814.50	2527	208	41
multiplier_16b_4f18757c3de02469e9ab5d3583a4f8f3.v	1026.80	1583	759.20	2915	208	23
multiplier_16b_6e5f1409bcd51dcaeffcbcc9e5165556.v	1126.80	1608	819.20	2759	207	32
multiplier_16b_523573eb285c84646b42cf7633af6254.v	1169.50	1619	790.30	2730	205	39
multiplier_16b_f993af00cc72f746215ffa245060796b.v	1174.30	1616	839.60	2605	212	28
multiplier_16b_14ab1995fe37855a0b36b6d24136cc42.v	1141.60	1596	799.70	2607	216	18
multiplier_16b_afabd2414f843d92becefa2645a6eda0.v	1077.80	1580	775.00	2737	210	21
multiplier_16b_3f4de34fec0cd29e81a7849551684a02.v	1115.50	1595	767.40	2896	212	20
multiplier_16b_991ae990c2320a8a17e4b7fc55efbe1a.v	1159.00	1576	778.20	2938	212	14
multiplier_16b_0f3f7bc7960922208dd0213f0535b10d.v	1194.70	1579	821.10	2610	215	16
multiplier_16b_5c04f08a6ed34f26b4c2a7811fee8b7b.v	1150.20	1587	769.50	2666	211	23
multiplier_16b_30acd5304fc950a6828798f6f167e7a2.v	1184.60	1573	816.80	2419	210	17
multiplier_16b_4833c2634b21a7f88806c043fde9bceb.v	1163.40	1612	752.50	2792	204	32
multiplier_16b_8918b9c4ce80f80dcdea5906e7cea8ea.v	1325.70	1584	839.30	2423	213	18
multiplier_16b_60b6a1c271b4eabe0f17b46113e4dcdc.v	1067.80	1596	766.10	2935	210	23
multiplier_16b_b06ed5ed2784427d705b70f04538e1e3.v	1116.80	1583	800.70	2850	214	19
multiplier_16b_4dbe0e1c1e4ca79bde70a95fb261396e.v	1100.70	1586	804.10	2661	212	20
multiplier_16b_80187d6d2fcff352d36aa7992c0bf2d6.v	1137.30	1585	806.70	2616	208	24
multiplier_16b_be03e579a39406577c156b2ac7aff183.v	1079.10	1575	774.50	2941	211	16
multiplier_16b_9963d4a2c3038d158fb506942c2f846e.v	1141.40	1590	805.70	2725	213	17
multiplier_16b_b950269423d374d4e0a28e91736f2249.v	1081.20	1596	765.90	2888	210	22
multiplier_16b_b9fbcef99c2ae7b6a61e275011555757.v	1118.20	1588	791.90	2562	212	19
multiplier_16b_0a9dcedb7dbbff29687a1b23d68e7810.v	1043.70	1597	755.50	2829	209	25
multiplier_16b_681b91722309c5284566bce179bc1422.v	1148.50	1579	743.90	2869	208	19
multiplier_16b_3664c319443e3d3d892e4bb8fa014232.v	1185.70	1582	843.80	2451	216	14
multiplier_16b_4b34b516b9b76d67d606a1639ca912a0.v	1152.10	1586	810.20	2770	210	27
multiplier_16b_4e9e99e3af21537b43176ce45fe4cbbe.v	1076.50	1607	785.50	2824	213	21
multiplier_16b_295aedd60a6b6412373ca5175e59ba19.v	1170.60	1578	816.00	2843	216	15
multiplier_16b_36ba7f802d9ad30bbcdf44094d8ec4ad.v	1106.10	1619	777.00	2976	211	33
multiplier_16b_60ddd05f5572775d47de9d9b946f08b9.v	1208.90	1580	788.80	2648	209	17
multiplier_16b_38c1bdb4965cebc659e397e8478b6531.v	1112.60	1605	766.90	2965	206	30
multiplier_16b_b1257ae99449f052fd9d542e404c8b25.v	1188.20	1601	803.00	2678	213	24
multiplier_16b_21781e865945b54f8f64033f733b5549.v	1140.90	1599	779.00	2832	207	30
multiplier_16b_b0f73efd1adb46d738a5be42a4e9306f.v	1095.30	1581	768.40	3112	208	21
multiplier_16b_9a122df65b6d4dc4526fed761516e198.v	1132.70	1587	809.00	2620	212	20
multiplier_16b_98c93b2350aff4c24d7418e9ce295d8b.v	1205.70	1583	798.30	2837	214	18
multiplier_16b_29a3fd927adf98eb92edb66d1ac96292.v	1098.70	1594	784.60	2847	210	24
multiplier_16b_69396fbe5e5560965cfbf0a2d49a3246.v	1099.60	1596	788.60	2754	212	20
multiplier_16b_5f142e2c7d5ad9c9c876c2da94bf6422.v	1133.10	1590	775.70	2770	209	22
multiplier_16b_48a068d125bb4365d274fcc7de8faeeb.v	1192.80	1613	800.80	2553	210	29
multiplier_16b_5dc372837c5f8407c322ebd67e6ab37f.v	1173.20	1583	817.00	2663	210	18
multiplier_16b_20385ae8441823b1d22dcc57e0766ac8.v	1169.30	1596	769.90	3027	211	24
multiplier_16b_13d356cd77c4a901c1848857ec99df1d.v	1110.60	1581	799.90	2577	211	18
multiplier_16b_b7b99b2984ce61ebff56bf13a0b553cd.v	1108.00	1564	855.90	2468	217	10
multiplier_16b_11d66f5b6c1be689d04af2a6de0336bf.v	1134.10	1578	784.90	2805	212	19
multiplier_16b_930b20156a8b9a50ab4f1c86a8ee7fd4.v	1100.00	1584	771.20	2932	210	21
multiplier_16b_c85a45cd6c41c4d6b53847b8b805705c.v	1229.60	1562	829.60	2416	213	13
multiplier_16b_d92ff23f8be087cc9ea6fb138c318002.v	1135.40	1582	763.10	2811	207	25
multiplier_16b_9f0210f86a7b223b9f755764d2829916.v	1170.50	1573	804.40	2379	209	18
multiplier_16b_0d127560f9e4ef389cc43d5a8ff8c07c.v	1117.50	1579	775.10	2933	210	17
multiplier_16b_2514a7c3669abb7312aa338ee32e8ed8.v	1155.00	1567	791.00	2829	214	9
multiplier_16b_0cadf1d5f6e9a5c888bfee205decfee0.v	1165.80	1592	818.00	2593	213	19
multiplier_16b_6bb09004233431c2c0cfec3f007b622d.v	1121.50	1601	784.40	2860	213	18
multiplier_16b_08449a1db3b976df66524490e2fc036c.v	1107.20	1582	753.60	2711	207	21
multiplier_16b_45371d314ea1d957a8c58249dc703f4f.v	1241.80	1571	802.70	2510	213	12
multiplier_16b_8e1d389132fd36c462df14324b80f7f7.v	1148.40	1565	820.00	2491	216	11
multiplier_16b_2482dd85093e53efdb217616874f1f4d.v	1069.30	1594	754.20	2870	213	21
multiplier_16b_59565ad44dceca403bb0d621a6bbc5f5.v	1144.60	1587	794.00	2891	213	21
multiplier_16b_a62e52de90ba813dc937efa95db7f06c.v	1294.10	1579	817.80	2550	211	15
multiplier_16b_0d20ba394dda51ce3fa57d955f844c10.v	1135.60	1588	765.50	2966	213	15
multiplier_16b_772ba0a834bdc635b002e598628c7fcb.v	1115.70	1578	775.80	2912	211	17
multiplier_16b_f137076d398319daa96b8388bd110843.v	1117.40	1600	825.70	2549	211	24
multiplier_16b_10f3f5f28f6058c6402d15354f3c8ceb.v	1144.90	1606	800.30	2726	212	21
multiplier_16b_c78a82a4d7fa482a1293ab4c9b5bd4a1.v	1232.50	1572	847.80	2418	216	13
multiplier_16b_771a4ff4e89462f49eb0b1c48cefe1d7.v	1192.70	1577	776.60	2963	212	15
multiplier_16b_8ccf795b35bad8599dfad89a278fff1e.v	1139.40	1578	785.80	2825	211	11
multiplier_16b_3cb4eb606eeef3bb37222df44a3c45f2.v	1072.20	1573	763.10	2878	210	18
multiplier_16b_c99a31709c32f231a94a51488d6f143d.v	1096.80	1575	777.50	2694	213	17
multiplier_16b_d27bcb33574d9299329a4e5dc1892147.v	1240.20	1593	814.80	2602	215	17
multiplier_16b_b515d04b0b1f60c3f8a305aa0fe78573.v	1129.70	1579	787.10	3033	213	15
multiplier_16b_468770cedd44bf15efbcc55a0b4fc46a.v	1116.10	1567	763.30	2922	211	11
multiplier_16b_385468a60ff58939b935e860cd284ce9.v	1170.80	1575	814.50	2380	211	10
multiplier_16b_26966481b419a3e70e275fcd9305ad35.v	1127.20	1585	773.90	2868	214	20
multiplier_16b_8a2eb820019f7a19173dbd941a174450.v	1213.40	1583	808.60	2550	214	19
multiplier_16b_4c9958daaf7da26c00a6d861829082f7.v	1157.90	1595	811.40	2711	212	22
multiplier_16b_c0073e62df6123ac553c4bce6b371ec5.v	1169.70	1588	792.00	2651	206	26
multiplier_16b_bd758477ca9ebabc312b44ffde5b0880.v	1174.60	1593	800.40	2606	207	25
multiplier_16b_7537a6c564be6c1f9431a8518d23b8ce.v	1153.50	1585	808.10	2773	212	18
multiplier_16b_f5d2a341b901a78989321e0ab66a86dd.v	1190.30	1593	780.20	2802	208	26
multiplier_16b_7d26ae4f4f116ae56a8aaad790380d73.v	1196.90	1561	759.50	2869	210	13
multiplier_16b_f3672e492ee93751e1b3d527cc902cae.v	1127.60	1577	784.90	2669	211	16
multiplier_16b_0260ba5a4ea3d756dc8876f4d01090a1.v	1180.60	1565	790.60	2803	215	9
multiplier_16b_fceb4e3d131fc012541a7f643b948bf0.v	1132.00	1574	808.20	2621	212	11
multiplier_16b_29722daac86c73722ee1a7b2edef89d1.v	1199.80	1567	796.70	2619	210	16
multiplier_16b_2d017b2902a98c77b179774c7ad19637.v	1371.00	1572	845.30	2399	215	12
multiplier_16b_2678193a3bb90a0a41950c49c7cce709.v	1163.80	1574	760.00	2815	208	16
multiplier_16b_edb46b6652c8536d0da65dd815484f28.v	1111.00	1579	749.30	2970	207	17
multiplier_16b_a905b8b15ba7560aefcd4364757a0b35.v	1157.60	1587	767.40	2868	212	21
multiplier_16b_2410cac9f80faefbf4b840eeb6fa1473.v	1188.00	1566	765.90	2855	208	16
multiplier_16b_bd4a61c0b38ad226119b407e83d62979.v	1141.70	1581	795.30	2807	212	15
multiplier_16b_91172a6bc0566bac0f5b8dbc2add48ed.v	1132.10	1587	804.70	2699	211	23
multiplier_16b_1d968189ccadf9c4471fe6b4127c81fb.v	1229.60	1586	803.50	2429	209	18
multiplier_16b_e6c088bd3eca30393193bfdf8c92e8ec.v	1058.30	1560	781.10	2648	211	10
multiplier_16b_837271977420ee6bf531505e64d36b78.v	1124.30	1575	784.10	2570	212	15
multiplier_16b_7de2e900a63f7b5828e0a4a138b14a75.v	1276.50	1589	832.60	2485	211	22
multiplier_16b_8b57667bf26bb3ec1ba1c575b5a3f202.v	1096.40	1591	765.40	2756	207	23
multiplier_16b_e7e93877790d0f40590fd199a2a77e1f.v	1148.50	1601	783.70	2928	210	20
multiplier_16b_52a8fd0fdc7afcb3d011c89939028641.v	1173.10	1599	793.30	2661	212	22
multiplier_16b_1e4eb83dc693324f6002c9b3e4d5afaa.v	1153.10	1580	788.30	2831	215	15
multiplier_16b_b0a1743405d9aa6ea025664a572b41b8.v	1158.00	1578	772.90	2789	213	16
multiplier_16b_cd996d2cc3802e95f3e160189c38644e.v	1046.30	1595	774.20	3093	211	19
multiplier_16b_bc663bef04c061196c211b37f23f9472.v	1102.50	1574	763.00	2855	208	15
multiplier_16b_97d3d6c9e57626e722c7db0dba8ff6dc.v	1278.70	1579	827.20	2631	215	14
multiplier_16b_eb3f56f463a27b9a9a77cb792bb2a5f9.v	1216.50	1581	779.50	2520	211	15
multiplier_16b_c2f47eea374a2f8045fb8d06d78dbad6.v	1053.10	1581	776.70	2765	210	23
multiplier_16b_bbc0109afeefd4fd9c175fd3a3003230.v	1075.50	1572	752.10	2896	210	17
multiplier_16b_49028b1ebb43598eaca9119e3540d06c.v	1246.60	1576	807.40	2466	213	8
multiplier_16b_e210327b31be02649c03bf0a47ee05a2.v	1170.80	1575	804.90	2589	213	15
multiplier_16b_ae97b220753765dc13173218b4e27c3c.v	1302.40	1553	863.00	2467	219	4
multiplier_16b_4c4db72ede7245ee702f40da2782b4c0.v	1079.70	1569	787.90	2499	211	14
multiplier_16b_b6002b6077163b125f15163deb71bbca.v	1173.70	1571	782.40	2933	211	12
multiplier_16b_b2bd6a0aeee86a4b412d7b3051e05c6f.v	1138.60	1589	802.30	2660	210	19
multiplier_16b_99ea8fe3e3ff83caaab40c7063e88156.v	1138.30	1591	770.90	2867	212	19
multiplier_16b_6a519e2d2cc2960c9acfcb453ee4f79f.v	1146.70	1573	790.00	2793	213	13
multiplier_16b_8d9e79f65bf51fa337e70856fc408895.v	1176.40	1572	813.70	2640	209	16
multiplier_16b_0aa2f2a529ea14d821ded38568a8bcc5.v	1186.50	1579	838.60	2443	212	16
multiplier_16b_a2c1bd87ba173cfa0886913ffbb20c81.v	1201.10	1598	798.40	2703	212	22
multiplier_16b_9c8f2d42c819232cbfedb133dcde3883.v	1117.80	1590	763.10	2769	213	15
multiplier_16b_8c93daf3be9a868be81aca95cb609e76.v	1142.30	1578	842.00	2370	216	15
multiplier_16b_b986ff39de769349ef70030d28d35337.v	1185.30	1576	780.80	2681	211	15
multiplier_16b_c0141e1e859e2e1601ad1098b19c8f6e.v	1195.40	1581	801.00	2742	212	15
multiplier_16b_96752f489fd1585ca56eaee077e2bc16.v	1074.60	1586	768.00	2786	214	18
multiplier_16b_b5de80e9a5a98e3006bdb0febd005313.v	1164.90	1568	799.40	2557	214	12
multiplier_16b_f20dc84696859a212b41ebb0389a70e8.v	1090.70	1565	764.50	2830	212	12
multiplier_16b_24cd0e2eea98e2336b8994131ab897ed.v	1110.50	1572	779.00	2887	213	15
multiplier_16b_8eba488b76ffbaaa15c426835d4b7af4.v	1164.30	1561	821.00	2406	216	8
multiplier_16b_34c8d6330cad908ac13b8550abfd0194.v	1120.50	1566	777.90	2744	214	11
multiplier_16b_0c3c6542229a7d71383b0bfd3f23f368.v	1058.00	1583	763.60	2850	212	15
multiplier_16b_5afc4f1545ef41c3c137bfc501eb4ba0.v	1172.80	1575	775.90	2713	209	15
multiplier_16b_b805f5b036d416d4a0b5f75e96cc9f68.v	1148.70	1567	838.10	2540	215	10
multiplier_16b_98c429a58fc90129947276796b1a77d2.v	1073.10	1569	737.80	2916	213	9
multiplier_16b_20763fd3230f3b0ebe6d98d51dac625a.v	1166.00	1568	806.90	2644	214	10
multiplier_16b_3799ebc724ccc59e431266a53f5ebc31.v	1100.00	1555	762.80	2750	215	8
multiplier_16b_5d7ffb2c47b901c16f6773cadc2a292a.v	1223.70	1584	822.00	2590	215	15
multiplier_16b_ea80e35658a8c0c3158473f61535ed0a.v	1082.70	1596	781.60	2822	211	22
multiplier_16b_6023a9454d87f47a80e21ee0259257ff.v	1019.60	1581	730.10	3012	209	13
multiplier_16b_fa7438ba73df8edc3a396b645d6afdd0.v	1118.40	1567	873.70	2232	216	11
multiplier_16b_3b95c20a9be767e4cfa92f8273fba288.v	1189.60	1603	807.70	2637	209	21
multiplier_16b_4ebf0db8177e27c707436ed47d8df5a4.v	1184.00	1569	824.70	2590	213	10
multiplier_16b_cf0c91fb11ed5038176a02f09234186b.v	1205.20	1574	788.60	3003	211	17
multiplier_16b_481728af5a34044ec7a4beb3746627fe.v	1171.50	1569	775.00	2828	211	15
multiplier_16b_665a77046f10ccd700f451eac6403901.v	1237.10	1603	837.30	2523	217	21
multiplier_16b_f8f06812ef29440698a69aa6e8a2b470.v	1152.80	1553	806.60	2588	213	10
multiplier_16b_7b49d13d76986b6329f93ba18e51ad22.v	1184.70	1566	798.90	2510	213	13
multiplier_16b_33abf634bb40823a075c855bd74958da.v	1108.20	1587	750.60	3006	207	21
multiplier_16b_6da2a3b3066f21e92dfc2a9b90124c2d.v	1189.70	1585	804.00	2568	213	20
multiplier_16b_ba2954e17e8facbafe8692930af89c9d.v	1099.30	1584	789.10	2662	209	22
multiplier_16b_034785538e3abb80500a04c39cae8a4d.v	1220.70	1595	812.20	2453	212	21
multiplier_16b_c5333e2d71184260254b7d86484bf708.v	1089.90	1609	788.00	2620	208	30
multiplier_16b_a820d94f72f636b26dbc8de2e63a47f4.v	1082.10	1585	100000.00	100000	213	18
multiplier_16b_f6a8acf8325e949dd14816fb9cf87323.v	1224.40	1571	784.50	2742	212	16
multiplier_16b_4641c9ccb033ec3f1703e39c9f3c0531.v	1125.60	1566	755.70	2850	212	15
multiplier_16b_23169f7e495cdede7e101c4b6aeba876.v	1129.50	1594	782.80	2768	213	24
multiplier_16b_2c5eee9df389fded6d3f0488b33d4c25.v	1136.50	1642	817.50	2687	209	46
multiplier_16b_fd03ff8ea9feb809e0db9f90f6cc25ac.v	1259.40	1608	843.70	2599	210	37
multiplier_16b_f525988c2ea5e43d27885782f97aa14f.v	1107.80	1638	810.30	2880	204	55
multiplier_16b_d7c2a1bc9258e240ccf4283697a371e6.v	1206.30	1695	821.30	2999	207	66
multiplier_16b_1360512a929ac49ad615b7f07dd97fb0.v	1132.90	1637	100000.00	100000	204	51
multiplier_16b_134f9db3ac57433fb859a1c5da428bd9.v	1174.50	1649	100000.00	100000	205	58
multiplier_16b_d1898ffdb13d22a151230759b742e015.v	1179.90	1610	816.50	2578	211	33
multiplier_16b_43cb89f9def294e6a9a111d2f2c63dff.v	1221.10	1641	810.30	2563	211	36
multiplier_16b_afc0c8a03f7266a748aa7e5d21f23bbe.v	1061.00	1623	764.90	2893	210	32
multiplier_16b_cb258d80990cc8a584f4503e37ea77ca.v	1079.00	1616	769.20	2891	203	36
multiplier_16b_8dadcb511ece474887f2fe629f00fb27.v	1164.50	1589	825.10	2359	212	19
multiplier_16b_5ba632dab09dd44aaf53a747465a6755.v	1211.10	1639	867.30	2592	215	36
multiplier_16b_7ee31c987f316353c57ea6320db074d6.v	1120.30	1653	789.70	2861	210	43
multiplier_16b_86fdd7b73f63fed48a4613f708faef43.v	1253.50	1589	814.10	2520	210	20
multiplier_16b_9078cc11e6cfcb073bd6069dbdf2bdb0.v	1208.30	1593	846.40	2354	212	18
multiplier_16b_1e568afd1a4696d0cb6cf4adcef0abb2.v	1094.10	1593	770.00	2893	211	21
multiplier_16b_b3ba932db5b5908d7cd9a799e4ae8a31.v	1214.90	1615	799.30	2812	210	29
multiplier_16b_3e1ea80673cd19f6a82d89e5c4d444ff.v	1108.20	1568	787.30	2806	209	15
multiplier_16b_a3414330cfc6d8db978a3753cc24ca78.v	1232.60	1610	834.10	2474	214	28
multiplier_16b_bc7a7342e58407aadd4808a7e81d19f0.v	1162.20	1592	805.50	2508	208	25
multiplier_16b_60866369fe7bda81a3ddf69f2654b18e.v	1118.30	1599	791.20	2705	212	22
multiplier_16b_a43b4aaec18e3f0493615ebd8c9026ea.v	1065.20	1591	790.80	2572	209	22
multiplier_16b_9bb2281f22cec765506526f7e4b147e8.v	1178.80	1596	777.20	2737	209	19
multiplier_16b_30d95a5e5273a3d41b09cf1840001a04.v	1076.30	1594	781.70	2526	210	23
multiplier_16b_3d160ba11d29dd4898d2e19a31eab211.v	1141.40	1611	783.60	2929	212	26
multiplier_16b_25eae44d672f57dd20253bd679a21e3b.v	1098.40	1582	789.60	2767	211	21
multiplier_16b_09fa87947feab6ceb84e86758462e0a4.v	1096.10	1598	805.90	2853	212	25
multiplier_16b_adc6374c573810e890cb5aecf10ceb65.v	1157.80	1587	800.10	2597	212	18
multiplier_16b_af28ca439632d09fe103777301d3ad5c.v	1071.70	1570	761.00	2829	209	13
multiplier_16b_fcdb5265b9fe27c03c1f0d51a64e79cb.v	1110.60	1585	779.60	2814	210	19
multiplier_16b_121f2ef0e838bd1f5da4409da44cdd9f.v	1116.90	1583	780.50	2858	212	14
multiplier_16b_8fb06e2bdf13f13495d3fcf87f956650.v	1335.80	1568	886.50	2322	214	14
multiplier_16b_2c35ab61a61dae47bbcc343479d0caed.v	1074.30	1586	763.60	2918	209	18
multiplier_16b_e3a4341ac7b9aceb11ee965f8e92ad6c.v	1151.60	1561	797.60	2479	209	15
multiplier_16b_43fda4ff7352ca55f4e88d8b369709df.v	1295.60	1578	877.70	2215	211	18
multiplier_16b_951aca94625e7174776f772b6bbd8cfe.v	1101.80	1580	782.20	2815	212	15
multiplier_16b_f4676b8bcf09b789dc60f3e21286fb48.v	1137.80	1579	773.80	2808	212	21
multiplier_16b_52d4cae599a74aa5770fda906a36ea32.v	1162.90	1580	794.80	2631	212	16
multiplier_16b_cd27e40c5f1e6d1a9e9633b1ab168992.v	1219.50	1591	826.50	2499	210	17
multiplier_16b_f307f69ad4347f83c67b03dcb2ea8cbe.v	1083.90	1586	773.20	2901	213	17
multiplier_16b_8c0da638d50946fe36a549355d1bedb8.v	1116.10	1582	779.00	2786	213	15
multiplier_16b_769e4c332228571b741d311b7a174f8c.v	1151.00	1579	778.70	2713	210	17
multiplier_16b_f3f19f3260c7c5b279d9b1e6825a31bf.v	1104.90	1598	788.60	2777	212	23
multiplier_16b_e0f9b57cfd11bb8116529d432babf9cc.v	1192.30	1555	798.20	2592	214	8
multiplier_16b_1628e19ddbf8d2205ec08421bfd2223d.v	1097.70	1559	831.40	2347	216	11
multiplier_16b_451cbced0f63a2ade649c8baa0d459dd.v	1077.10	1579	776.00	2771	209	18
multiplier_16b_85fae8d1db8a23b4c8899619bdd377c3.v	1181.10	1623	886.90	2289	214	32
multiplier_16b_79f5ff1c63941c807ba78fce4c389611.v	1075.40	1587	758.80	2742	207	23
multiplier_16b_d398d2708a49be8b2d81060a6cc945d7.v	1335.80	1594	843.30	2437	215	23
multiplier_16b_629e91638efb91ac40725340b74594e7.v	1068.00	1579	770.10	2909	214	17
multiplier_16b_56e933e5d3ae8cec4f7180b2bc746263.v	1169.90	1583	747.90	2846	204	25
multiplier_16b_170eb2ccc7afec2a30179cb507e666bc.v	1059.20	1595	758.70	2885	209	25
multiplier_16b_55f198ecddbd61e4c706969e075c6ea7.v	1241.50	1587	848.40	2352	210	24
multiplier_16b_84340ce7549b1867775051bd0496ab1e.v	1154.30	1599	772.50	2784	211	22
multiplier_16b_4e7b7f6a983cce88c9971514203437bd.v	1143.20	1581	780.00	2848	210	16
multiplier_16b_4bc1d319372c422980c08d3cc76c4b96.v	1070.10	1572	749.40	2792	207	13
multiplier_16b_573fcf504f7a634647ec41924d07a7cf.v	1137.10	1575	770.20	2555	211	16
multiplier_16b_43b5421565bf1e5d6fb4e1d5cec464da.v	1183.80	1583	786.20	2881	215	16
multiplier_16b_251ffbaeeee8f6ec0da6174a75e960be.v	1150.30	1592	774.30	2846	206	26
multiplier_16b_b2b869290d50250ee9c7546b55408c5c.v	1138.60	1570	778.90	2592	214	11
multiplier_16b_04efa766bfc1b0030b779f4d8b456d38.v	1123.50	1556	767.40	2683	215	6
multiplier_16b_674e76b745b5aaa527a1013a8898a786.v	1125.90	1550	781.30	2499	211	6
multiplier_16b_7758b76c521cb3a503811dd57ea10c36.v	1113.10	1568	823.30	2392	214	11
multiplier_16b_d51932d9694255cd48dc6e5722e0f8a6.v	1126.30	1575	828.30	2647	214	12
multiplier_16b_8c322f80b61bad3e258ee6678cdf009b.v	1162.20	1565	830.20	2472	215	9
multiplier_16b_89bccf3ccf1e04374e05a1420d66e981.v	1178.90	1574	812.10	2447	214	11
multiplier_16b_27a7432076d35c0a06b1ee3efdb8ee11.v	1102.20	1566	788.20	2807	212	16
multiplier_16b_bbdbcf5076dc04800259550db9387583.v	1154.80	1588	786.30	2765	213	18
multiplier_16b_b5377265c04be799ddca4ed16674595b.v	1113.00	1573	793.70	2778	214	10
multiplier_16b_1126449215b15ede25f812d75edb4170.v	1103.90	1575	807.70	2520	217	9
multiplier_16b_a225de56c7a98033e160987b1c123955.v	1163.80	1589	796.50	2759	213	19
multiplier_16b_f56df0638df7f67d64abb798b0792dbc.v	1167.80	1561	778.40	2838	217	8
multiplier_16b_a56cb6d6a4f84c3a6aca83b0d2ec6702.v	1127.70	1594	785.10	2836	211	19
multiplier_16b_121e3d8dc8e7750f4854d0e970232bbc.v	1224.80	1566	867.40	2449	219	7
multiplier_16b_2094608ef10053a460888b8e5299a666.v	1233.70	1578	840.50	2433	212	15
multiplier_16b_661369dabf3bf87852301abdaecf474d.v	1133.10	1578	781.00	2754	211	18
multiplier_16b_a31b5974e2fc5c1655eeaf6dad5770b3.v	1132.30	1572	813.40	2447	213	12
multiplier_16b_ddad7902a6eaa2dc7ada91f4f7bf414b.v	1142.60	1578	804.10	2833	214	16
multiplier_16b_19510e2613bce7a34ba719c366f2804c.v	1170.30	1590	779.30	2765	213	11
multiplier_16b_321e27bd365ec765f05021bee9868c75.v	1189.60	1557	772.60	2817	213	8
multiplier_16b_9ac8115090c2f444ca2c9170b4090116.v	1122.30	1576	773.10	2711	208	14
multiplier_16b_b3627f3ce2eb9463ef1dd0513ed3657f.v	1100.10	1584	801.10	2593	209	20
multiplier_16b_66348804d59ba0aeedf42bf0cd94113d.v	1180.50	1565	773.30	2839	213	16
multiplier_16b_20c50eeace1e968c943cdedc9362929b.v	1214.00	1572	833.00	2386	215	11
multiplier_16b_0613660fc2985df3812bf0a9583044aa.v	1361.80	1567	887.60	2281	215	12
multiplier_16b_4af29c69846ec8fbead40920a7c516b4.v	1158.70	1582	782.30	2825	213	14
multiplier_16b_8ede3c9dc3686fe3340f09c92c2c5317.v	1178.50	1582	760.30	2814	210	15
multiplier_16b_ec0be5c71f4beaadae79c61b00cced31.v	1183.80	1595	829.50	2806	211	26
multiplier_16b_0660aacc535252c988a4f278b0baa0d8.v	1200.30	1580	787.50	2777	208	21
multiplier_16b_cce996160f62e8b3264044dbff8e23a3.v	1216.80	1572	848.10	2323	213	16
multiplier_16b_445ce5c3e3946de25d8f701e9d974a08.v	1127.10	1587	779.20	2751	206	25
multiplier_16b_411d41577513ea51ec2f67180e40a4bd.v	1291.00	1605	830.40	2648	213	25
multiplier_16b_b34d257d599080c3f3532214fd53afc7.v	1123.30	1591	808.10	2670	211	27
multiplier_16b_9a49864bf973489311e48465095d432b.v	1111.50	1582	757.10	2927	207	28
multiplier_16b_04c1b88dbf843116ec0a1709a493fbac.v	1217.70	1606	845.60	2393	211	34
multiplier_16b_61236535458733cdca1f566949ca1b66.v	1197.00	1566	824.40	2449	212	10
multiplier_16b_3d94dc98197456602e91bde6dab9ee36.v	1197.90	1635	834.00	2661	209	47
multiplier_16b_b8b273be53bb2cc940739f49053eadf6.v	1102.40	1598	776.70	2816	210	24
multiplier_16b_281a60dd38e740e0ba8f4e33c41b852c.v	1208.40	1584	864.00	2324	212	22
multiplier_16b_1c8d8d22b75bb2d7d41e3eb54608bbf6.v	1142.80	1585	800.30	2563	211	19
multiplier_16b_2abee0b554bfafce6d639e7df561616d.v	1246.60	1583	829.10	2366	210	21
multiplier_16b_71c172fa84efeb9872f90a3dd45c1558.v	1123.10	1574	765.00	2887	208	17
multiplier_16b_69601ee813f5370415a810c81f719180.v	1099.80	1578	740.60	2958	202	21
multiplier_16b_7d559e56a21904eff4010582aa8869dc.v	1194.70	1586	803.10	2582	212	17
multiplier_16b_075adda160a555b2b7f459db9139b501.v	1200.60	1574	796.60	2580	211	13
multiplier_16b_f39e92e9bef52572c99eb1e29833578e.v	1127.10	1574	790.10	2593	207	17
multiplier_16b_8e1a38b6fbf168fe2508827e088a6783.v	1057.00	1568	774.60	2855	209	17
multiplier_16b_bf236f3fcdc17899a7c07b1471a23007.v	1133.90	1590	802.50	2738	211	17
multiplier_16b_e31449bb51e856843e26e9bdde158f12.v	1234.90	1587	836.50	2424	212	17
multiplier_16b_7e4dfd257b6aee1087a1c9002a03820a.v	1125.00	1582	773.20	2896	209	22
multiplier_16b_3c46ca4e15d3f299ade47eb538e85ef5.v	1224.60	1582	834.30	2518	213	16
multiplier_16b_a3f4bde06dd6dd5b01edaae051f6f62e.v	1133.60	1581	790.60	2614	211	20
multiplier_16b_16a1a11d03c16e43179426b1b6115a56.v	1392.60	1567	873.80	2330	215	9
multiplier_16b_520e1604076c8b555b025b6b78a58935.v	1112.90	1593	770.90	2855	208	24
multiplier_16b_1642f0caf5630d0a43597a2da121e145.v	1128.40	1594	795.30	2734	212	19
multiplier_16b_d02ced544fd861f1a5f6945bf4b6a162.v	1338.20	1570	845.40	2351	212	13
multiplier_16b_f4220a4b7bf901d1b0ff099c2e8f5a8c.v	1195.70	1571	767.90	2903	212	15
multiplier_16b_eb58a8a659e679e794250d0335a4f99f.v	1244.10	1577	791.70	2576	213	18
multiplier_16b_fa39ed0c58be7c60c14a2ab257118a63.v	1108.90	1587	778.50	2934	210	18
multiplier_16b_48085d6c34d4f1468bf265baa5c40b7c.v	1145.70	1581	783.40	3036	212	15
multiplier_16b_a1c3330cb26ae13b0a970cdf5a59e812.v	1243.10	1575	820.00	2627	212	16
multiplier_16b_cf80ba4e6eab77a8c9ddfd9618507d67.v	1130.70	1576	799.80	2884	211	17
multiplier_16b_a50508c10f3afc2f8cc4dd9cc71801d3.v	1165.70	1575	815.40	2502	211	20
multiplier_16b_27e22f6b43c631562dfe13d41bf6eac0.v	1055.10	1581	786.80	2824	208	18
multiplier_16b_2feb3b277ac684cca6460d7f5060c0a5.v	1202.20	1565	795.20	2583	210	9
multiplier_16b_823ecf1bc8c1eb44517c56746f594dfc.v	1143.90	1560	812.90	2643	216	9
multiplier_16b_240aaf78eabcc9f9d11328c4d16186db.v	1176.00	1576	828.60	2404	206	22
multiplier_16b_3881f666301d6e2be89cfbd7e2a90c82.v	1203.00	1577	770.80	2936	207	22
multiplier_16b_e954b923efa88d31c1c7e9302b5a375a.v	1228.10	1585	786.40	2854	208	27
multiplier_16b_ee76479f65a9a1780721525c2ca23ca8.v	1276.70	1582	860.80	2310	209	23
multiplier_16b_c9d36d84287e129a2143c4c166a992cc.v	1203.30	1575	791.00	2789	206	24
multiplier_16b_4e7fab8f619aff28cc5549fd4320c300.v	1248.80	1597	844.00	2654	211	34
multiplier_16b_68f2a3678b0ded7d6afb716678f33806.v	1158.80	1581	806.20	2784	210	21
multiplier_16b_39d2ea34f77f9b8fc3753d0318de3440.v	1307.30	1577	836.40	2333	211	18
multiplier_16b_868396e8adc5ac5e85aca31f37fc5840.v	1106.20	1603	821.80	2428	210	25
multiplier_16b_56e6e3a72b8411af032dad38ad669e94.v	1089.00	1599	767.80	2893	206	22
multiplier_16b_8443d21a8066eb288c30620d828bc87c.v	1194.80	1593	812.40	2377	212	21
multiplier_16b_f123cc7cb966c628f2755eba97847df9.v	1159.60	1590	796.40	2617	213	15
multiplier_16b_8e3db4370fc3f49ff54d5a059e83d4f0.v	1091.50	1585	787.40	2667	211	17
multiplier_16b_b494735ababac2ed2f2b0f0c01052685.v	1153.00	1576	778.50	2902	210	20
multiplier_16b_808084c6c4cebdab4af53a65b3caebec.v	1189.90	1579	757.90	2935	212	13
multiplier_16b_0737cde33d896377e4c252f2a6a1ef71.v	1143.10	1585	775.50	2785	208	22
multiplier_16b_5d65ef65f6c7a9daf0a06aa2f552283b.v	1070.60	1604	779.00	2824	207	29
multiplier_16b_111981ce57faa788bd2c074cb07e7077.v	1174.40	1581	797.50	2792	210	18
multiplier_16b_d0e6214ef78c21f81c379bbe26b498ec.v	1114.30	1582	789.90	2858	212	19
multiplier_16b_5696c6c5db048c6ba987cd5c4d929e05.v	1078.70	1593	780.30	2940	211	19
multiplier_16b_db45699411648e2156e0931c4f9e3163.v	1218.20	1582	793.60	2899	209	20
multiplier_16b_2c24b1913ae3d49f87675a487387f920.v	1122.50	1583	825.40	2809	209	28
multiplier_16b_a6bc61d8767e479669cfec9e4d59aae6.v	1164.50	1574	839.20	2513	212	11
multiplier_16b_690dcb63309dd5fa83f7c960dd827353.v	1329.40	1587	885.90	2321	216	14
multiplier_16b_ec6c57f4d24285eb839441e16ea63c94.v	1146.50	1596	812.60	2714	210	25
multiplier_16b_69def62754a622a39fc72f3d201e88a9.v	1155.00	1580	827.90	2567	212	18
multiplier_16b_6d24c72c1c1af72e4f031fc817fc69c7.v	1133.20	1551	768.30	2652	210	9
multiplier_16b_184436c92fcaf9004def54b4b8ef1cbb.v	1121.50	1599	797.10	2730	210	22
multiplier_16b_79f3e8950b64c6b7dee8a39eca03e17b.v	1175.70	1590	782.10	2847	210	20
multiplier_16b_f629b3c680b46975c5a3b2975fce89ab.v	1118.40	1591	783.30	2833	207	20
multiplier_16b_257f1ee718412c70f00bdc12e8a737ab.v	1125.90	1569	781.90	2598	208	18
multiplier_16b_2961b92242c75bda504d9e5e86eedd12.v	1281.80	1612	859.00	2345	211	30
multiplier_16b_c3fb2a5fdde3fa8362ba175dd3d41996.v	1199.40	1595	803.70	2820	211	19
multiplier_16b_74668f20f46a45ceb82f8d225bd4e61d.v	1093.00	1576	738.10	2719	204	23
multiplier_16b_cda853b31e8b6a258db79c9b587ae7f9.v	1115.80	1567	749.10	2949	212	14
multiplier_16b_659bdb0ced0d67b5e115d3ed8e38151a.v	1095.40	1585	811.80	2632	210	22
multiplier_16b_6f56abe08da8a7ec400ddacc9f01e967.v	1132.30	1576	767.70	2924	211	15
multiplier_16b_71961509badc7c7e867ce10978ed5189.v	1228.10	1590	100000.00	100000	210	28
multiplier_16b_2867fcb7abce91656143eadb45b15949.v	1141.80	1569	794.60	2764	211	21
multiplier_16b_8688a03dbabb0ba5a4c5bb2f05ffe8b1.v	1289.70	1569	880.10	2278	216	11
multiplier_16b_796ca9bc3922c408b74824d1e0670932.v	1179.40	1584	794.00	2753	213	21
multiplier_16b_8e621e5b185aa173169bb35fd7a3dcdc.v	1153.90	1592	790.60	2458	212	17
multiplier_16b_96ea3b3e3f35c435663efd954d6bb55a.v	1049.40	1584	756.30	2679	209	20
multiplier_16b_2a593bdc4e8aab76f00816492bd7ea87.v	1080.20	1597	802.50	2769	214	21
multiplier_16b_7df99bff0bc36ec85fa9ad2a8a5f5434.v	1158.40	1602	806.80	2450	213	22
multiplier_16b_2df214518d7e27155dd5ac45c663e4f6.v	1101.20	1589	794.50	2740	210	20
multiplier_16b_ed087a10dfecced73a7a65fd4caa4dca.v	1118.70	1582	761.90	2831	214	18
multiplier_16b_da8baa00fb8dbe851328f068e7d3aa84.v	1108.80	1587	754.40	3011	208	24
multiplier_16b_339f85032284f0f8106472957304f85e.v	1120.20	1585	818.80	2687	214	18
multiplier_16b_866d005baf318a0e82ec036aeeeb5296.v	1094.80	1582	779.70	2858	212	15
multiplier_16b_1fb592ea464e35878a2648d97139ae7b.v	1121.00	1606	785.20	2792	214	24
multiplier_16b_b1a44333179e9f8563f913719ec085c0.v	1128.50	1617	807.90	2582	210	29
multiplier_16b_2df3452144a76c442d47fbe651833e48.v	1190.30	1605	819.50	2598	212	24
multiplier_16b_a293cba554c79bd88a9650f70e6f20d1.v	1208.20	1590	823.70	2506	213	18
multiplier_16b_ba7168d508db9a823f321b13b889b0d3.v	1102.80	1581	781.90	2701	215	11
multiplier_16b_a6002e8a365d034c258e8dc6b6362cbe.v	1082.10	1590	786.20	2886	208	25
multiplier_16b_f49cd42a0fb6000986e5b1586319190c.v	1200.70	1598	838.60	2541	215	23
multiplier_16b_97160057ecd9e20255f094196406b5c4.v	1098.80	1586	770.90	2897	211	19
multiplier_16b_b042eca15610010a826eecc7661168cf.v	1146.10	1575	807.70	2409	212	13
multiplier_16b_fc2ed802f15b3c05e0f7e80c8303393e.v	1182.80	1582	804.00	2575	213	17
multiplier_16b_918e6d1ee9b77e931cd86ebd136affe0.v	1108.10	1605	806.00	2762	214	25
multiplier_16b_b98d9ff138c2a98081df1f6fc0147fa5.v	1156.00	1579	778.10	2755	214	16
multiplier_16b_b2910e69636c400563995e44f0993430.v	1098.40	1593	780.90	2683	212	18
multiplier_16b_dcc7b09b900ed00bff329b5df63743a5.v	1175.20	1583	791.20	2728	214	14
multiplier_16b_732fe9e00c3a30ab577274b1482224f0.v	1053.10	1566	773.50	2694	212	11
multiplier_16b_1fb2246ec933bfdf4d71b61f09b12eca.v	1108.60	1582	805.50	2349	215	13
multiplier_16b_b4cb925e48f43998bbe2ffc171cb9c53.v	1114.30	1585	802.10	2617	215	18
multiplier_16b_673548b73b37eab5d030241e0975016e.v	1082.30	1578	764.90	2661	213	17
multiplier_16b_9fc71bc4fc6b0effe1c4c4b64d38faf8.v	1061.40	1574	737.90	2897	212	10
multiplier_16b_ce9343f24bf34ed297f23f74a98e5f95.v	1148.00	1583	794.20	2482	214	13
multiplier_16b_ddd6acf4ccb32ed68da32a19c3e550c9.v	1117.20	1569	772.50	2643	214	11
multiplier_16b_27d09213c066e642a3277294dec75f8a.v	1081.10	1585	792.10	2709	215	11
multiplier_16b_c6eaf068a2342298aaf09b7f0a540a36.v	1092.50	1592	799.40	2726	212	20
multiplier_16b_a6aa127f78c2709911136f2a9bc8ac2c.v	1077.70	1575	787.10	2760	212	15
multiplier_16b_5c981411d304bb172be31be0cf09a718.v	1108.90	1558	792.10	2774	218	6
multiplier_16b_76f8c5a9c30b148dbb9b8c27c5f3543c.v	1105.60	1561	747.20	3001	211	9
multiplier_16b_311b3b9f1de103a92d966355be7a22f3.v	1089.60	1590	795.80	2725	213	21
multiplier_16b_d59d6d728576a5f5bc886f307e09fa89.v	1066.90	1567	738.40	2956	213	9
multiplier_16b_5a901a50baa8d9dc38802e47ee890943.v	1143.50	1554	888.00	2329	219	4
multiplier_16b_2eddd772877d8c7ae8e6a2a4d31cc782.v	1105.00	1574	766.40	2874	215	10
multiplier_16b_dfcc194e8a4a2a4d6c8f1fed5174accf.v	1133.50	1567	830.20	2449	213	10
multiplier_16b_063d28d96e9d6ca7f6bbb345ed21165b.v	1126.10	1578	764.20	2842	210	16
multiplier_16b_9747822d6711803f5f05483d7c39ed66.v	1140.50	1586	789.60	2613	215	15
multiplier_16b_2df74ca7d05dad1a72e97525b7ae9174.v	1179.70	1561	808.40	2635	216	11
multiplier_16b_8a0dcdcedd42e083a29cbf34a6a3e5fa.v	1182.40	1598	827.10	2508	212	22
multiplier_16b_172308dbee034030e66208d1afb4bc3d.v	1086.90	1577	774.20	2670	213	11
multiplier_16b_bf3945c1e2f753676467cde8afaf56ae.v	1151.60	1574	797.90	2685	214	15
multiplier_16b_428bc87b69e4b35785fbcbca55c9509f.v	1074.30	1565	752.70	3031	216	8
multiplier_16b_e874815848166f931443c64c28668427.v	1090.00	1566	783.40	2664	213	11
multiplier_16b_755f094c325f22fa2bc3892b210b2a8c.v	1096.40	1581	800.10	2495	209	19
multiplier_16b_988758b08469a6fc60dcd16100db9b58.v	1177.60	1581	827.00	2291	216	12
multiplier_16b_ca68dfeeb1853cc39a7295a7d3f8fa9d.v	1278.30	1572	810.80	2707	217	9
multiplier_16b_58c3b23118cd0f683c01e1736817ddec.v	1179.00	1583	830.10	2539	215	11
multiplier_16b_b80aec24c71cf0303f6b3059b7092ac2.v	1121.60	1562	803.70	2703	216	11
multiplier_16b_1154d383ad78d3265051cdc8fd24acbb.v	1063.90	1556	751.30	2785	209	7
multiplier_16b_ff30dc35f6a89b479b7e4f4d7083389b.v	1141.40	1587	802.70	2649	214	13
multiplier_16b_af5772824e61898d59994aa6bf3aaa04.v	1185.30	1557	814.50	2615	220	4
multiplier_16b_11130c8e0edd46291250cb77692a9876.v	1230.60	1574	824.80	2717	217	11
multiplier_16b_0fa4457f38f4c7bc334a4622ec146440.v	1164.40	1584	831.00	2670	218	14
multiplier_16b_485214772804717d996cb00d59760a8e.v	1119.90	1583	781.10	2857	210	16
multiplier_16b_466ce010bc0e33207e313a2f84ed5c4a.v	1147.40	1565	789.40	2401	211	14
multiplier_16b_53ccb8c51c8b60b6c962b60d8b2caf8a.v	1141.70	1579	794.70	2481	212	18
multiplier_16b_92b0abd15614055a4547bc13af6bfda8.v	1125.80	1579	799.30	2704	214	15
multiplier_16b_724a829fdaf88234840b61cbe66662f9.v	1169.00	1567	744.20	3028	211	11
multiplier_16b_02be2e31606f90b180e4084722856570.v	1088.50	1578	752.40	3039	211	15
multiplier_16b_18b3e08e3a47840279efa7fb7776fb21.v	1117.00	1579	798.20	2969	215	16
multiplier_16b_9b5852151c171d21c5cc95d08901f667.v	1071.30	1589	771.30	2787	210	19
multiplier_16b_e2b0a6e98f82be92ac44a1410f8ec091.v	1138.60	1573	775.20	2828	211	13
multiplier_16b_115a514a27a841a2676de5f0f540f4a6.v	1168.40	1589	765.40	2860	206	29
multiplier_16b_1f1594562b0cbcc2ba7a0a8377a51441.v	1075.20	1566	783.30	2683	212	13
multiplier_16b_395493c43a3b73290a37b55f3f412741.v	1063.40	1583	759.60	2883	208	21
multiplier_16b_1ee0a0b45ac394a3471e7704c442a881.v	1273.20	1586	842.40	2534	212	15
multiplier_16b_920d830627d9d34cafdfa4488f96d33f.v	1174.40	1585	779.40	2746	211	23
multiplier_16b_4385cc4a8ae412c81c5af60dcc08fc23.v	1059.20	1588	771.00	2908	209	22
multiplier_16b_d3300fb22ad2e027d1c54f53ec535166.v	1085.40	1573	802.70	2744	206	23
multiplier_16b_3d64f576912adc2043f11ff5d4625d3c.v	1383.30	1565	891.20	2314	218	8
multiplier_16b_e0cdf9e49efc534c7f19c44cb17eb9f6.v	1142.60	1585	786.70	2761	211	20
multiplier_16b_29ee65465f6a9bb7b34d3f87ee50cc67.v	1277.80	1578	820.20	2493	212	15
multiplier_16b_0a9d91e18e23abbdc714c1f0af4c41bd.v	1112.40	1590	801.50	2892	207	24
multiplier_16b_feb95c122694782dfb981b1b7b38f185.v	1188.30	1605	797.10	2814	209	28
multiplier_16b_75adab360b7e714fb39b00aff047fd62.v	1236.20	1575	782.00	2662	211	14
multiplier_16b_ca5dcc0053db934ed5044833fe52e07e.v	1158.40	1582	830.30	2554	211	16
multiplier_16b_12a49d673a9e6f6e8fcdf620ba40da64.v	1071.90	1568	766.10	2817	208	18
multiplier_16b_dea46c2b57c82dcd35028262783c84bc.v	1064.30	1583	808.70	2468	212	14
multiplier_16b_acd22b384704ee5476d2dcdaa44f2ec1.v	1196.00	1594	807.30	2442	212	19
multiplier_16b_48b52ea33af784ad13f3b256a5ef09cf.v	1077.80	1590	758.30	2819	209	26
multiplier_16b_c84bc4ee7046e4be2ed1bcce346b2cfd.v	1096.70	1570	774.00	2844	209	17
multiplier_16b_990cd88cb232b04d860bcadc38f2288e.v	1270.00	1609	818.70	2724	202	37
multiplier_16b_f78dc140d31523eefa85019c502a9584.v	1130.90	1614	822.60	2828	212	37
multiplier_16b_3eccc8d8002e67887baabb12dd77acc2.v	1186.70	1622	788.70	2940	208	38
multiplier_16b_2a8ebf2608cd824e480da682c473f5c6.v	1123.10	1608	785.70	2914	205	34
multiplier_16b_c873551dbb8de4752ef6c047f4443ecf.v	1299.00	1604	932.60	2432	213	27
multiplier_16b_a29a88774910ef5bfffc20fbc7f0e4c9.v	1141.30	1608	805.00	2688	204	34
multiplier_16b_bb8cd71cd91a4a4203b6735fdfb8a7c3.v	1106.50	1582	809.90	2528	209	22
multiplier_16b_83556943603f7a972aea6371b1d256eb.v	1104.30	1557	821.60	2349	211	8
multiplier_16b_26768f367ced0918f4dee0125763ed56.v	1153.70	1572	801.10	2686	213	15
multiplier_16b_c5f4eefc871ab6456254e41b9bb06da6.v	1170.50	1566	792.50	2914	215	9
multiplier_16b_d0e35ce075f659c28f88444974ca1fcc.v	1436.60	1553	903.00	2320	219	8
multiplier_16b_5d5062718c66acce9248b56d6bb1378b.v	1102.50	1555	749.20	2840	212	6
multiplier_16b_5edcc540e878ff73fe8b8316265ec547.v	1163.50	1579	794.30	2566	211	16
multiplier_16b_3949efc90f802d56a9eddb43efbaa9ad.v	1228.50	1572	797.70	2453	211	13
multiplier_16b_e2615fe10a1f8129815fa192628d99a1.v	1119.60	1570	802.90	2555	212	13
multiplier_16b_1d601ae5da157629544540e6fe462b9f.v	1128.90	1566	761.30	2924	212	8
multiplier_16b_55e8159aad2a9386ddeb5898d1be6c50.v	1135.90	1572	760.50	2949	211	18
multiplier_16b_e3e09290f745ea9b7b9a880817e63636.v	1156.10	1588	773.40	2825	213	18
multiplier_16b_ecfe72383a7b1e48c5142ff6e5c90206.v	1197.60	1568	830.80	2652	214	11
multiplier_16b_956ee46750b653cd37b1c0a59f5f0ecb.v	1127.10	1566	799.50	2720	212	12
multiplier_16b_0ee33eb06c91d7cd21cdb066a6901a0b.v	1241.00	1569	832.70	2376	211	18
multiplier_16b_06c2bdc00a0f57c2d9503f19f5a60fe4.v	1067.90	1583	781.00	2852	208	21
multiplier_16b_3caa4eb07ae1ab454bc9cbef63ac67c0.v	1035.20	1566	744.50	3007	206	17
multiplier_16b_6e359478ce19a206f34c84172c151743.v	1111.70	1577	787.70	2843	209	17
multiplier_16b_f8af7d4599420fc375bdd6da5575cbd1.v	1077.00	1595	776.00	2837	207	22
multiplier_16b_dc2d455c80df410d2ae2e456cf0bb5fd.v	1076.10	1581	806.00	2890	208	27
multiplier_16b_622680783be99ec0441281c78417bbfe.v	1255.20	1571	842.90	2421	214	15
multiplier_16b_3510e89059bf4f172f7f0141baf829bf.v	1137.90	1581	790.40	2758	209	17
multiplier_16b_e761b931d97d21d0455bb8ff0305cf82.v	1072.10	1575	769.00	3007	210	22
multiplier_16b_f5455b849452a29ea8d03877bc6606d4.v	1091.20	1582	790.60	2757	214	14
multiplier_16b_2d12a92755fff34a2b84c724b9a57e2d.v	1138.60	1597	774.70	2897	212	23
multiplier_16b_400579c4dbad867dd20788a8dca6246c.v	1139.40	1570	773.50	2805	212	14
multiplier_16b_b2b020e290c47ade2c61bffe92daec79.v	1192.90	1570	776.30	2879	209	18
multiplier_16b_d709781111c368f1d20822bc9da8d9bd.v	1226.80	1566	837.10	2417	216	11
multiplier_16b_70358290846a1cd3a5dc5e183eb8d6a9.v	1167.40	1589	781.70	3139	212	25
multiplier_16b_182627c216502a767e9a54bc22305e55.v	1115.10	1589	791.50	2718	206	34
multiplier_16b_3fa86e84bb462b501df1f7f89944d25e.v	1274.60	1574	832.70	2307	211	15
multiplier_16b_174a975d5130524f6489a2fd1bc0a5f7.v	1148.80	1587	796.40	2552	209	24
multiplier_16b_eab7f7416ed36d203ec6ad48967aeb34.v	1123.50	1577	842.30	2488	212	17
multiplier_16b_6d056677897238cc601e91d5de720f1f.v	1190.30	1593	772.40	3068	210	25
multiplier_16b_d3ea894e61e1a83527ea0926e937be46.v	1163.70	1585	765.60	2903	206	23
multiplier_16b_212a995c013669cba8e929be92e58666.v	1171.10	1591	816.00	2574	213	22
multiplier_16b_11365384ab75060acc5dd9077004f5a6.v	1171.10	1583	775.80	2870	210	17
multiplier_16b_477a076358d779f7e6a82cda8f71eeb2.v	1172.30	1586	775.90	2738	213	19
multiplier_16b_02b6e09c12ba8a2896338d388b647f6d.v	1180.80	1606	805.40	2883	205	34
multiplier_16b_67d1a803120ba82347818d3fbef4263f.v	1078.90	1563	791.40	2837	215	12
multiplier_16b_45a0d746400a10f2124449ef4603e527.v	1064.40	1599	761.60	2835	206	24
multiplier_16b_5e3898441b38de6ccbbd60d02f8e7cd5.v	1127.90	1573	779.90	2580	203	26
multiplier_16b_bdab1bd2d637b464285fd2fd8271b464.v	1165.60	1569	808.70	2713	210	22
multiplier_16b_2a0d8473d321e3c83d22a7d686f4076f.v	1044.40	1583	760.80	2879	202	21
multiplier_16b_edcd4d966977acc496658ac7e26a54b9.v	1117.80	1608	771.20	2977	204	36
multiplier_16b_5f90d64718de0564d8b6ca2ac5d6776f.v	1091.20	1591	788.60	2896	207	24
multiplier_16b_53dfbef67072f12fc4d59d82d321546b.v	1179.90	1578	784.40	2962	208	26
multiplier_16b_0f38153b8432845707b2ec1e9da12464.v	1199.90	1575	890.70	2329	216	12
multiplier_16b_ad3fc9b501f08269842dba5342dc9932.v	1278.10	1582	825.90	2720	211	21
multiplier_16b_2d48913df6109aa93af9f87fac2f8808.v	1182.70	1567	825.90	2561	214	11
multiplier_16b_692dcb8a794c201c5a2aac71341e3602.v	1124.50	1574	790.50	2808	212	12
multiplier_16b_df86fce3f9f7115f286a4ce0af56ce64.v	1093.40	1600	804.40	2808	211	25
multiplier_16b_69e3f4da831fabc8ae38963da1b90900.v	1247.10	1586	779.10	2977	213	18
multiplier_16b_8d6a46b406de5eab53c4d54a14361c61.v	1192.00	1585	802.90	2479	208	19
multiplier_16b_15e349dd8915dc179ce32739d57e1a07.v	1137.10	1588	821.30	2682	209	23
multiplier_16b_3fa52eb3969f02b3d56fcf98f917d546.v	1072.90	1575	788.30	2789	209	19
multiplier_16b_2860e2058773f6089954a9cbf4f0e8f8.v	1109.90	1553	788.40	2665	204	17
multiplier_16b_d1e836493206613f608fcb73e4097383.v	1123.70	1564	766.70	2867	213	14
multiplier_16b_6e3b26314ec2fa718c4d267f7f367ef2.v	1138.10	1581	794.10	2891	212	13
multiplier_16b_acb5252a16b170ec51ca7feb319331ca.v	1339.90	1581	874.70	2336	213	20
multiplier_16b_92c29317502ac7bb2f7afc6857c8836e.v	1075.20	1590	755.20	2973	208	21
multiplier_16b_db5f927ab527934cde306d6cd8a8748e.v	1258.40	1568	807.80	2743	213	12
multiplier_16b_7fa7983ec001343a1a55e2d469647d48.v	1269.60	1595	864.40	2458	216	17
multiplier_16b_1e8aab1ec80fb627017725546620bbac.v	1244.50	1598	869.10	2602	214	21
multiplier_16b_fcdfe16284fb6e761ad714005b74dae2.v	1191.10	1570	810.40	2463	211	11
multiplier_16b_6d09f39e8b1b777bddfdba41593c531c.v	1067.30	1558	758.20	2905	214	11
multiplier_16b_0b5b57e2b2948f75257e7ee946da4d9b.v	1078.20	1577	777.70	3022	214	14
multiplier_16b_0a4d0581d6b9e10eef801e7fd092d807.v	1189.40	1556	804.80	2682	216	7
multiplier_16b_4b3ad8c4966fcdaafe632270cac3fba6.v	1141.50	1579	788.70	2819	211	18
multiplier_16b_f33c65202d4ff5c628ed7352a7d3192e.v	1316.30	1569	853.20	2310	211	19
multiplier_16b_05cd6a074a7f055891e6ebfc8e169b6c.v	1086.90	1570	813.20	2544	213	14
multiplier_16b_eaec33159023bb214a59bd063ef79e2e.v	1155.40	1579	783.90	3016	209	24
multiplier_16b_28f89aa07cef67dbe3ae1de7d831c325.v	1125.50	1570	787.20	2687	207	24
multiplier_16b_1666c7ea6d4b2e430605f0801a56c684.v	1258.20	1572	843.20	2867	214	17
multiplier_16b_81490aedca8f231aec9e6bab6df051df.v	1180.50	1579	795.30	2774	214	14
multiplier_16b_8d54004b3f4ff0f9b3726ae632eea33b.v	1237.10	1571	828.50	2485	218	10
multiplier_16b_b1a4ac37358a2d7654af02d624f633f5.v	1072.80	1558	749.70	2838	209	10
multiplier_16b_e0a90b30a694a109d0118a1e9c071df4.v	1137.70	1580	819.50	2583	216	9
multiplier_16b_cf474a65bd5d42c125edbb05343bcabd.v	1157.30	1566	851.60	2413	216	9
multiplier_16b_5bc9dfbe7f5d264f59fa9dfa327a4c2f.v	1128.60	1560	764.60	2853	213	8
multiplier_16b_588513294088ad4eb898b5cff2ec5084.v	1147.20	1571	782.30	2705	216	12
multiplier_16b_92dc0731c9351a07d0273b0a25aa25dc.v	1229.20	1555	809.20	2516	217	6
multiplier_16b_c0a0e4863e2a6351809b24c37d9be9a4.v	1107.50	1568	802.50	2665	212	16
multiplier_16b_57ef952e7f8ba2f892cc2a0d9673d70a.v	1113.10	1574	785.00	2823	213	10
multiplier_16b_68afd6e2580368f0ba52aaefd6114324.v	1093.50	1576	783.50	2876	212	13
multiplier_16b_924985fcb630302a6da4a92625ac6bcb.v	1079.40	1570	806.00	2587	214	13
multiplier_16b_50382fa4c19a36d22bd6cd959ccbdfd6.v	1168.10	1574	814.60	2663	215	15
multiplier_16b_09ae010d3b5592c3845f355f51332766.v	1112.30	1575	765.80	2675	209	16
multiplier_16b_2ffd932e2077b99f3a084f389312dcab.v	1177.90	1571	804.40	2711	216	11
multiplier_16b_09cea7a481667ebd5e5602f449e8ec7e.v	1125.20	1591	796.80	2561	213	17
multiplier_16b_cc8ff244ec8ce0c1de5558e0eaa9c3b8.v	1064.80	1582	757.20	2894	212	15
multiplier_16b_b12d6b25086b03b6d97441db275ea907.v	1206.90	1569	834.20	2358	217	9
multiplier_16b_8b9e51e890e57ce0de7764dd6b31bf5b.v	1212.90	1581	806.60	2758	212	12
multiplier_16b_9c8694ab6b581815ea125011f19a89ac.v	1134.70	1589	841.10	2711	214	19
multiplier_16b_83cbf97b41d5b54a2918817106ed0d89.v	1183.10	1570	825.90	2356	212	13
multiplier_16b_8cb1f0000316d2044c316244e19cf68d.v	1121.60	1585	784.40	2948	213	16
multiplier_16b_cd526f467afa2ceb12fa62f238cab1c3.v	1097.40	1599	765.60	3000	213	25
multiplier_16b_f5cf6bbb7b73403d0995ca177c388494.v	1151.80	1584	787.70	2537	209	19
multiplier_16b_bb10f6535b1ab5c9855fff47f6d43db8.v	1264.80	1582	839.40	2359	212	19
multiplier_16b_f7e0ffec119cc8f1432c1cb1c8151f23.v	1137.10	1581	823.20	2514	218	18
multiplier_16b_788709001ca5de34744a0ac61367213f.v	1178.30	1566	805.80	2493	211	14
multiplier_16b_0439808cd19b164c21f735a3d35b22cc.v	1133.50	1587	776.80	2865	209	16
multiplier_16b_3fef0378c918d19560cb5e51f4624031.v	1174.40	1565	827.50	2579	211	18
multiplier_16b_f31e81f06dcddad2f519fdabe6e7e136.v	1139.40	1585	828.40	2946	211	15
multiplier_16b_89f311504df2735f872310d2818a88ec.v	1107.10	1566	758.30	2948	208	19
multiplier_16b_6a37e10cf283f90e6e43b28cf3ce09f8.v	1127.70	1586	794.10	2744	212	17
multiplier_16b_e870a13db9fbe709e3b26a83e3ba5956.v	1121.90	1577	783.70	2853	212	20
multiplier_16b_b00a5fc328b33dfa20dbf2bffb7fb2be.v	1184.40	1574	784.70	2798	212	21
multiplier_16b_22556e9fe9310e5c24cafbc37cab3d21.v	1133.50	1583	779.90	2921	208	26
multiplier_16b_dc602d4cbbd24a8d8d3d8ed1b8a2e10d.v	1069.90	1561	754.50	2719	206	16
multiplier_16b_15b3d1efdb7f3fa549fee4bf99a9cf08.v	1225.10	1562	841.40	2364	217	7
multiplier_16b_f99b6e9e1633328843539e14f6921d76.v	1039.10	1572	742.30	2952	207	17
multiplier_16b_c9d6b5f5e5ebdeb16e0b211404d067e9.v	1338.90	1573	837.30	2337	212	16
multiplier_16b_447f67286cfdd96e6954183c7bc7e0f4.v	1174.00	1572	800.30	2659	211	16
multiplier_16b_242bfc18841ceb092dda941957c0c2af.v	1100.80	1568	795.20	2717	211	13
multiplier_16b_bc9aecbdb2c68aa1a0cd8592561c2dfa.v	1236.10	1564	877.70	2530	220	9
multiplier_16b_b0653f352a52b2fa6127c079d082893b.v	1192.70	1586	817.70	2471	214	17
multiplier_16b_7ace1cf9f67fdccfd219fb215638e201.v	1077.70	1609	812.50	2584	209	28
multiplier_16b_8192a3b63049d574e98ab04b947a3f87.v	1115.60	1559	820.60	2532	216	7
multiplier_16b_99aae697ebe0585478b10b55f81e6d75.v	1127.80	1562	827.60	2497	214	9
multiplier_16b_ee639b0e173abffa2c6a77928f22fab2.v	1084.60	1569	759.20	2757	212	12
multiplier_16b_34716543e9bc8675ebdf5f219691b659.v	1155.70	1569	797.50	2442	214	11
multiplier_16b_a4141725879e88a66bc0d87fa0e883fa.v	1236.50	1581	843.00	2486	212	16
multiplier_16b_b134ebad91b0ea3b5632211662a6b181.v	1153.00	1599	816.40	2840	207	36
multiplier_16b_bd030baf025e5b343ba22fbba7c20644.v	1167.70	1600	832.50	2624	209	33
multiplier_16b_0afda43de88a29b8937e0acf1fa144f4.v	1121.70	1574	813.00	2512	209	18
multiplier_16b_c5fcd10a0a9e5471abe5e9659fef6ce6.v	1141.40	1587	784.70	2858	209	26
multiplier_16b_41c6b89034384f614685b3e7817f03c6.v	1191.30	1597	799.50	2633	205	32
multiplier_16b_2691b6da476f52cb0a891c91b10deefa.v	1161.80	1589	786.30	2738	213	22
multiplier_16b_037fb7d061cc9411d138fcaeb5770152.v	1153.50	1576	830.00	2425	211	16
multiplier_16b_6a9b6650b2c73899120dff6343547950.v	1156.10	1589	806.70	2544	209	21
multiplier_16b_7534a4ece085738653aa3a2bd7318418.v	1093.80	1583	794.10	2868	210	19
multiplier_16b_66e4aed5639358cb8f2400b86fd5a946.v	1042.50	1564	766.00	2838	208	16
multiplier_16b_4e81aadc55d6f096d824e0287e0ca7a3.v	1172.10	1579	789.60	2740	210	19
multiplier_16b_16e786f9c1e4ee00f8831917e78d22ce.v	1123.80	1573	779.70	2847	209	14
multiplier_16b_65ef171904eb667538aba35b1bcfa7c8.v	1502.00	1576	887.70	2236	213	15
multiplier_16b_47fe6b8785cc83d57c2af6fd160dfd33.v	1180.00	1562	903.50	2302	217	10
multiplier_16b_56c2d75a1bf21cabb79a418000e618da.v	1179.40	1583	781.10	2608	209	19
multiplier_16b_c3370b40d93c5940ef1eb8d72394d00a.v	1109.70	1561	780.40	2676	216	10
multiplier_16b_d3c95da4b0e2675231416801a2c8db4c.v	1402.00	1564	897.30	2327	217	7
multiplier_16b_ae826d6be093b8366713df83870e0bbb.v	1228.10	1585	824.80	2453	215	16
multiplier_16b_2eaadf1b3930d8efe3dd5cc4eb8bcfd8.v	1085.20	1565	780.50	2647	211	16
multiplier_16b_da752d5d06f40d90ebee74977b9bd01b.v	1121.70	1569	769.20	2834	209	18
multiplier_16b_ea2f9b1636a05fc6c8cee9ce8c77bc86.v	1129.10	1594	795.40	2620	208	23
multiplier_16b_684ba03d0ad4ba0672ec2dfa251152a6.v	1096.60	1569	840.30	2360	209	20
multiplier_16b_cdc419de9cf052f0be50dab0aca6bb24.v	1219.30	1573	902.30	2395	219	15
multiplier_16b_de25f63670caba011dfc0870c0a502a7.v	1329.00	1573	849.60	2407	210	20
multiplier_16b_d6c93944d57770fe0064fb46959ff4da.v	1088.90	1573	770.90	2865	209	17
multiplier_16b_32b47e2049c0586bd1e5df05072730db.v	1095.10	1610	798.80	2821	215	28
multiplier_16b_b0adf8949aaef7c554776060712d0df9.v	1198.80	1559	836.70	2371	215	10
multiplier_16b_95744b0c06788573464adbb7e3b7d24c.v	1125.80	1574	757.40	2808	211	13
multiplier_16b_adce17fe53eeba4efbea9cbc97b5327d.v	1335.00	1578	861.60	2493	216	16
multiplier_16b_59287575ce4344b5c7489c9be04df19c.v	1114.50	1581	807.00	2779	213	19
multiplier_16b_77c64dbd637917c95a5a0238a13532e1.v	1295.50	1570	863.90	2262	214	14
multiplier_16b_048839d9dafea17afdd53a413c30a357.v	1135.40	1578	773.10	2856	212	16
multiplier_16b_6950c192994ccd97d4eeaf91f14a0c80.v	1308.10	1579	848.00	2462	210	20
multiplier_16b_b26dd71ab364c3a9d1c212198e9002d1.v	1174.80	1613	797.30	2800	210	32
multiplier_16b_0c923640ae87cc69e3d593abaa59857e.v	1120.60	1580	788.50	3069	211	16
multiplier_16b_15c225ba454966710b294eb7dbe11f90.v	1109.20	1579	773.30	2834	211	18
multiplier_16b_bcdcc0f3b425cf8a1fb919db5df6564a.v	1151.70	1612	821.30	2592	208	36
multiplier_16b_247ab7173e1b869967f7d2f0ca675cc4.v	1124.60	1586	780.50	2993	205	28
multiplier_16b_deda59cbe128b24b1a7790d2710febf8.v	1194.10	1583	817.10	2903	215	16
multiplier_16b_346e9bb248595e7e471420f83b28d337.v	1036.50	1579	750.30	2861	211	18
multiplier_16b_bcfcceebf287ff23158f247245aaab4d.v	1116.40	1571	786.90	2624	212	13
multiplier_16b_191978cd8d20f3f26ff2b8161997cf74.v	1190.20	1582	786.50	2832	212	17
multiplier_16b_29ca565629a5aa7b336fc897514c3c29.v	1092.70	1594	787.40	2717	210	22
multiplier_16b_9094c130ed615e865a7afdd0f94bb74b.v	1060.80	1583	773.70	2908	215	15
multiplier_16b_4610a45ecac5571c00414afc5f5df43b.v	1111.30	1575	764.00	2854	211	16
multiplier_16b_61285b11ff96afc21bcf2cb6dd5185b4.v	1273.00	1577	834.60	2508	214	17
multiplier_16b_2234b42ff5b7364e9c0935202850c85c.v	1135.70	1574	793.60	2843	212	15
multiplier_16b_4804140f9b9a8eeb58cfb1eb48395720.v	1072.10	1585	752.00	3019	209	19
multiplier_16b_bcec958464e709cede10f4345a50338d.v	1079.10	1580	785.40	2808	212	17
multiplier_16b_baf63f45d868a5070378f5117df35a89.v	1249.50	1567	823.50	2366	213	13
multiplier_16b_821419a0fb0cd0bc6dceedbccaee720d.v	1132.90	1575	766.10	2768	211	13
multiplier_16b_b090cbc6471369a2812039f4dafce13b.v	1151.10	1562	813.20	2538	214	13
multiplier_16b_2a8f567c605c26b103234ce493984f89.v	1182.40	1589	781.20	2963	205	32
multiplier_16b_366c885443f9d19f44d3504d295104ab.v	1180.90	1579	783.90	2695	210	15
multiplier_16b_d798a066b0107865e3629ce4fac8074a.v	1165.90	1612	791.40	2691	206	40
multiplier_16b_58f31c4e937fa7ed15024c9e5b8b5b36.v	1141.80	1606	767.70	2946	205	31
multiplier_16b_2ace5819166182b901151e63d70eadfc.v	1067.10	1594	789.10	2731	209	22
multiplier_16b_1b091f584d9f1e60fafbcfc7e47cdaac.v	1104.10	1577	776.80	2888	204	24
multiplier_16b_3236734e7bc5c859da94266fe212ea87.v	1148.10	1624	766.70	2745	204	31
multiplier_16b_b93bcc2e4e9d0df436be5991c1b744df.v	1202.90	1607	798.00	2687	210	28
multiplier_16b_c95909ed821d91ed6e4738662322d28f.v	1101.70	1600	805.10	2706	211	24
multiplier_16b_f72e063d7d006a2327794e95dbbf85d4.v	1182.40	1577	856.10	2364	209	20
multiplier_16b_95e4a70999bd34ff2ca2f02772ed98d8.v	1394.50	1578	858.40	2377	212	19
multiplier_16b_9f35d736dadb0857d43eaa26ee2f83d0.v	1214.10	1581	814.40	2615	212	26
multiplier_16b_a09ccb504b78762dd1710dc5cf5b6d86.v	1114.30	1605	786.10	2918	202	37
multiplier_16b_c67d8b7d6deb8ea3c42a42a57c476143.v	1124.20	1588	793.90	2887	211	22
multiplier_16b_25a5e9da8cfc7b50c1efc06cd6c19d19.v	1226.30	1568	801.70	2514	215	9
multiplier_16b_6f4ac7baf4e35ee51720d81e6c8dfbfd.v	1143.20	1566	766.00	2665	212	11
multiplier_16b_6e956e9f0564c55fbb63a83a7dba1a02.v	1129.10	1582	773.60	2730	212	14
multiplier_16b_7b831a59954c775dabbe4dbd4c0463b8.v	1188.40	1571	809.30	2616	215	9
multiplier_16b_7fe1e860efab62137d4a7e5d28ab4d37.v	1137.10	1575	861.50	2381	215	10
multiplier_16b_b7c4a25c54dcde5be1bb43f39853d36c.v	1116.60	1568	765.00	2699	212	11
multiplier_16b_41130109ff73120eba6457e8caa02df1.v	1096.90	1575	768.10	2646	213	14
multiplier_16b_981c7603ea007349ad143eea2a54dbf2.v	1169.90	1589	769.70	2925	208	26
multiplier_16b_7646f41f54784d7ccab4303e5b5e054f.v	1148.20	1586	764.20	2894	199	34
multiplier_16b_c5fd6558b46af7f94497dcd4598ea0bf.v	1203.50	1575	812.10	2490	214	16
multiplier_16b_2083b0e92c869c9be97746218ea242f9.v	1085.40	1569	755.50	2768	208	17
multiplier_16b_98efbbcc0b35ae1dcfa19c979ffb6d17.v	1117.90	1581	763.80	2872	213	18
multiplier_16b_fd85fa66dcd95b2d33bf961360adb924.v	1122.90	1580	755.90	2878	207	24
multiplier_16b_de624f9f88ffc1f6b0c27e98316e5d90.v	1156.70	1576	843.10	2434	211	13
multiplier_16b_56349adf9b7114b561752802a60dee22.v	1124.20	1595	803.20	2746	214	23
multiplier_16b_98b6b1635b4a0e8f0eacb63007390313.v	1107.90	1595	796.90	2710	210	21
multiplier_16b_f33713ba5c39ac6d55b0e4b8ce0179e9.v	1142.30	1571	799.60	2530	210	14
multiplier_16b_aa97f3d369ad89f9f33fa95becb52d86.v	1108.50	1567	764.50	2740	212	12
multiplier_16b_32d5060235b39d72f87d6075ef53188a.v	1258.80	1560	797.60	2874	211	15
multiplier_16b_67ea6af272567b04138da0258cc36455.v	1147.70	1577	822.70	2656	212	16
multiplier_16b_83a6e5b4f32abf57427c4acb601f00a8.v	1207.10	1609	826.40	2718	205	39
multiplier_16b_95db1ee84730ba8471cc178c58a82e5b.v	1204.00	1597	831.20	2549	205	36
multiplier_16b_f73133832caec541410b5dd8c8d41e36.v	1145.30	1610	823.80	2836	206	40
multiplier_16b_200d664c8cd326285b1c4cdf01f1c388.v	1261.30	1597	792.80	2830	206	31
multiplier_16b_39344aa9e2c9746b09b14f0aa8664687.v	1154.00	1616	100000.00	100000	207	42
multiplier_16b_3795f6471d1a3507e1aeeb42630b883a.v	1131.70	1598	805.20	2688	205	33
multiplier_16b_1b2d865d3f7be7e1453330cdadc2dd12.v	1213.00	1608	809.00	2873	216	26
multiplier_16b_2c436450f5166b63ceac006339099009.v	1129.20	1653	811.50	2669	210	42
multiplier_16b_6bebf89dd7fa47a1f02574b184f80490.v	1212.90	1695	823.60	2936	210	58
multiplier_16b_07fa01032ffc78f251986a09d21ef763.v	1287.40	1632	814.40	2636	209	37
multiplier_16b_8d068e3691e95d5ffdd605e66501b10f.v	1182.10	1630	815.70	2486	208	38
multiplier_16b_d8d6bdea4901c4da072fe23b3d854e88.v	1143.00	1688	804.30	3015	209	58
multiplier_16b_1ee68adfadfa1e14f84bda104f3969d2.v	1157.80	1607	812.60	2582	213	28
multiplier_16b_9509bec79b3afdcb2127623b581fd520.v	1067.70	1582	772.10	2911	209	19
multiplier_16b_c001104b0b4542f676c009366c183497.v	1157.60	1573	777.20	2640	212	13
multiplier_16b_c726990a94ccb2adbe66e5725dadf948.v	1046.50	1605	759.90	2936	207	24
multiplier_16b_e7911cf47320e611085e2bd880e1cd6c.v	1059.40	1579	734.40	2878	211	18
multiplier_16b_c374658d07d984fc270a110ed94876f0.v	1159.10	1588	822.40	2424	213	14
multiplier_16b_397455517464fb8d96ab0ce8057977cb.v	1235.50	1596	771.60	2654	211	22
multiplier_16b_1e22e439a007026e63c992d1fecf23f1.v	1162.30	1597	759.30	2840	204	24
multiplier_16b_b66b29a54463ac67dac2b72dfe3b5084.v	1103.50	1603	100000.00	100000	207	31
multiplier_16b_d3d2ec3220d47e1c8bc1b0bac4eebf5d.v	1129.30	1577	775.70	2981	205	25
multiplier_16b_ba15f97bad128f888eab5cdd565baf8e.v	1141.60	1589	768.50	2996	206	29
multiplier_16b_c38934401e15978b1bc66fa2cea1fe8e.v	1189.70	1598	817.30	2729	205	34
multiplier_16b_f82a405b718a0036f1e74f093aafb4c8.v	1258.00	1579	801.80	2690	211	20
multiplier_16b_c8847810e43328fcc9c215ec2152d517.v	1233.20	1557	800.10	2664	212	8
multiplier_16b_af5047b7eb77cfda570057e4549cbff0.v	1187.60	1570	862.30	2263	217	12
multiplier_16b_0d723e2dd6f442cff39c26fc8b1b5c9e.v	1208.30	1558	832.30	2531	219	6
multiplier_16b_813ccb55e94fb51abcf83d47fbd69a9e.v	1135.20	1562	789.10	2701	214	9
multiplier_16b_1fefd4fc14718e1faf31b9b81c5bffe9.v	1214.40	1564	847.10	2505	215	9
multiplier_16b_fef8316c00ff90c79ec8488424e8ea2c.v	1285.30	1558	840.10	2394	218	6
multiplier_16b_7860c95d4e0a24a675d3b7c7784947b9.v	1091.20	1583	774.20	2703	215	12
multiplier_16b_b9a24af660f0c32274bbea0719bb3ff9.v	1047.20	1578	744.00	2855	214	14
multiplier_16b_a24e6fbb9c5252c11570996e949ca57a.v	1063.50	1596	760.70	2862	209	24
multiplier_16b_ce287c4e74a7e8b631aa63a26c6d8e02.v	1117.00	1581	767.40	2919	212	17
multiplier_16b_f343a0d13d0be0c274172b6bb4963f07.v	1107.90	1579	774.50	2826	214	13
multiplier_16b_a134a950cd8b840ce54514744f3ce449.v	1145.60	1585	767.50	3019	210	23
multiplier_16b_66e4959faa5792d895b3e7944a3062bb.v	1218.00	1577	811.00	2459	215	17
multiplier_16b_5bc2921723e138188c625e21d44433be.v	1179.90	1576	795.40	2498	213	16
multiplier_16b_a11d3b156ae209714b42ca7c7982c348.v	1152.70	1568	804.80	2512	212	14
multiplier_16b_aa79629b308d03c63cd971fa6c8f6319.v	1071.70	1574	763.50	2823	212	11
multiplier_16b_88d3af645b46cc779f1a18606453473d.v	1142.60	1572	812.60	2797	218	14
multiplier_16b_786b42f8a633456f9af005d93a57074c.v	1125.60	1592	817.60	2546	212	20
multiplier_16b_ca3b21195d9f24af5722f2841c2863e7.v	1132.90	1611	808.20	2508	214	21
multiplier_16b_0635128a062611384bfc07dbd4b8d9cc.v	1043.40	1562	750.20	2980	212	8
multiplier_16b_111bfa49ac6efbac6be216f0dd616b33.v	1160.30	1578	793.70	2482	212	17
multiplier_16b_5e843ca4092d88f57e19d20de678e654.v	1127.30	1575	785.30	2837	214	13
multiplier_16b_a509a09053795519f4148f2d1eb60d7b.v	1118.50	1587	809.30	2672	211	19
multiplier_16b_a599eb77bfa6cd639c57a0ff01375c87.v	1351.80	1563	862.40	2561	221	8
multiplier_16b_57c38a7758fee97459bc5fb62170d085.v	1123.40	1583	801.90	2522	215	17
multiplier_16b_e62362f0dbf6c4a42be350380e612f5d.v	1213.00	1572	810.10	2677	217	11
multiplier_16b_6cdf420eda230163ffc6de0ae8c33874.v	1137.90	1581	792.00	2748	215	15
multiplier_16b_ea76bfbfc332cd7834b228cbae01369e.v	1036.00	1569	751.10	2956	212	14
multiplier_16b_456ca280007394401dd3737e74c3a04b.v	1239.50	1579	868.50	2300	212	15
multiplier_16b_052b456c03fca9499dcbe8baf0a89652.v	1133.80	1570	817.40	2682	218	10
multiplier_16b_e8feb870e9110bc954e8d3a660b89e1c.v	1085.40	1594	762.70	2902	213	20
multiplier_16b_85ec6f933b04583c0e7489fcabe93d32.v	1090.50	1568	793.60	2712	211	16
multiplier_16b_320365e038e549d11416f80298eebffd.v	1061.20	1581	752.20	2855	212	13
multiplier_16b_0d05b2ccfeb3e7528e268caf967ab13e.v	1069.10	1582	796.50	2735	213	15
multiplier_16b_ef25394f64aa200016fbcff1cb2e77c9.v	1114.70	1609	783.40	2881	210	29
multiplier_16b_ca0e4f7bb7f55bd37ab7547a805f3cbd.v	1160.30	1598	823.30	2570	210	25
multiplier_16b_6c124fe18e832c1a420b677854bd8475.v	1179.80	1605	802.30	2750	207	30
multiplier_16b_6054151c583fd1c5f7c9be67c900f788.v	1157.80	1585	811.70	2674	208	26
multiplier_16b_21c544478f335da592e739dd8ce55f7e.v	1121.80	1596	798.50	2856	205	34
multiplier_16b_fdbea2c0e93f5661338b0e1a5e464f0c.v	1182.20	1577	800.80	2906	210	21
multiplier_16b_90633e276ae4c592e0858af428986d85.v	1229.90	1598	806.60	2725	210	22
multiplier_16b_6b194cbff7cc2a864f8cb501499fee53.v	1218.30	1564	824.00	2490	215	11
multiplier_16b_8dc4bf41734e514923c0fd794dfd0dbd.v	1243.10	1574	772.30	2862	213	15
multiplier_16b_635b2b4882ea2caf40f8d7c22a08ea43.v	1083.60	1581	770.90	2865	209	18
multiplier_16b_297b814bf3acd4ccbabcf48a1572bd63.v	1179.70	1574	812.10	2723	212	14
multiplier_16b_facb601fc440383a08aff4bdc6ccc6a1.v	1044.30	1591	752.00	3156	211	17
multiplier_16b_5e1bc827443af0bf9a8ce28e07c699d0.v	1289.30	1575	916.70	2400	216	13
multiplier_16b_e6599afdb233ec87fc24dd5490a9e54a.v	1240.80	1589	867.20	2342	209	21
multiplier_16b_cb6f0093d37d904f5a622c52fc566548.v	1133.00	1581	799.50	2903	213	19
multiplier_16b_54d6bbbc2ec9a5e45551b282e2b44439.v	1156.70	1572	789.50	2802	210	22
multiplier_16b_3b8c81c913d47e518186c86e2172328d.v	1289.10	1592	852.30	2342	211	27
multiplier_16b_e8c269a5f1f081c71c02874465cfa354.v	1170.80	1576	778.30	2795	205	24
multiplier_16b_1cc07d182c942b21228bedfe516865fd.v	1210.10	1590	831.20	2478	210	20
multiplier_16b_a9425e70163bd2fb0f3bf47e40d4392b.v	1100.60	1595	775.70	2882	212	27
multiplier_16b_b4e4e823dbe2cb794f4bf480eec62715.v	1163.20	1574	812.80	2697	212	16
multiplier_16b_dbb0d7f813d8ae8e7209f5843b249d85.v	1211.50	1561	793.10	2547	213	11
multiplier_16b_d2c4448977bf1d2858911ab8a0d97d87.v	1160.60	1583	763.20	2923	212	17
multiplier_16b_d4eb16ecb592e3c8f8db95235314f735.v	1185.20	1574	821.00	2449	214	17
multiplier_16b_e2e46b079289ac644b5e044ea597d154.v	1149.30	1577	784.20	2886	212	15
multiplier_16b_df4c06d2f2271c146868b42fc2028175.v	1149.50	1585	764.30	2915	211	17
multiplier_16b_4a3930ef544a2195ddf0e33b27d28587.v	1122.60	1573	769.60	2763	207	16
multiplier_16b_e90f1b9cd05276b972f691e28022bee4.v	1250.30	1593	820.90	2707	215	20
multiplier_16b_1170780fcd825c93e7c2fb8e4b3d8510.v	1094.50	1582	787.70	2847	213	21
multiplier_16b_715642c15b7a7d01e095db814a61d0b6.v	1186.60	1572	798.70	2842	212	16
multiplier_16b_d86386bbe64c2ad4d0a535f26a5df603.v	1115.30	1605	800.50	2896	215	22
multiplier_16b_60c71942e016b597c02da3b4d6d9deee.v	1118.90	1585	745.30	3007	208	19
multiplier_16b_9bbea6bc32edfa88feef50faaa1b5599.v	1205.20	1582	793.40	2727	212	19
multiplier_16b_4c6d71225b39deebb93b1b8c2eb47253.v	1149.50	1587	795.30	2778	215	14
multiplier_16b_0cd61d347b4a8aed888d8362402a3df7.v	1187.30	1567	813.50	2427	216	10
multiplier_16b_ae7acbf34a814646f411ed75caa85a7f.v	1134.50	1572	839.80	2420	212	14
multiplier_16b_11485b4f2cdd079c7e6798d75e918aed.v	1153.00	1567	785.90	2715	217	7
multiplier_16b_c8c7ded59e91ed49a5118f77189baff4.v	1074.90	1586	769.00	2816	212	19
multiplier_16b_c2d30baee51268d1214f37a95735c667.v	1096.70	1587	773.80	2918	215	12
multiplier_16b_cae4a79f26b59d998e238098dc18a30f.v	1383.00	1570	846.20	2416	218	7
multiplier_16b_77ffb3c64bf3b6a873d7be321ed4970b.v	1098.20	1585	769.30	2969	210	16
multiplier_16b_ea636547cab79cd8b7693df386373929.v	1124.10	1568	789.70	2839	210	19
multiplier_16b_53883d58f8a2d756c9f459e5ea930547.v	1072.60	1600	782.60	2563	210	22
multiplier_16b_3200100e30a75aed3f02435d1bd41aef.v	1176.80	1577	782.10	2757	211	16
multiplier_16b_56a457926fb7b9b36e437f1088a7ab7e.v	1199.40	1608	783.40	2928	210	29
multiplier_16b_0bf4a46ee5c29fe78ab500941bee4f91.v	1224.30	1581	787.40	2971	214	16
multiplier_16b_ba7a60b6f2ca0c024f86473df9845d53.v	1104.60	1589	776.90	2662	208	25
multiplier_16b_727e7b8a4ac264d7662bc3fedc551530.v	1113.50	1577	788.10	2621	209	18
multiplier_16b_1569b977400a10336e71f3d46993c7dd.v	1069.20	1590	779.30	2847	207	25
multiplier_16b_1b7d1eb870e7591d68491e9bb22e1aae.v	1156.70	1594	778.30	2847	209	22
multiplier_16b_37fd7173b8c74278c540e7312ba110f9.v	1212.80	1561	797.00	2610	212	14
multiplier_16b_5c18a57f593cdcd9cee097e6c685e7d2.v	1254.40	1599	842.80	2369	211	21
multiplier_16b_16a097b92856e27dfedb1bf698389b58.v	1185.30	1591	787.70	2638	207	26
multiplier_16b_b67d185bf137b15762b2bbe5b1b362c2.v	1234.70	1585	823.10	2407	209	23
multiplier_16b_922450746c7f79653f589617bf2e2ec3.v	1121.10	1574	801.50	2674	212	17
multiplier_16b_4ca786acfa4684eda350c38614bba1c4.v	1200.40	1572	894.50	2162	211	15
multiplier_16b_37f9169694a0d31126f369f6abd8ec01.v	1255.30	1593	803.70	2721	210	23
multiplier_16b_f97ce77fc9fab83ec36cb90ddec9e572.v	1190.80	1568	833.20	2527	215	11
multiplier_16b_a93a957ab12f7c99556b44698410ed88.v	1086.10	1578	803.20	2569	210	15
multiplier_16b_6ead3b93048caa59a63367f20405f01b.v	1140.20	1587	755.20	3025	208	23
multiplier_16b_175583a9bf6c3aabac1d9dea6f58e412.v	1212.60	1575	779.40	2723	208	26
multiplier_16b_2c44bd6aebd25330f29bbab81a827a5f.v	1174.30	1570	832.70	2496	212	19
multiplier_16b_46dab2008f37215b302003f14d982483.v	1128.50	1566	799.10	2581	210	21
multiplier_16b_ec4e5bcac893b254e77bbb125508d615.v	1261.60	1606	897.30	2422	214	25
multiplier_16b_f96899fff53306a0fc0cc0298a8c2b0a.v	1101.30	1589	800.70	2751	206	32
multiplier_16b_2c6ee714fffde0e16b9a0ee776b9300d.v	1164.40	1589	805.00	2664	211	19
multiplier_16b_f76629ead60c729235af41a187fdb635.v	1163.20	1589	840.90	2460	211	24
multiplier_16b_fda7260c755cef27479556c1fc3db5ee.v	1203.10	1570	848.60	2596	217	11
multiplier_16b_7cf511dba7ddbe88d4571da7cb388384.v	1164.90	1570	797.60	2432	211	10
multiplier_16b_ff26a28a8b8a31246acb871b2ca2e5e1.v	1262.60	1572	841.40	2468	218	9
multiplier_16b_65b0e75db7020ac5cca989694cdc4897.v	1138.70	1567	847.90	2442	218	7
multiplier_16b_e44ec7d419c9c4284ac587204f70102d.v	1102.70	1562	748.10	2678	212	8
multiplier_16b_7d67bd17ced243f6af4c45a5d802faec.v	1114.00	1572	762.80	3014	214	11
multiplier_16b_11c72d68d57a15ebba52c44e9d031f48.v	1055.50	1578	775.70	2873	213	12
multiplier_16b_5d194f78f868ead329c907a6fca82867.v	1195.60	1604	847.60	2551	217	22
multiplier_16b_23801f214712a93ec771635d7b65a1f7.v	1071.00	1566	784.80	2705	211	13
multiplier_16b_7ad57841a9867e8971e55654ad257f42.v	1135.70	1573	838.10	2524	214	13
multiplier_16b_0c0df1647122c8c5d70af67966306402.v	1112.60	1577	785.30	2597	210	18
multiplier_16b_649aed75816a6ca36c774640080b2eda.v	1047.90	1587	762.00	2941	212	19
multiplier_16b_8d2313427645de6e26a7b21951afab6d.v	1101.10	1586	814.80	2446	212	16
multiplier_16b_be7fe0c6948aec3d476e54eeb76a2818.v	1056.60	1576	759.80	2903	209	14
multiplier_16b_44beb4f99bd537d78780d570dd3ce320.v	1103.30	1589	797.90	2615	209	18
multiplier_16b_49157384b2b8de4a02a1d3cb432fc356.v	1086.90	1579	778.90	2737	210	18
multiplier_16b_62bb73f170ea2d08c002a826ee834704.v	1237.40	1585	771.00	2864	209	18
multiplier_16b_e28d1d3a3a1a794e5ee9e8e77dae1463.v	1091.00	1589	792.80	2765	211	17
multiplier_16b_e23f7389dd42e8f3a9c34e74536cf967.v	1134.90	1576	812.40	2683	214	13
multiplier_16b_b067247b5fad390b466353f0e3d0032f.v	1137.50	1601	774.40	2821	208	22
multiplier_16b_a87738f53ead1b0543b08bd3bdbbc26f.v	1103.00	1578	773.30	2913	211	18
multiplier_16b_0cf159daa07017a4076482f283896edd.v	1210.60	1594	838.60	2701	215	17
multiplier_16b_af861a63dc620ec9f0b1e7f6bd5e8603.v	1084.90	1594	778.70	2990	213	19
multiplier_16b_bfad13adabf4e2a9a232e1e001f972ba.v	1209.30	1587	807.00	2428	213	15
multiplier_16b_a5ed98402ca85f5093ff587d455fb1ef.v	1052.30	1582	761.10	2879	210	21
multiplier_16b_a27aeeeae02d4d0b642d732bf18ebe9b.v	1139.70	1585	793.10	2544	208	18
multiplier_16b_9aac57402d491d52c3c0afedb25a061e.v	1130.10	1558	764.90	2918	215	11
multiplier_16b_e29360520de241a479f062fc1921d73f.v	1246.60	1589	761.20	3034	207	17
multiplier_16b_a39a33380e80e846f890688506154349.v	1157.70	1566	783.00	2763	214	13
multiplier_16b_a748572b0ae658f8ff269986ea97e67b.v	1097.40	1590	776.60	2824	206	22
multiplier_16b_8fa22efeda357b555c9537c6f669617e.v	1083.80	1581	785.30	2705	212	18
multiplier_16b_1bac74114b07641f325cc20a0a675e04.v	1117.80	1574	825.10	2534	210	21
multiplier_16b_73521e2f573b632e807335f775d630fc.v	1011.30	1575	729.60	3178	202	18
multiplier_16b_12d52607cfcba6d4eb2cd5c9a6e30b5c.v	1255.10	1585	825.40	2741	214	23
multiplier_16b_0059dfa4dbaa35634b368103a9c421d5.v	1132.30	1609	815.40	2491	212	25
multiplier_16b_085214e1cb095dc63a4605c46c71dad7.v	1117.30	1609	805.50	2635	210	22
multiplier_16b_e489df3fffc33ce17373c355b7734187.v	1084.80	1606	790.70	2684	209	28
multiplier_16b_abb7167d09d3c0f7086bf90eb24b4470.v	1166.50	1591	793.80	2753	209	26
multiplier_16b_a74fa1991d8220fbeed725fa6c2f72ef.v	1178.80	1590	817.60	2777	211	25
multiplier_16b_5705cb55b558648a032389b99be5b9ce.v	1135.20	1601	765.70	2855	203	30
multiplier_16b_9480b77f5539bdf0e395034a8529bdc5.v	1190.00	1579	801.60	2668	211	20
multiplier_16b_73b3ece636593c12fa979edb5fc79b27.v	1104.80	1582	772.40	2673	210	17
multiplier_16b_fc08ca426ca8a87244f9910fe3354dc6.v	1151.60	1574	810.20	2661	212	16
multiplier_16b_2cea64f8bed2032cb451313057666adb.v	1291.10	1567	834.70	2634	218	9
multiplier_16b_975593b737da22b2da80c8fb50ee1c72.v	1209.00	1583	803.70	2757	212	15
multiplier_16b_b1399b6ffccb5573f50e39a3b3092fce.v	1151.40	1564	801.80	2525	214	14
multiplier_16b_c6952566aa70ddbb780efd9629724fe0.v	1212.90	1600	793.20	3008	211	19
multiplier_16b_9cda2d145565d0dba28bf8f6c52c1b65.v	1181.50	1573	839.70	2380	212	16
multiplier_16b_cf28ac1d5e24e6a3cd883ab5d216fcbe.v	1124.90	1589	773.00	2782	214	14
multiplier_16b_1362b2bbc5d5d139111a2ae39014c4fe.v	1120.50	1585	779.10	2901	211	16
multiplier_16b_f0edcdbd723cabaf27dfefe105eee4ad.v	1098.00	1587	798.10	2643	212	18
multiplier_16b_6069153afc59202df18db96a84477329.v	1102.10	1586	786.50	2850	212	17
multiplier_16b_a60de6dc95dec265a6fb27369dceebd6.v	1431.70	1566	859.90	2385	217	10
multiplier_16b_2ddd0e90a7ad7e815cd9ea3dae9bf586.v	1146.60	1584	789.20	2732	211	17
multiplier_16b_9d26e487f6f481ffd1089c7d77f0b0be.v	1211.30	1573	837.20	2519	213	15
multiplier_16b_863d3e945716036f4119751b0370b5d7.v	1083.40	1584	742.30	3080	209	15
multiplier_16b_2ee785f4d3954df698f25562c208a3bf.v	1098.50	1573	771.60	2643	207	17
multiplier_16b_ef78340f27a6435c483d86480ba83c8c.v	1091.50	1589	765.60	2963	209	21
multiplier_16b_64ddb06fa6288e24563f32bc2446b517.v	1133.70	1569	787.70	2815	211	17
multiplier_16b_97afea4db4b04f4cf8c32afd1369a104.v	1111.80	1584	801.10	2904	210	20
multiplier_16b_62474b9f444f9594a69f281222a4c7d3.v	1235.40	1605	841.90	2685	209	40
multiplier_16b_48c9e256cd959d62bcd4c6be3d31c255.v	1144.50	1603	820.20	2804	208	28
multiplier_16b_2057d11cc33bbf04d612a759cc6a0303.v	1174.40	1622	838.10	2869	208	40
multiplier_16b_8e19bcd298acbb4ff436fa68b2fed94d.v	1238.40	1612	796.10	2641	211	33
multiplier_16b_3c92825cbb3971365fa82a8cf805674d.v	1257.90	1574	855.50	2367	212	22
multiplier_16b_bebd4763ddfc661c69c2365e36077665.v	1093.20	1591	788.70	2659	203	25
multiplier_16b_42b5ff9d8089538420a475c59b8d0487.v	1102.30	1584	793.60	2888	211	22
multiplier_16b_6dfcc173e46cd01704c60f181ae9fc5e.v	1175.60	1575	757.90	2882	210	15
multiplier_16b_4d67ef3df87ce4fa969d9765ea5d027c.v	1303.70	1562	864.50	2193	215	9
multiplier_16b_b13307737db71fc5d1e85e4fd3ee12b3.v	1098.60	1565	775.50	3066	215	9
multiplier_16b_6658ebd00ea21cd68b1a0f2b5ee05a64.v	1070.30	1587	766.90	2954	210	19
multiplier_16b_a2a1df077ced17525db3a75e04485c62.v	1175.90	1558	808.20	2716	212	10
multiplier_16b_d9b2b4f8d8c23f72d2680f0c0bdfe87e.v	1152.20	1559	795.60	2600	213	11
multiplier_16b_e91b178fa470da2885c364728f65bff0.v	1120.90	1578	810.40	2811	207	28
multiplier_16b_ea0bae6d7af816b179db1f533fec06c5.v	1208.40	1576	832.90	2573	212	23
multiplier_16b_0cd6e8cab5205d62f3cad3e684eb5bb8.v	1175.50	1584	809.10	2489	213	18
multiplier_16b_b8f971cc9250aa55e90898ca3896e3c0.v	1130.10	1590	809.10	2826	211	21
multiplier_16b_8930f560450227b781b7729fd869fab7.v	1216.00	1582	845.70	2309	212	21
multiplier_16b_25840bde3ed070c6351cfe6d4bec9b8c.v	1118.90	1577	805.00	2313	206	20
multiplier_16b_153fb99621eac185015c15ebdba02f31.v	1206.10	1593	799.30	2594	210	22
multiplier_16b_cbdc9ecdb8124e242531659ab01454db.v	1241.90	1562	831.80	2607	218	8
multiplier_16b_a58306e6dd0087cb9c2cb3ae464fc5a9.v	1208.20	1569	818.10	2657	216	10
multiplier_16b_f5cbed80d24b7603f52d3a38c0c29e75.v	1090.50	1568	770.20	2833	214	10
multiplier_16b_cbf4bbb44f6df4323c51ddf2a42a5a36.v	1164.10	1583	805.10	2459	211	19
multiplier_16b_c2f4e430914d0a5786974af1fb5b6569.v	1151.30	1600	817.20	2554	212	22
multiplier_16b_11aaf07418a6bcd5f6415b056eb9d93e.v	1153.00	1569	786.30	2655	215	11
multiplier_16b_9e53b4f01f6fbd273d51df4c8ad06231.v	1147.00	1566	795.50	2773	215	11
multiplier_16b_c177f13494b1e3ce8d0e7c342836c6e2.v	1115.50	1596	779.10	2920	212	19
multiplier_16b_b74c5133550ab17d7af9915685eeec75.v	1249.40	1571	817.30	2736	212	18
multiplier_16b_2b136180a15085e128ed25bd7ebd8be0.v	1274.80	1578	835.30	2362	215	11
multiplier_16b_d47f299fb0fcd18ed9fedeef76e8852c.v	1093.30	1593	771.30	2819	209	21
multiplier_16b_cff6973610739edd482456a78dbb932e.v	1355.30	1577	844.20	2399	214	12
multiplier_16b_50a39e266a05b997136177a0b784a9b8.v	1088.00	1552	802.50	2841	213	10
multiplier_16b_08ba114c931c3fb389573c73087b4a92.v	1202.10	1582	835.90	2512	214	15
multiplier_16b_5eb1a033e59f6bad01f91a150b198bd2.v	1055.40	1563	758.80	2754	216	8
multiplier_16b_10218a5cb932e0c2252ad0638ce0408b.v	1168.50	1576	847.10	2567	213	12
multiplier_16b_52ea887d1c9b348e629eed32abaddd0e.v	1107.30	1570	797.40	2651	218	11
multiplier_16b_f22a7a8ee78c0f7e47c7d62e878259b2.v	1091.30	1568	805.90	2779	215	11
multiplier_16b_4fe8f6db63dc975521cd00daba558d9c.v	1072.20	1563	821.80	2462	218	6
multiplier_16b_fd415fdae7f5818df8d5c673ac759569.v	1111.90	1561	787.20	2685	212	9
multiplier_16b_93d78fbf45cd751408dd0fe8e09ad852.v	1213.80	1587	834.20	2203	209	21
multiplier_16b_405c75d1e2b61b5279cb37b12eb92d5a.v	1115.50	1634	815.90	2880	211	36
multiplier_16b_f842d2183d8694c7d1f6e2f46b57cf7c.v	1036.90	1577	736.70	2978	207	15
multiplier_16b_acd09a3ee6df9520bc7df1d1b51c178a.v	1130.70	1564	768.70	2820	210	15
multiplier_16b_d89638dc1928981d2d4c60ae7baacd90.v	1147.80	1591	799.20	2558	208	27
multiplier_16b_da6a0fc88a4b14b4ea4de5ba11ace32d.v	1098.20	1596	802.10	2686	211	21
multiplier_16b_2dfeefde2e6aadba576ba49aaf78fd20.v	1096.40	1606	770.10	2873	204	29
multiplier_16b_48a7e2c7cfd8284aeb6d5222c035f16f.v	1091.50	1570	768.20	2649	213	14
multiplier_16b_1502a48486fbf20fef296c67ce2e8eee.v	1123.90	1577	829.10	2669	216	13
multiplier_16b_8dbe7e47d37a6dca63a83b71d3c8662b.v	1203.30	1570	800.50	2480	210	15
multiplier_16b_aa4b6bed3df967ea7a8b169f2d26c709.v	1179.70	1581	811.40	2594	212	15
multiplier_16b_020004f95c3ee08e28d88f79302fb418.v	1073.70	1561	775.30	2979	213	11
multiplier_16b_69488ffe5864490f6303df3c6797038b.v	1062.10	1582	780.60	2882	214	14
multiplier_16b_db6b74b1d1120ca58c08d58793d62efb.v	1315.10	1579	906.30	2166	214	16
multiplier_16b_e4b774265eb506e2ca6ed3be978e1b5b.v	1089.30	1606	785.10	2781	209	28
multiplier_16b_cde9a5ac189ce494fcd864df079e9c84.v	1042.60	1579	766.40	2834	207	21
multiplier_16b_8b5c25f0eaf2e5732c69a70fbaf2d4e4.v	1056.70	1589	780.60	2902	210	21
multiplier_16b_fa27e94fa62a9bcba6c58b97d663c067.v	1191.40	1591	867.10	2429	211	30
