multiplier_4b_5176ea452e793a6ac4932f0feb7fb841.v	376.90	83	291.90	168	3	8
multiplier_4b_87fb15a258055888dbea2ca02ce66767.v	409.70	75	284.50	171	3	4
multiplier_4b_19685847eb8b684fde54051357e38ad8.v	416.30	77	325.00	168	6	3
multiplier_4b_ffd6bd9eeb2e0170588cd1c22c042809.v	406.20	83	100000.00	100000	3	9
multiplier_4b_9c376f2f069da2492e67f234e19b8a8d.v	386.90	75	100000.00	100000	3	4
multiplier_4b_50faebfb43b31d1028e11fe5f0f97eee.v	428.90	80	311.60	193	6	4
multiplier_4b_74b0f98d14d50da4a9c1b33afd1327b2.v	455.00	73	311.70	155	6	2
multiplier_4b_2a073ab04256bcf0933e10f63c6b0eb7.v	444.90	70	301.80	134	4	3
multiplier_4b_8c8a06c4dcae601d8c0472da1c2e165a.v	436.00	74	289.00	175	4	4
multiplier_4b_0254a17666e4627f5449e644008463ff.v	404.30	69	308.40	149	5	2
multiplier_4b_9c376f2f069da2492e67f234e19b8a8d.v	386.90	75	100000.00	100000	3	4
multiplier_4b_320fd61b9cf210a2a7ceec8004daab69.v	363.10	73	293.30	180	4	3
multiplier_4b_9c376f2f069da2492e67f234e19b8a8d.v	386.90	75	100000.00	100000	3	4
multiplier_4b_cbee9adaffb3919d421d529d3d31ce0a.v	378.30	76	299.90	176	5	4
multiplier_4b_3da45529a68fac0432475fd92b0f0d55.v	470.10	71	313.60	130	4	4
multiplier_4b_a8f4a7c7ec50b14b5c8f5f258e2708e4.v	395.20	81	100000.00	100000	3	8
multiplier_4b_20bb38377257fd13e177a0cf1e876931.v	374.50	80	299.70	160	2	7
multiplier_4b_a2d80ee234550fdf4c77f9ae174a9b7b.v	424.00	78	323.70	143	6	4
multiplier_4b_5aab359bbc138c0fedc64abb96b4c083.v	379.30	82	300.40	209	3	6
multiplier_4b_0886bbef338b25e7c0e4c0b3636d3941.v	366.80	80	301.60	167	5	4
multiplier_4b_d3e8de041f4c5b4a892c74743e650b1b.v	451.50	71	300.90	164	5	3
multiplier_4b_eee6499652194f063be5b89d5d42460f.v	379.30	71	295.10	156	4	3
multiplier_4b_50faebfb43b31d1028e11fe5f0f97eee.v	428.90	80	311.60	193	6	4
multiplier_4b_330b58d692e71341cb2bce031331f2b2.v	384.40	79	100000.00	100000	3	7
multiplier_4b_daedaa7c59f862343b6af2f37cb80fd6.v	369.00	70	283.90	165	5	2
multiplier_4b_ea1a9ea15fe119465d2d266a7c8b3f43.v	432.50	75	328.30	123	6	2
multiplier_4b_5137a362bb77a91662e40c2d2057cbe1.v	382.30	73	305.40	133	5	2
multiplier_4b_20ab604062909ce9a04d246c4a778d06.v	372.40	74	308.70	147	4	4
multiplier_4b_25ffa6e131d4ea76f15bc4fecab1495f.v	350.50	76	284.70	176	4	3
multiplier_4b_7afe66944d4d96fee68af5da164065a7.v	367.20	75	305.90	155	5	4
multiplier_4b_8bc02ed61d489f3005ca2f82435a953b.v	369.40	78	289.70	198	5	4
multiplier_4b_92efed8a3d7558ab5fb55c1533ec1bd6.v	418.20	81	306.10	181	3	7
multiplier_4b_661a157ceae9621e3daf468538f483bc.v	378.20	73	291.90	178	6	2
multiplier_4b_320fd61b9cf210a2a7ceec8004daab69.v	363.10	73	293.30	180	4	3
multiplier_4b_0254a17666e4627f5449e644008463ff.v	404.30	69	308.40	149	5	2
multiplier_4b_190c4bd0656290da78a8e781b343f631.v	427.40	73	305.90	172	5	2
multiplier_4b_87fb15a258055888dbea2ca02ce66767.v	409.70	75	284.50	171	3	4
multiplier_4b_8c8a06c4dcae601d8c0472da1c2e165a.v	436.00	74	289.00	175	4	4
multiplier_4b_f3501a31dd0e79cdb59fde556863bbc7.v	438.90	76	315.00	140	5	3
multiplier_4b_204f8d20b829ab5c46e8935708ad8d54.v	399.90	75	278.00	162	4	4
multiplier_4b_d3e8de041f4c5b4a892c74743e650b1b.v	451.50	71	300.90	164	5	3
multiplier_4b_25df5b2945a0f5bba2a64c3967c65537.v	412.20	73	302.20	173	4	4
multiplier_4b_f9c67ac0cf236300dc5f33c52b8002e2.v	362.60	76	305.90	158	4	5
multiplier_4b_9c376f2f069da2492e67f234e19b8a8d.v	386.90	75	100000.00	100000	3	4
multiplier_4b_ae2e59efeb75ec1cfa66ba0da44c2877.v	476.50	73	100000.00	100000	4	4
multiplier_4b_79d2667cb7c6121254e21273cde799aa.v	358.80	76	311.50	145	5	3
multiplier_4b_622609e62a64bd5aa4cc72bc0af26c66.v	420.40	81	314.20	166	3	7
multiplier_4b_661a157ceae9621e3daf468538f483bc.v	378.20	73	291.90	178	6	2
multiplier_4b_1fabea633c50b5c8fbd544ca1a374717.v	360.90	76	313.70	161	4	4
multiplier_4b_337c0adb2b27487af3197ad32f955d94.v	385.50	78	299.00	188	4	4
multiplier_4b_d2ba2be1f52a9d228debfda1ff71ec21.v	451.70	72	321.20	162	7	1
multiplier_4b_eee6499652194f063be5b89d5d42460f.v	379.30	71	295.10	156	4	3
multiplier_4b_923ec25095487f49e899f2ebaecad80a.v	393.40	83	311.10	156	4	8
multiplier_4b_d63398c72e6769763cb9635453f988fd.v	372.20	74	297.30	181	5	3
multiplier_4b_68c9c607169e288f8475cfe23a12d827.v	412.00	81	299.50	180	3	7
multiplier_4b_14fc0f68c935bb8cebb874cbd25687b4.v	462.50	77	303.60	156	6	2
multiplier_4b_eee6499652194f063be5b89d5d42460f.v	379.30	71	295.10	156	4	3
multiplier_4b_190c4bd0656290da78a8e781b343f631.v	427.40	73	305.90	172	5	2
multiplier_4b_5125c5ea660e70dd292ebf5a62b53928.v	417.10	73	295.80	154	3	4
multiplier_4b_ac02e1e66492759f9278473e2a3ca7c4.v	435.90	85	319.90	180	3	10
multiplier_4b_8e4a4cf7558b59d868e58466252c947e.v	385.60	71	292.50	166	5	2
multiplier_4b_d63398c72e6769763cb9635453f988fd.v	372.20	74	297.30	181	5	3
multiplier_4b_025290994a24a510ad4b8252053afc58.v	408.00	78	310.90	144	4	5
multiplier_4b_8e4a4cf7558b59d868e58466252c947e.v	385.60	71	292.50	166	5	2
multiplier_4b_1aa1a10c9b315a51d137201d9ae7e63f.v	410.10	77	280.40	174	4	4
multiplier_4b_9886c7172854a1131a980bb568b9cf9c.v	384.90	79	297.10	150	4	7
multiplier_4b_2a073ab04256bcf0933e10f63c6b0eb7.v	444.90	70	301.80	134	4	3
multiplier_4b_5137a362bb77a91662e40c2d2057cbe1.v	382.30	73	305.40	133	5	2
multiplier_4b_204f8d20b829ab5c46e8935708ad8d54.v	399.90	75	278.00	162	4	4
multiplier_4b_10da21a959e3eb2b31b8de5c1287fca3.v	394.70	72	325.80	150	6	2
multiplier_4b_8e4a4cf7558b59d868e58466252c947e.v	385.60	71	292.50	166	5	2
multiplier_4b_8294cc84c4accbc1114f49c5e606cfbe.v	409.90	75	290.70	130	4	4
multiplier_4b_ebef2b8b2ecf986fe27dacd515623722.v	390.30	77	303.40	120	5	3
multiplier_4b_584997ccf1651eeff7383d3f3e31e244.v	370.40	76	289.60	144	6	3
multiplier_4b_d33cf40fc58638c4c034fb1dc68185d1.v	444.30	77	330.90	126	6	3
multiplier_4b_364eb555742ec75f645ffb98383e8597.v	414.80	77	287.80	166	3	5
multiplier_4b_947e2edf2da310f3cefc653c066ca12d.v	391.60	75	294.30	170	5	3
multiplier_4b_0254a17666e4627f5449e644008463ff.v	404.30	69	308.40	149	5	2
multiplier_4b_daedaa7c59f862343b6af2f37cb80fd6.v	369.00	70	283.90	165	5	2
multiplier_4b_10da21a959e3eb2b31b8de5c1287fca3.v	394.70	72	325.80	150	6	2
multiplier_4b_383bf672ef5e8644ed451e369f15a6a3.v	356.40	76	100000.00	100000	4	4
multiplier_4b_87968730c05d3f8ffa1170a184431f05.v	431.90	81	310.30	172	6	3
multiplier_4b_290d2b73b0f7d47c1fdb54ad6bfe6803.v	369.80	77	301.50	171	3	5
multiplier_4b_06ffb7def7336c5ae08d59396fe7452d.v	394.50	76	279.00	165	4	4
multiplier_4b_a3f72b00376ed71a6e9362d6f50c63e0.v	435.50	82	320.20	181	4	6
multiplier_4b_d2ba2be1f52a9d228debfda1ff71ec21.v	451.70	72	321.20	162	7	1
multiplier_4b_8e4a4cf7558b59d868e58466252c947e.v	385.60	71	292.50	166	5	2
multiplier_4b_204f8d20b829ab5c46e8935708ad8d54.v	399.90	75	278.00	162	4	4
multiplier_4b_ebda57b71b6dc2681e40157a96e66759.v	436.40	70	301.60	157	4	3
multiplier_4b_39b855e74b91dd82b0ea2849a866dc7b.v	397.10	76	302.00	152	4	4
multiplier_4b_c9dd11434d2109efd9c7d4ba99d836ef.v	436.70	77	291.60	153	4	4
multiplier_4b_14fc0f68c935bb8cebb874cbd25687b4.v	462.50	77	303.60	156	6	2
multiplier_4b_9c768ba29575b603da68b863984a9580.v	414.90	72	283.20	152	3	4
multiplier_4b_daedaa7c59f862343b6af2f37cb80fd6.v	369.00	70	283.90	165	5	2
multiplier_4b_5137a362bb77a91662e40c2d2057cbe1.v	382.30	73	305.40	133	5	2
multiplier_4b_364eb555742ec75f645ffb98383e8597.v	414.80	77	287.80	166	3	5
multiplier_4b_a245db66ca5e47f43a5c99c51a51f1f1.v	399.20	72	291.10	138	4	3
multiplier_4b_5125c5ea660e70dd292ebf5a62b53928.v	417.10	73	295.80	154	3	4
multiplier_4b_f13f54871bf3bb306ee5cb287159ec4a.v	386.30	77	299.80	190	4	4
multiplier_4b_ebda57b71b6dc2681e40157a96e66759.v	436.40	70	301.60	157	4	3
multiplier_4b_87fb15a258055888dbea2ca02ce66767.v	409.70	75	284.50	171	3	4
multiplier_4b_eee6499652194f063be5b89d5d42460f.v	379.30	71	295.10	156	4	3
multiplier_4b_8e4a4cf7558b59d868e58466252c947e.v	385.60	71	292.50	166	5	2
multiplier_4b_3da45529a68fac0432475fd92b0f0d55.v	470.10	71	313.60	130	4	4
multiplier_4b_8e4a4cf7558b59d868e58466252c947e.v	385.60	71	292.50	166	5	2
multiplier_4b_25ffa6e131d4ea76f15bc4fecab1495f.v	350.50	76	284.70	176	4	3
multiplier_4b_b4192a6b96bce21b26b0ae173c7ece7c.v	418.70	77	316.50	160	6	3
multiplier_4b_25ffa6e131d4ea76f15bc4fecab1495f.v	350.50	76	284.70	176	4	3
multiplier_4b_3a97b4f324e49e29dbe802b341d69426.v	352.90	70	280.30	155	4	3
multiplier_4b_8e4a4cf7558b59d868e58466252c947e.v	385.60	71	292.50	166	5	2
multiplier_4b_5125c5ea660e70dd292ebf5a62b53928.v	417.10	73	295.80	154	3	4
multiplier_4b_25ffa6e131d4ea76f15bc4fecab1495f.v	350.50	76	284.70	176	4	3
multiplier_4b_5248fed78f6d5e45182c5f05b81c43f8.v	369.40	80	297.60	176	3	8
multiplier_4b_74b0f98d14d50da4a9c1b33afd1327b2.v	455.00	73	311.70	155	6	2
multiplier_4b_acdfa48c3a383874a398315b00900ec2.v	429.50	84	317.40	204	5	6
multiplier_4b_8e4a4cf7558b59d868e58466252c947e.v	385.60	71	292.50	166	5	2
multiplier_4b_ebda57b71b6dc2681e40157a96e66759.v	436.40	70	301.60	157	4	3
multiplier_4b_a245db66ca5e47f43a5c99c51a51f1f1.v	399.20	72	291.10	138	4	3
multiplier_4b_b3ba3f17daa7ae59a3a4c98760fe991e.v	458.00	78	100000.00	100000	5	6
multiplier_4b_d3e8de041f4c5b4a892c74743e650b1b.v	451.50	71	300.90	164	5	3
multiplier_4b_aa2efed2b51b47cfa5ebc8ac1aade94d.v	412.10	75	294.10	154	2	6
multiplier_4b_d1221e4926cd6597570a9df3d080da8e.v	458.30	75	301.00	173	3	5
multiplier_4b_025290994a24a510ad4b8252053afc58.v	408.00	78	310.90	144	4	5
multiplier_4b_74b0f98d14d50da4a9c1b33afd1327b2.v	455.00	73	311.70	155	6	2
multiplier_4b_a25a4c6ca0317098e1598cc867c64f19.v	428.90	81	331.00	184	3	8
multiplier_4b_a6533078e4aa17fced8ed7502da2aa11.v	389.90	82	303.30	161	5	4
multiplier_4b_9511cbf02e658491dd007c71331dcd97.v	349.80	73	300.60	142	4	4
multiplier_4b_94b5f545896e4a8dfd64008bcb912b86.v	364.40	75	306.90	160	3	6
multiplier_4b_a245db66ca5e47f43a5c99c51a51f1f1.v	399.20	72	291.10	138	4	3
multiplier_4b_5125c5ea660e70dd292ebf5a62b53928.v	417.10	73	295.80	154	3	4
multiplier_4b_337c0adb2b27487af3197ad32f955d94.v	385.50	78	299.00	188	4	4
multiplier_4b_e304fb8ee94bfc9763a10990cf12f839.v	392.40	80	304.60	128	5	5
multiplier_4b_9c768ba29575b603da68b863984a9580.v	414.90	72	283.20	152	3	4
multiplier_4b_2a073ab04256bcf0933e10f63c6b0eb7.v	444.90	70	301.80	134	4	3
multiplier_4b_025290994a24a510ad4b8252053afc58.v	408.00	78	310.90	144	4	5
multiplier_4b_303ef2b659948ebb691c8ddfa12337c5.v	402.80	81	336.30	135	5	4
multiplier_4b_55bf15d11b283331323441eb26b4d801.v	414.40	78	299.20	177	3	6
multiplier_4b_7aaed779991d31e455a6e3bacff42b79.v	379.30	81	306.80	167	5	5
multiplier_4b_8e4a4cf7558b59d868e58466252c947e.v	385.60	71	292.50	166	5	2
multiplier_4b_05e436cc0024d13364920394fb23035e.v	407.30	81	310.70	180	3	7
multiplier_4b_182315b610040d04eaaa162dcd3638ea.v	371.70	80	295.90	207	5	5
multiplier_4b_99210bc0ba8299ebbb7bab35d2ad2d76.v	422.70	80	312.50	167	6	4
multiplier_4b_590872e18d841623115b1dc43964d9de.v	407.40	72	329.70	117	6	1
multiplier_4b_dbd9a5e3fd86dac943835dc28d6295b0.v	376.50	82	100000.00	100000	4	6
multiplier_4b_5137a362bb77a91662e40c2d2057cbe1.v	382.30	73	305.40	133	5	2
multiplier_4b_9c6f81c759425f4910aef058be98b4bb.v	451.50	75	100000.00	100000	5	3
multiplier_4b_204f8d20b829ab5c46e8935708ad8d54.v	399.90	75	278.00	162	4	4
multiplier_4b_7943ec5c4839a7fc58b7384997f8221d.v	405.50	81	306.80	164	5	5
multiplier_4b_d63398c72e6769763cb9635453f988fd.v	372.20	74	297.30	181	5	3
multiplier_4b_4311fc1df183fd78c655944e2e7f3077.v	403.30	74	304.90	137	6	3
multiplier_4b_d33cf40fc58638c4c034fb1dc68185d1.v	444.30	77	330.90	126	6	3
multiplier_4b_cb778d7cd290b389be6eb01d83c0ff16.v	369.90	71	281.70	148	4	3
multiplier_4b_0254a17666e4627f5449e644008463ff.v	404.30	69	308.40	149	5	2
multiplier_4b_0254a17666e4627f5449e644008463ff.v	404.30	69	308.40	149	5	2
multiplier_4b_daedaa7c59f862343b6af2f37cb80fd6.v	369.00	70	283.90	165	5	2
multiplier_4b_4311fc1df183fd78c655944e2e7f3077.v	403.30	74	304.90	137	6	3
multiplier_4b_9c768ba29575b603da68b863984a9580.v	414.90	72	283.20	152	3	4
multiplier_4b_ebeb3e17c04315d11d1a72e32f026f1e.v	424.10	77	317.50	160	5	4
multiplier_4b_cb778d7cd290b389be6eb01d83c0ff16.v	369.90	71	281.70	148	4	3
multiplier_4b_2d684afbfed8a3bd9eb71b96a4b391bf.v	423.40	78	314.70	147	4	5
multiplier_4b_65c78dacc7ed0680bac22c550f1bce3a.v	396.80	73	309.00	151	3	5
multiplier_4b_5137a362bb77a91662e40c2d2057cbe1.v	382.30	73	305.40	133	5	2
multiplier_4b_b688a899bdc927b71c41c8b3e206f2f2.v	402.80	76	301.20	144	4	4
multiplier_4b_24db09b781183e0d6ff09c0a9bfc5604.v	430.30	80	320.20	182	4	6
multiplier_4b_337c0adb2b27487af3197ad32f955d94.v	385.50	78	299.00	188	4	4
multiplier_4b_07db61aeb53f09b1457e4bc9a0317544.v	385.00	74	293.60	134	3	5
multiplier_4b_590872e18d841623115b1dc43964d9de.v	407.40	72	329.70	117	6	1
multiplier_4b_364eb555742ec75f645ffb98383e8597.v	414.80	77	287.80	166	3	5
multiplier_4b_d27c671f0a004ebb9f2df717470fe4ef.v	391.70	72	302.90	196	5	3
multiplier_4b_909a658693196efd08907e26eb90596c.v	396.40	85	330.70	180	5	7
multiplier_4b_0254a17666e4627f5449e644008463ff.v	404.30	69	308.40	149	5	2
multiplier_4b_72d80d39e5735768d07bf56d4ffee1ba.v	450.30	75	293.50	150	3	5
multiplier_4b_4359ccad55b28be59d19137252a21c82.v	399.60	73	284.60	182	4	4
multiplier_4b_9c768ba29575b603da68b863984a9580.v	414.90	72	283.20	152	3	4
multiplier_4b_7da28f06c44892471aafd28275889813.v	437.20	82	302.90	162	4	6
multiplier_4b_5137a362bb77a91662e40c2d2057cbe1.v	382.30	73	305.40	133	5	2
multiplier_4b_eee6499652194f063be5b89d5d42460f.v	379.30	71	295.10	156	4	3
multiplier_4b_ebda57b71b6dc2681e40157a96e66759.v	436.40	70	301.60	157	4	3
multiplier_4b_255acefcf0347c1c075959a5067bdd0b.v	489.20	73	297.70	165	4	4
multiplier_4b_5137a362bb77a91662e40c2d2057cbe1.v	382.30	73	305.40	133	5	2
multiplier_4b_ebda57b71b6dc2681e40157a96e66759.v	436.40	70	301.60	157	4	3
multiplier_4b_3b1143ffef2ad53a09ffdf259b04897d.v	396.60	80	321.40	169	6	4
multiplier_4b_9c376f2f069da2492e67f234e19b8a8d.v	386.90	75	100000.00	100000	3	4
multiplier_4b_d1221e4926cd6597570a9df3d080da8e.v	458.30	75	301.00	173	3	5
multiplier_4b_258a47f934e6acc8288512bd63bde2a5.v	397.60	80	318.90	199	5	5
multiplier_4b_b688a899bdc927b71c41c8b3e206f2f2.v	402.80	76	301.20	144	4	4
multiplier_4b_320fd61b9cf210a2a7ceec8004daab69.v	363.10	73	293.30	180	4	3
multiplier_4b_d443f68db32d4b2fe189b9165cd54c9d.v	420.00	79	308.30	204	4	6
multiplier_4b_9c768ba29575b603da68b863984a9580.v	414.90	72	283.20	152	3	4
multiplier_4b_8e4a4cf7558b59d868e58466252c947e.v	385.60	71	292.50	166	5	2
multiplier_4b_06434026d3f9ae9e37d771937f77984f.v	405.00	78	305.70	130	3	8
multiplier_4b_a245db66ca5e47f43a5c99c51a51f1f1.v	399.20	72	291.10	138	4	3
multiplier_4b_25ffa6e131d4ea76f15bc4fecab1495f.v	350.50	76	284.70	176	4	3
multiplier_4b_c655445c5f1d1c2dba914aa275d1cd8a.v	403.10	80	323.90	175	3	7
multiplier_4b_661a157ceae9621e3daf468538f483bc.v	378.20	73	291.90	178	6	2
multiplier_4b_3736749c00a679e7100e61dd8a43fb74.v	424.60	85	307.70	187	4	7
multiplier_4b_303ef2b659948ebb691c8ddfa12337c5.v	402.80	81	336.30	135	5	4
multiplier_4b_ea1a9ea15fe119465d2d266a7c8b3f43.v	432.50	75	328.30	123	6	2
multiplier_4b_48f4079a0eb31573ba1ede2c99d5a181.v	462.60	75	335.00	133	4	4
multiplier_4b_eee6499652194f063be5b89d5d42460f.v	379.30	71	295.10	156	4	3
multiplier_4b_d2ba2be1f52a9d228debfda1ff71ec21.v	451.70	72	321.20	162	7	1
multiplier_4b_13e7f9dfc18d5c9814f13e65b197f540.v	384.40	81	294.90	178	4	5
multiplier_4b_fd74ba4f0051d2f2ccc394856a4ea8b8.v	446.30	73	309.90	140	5	3
multiplier_4b_0254a17666e4627f5449e644008463ff.v	404.30	69	308.40	149	5	2
multiplier_4b_eee6499652194f063be5b89d5d42460f.v	379.30	71	295.10	156	4	3
multiplier_4b_2a073ab04256bcf0933e10f63c6b0eb7.v	444.90	70	301.80	134	4	3
multiplier_4b_8e4a4cf7558b59d868e58466252c947e.v	385.60	71	292.50	166	5	2
multiplier_4b_0254a17666e4627f5449e644008463ff.v	404.30	69	308.40	149	5	2
multiplier_4b_65c78dacc7ed0680bac22c550f1bce3a.v	396.80	73	309.00	151	3	5
multiplier_4b_e7a31ffaba474a87c0edb2e21e250541.v	405.40	82	320.70	170	6	5
multiplier_4b_d2ba2be1f52a9d228debfda1ff71ec21.v	451.70	72	321.20	162	7	1
multiplier_4b_0210f2430950a86c0244e5cffd5ee4d5.v	449.90	78	326.90	166	6	5
multiplier_4b_9d9869d3ff1edfaadf4d498d085fce5a.v	441.40	75	309.10	149	5	4
multiplier_4b_eee6499652194f063be5b89d5d42460f.v	379.30	71	295.10	156	4	3
multiplier_4b_320fd61b9cf210a2a7ceec8004daab69.v	363.10	73	293.30	180	4	3
multiplier_4b_d63398c72e6769763cb9635453f988fd.v	372.20	74	297.30	181	5	3
multiplier_4b_cb778d7cd290b389be6eb01d83c0ff16.v	369.90	71	281.70	148	4	3
multiplier_4b_590872e18d841623115b1dc43964d9de.v	407.40	72	329.70	117	6	1
multiplier_4b_74b0f98d14d50da4a9c1b33afd1327b2.v	455.00	73	311.70	155	6	2
multiplier_4b_584997ccf1651eeff7383d3f3e31e244.v	370.40	76	289.60	144	6	3
multiplier_4b_878408acdb0ee87f08ab3e3f7530d347.v	450.50	77	285.10	165	3	5
multiplier_4b_14fc0f68c935bb8cebb874cbd25687b4.v	462.50	77	303.60	156	6	2
multiplier_4b_daedaa7c59f862343b6af2f37cb80fd6.v	369.00	70	283.90	165	5	2
multiplier_4b_590872e18d841623115b1dc43964d9de.v	407.40	72	329.70	117	6	1
multiplier_4b_87b938243f1d3a02759cd5a76425e926.v	392.30	82	306.70	161	3	8
multiplier_4b_0e7337679101f18497e7e912743c8326.v	372.80	79	304.80	149	5	4
multiplier_4b_a245db66ca5e47f43a5c99c51a51f1f1.v	399.20	72	291.10	138	4	3
multiplier_4b_a4263fe5ba388b53ef12b58d96475e83.v	402.80	81	302.60	163	4	5
multiplier_4b_19685847eb8b684fde54051357e38ad8.v	416.30	77	325.00	168	6	3
multiplier_4b_9c376f2f069da2492e67f234e19b8a8d.v	386.90	75	100000.00	100000	3	4
multiplier_4b_9c768ba29575b603da68b863984a9580.v	414.90	72	283.20	152	3	4
multiplier_4b_a2f7c92b6de0eacaa5fa3e27a9c21cde.v	350.70	75	295.40	148	4	4
multiplier_4b_62fc00d9c4b582f18cb001ce4756fbc0.v	406.70	79	299.10	185	5	4
multiplier_4b_190c4bd0656290da78a8e781b343f631.v	427.40	73	305.90	172	5	2
multiplier_4b_72d80d39e5735768d07bf56d4ffee1ba.v	450.30	75	293.50	150	3	5
multiplier_4b_f13f54871bf3bb306ee5cb287159ec4a.v	386.30	77	299.80	190	4	4
multiplier_4b_aa01b3d7f64dbfbbb52b2e1bdccaac06.v	417.50	73	303.70	164	3	5
multiplier_4b_2a073ab04256bcf0933e10f63c6b0eb7.v	444.90	70	301.80	134	4	3
multiplier_4b_499cd8988edaefa9891e5ca91f22e69b.v	352.40	81	293.50	213	4	5
multiplier_4b_2a2e0d2946b6fe8ad594e155288b9e96.v	399.40	78	327.80	172	5	4
multiplier_4b_9ea526adf1137bc101f029d3d5cd8c68.v	434.40	80	326.70	179	5	5
multiplier_4b_60e646cf172fe805a25e21f00d3c1ad3.v	429.70	80	318.50	187	5	6
multiplier_4b_b33feff8587bf8863b33991062b03ecf.v	405.40	80	100000.00	100000	5	5
multiplier_4b_3f6e020e6b83bea8f3ffad17176492fd.v	406.30	83	310.30	165	4	6
multiplier_4b_ea1a9ea15fe119465d2d266a7c8b3f43.v	432.50	75	328.30	123	6	2
multiplier_4b_8e4a4cf7558b59d868e58466252c947e.v	385.60	71	292.50	166	5	2
multiplier_4b_26acc055f005f493481087e2a03c8fc1.v	438.00	73	304.60	154	3	5
multiplier_4b_64bcfbfb4a2af67c68a6ada5d32edba5.v	462.60	77	100000.00	100000	4	6
multiplier_4b_025290994a24a510ad4b8252053afc58.v	408.00	78	310.90	144	4	5
multiplier_4b_65c78dacc7ed0680bac22c550f1bce3a.v	396.80	73	309.00	151	3	5
multiplier_4b_c09893428b684dcb8849d8da7516e9cd.v	433.80	79	302.80	159	2	7
multiplier_4b_9da2371d9f64ca3b63ad4d9ccd0ae7c1.v	398.60	82	298.20	204	4	8
multiplier_4b_1c91ddfc84a0e9c4def70f51e8255f49.v	419.80	88	320.30	201	4	8
multiplier_4b_eee6499652194f063be5b89d5d42460f.v	379.30	71	295.10	156	4	3
multiplier_4b_b80351708d60100bdf524db79e53288f.v	421.80	74	306.50	149	4	4
multiplier_4b_25d49f470a93d732e25f0178f8f51e7a.v	409.70	81	297.30	182	2	9
multiplier_4b_5e5611c8d03f7ead513fed760f069f32.v	410.90	78	290.60	149	2	9
multiplier_4b_8294cc84c4accbc1114f49c5e606cfbe.v	409.90	75	290.70	130	4	4
multiplier_4b_daedaa7c59f862343b6af2f37cb80fd6.v	369.00	70	283.90	165	5	2
multiplier_4b_2d16a475cf9a8f41fa767e4658e2f823.v	413.90	79	100000.00	100000	3	7
multiplier_4b_25ffa6e131d4ea76f15bc4fecab1495f.v	350.50	76	284.70	176	4	3
multiplier_4b_a2f7c92b6de0eacaa5fa3e27a9c21cde.v	350.70	75	295.40	148	4	4
multiplier_4b_e304fb8ee94bfc9763a10990cf12f839.v	392.40	80	304.60	128	5	5
multiplier_4b_65b7e210114518ebd2e69869385d6eb7.v	395.50	80	100000.00	100000	4	5
multiplier_4b_78d81588802c8cdf461f939b38cef030.v	354.90	77	305.00	164	3	6
multiplier_4b_8e4a4cf7558b59d868e58466252c947e.v	385.60	71	292.50	166	5	2
multiplier_4b_ebef2b8b2ecf986fe27dacd515623722.v	390.30	77	303.40	120	5	3
multiplier_4b_320fd61b9cf210a2a7ceec8004daab69.v	363.10	73	293.30	180	4	3
multiplier_4b_a2f7c92b6de0eacaa5fa3e27a9c21cde.v	350.70	75	295.40	148	4	4
multiplier_4b_5125c5ea660e70dd292ebf5a62b53928.v	417.10	73	295.80	154	3	4
multiplier_4b_ebda57b71b6dc2681e40157a96e66759.v	436.40	70	301.60	157	4	3
multiplier_4b_4579d33a6ba7e075fd7df9f5864be034.v	409.40	86	100000.00	100000	4	6
multiplier_4b_25df5b2945a0f5bba2a64c3967c65537.v	412.20	73	302.20	173	4	4
multiplier_4b_947e2edf2da310f3cefc653c066ca12d.v	391.60	75	294.30	170	5	3
multiplier_4b_1267f1a566765fe51b96258dd00876a9.v	426.30	79	100000.00	100000	1	10
multiplier_4b_8084796aad10b5a9baa8b3fb60261578.v	387.60	77	286.00	159	5	4
multiplier_4b_8c8a06c4dcae601d8c0472da1c2e165a.v	436.00	74	289.00	175	4	4
multiplier_4b_3a97b4f324e49e29dbe802b341d69426.v	352.90	70	280.30	155	4	3
multiplier_4b_2d684afbfed8a3bd9eb71b96a4b391bf.v	423.40	78	314.70	147	4	5
multiplier_4b_9c376f2f069da2492e67f234e19b8a8d.v	386.90	75	100000.00	100000	3	4
multiplier_4b_d1221e4926cd6597570a9df3d080da8e.v	458.30	75	301.00	173	3	5
multiplier_4b_ebda57b71b6dc2681e40157a96e66759.v	436.40	70	301.60	157	4	3
multiplier_4b_48db09971cae5e51e538668809056ad4.v	453.90	84	321.00	177	4	8
multiplier_4b_b96a35d56690691de883b652005fe370.v	372.20	73	297.40	194	5	3
multiplier_4b_14fc0f68c935bb8cebb874cbd25687b4.v	462.50	77	303.60	156	6	2
multiplier_4b_190c4bd0656290da78a8e781b343f631.v	427.40	73	305.90	172	5	2
multiplier_4b_f3501a31dd0e79cdb59fde556863bbc7.v	438.90	76	315.00	140	5	3
multiplier_4b_a6533078e4aa17fced8ed7502da2aa11.v	389.90	82	303.30	161	5	4
multiplier_4b_1aa1a10c9b315a51d137201d9ae7e63f.v	410.10	77	280.40	174	4	4
multiplier_4b_3da45529a68fac0432475fd92b0f0d55.v	470.10	71	313.60	130	4	4
multiplier_4b_663bddbcb1a924b16ec69e5d3094441a.v	412.70	79	309.20	167	4	6
multiplier_4b_0254a17666e4627f5449e644008463ff.v	404.30	69	308.40	149	5	2
multiplier_4b_8c094b5f52a4d076a4b3040a8855c99b.v	383.50	74	284.40	171	5	3
multiplier_4b_c77a976625831909c7d0194b0afaeaea.v	411.30	77	297.40	148	5	3
multiplier_4b_b4192a6b96bce21b26b0ae173c7ece7c.v	418.70	77	316.50	160	6	3
multiplier_4b_947e2edf2da310f3cefc653c066ca12d.v	391.60	75	294.30	170	5	3
multiplier_4b_423cc50482ba0b758b4effc076e93061.v	404.30	84	309.40	211	4	6
multiplier_4b_87fb15a258055888dbea2ca02ce66767.v	409.70	75	284.50	171	3	4
multiplier_4b_320fd61b9cf210a2a7ceec8004daab69.v	363.10	73	293.30	180	4	3
multiplier_4b_f4ec0d19c855b8414fd6ea916044148f.v	420.00	83	100000.00	100000	4	6
multiplier_4b_590872e18d841623115b1dc43964d9de.v	407.40	72	329.70	117	6	1
multiplier_4b_ebef2b8b2ecf986fe27dacd515623722.v	390.30	77	303.40	120	5	3
multiplier_4b_0254a17666e4627f5449e644008463ff.v	404.30	69	308.40	149	5	2
multiplier_4b_72d80d39e5735768d07bf56d4ffee1ba.v	450.30	75	293.50	150	3	5
multiplier_4b_af462453d3d023d7dd5ca57d5597acf5.v	467.70	80	324.30	159	5	5
multiplier_4b_2d16a475cf9a8f41fa767e4658e2f823.v	413.90	79	100000.00	100000	3	7
multiplier_4b_abce254e5affba47240262dd8fab1c39.v	372.30	85	315.80	168	3	7
multiplier_4b_e82d85da919d630685036f16dd0e1914.v	407.00	76	299.30	183	3	5
multiplier_4b_1ddd6100a99c0033b90e8387354cdfb5.v	424.90	77	300.00	172	5	3
multiplier_4b_d6d1a75cdcc2ca9a80e734a4af91d21f.v	451.00	84	305.60	200	5	6
multiplier_4b_f27b8e06e32c303d53b6a81f8af945e3.v	381.80	77	306.60	174	6	4
multiplier_4b_4311fc1df183fd78c655944e2e7f3077.v	403.30	74	304.90	137	6	3
multiplier_4b_423cc50482ba0b758b4effc076e93061.v	404.30	84	309.40	211	4	6
multiplier_4b_190c4bd0656290da78a8e781b343f631.v	427.40	73	305.90	172	5	2
multiplier_4b_661a157ceae9621e3daf468538f483bc.v	378.20	73	291.90	178	6	2
multiplier_4b_337c0adb2b27487af3197ad32f955d94.v	385.50	78	299.00	188	4	4
multiplier_4b_0254a17666e4627f5449e644008463ff.v	404.30	69	308.40	149	5	2
multiplier_4b_9c768ba29575b603da68b863984a9580.v	414.90	72	283.20	152	3	4
multiplier_4b_aa01b3d7f64dbfbbb52b2e1bdccaac06.v	417.50	73	303.70	164	3	5
multiplier_4b_eee6499652194f063be5b89d5d42460f.v	379.30	71	295.10	156	4	3
multiplier_4b_20ab604062909ce9a04d246c4a778d06.v	372.40	74	308.70	147	4	4
multiplier_4b_42c3e3d2b5d8c33aea24875e50b6c2b5.v	382.30	81	307.20	160	5	4
multiplier_4b_590872e18d841623115b1dc43964d9de.v	407.40	72	329.70	117	6	1
multiplier_4b_d1221e4926cd6597570a9df3d080da8e.v	458.30	75	301.00	173	3	5
multiplier_4b_a245db66ca5e47f43a5c99c51a51f1f1.v	399.20	72	291.10	138	4	3
multiplier_4b_64d57c1219eea0cf60677b7e11599d8a.v	414.90	76	100000.00	100000	3	5
multiplier_4b_584997ccf1651eeff7383d3f3e31e244.v	370.40	76	289.60	144	6	3
multiplier_4b_0254a17666e4627f5449e644008463ff.v	404.30	69	308.40	149	5	2
multiplier_4b_5137a362bb77a91662e40c2d2057cbe1.v	382.30	73	305.40	133	5	2
multiplier_4b_383bf672ef5e8644ed451e369f15a6a3.v	356.40	76	100000.00	100000	4	4
multiplier_4b_6832d6128d0f12dbe5f991fc07f4211f.v	378.30	81	308.50	183	6	4
multiplier_4b_a2d80ee234550fdf4c77f9ae174a9b7b.v	424.00	78	323.70	143	6	4
multiplier_4b_cb778d7cd290b389be6eb01d83c0ff16.v	369.90	71	281.70	148	4	3
multiplier_4b_204f8d20b829ab5c46e8935708ad8d54.v	399.90	75	278.00	162	4	4
multiplier_4b_5125c5ea660e70dd292ebf5a62b53928.v	417.10	73	295.80	154	3	4
multiplier_4b_bc93dac003ff7ce73a946c31fcae7859.v	454.00	75	294.00	186	3	5
multiplier_4b_26acc055f005f493481087e2a03c8fc1.v	438.00	73	304.60	154	3	5
multiplier_4b_303ef2b659948ebb691c8ddfa12337c5.v	402.80	81	336.30	135	5	4
multiplier_4b_daedaa7c59f862343b6af2f37cb80fd6.v	369.00	70	283.90	165	5	2
multiplier_4b_a9732630cb47aaeb8c7d871ca8976617.v	442.60	77	320.70	142	5	3
multiplier_4b_590872e18d841623115b1dc43964d9de.v	407.40	72	329.70	117	6	1
multiplier_4b_a2f7c92b6de0eacaa5fa3e27a9c21cde.v	350.70	75	295.40	148	4	4
multiplier_4b_ea1a9ea15fe119465d2d266a7c8b3f43.v	432.50	75	328.30	123	6	2
multiplier_4b_b33feff8587bf8863b33991062b03ecf.v	405.40	80	100000.00	100000	5	5
multiplier_4b_62fc00d9c4b582f18cb001ce4756fbc0.v	406.70	79	299.10	185	5	4
multiplier_4b_59998b78ec4647bd8903035ade8ae789.v	411.60	76	315.40	181	7	2
multiplier_4b_48f539bbeebf9eae3dc9a5fcdf3a2d84.v	409.90	85	320.90	198	5	8
multiplier_4b_f99a1b11cc5d180e70c0d783401ee679.v	390.10	77	285.00	191	3	6
multiplier_4b_025290994a24a510ad4b8252053afc58.v	408.00	78	310.90	144	4	5
multiplier_4b_8d91a217823a110a6fe9bde8583927b9.v	472.90	75	337.60	125	5	3
multiplier_4b_9c376f2f069da2492e67f234e19b8a8d.v	386.90	75	100000.00	100000	3	4
multiplier_4b_c77a976625831909c7d0194b0afaeaea.v	411.30	77	297.40	148	5	3
multiplier_4b_9c376f2f069da2492e67f234e19b8a8d.v	386.90	75	100000.00	100000	3	4
multiplier_4b_fa4a5c127cbe4302aae47149925324d6.v	366.10	80	321.30	160	4	7
multiplier_4b_87db339299c12055b99bbd2600d2d9d2.v	370.40	83	302.70	190	5	5
multiplier_4b_25ffa6e131d4ea76f15bc4fecab1495f.v	350.50	76	284.70	176	4	3
multiplier_4b_d63398c72e6769763cb9635453f988fd.v	372.20	74	297.30	181	5	3
multiplier_4b_584997ccf1651eeff7383d3f3e31e244.v	370.40	76	289.60	144	6	3
multiplier_4b_0210f2430950a86c0244e5cffd5ee4d5.v	449.90	78	326.90	166	6	5
multiplier_4b_ebda57b71b6dc2681e40157a96e66759.v	436.40	70	301.60	157	4	3
multiplier_4b_ebda57b71b6dc2681e40157a96e66759.v	436.40	70	301.60	157	4	3
multiplier_4b_9c376f2f069da2492e67f234e19b8a8d.v	386.90	75	100000.00	100000	3	4
multiplier_4b_592120fc052658d01afeb73c1b606e13.v	398.10	81	307.40	179	4	5
multiplier_4b_a6533078e4aa17fced8ed7502da2aa11.v	389.90	82	303.30	161	5	4
multiplier_4b_38ef0cf66940cc677a27a1a1bc92cc26.v	436.40	82	308.20	175	3	8
multiplier_4b_daedaa7c59f862343b6af2f37cb80fd6.v	369.00	70	283.90	165	5	2
multiplier_4b_a2f7c92b6de0eacaa5fa3e27a9c21cde.v	350.70	75	295.40	148	4	4
multiplier_4b_31b41f3fa0f24aba275cc1f2e49c83b7.v	461.50	77	303.10	171	6	2
multiplier_4b_a2f7c92b6de0eacaa5fa3e27a9c21cde.v	350.70	75	295.40	148	4	4
multiplier_4b_0254a17666e4627f5449e644008463ff.v	404.30	69	308.40	149	5	2
multiplier_4b_a8f4a7c7ec50b14b5c8f5f258e2708e4.v	395.20	81	100000.00	100000	3	8
multiplier_4b_5d89f17979cb52905cbf083d85212b5d.v	396.30	79	308.90	221	5	5
multiplier_4b_9c376f2f069da2492e67f234e19b8a8d.v	386.90	75	100000.00	100000	3	4
multiplier_4b_8c8a06c4dcae601d8c0472da1c2e165a.v	436.00	74	289.00	175	4	4
multiplier_4b_d612ae7c6497498c29a0dbf66483507e.v	405.50	77	305.60	174	5	4
multiplier_4b_b96a35d56690691de883b652005fe370.v	372.20	73	297.40	194	5	3
multiplier_4b_a8d1e5839a2846678d7172d37e0fa7ad.v	448.60	84	311.70	203	4	6
multiplier_4b_9c768ba29575b603da68b863984a9580.v	414.90	72	283.20	152	3	4
multiplier_4b_9ca4e536d3011fb83ce504cdcacca3f3.v	408.50	77	100000.00	100000	4	6
multiplier_4b_abc4721621db3e200a5d3783ce924c03.v	438.30	76	312.50	146	6	3
multiplier_4b_a245db66ca5e47f43a5c99c51a51f1f1.v	399.20	72	291.10	138	4	3
multiplier_4b_8c094b5f52a4d076a4b3040a8855c99b.v	383.50	74	284.40	171	5	3
multiplier_4b_ebda57b71b6dc2681e40157a96e66759.v	436.40	70	301.60	157	4	3
multiplier_4b_5137a362bb77a91662e40c2d2057cbe1.v	382.30	73	305.40	133	5	2
multiplier_4b_1ddd6100a99c0033b90e8387354cdfb5.v	424.90	77	300.00	172	5	3
multiplier_4b_2b1b935d7430ba59f0d44f59eadfda87.v	436.60	75	301.20	145	3	5
multiplier_4b_6832d6128d0f12dbe5f991fc07f4211f.v	378.30	81	308.50	183	6	4
multiplier_4b_cb778d7cd290b389be6eb01d83c0ff16.v	369.90	71	281.70	148	4	3
multiplier_4b_337c0adb2b27487af3197ad32f955d94.v	385.50	78	299.00	188	4	4
multiplier_4b_2b1ea9e5f97574ba3d5949a7084f6fe9.v	417.80	81	313.00	189	5	5
multiplier_4b_d63398c72e6769763cb9635453f988fd.v	372.20	74	297.30	181	5	3
multiplier_4b_4361d39c44730a46cfbb79d26c7fa39e.v	431.40	86	309.40	171	4	9
multiplier_4b_5d840eb636d8700d432781fe39cc0a32.v	409.30	76	294.60	149	3	6
multiplier_4b_74b0f98d14d50da4a9c1b33afd1327b2.v	455.00	73	311.70	155	6	2
multiplier_4b_d2ba2be1f52a9d228debfda1ff71ec21.v	451.70	72	321.20	162	7	1
multiplier_4b_320fd61b9cf210a2a7ceec8004daab69.v	363.10	73	293.30	180	4	3
multiplier_4b_6d380b9b0719305912db82f12d20b714.v	413.60	80	307.00	212	4	6
multiplier_4b_ebda57b71b6dc2681e40157a96e66759.v	436.40	70	301.60	157	4	3
multiplier_4b_d1221e4926cd6597570a9df3d080da8e.v	458.30	75	301.00	173	3	5
multiplier_4b_2bbcea7dcbbb059f4045f2a7b1756c18.v	425.90	79	305.80	174	5	4
multiplier_4b_c77a976625831909c7d0194b0afaeaea.v	411.30	77	297.40	148	5	3
multiplier_4b_20ab604062909ce9a04d246c4a778d06.v	372.40	74	308.70	147	4	4
multiplier_4b_428e065a5b576cbeaf768374928ce971.v	413.00	83	311.90	148	2	10
multiplier_4b_f71764fe216ac52ddd79cb43dec84bb8.v	381.90	78	294.80	177	4	5
multiplier_4b_89d49475eb2e9573212b5e19c767eacb.v	416.10	76	306.10	139	5	4
multiplier_4b_8e4a4cf7558b59d868e58466252c947e.v	385.60	71	292.50	166	5	2
multiplier_4b_8caaa7ea28c257887711f0bdf18bc3bc.v	398.10	77	304.30	160	5	4
multiplier_4b_ebef2b8b2ecf986fe27dacd515623722.v	390.30	77	303.40	120	5	3
multiplier_4b_d8347d2e66edeed878a614843fb29c68.v	425.60	78	332.40	150	6	4
multiplier_4b_337c0adb2b27487af3197ad32f955d94.v	385.50	78	299.00	188	4	4
multiplier_4b_5137a362bb77a91662e40c2d2057cbe1.v	382.30	73	305.40	133	5	2
multiplier_4b_590872e18d841623115b1dc43964d9de.v	407.40	72	329.70	117	6	1
multiplier_4b_3a97b4f324e49e29dbe802b341d69426.v	352.90	70	280.30	155	4	3
multiplier_4b_25ffa6e131d4ea76f15bc4fecab1495f.v	350.50	76	284.70	176	4	3
multiplier_4b_a245db66ca5e47f43a5c99c51a51f1f1.v	399.20	72	291.10	138	4	3
multiplier_4b_f99a1b11cc5d180e70c0d783401ee679.v	390.10	77	285.00	191	3	6
multiplier_4b_d6d1a75cdcc2ca9a80e734a4af91d21f.v	451.00	84	305.60	200	5	6
multiplier_4b_1197101e854acfae84c56947334dd4ad.v	381.30	79	312.00	147	5	4
multiplier_4b_cb778d7cd290b389be6eb01d83c0ff16.v	369.90	71	281.70	148	4	3
multiplier_4b_5125c5ea660e70dd292ebf5a62b53928.v	417.10	73	295.80	154	3	4
multiplier_4b_0254a17666e4627f5449e644008463ff.v	404.30	69	308.40	149	5	2
multiplier_4b_78381886b026e06ea71bbea61ae44348.v	378.50	77	288.60	158	4	5
multiplier_4b_cb778d7cd290b389be6eb01d83c0ff16.v	369.90	71	281.70	148	4	3
multiplier_4b_590872e18d841623115b1dc43964d9de.v	407.40	72	329.70	117	6	1
multiplier_4b_9c376f2f069da2492e67f234e19b8a8d.v	386.90	75	100000.00	100000	3	4
multiplier_4b_d63398c72e6769763cb9635453f988fd.v	372.20	74	297.30	181	5	3
multiplier_4b_f3501a31dd0e79cdb59fde556863bbc7.v	438.90	76	315.00	140	5	3
multiplier_4b_06ffb7def7336c5ae08d59396fe7452d.v	394.50	76	279.00	165	4	4
multiplier_4b_f13f54871bf3bb306ee5cb287159ec4a.v	386.30	77	299.80	190	4	4
multiplier_4b_9511cbf02e658491dd007c71331dcd97.v	349.80	73	300.60	142	4	4
multiplier_4b_a0d3dc4e5ad45a1b862b4a0f89e5d3be.v	370.50	82	100000.00	100000	3	8
multiplier_4b_d6d595cb4f780305b2b7eae274f3a348.v	368.90	77	327.00	163	6	4
multiplier_4b_b24eb57c71677e8983b3771a890281b3.v	450.50	76	100000.00	100000	4	7
multiplier_4b_e347701a28c12e2c20be5ba1e645a7fa.v	386.90	79	308.80	186	4	6
multiplier_4b_8e4a4cf7558b59d868e58466252c947e.v	385.60	71	292.50	166	5	2
multiplier_4b_eaa957e2d1326bbcfe05ff57df45c0e3.v	408.20	79	313.10	188	4	6
multiplier_4b_59998b78ec4647bd8903035ade8ae789.v	411.60	76	315.40	181	7	2
multiplier_4b_5125c5ea660e70dd292ebf5a62b53928.v	417.10	73	295.80	154	3	4
multiplier_4b_590872e18d841623115b1dc43964d9de.v	407.40	72	329.70	117	6	1
multiplier_4b_3cd1719725de55127a4d2537c5ad3267.v	421.60	74	312.20	175	4	4
multiplier_4b_5125c5ea660e70dd292ebf5a62b53928.v	417.10	73	295.80	154	3	4
multiplier_4b_7f60b094755b26d8709956b989e71efd.v	421.80	80	100000.00	100000	4	6
multiplier_4b_584997ccf1651eeff7383d3f3e31e244.v	370.40	76	289.60	144	6	3
multiplier_4b_10da21a959e3eb2b31b8de5c1287fca3.v	394.70	72	325.80	150	6	2
multiplier_4b_ebef2b8b2ecf986fe27dacd515623722.v	390.30	77	303.40	120	5	3
multiplier_4b_89d49475eb2e9573212b5e19c767eacb.v	416.10	76	306.10	139	5	4
multiplier_4b_b688a899bdc927b71c41c8b3e206f2f2.v	402.80	76	301.20	144	4	4
multiplier_4b_0100fe44b2aafac4c22e336a72372145.v	420.00	81	296.80	184	3	6
multiplier_4b_5137a362bb77a91662e40c2d2057cbe1.v	382.30	73	305.40	133	5	2
multiplier_4b_3a97b4f324e49e29dbe802b341d69426.v	352.90	70	280.30	155	4	3
multiplier_4b_9c768ba29575b603da68b863984a9580.v	414.90	72	283.20	152	3	4
multiplier_4b_190c4bd0656290da78a8e781b343f631.v	427.40	73	305.90	172	5	2
multiplier_4b_59998b78ec4647bd8903035ade8ae789.v	411.60	76	315.40	181	7	2
multiplier_4b_10da21a959e3eb2b31b8de5c1287fca3.v	394.70	72	325.80	150	6	2
multiplier_4b_f3501a31dd0e79cdb59fde556863bbc7.v	438.90	76	315.00	140	5	3
multiplier_4b_320fd61b9cf210a2a7ceec8004daab69.v	363.10	73	293.30	180	4	3
multiplier_4b_aa01b3d7f64dbfbbb52b2e1bdccaac06.v	417.50	73	303.70	164	3	5
multiplier_4b_2a073ab04256bcf0933e10f63c6b0eb7.v	444.90	70	301.80	134	4	3
multiplier_4b_182315b610040d04eaaa162dcd3638ea.v	371.70	80	295.90	207	5	5
multiplier_4b_922f20ae5cf3a430a190eaf608143bb6.v	431.50	81	303.90	148	3	9
multiplier_4b_25df5b2945a0f5bba2a64c3967c65537.v	412.20	73	302.20	173	4	4
multiplier_4b_87fb15a258055888dbea2ca02ce66767.v	409.70	75	284.50	171	3	4
multiplier_4b_a245db66ca5e47f43a5c99c51a51f1f1.v	399.20	72	291.10	138	4	3
multiplier_4b_a2f7c92b6de0eacaa5fa3e27a9c21cde.v	350.70	75	295.40	148	4	4
multiplier_4b_5137a362bb77a91662e40c2d2057cbe1.v	382.30	73	305.40	133	5	2
multiplier_4b_b544b00e816d482d590e1a13d613be21.v	359.40	78	100000.00	100000	3	7
multiplier_4b_a2d80ee234550fdf4c77f9ae174a9b7b.v	424.00	78	323.70	143	6	4
multiplier_4b_cb778d7cd290b389be6eb01d83c0ff16.v	369.90	71	281.70	148	4	3
multiplier_4b_eee6499652194f063be5b89d5d42460f.v	379.30	71	295.10	156	4	3
multiplier_4b_ea1a9ea15fe119465d2d266a7c8b3f43.v	432.50	75	328.30	123	6	2
multiplier_4b_661a157ceae9621e3daf468538f483bc.v	378.20	73	291.90	178	6	2
multiplier_4b_25ffa6e131d4ea76f15bc4fecab1495f.v	350.50	76	284.70	176	4	3
multiplier_4b_a9732630cb47aaeb8c7d871ca8976617.v	442.60	77	320.70	142	5	3
multiplier_4b_eee6499652194f063be5b89d5d42460f.v	379.30	71	295.10	156	4	3
multiplier_4b_daedaa7c59f862343b6af2f37cb80fd6.v	369.00	70	283.90	165	5	2
multiplier_4b_20bb38377257fd13e177a0cf1e876931.v	374.50	80	299.70	160	2	7
multiplier_4b_0254a17666e4627f5449e644008463ff.v	404.30	69	308.40	149	5	2
multiplier_4b_190c4bd0656290da78a8e781b343f631.v	427.40	73	305.90	172	5	2
multiplier_4b_e674d14f7958f0620ee9ded2f8f26f8b.v	386.80	74	303.90	161	4	4
multiplier_4b_320fd61b9cf210a2a7ceec8004daab69.v	363.10	73	293.30	180	4	3
multiplier_4b_190c4bd0656290da78a8e781b343f631.v	427.40	73	305.90	172	5	2
multiplier_4b_74b0f98d14d50da4a9c1b33afd1327b2.v	455.00	73	311.70	155	6	2
multiplier_4b_ea1a9ea15fe119465d2d266a7c8b3f43.v	432.50	75	328.30	123	6	2
multiplier_4b_a2f7c92b6de0eacaa5fa3e27a9c21cde.v	350.70	75	295.40	148	4	4
multiplier_4b_9c768ba29575b603da68b863984a9580.v	414.90	72	283.20	152	3	4
multiplier_4b_8e4a4cf7558b59d868e58466252c947e.v	385.60	71	292.50	166	5	2
multiplier_4b_8d91a217823a110a6fe9bde8583927b9.v	472.90	75	337.60	125	5	3
multiplier_4b_fa55bd2837fc373b4d95d4f632a9c120.v	402.80	73	291.80	152	5	3
multiplier_4b_320fd61b9cf210a2a7ceec8004daab69.v	363.10	73	293.30	180	4	3
multiplier_4b_8c094b5f52a4d076a4b3040a8855c99b.v	383.50	74	284.40	171	5	3
multiplier_4b_190c4bd0656290da78a8e781b343f631.v	427.40	73	305.90	172	5	2
multiplier_4b_f71764fe216ac52ddd79cb43dec84bb8.v	381.90	78	294.80	177	4	5
multiplier_4b_eee6499652194f063be5b89d5d42460f.v	379.30	71	295.10	156	4	3
multiplier_4b_a6533078e4aa17fced8ed7502da2aa11.v	389.90	82	303.30	161	5	4
multiplier_4b_a6533078e4aa17fced8ed7502da2aa11.v	389.90	82	303.30	161	5	4
multiplier_4b_bb31eab22d9e3e51cb9265fe6c56ea6b.v	352.60	79	297.50	198	4	6
multiplier_4b_590872e18d841623115b1dc43964d9de.v	407.40	72	329.70	117	6	1
multiplier_4b_3a97b4f324e49e29dbe802b341d69426.v	352.90	70	280.30	155	4	3
multiplier_4b_36c9b942df0d444a9c45d024a61badab.v	377.00	80	307.20	180	5	5
multiplier_4b_cb778d7cd290b389be6eb01d83c0ff16.v	369.90	71	281.70	148	4	3
multiplier_4b_4c320bdc339f162f3a7947e486d79fbf.v	413.90	79	100000.00	100000	3	6
multiplier_4b_eee6499652194f063be5b89d5d42460f.v	379.30	71	295.10	156	4	3
multiplier_4b_c77a976625831909c7d0194b0afaeaea.v	411.30	77	297.40	148	5	3
multiplier_4b_87fb15a258055888dbea2ca02ce66767.v	409.70	75	284.50	171	3	4
multiplier_4b_e674d14f7958f0620ee9ded2f8f26f8b.v	386.80	74	303.90	161	4	4
multiplier_4b_ebda57b71b6dc2681e40157a96e66759.v	436.40	70	301.60	157	4	3
multiplier_4b_48bef1340316d1d9968d8deb49a1b473.v	397.50	86	302.00	180	3	7
multiplier_4b_b96a35d56690691de883b652005fe370.v	372.20	73	297.40	194	5	3
multiplier_4b_d63398c72e6769763cb9635453f988fd.v	372.20	74	297.30	181	5	3
multiplier_4b_f79ed73d62fa46bd27201bd7dafcda96.v	369.20	74	299.00	173	4	5
multiplier_4b_f327bdc874d864a95f8f9a06bc9b4c1c.v	455.60	80	322.70	164	4	6
multiplier_4b_8e4a4cf7558b59d868e58466252c947e.v	385.60	71	292.50	166	5	2
multiplier_4b_9c376f2f069da2492e67f234e19b8a8d.v	386.90	75	100000.00	100000	3	4
multiplier_4b_daedaa7c59f862343b6af2f37cb80fd6.v	369.00	70	283.90	165	5	2
multiplier_4b_8e4a4cf7558b59d868e58466252c947e.v	385.60	71	292.50	166	5	2
multiplier_4b_b80351708d60100bdf524db79e53288f.v	421.80	74	306.50	149	4	4
multiplier_4b_24db09b781183e0d6ff09c0a9bfc5604.v	430.30	80	320.20	182	4	6
multiplier_4b_25ffa6e131d4ea76f15bc4fecab1495f.v	350.50	76	284.70	176	4	3
multiplier_4b_7e80440a2cec6c2221c5259fc66663b6.v	380.70	81	305.30	181	4	6
multiplier_4b_9c768ba29575b603da68b863984a9580.v	414.90	72	283.20	152	3	4
multiplier_4b_a245db66ca5e47f43a5c99c51a51f1f1.v	399.20	72	291.10	138	4	3
multiplier_4b_863a039fea5225e9de381d3cb3852457.v	387.50	80	323.50	173	5	5
multiplier_4b_28dbd1cd71ee74e7493e1edd80eeeb4b.v	380.50	81	310.40	184	4	7
multiplier_4b_0254a17666e4627f5449e644008463ff.v	404.30	69	308.40	149	5	2
multiplier_4b_daedaa7c59f862343b6af2f37cb80fd6.v	369.00	70	283.90	165	5	2
multiplier_4b_5871ce4efa7a2f0f9d10947aef1b335f.v	439.50	76	308.40	175	3	6
multiplier_4b_9c768ba29575b603da68b863984a9580.v	414.90	72	283.20	152	3	4
multiplier_4b_e1e652659eceafe8fc26a3775649ca48.v	429.90	77	300.30	147	2	7
multiplier_4b_4359ccad55b28be59d19137252a21c82.v	399.60	73	284.60	182	4	4
multiplier_4b_78381886b026e06ea71bbea61ae44348.v	378.50	77	288.60	158	4	5
multiplier_4b_aa01b3d7f64dbfbbb52b2e1bdccaac06.v	417.50	73	303.70	164	3	5
multiplier_4b_41c0ddfa5f682f208c7c029a12313ca7.v	453.00	76	311.30	156	5	4
multiplier_4b_d2ba2be1f52a9d228debfda1ff71ec21.v	451.70	72	321.20	162	7	1
multiplier_4b_d33cf40fc58638c4c034fb1dc68185d1.v	444.30	77	330.90	126	6	3
multiplier_4b_5aab359bbc138c0fedc64abb96b4c083.v	379.30	82	300.40	209	3	6
multiplier_4b_f99a1b11cc5d180e70c0d783401ee679.v	390.10	77	285.00	191	3	6
multiplier_4b_a245db66ca5e47f43a5c99c51a51f1f1.v	399.20	72	291.10	138	4	3
multiplier_4b_8e4a4cf7558b59d868e58466252c947e.v	385.60	71	292.50	166	5	2
multiplier_4b_a1f9e08c92077d9af3690c7e64c6cc50.v	380.70	75	304.20	196	4	5
multiplier_4b_25ffa6e131d4ea76f15bc4fecab1495f.v	350.50	76	284.70	176	4	3
multiplier_4b_383bdd910b6a8d3d66de3c896dfd386d.v	375.40	81	300.90	169	3	6
multiplier_4b_20bb38377257fd13e177a0cf1e876931.v	374.50	80	299.70	160	2	7
multiplier_4b_cd7d516dca79d343c78c3f021834851b.v	447.10	77	334.80	138	5	4
multiplier_4b_a5bc972be85b9e0d9d33c7ee9a6727db.v	438.00	81	320.50	190	6	5
multiplier_4b_0100fe44b2aafac4c22e336a72372145.v	420.00	81	296.80	184	3	6
multiplier_4b_0254a17666e4627f5449e644008463ff.v	404.30	69	308.40	149	5	2
multiplier_4b_9c6f81c759425f4910aef058be98b4bb.v	451.50	75	100000.00	100000	5	3
multiplier_4b_320fd61b9cf210a2a7ceec8004daab69.v	363.10	73	293.30	180	4	3
multiplier_4b_590872e18d841623115b1dc43964d9de.v	407.40	72	329.70	117	6	1
multiplier_4b_13e7f9dfc18d5c9814f13e65b197f540.v	384.40	81	294.90	178	4	5
multiplier_4b_5137a362bb77a91662e40c2d2057cbe1.v	382.30	73	305.40	133	5	2
multiplier_4b_f3501a31dd0e79cdb59fde556863bbc7.v	438.90	76	315.00	140	5	3
multiplier_4b_41f3a8dc847bc05bceafc1e681bca024.v	444.30	82	317.40	192	4	6
multiplier_4b_64d57c1219eea0cf60677b7e11599d8a.v	414.90	76	100000.00	100000	3	5
multiplier_4b_71b2f2f28344ee3ec146dd5cc996e14d.v	356.50	78	294.30	178	2	7
multiplier_4b_cb778d7cd290b389be6eb01d83c0ff16.v	369.90	71	281.70	148	4	3
multiplier_4b_9c376f2f069da2492e67f234e19b8a8d.v	386.90	75	100000.00	100000	3	4
multiplier_4b_5137a362bb77a91662e40c2d2057cbe1.v	382.30	73	305.40	133	5	2
multiplier_4b_87fb15a258055888dbea2ca02ce66767.v	409.70	75	284.50	171	3	4
multiplier_4b_c40897162350cc399443c1fc4e295f46.v	419.30	75	295.20	172	4	4
multiplier_4b_abc4721621db3e200a5d3783ce924c03.v	438.30	76	312.50	146	6	3
multiplier_4b_59998b78ec4647bd8903035ade8ae789.v	411.60	76	315.40	181	7	2
multiplier_4b_eee6499652194f063be5b89d5d42460f.v	379.30	71	295.10	156	4	3
multiplier_4b_a245db66ca5e47f43a5c99c51a51f1f1.v	399.20	72	291.10	138	4	3
multiplier_4b_8d91a217823a110a6fe9bde8583927b9.v	472.90	75	337.60	125	5	3
multiplier_4b_bc93dac003ff7ce73a946c31fcae7859.v	454.00	75	294.00	186	3	5
multiplier_4b_d2ba2be1f52a9d228debfda1ff71ec21.v	451.70	72	321.20	162	7	1
multiplier_4b_a6533078e4aa17fced8ed7502da2aa11.v	389.90	82	303.30	161	5	4
multiplier_4b_26acc055f005f493481087e2a03c8fc1.v	438.00	73	304.60	154	3	5
multiplier_4b_590872e18d841623115b1dc43964d9de.v	407.40	72	329.70	117	6	1
multiplier_4b_41f3a8dc847bc05bceafc1e681bca024.v	444.30	82	317.40	192	4	6
multiplier_4b_383bf672ef5e8644ed451e369f15a6a3.v	356.40	76	100000.00	100000	4	4
multiplier_4b_8caaa7ea28c257887711f0bdf18bc3bc.v	398.10	77	304.30	160	5	4
multiplier_4b_4709bf9fc67f67afe3f24fc4e105236e.v	413.20	81	319.00	154	5	7
multiplier_4b_10da21a959e3eb2b31b8de5c1287fca3.v	394.70	72	325.80	150	6	2
multiplier_4b_8e4a4cf7558b59d868e58466252c947e.v	385.60	71	292.50	166	5	2
multiplier_4b_190c4bd0656290da78a8e781b343f631.v	427.40	73	305.90	172	5	2
multiplier_4b_bc93dac003ff7ce73a946c31fcae7859.v	454.00	75	294.00	186	3	5
multiplier_4b_72d80d39e5735768d07bf56d4ffee1ba.v	450.30	75	293.50	150	3	5
multiplier_4b_f13f54871bf3bb306ee5cb287159ec4a.v	386.30	77	299.80	190	4	4
multiplier_4b_147c8ddf44b86275c7800891f8c10c02.v	392.40	80	304.60	128	4	7
multiplier_4b_31b41f3fa0f24aba275cc1f2e49c83b7.v	461.50	77	303.10	171	6	2
multiplier_4b_8d91a217823a110a6fe9bde8583927b9.v	472.90	75	337.60	125	5	3
multiplier_4b_eee6499652194f063be5b89d5d42460f.v	379.30	71	295.10	156	4	3
multiplier_4b_f13f54871bf3bb306ee5cb287159ec4a.v	386.30	77	299.80	190	4	4
multiplier_4b_20ab604062909ce9a04d246c4a778d06.v	372.40	74	308.70	147	4	4
multiplier_4b_7f60b094755b26d8709956b989e71efd.v	421.80	80	100000.00	100000	4	6
multiplier_4b_d1221e4926cd6597570a9df3d080da8e.v	458.30	75	301.00	173	3	5
multiplier_4b_48f4079a0eb31573ba1ede2c99d5a181.v	462.60	75	335.00	133	4	4
multiplier_4b_a9732630cb47aaeb8c7d871ca8976617.v	442.60	77	320.70	142	5	3
multiplier_4b_4b20406b17a0cc76cc2748bf4a3b58a4.v	389.90	80	100000.00	100000	5	5
multiplier_4b_af462453d3d023d7dd5ca57d5597acf5.v	467.70	80	324.30	159	5	5
multiplier_4b_31b41f3fa0f24aba275cc1f2e49c83b7.v	461.50	77	303.10	171	6	2
multiplier_4b_190c4bd0656290da78a8e781b343f631.v	427.40	73	305.90	172	5	2
multiplier_4b_320fd61b9cf210a2a7ceec8004daab69.v	363.10	73	293.30	180	4	3
multiplier_4b_59998b78ec4647bd8903035ade8ae789.v	411.60	76	315.40	181	7	2
multiplier_4b_877a8e5b454405bf12370422234c205e.v	397.50	78	319.30	181	4	5
multiplier_4b_efbbd39d4c000522968a3444953cb795.v	431.10	77	335.80	149	4	5
multiplier_4b_9c6f81c759425f4910aef058be98b4bb.v	451.50	75	100000.00	100000	5	3
multiplier_4b_499cd8988edaefa9891e5ca91f22e69b.v	352.40	81	293.50	213	4	5
multiplier_4b_3a97b4f324e49e29dbe802b341d69426.v	352.90	70	280.30	155	4	3
multiplier_4b_d1221e4926cd6597570a9df3d080da8e.v	458.30	75	301.00	173	3	5
multiplier_4b_190c4bd0656290da78a8e781b343f631.v	427.40	73	305.90	172	5	2
multiplier_4b_878408acdb0ee87f08ab3e3f7530d347.v	450.50	77	285.10	165	3	5
multiplier_4b_d2ba2be1f52a9d228debfda1ff71ec21.v	451.70	72	321.20	162	7	1
multiplier_4b_ebda57b71b6dc2681e40157a96e66759.v	436.40	70	301.60	157	4	3
multiplier_4b_8e4a4cf7558b59d868e58466252c947e.v	385.60	71	292.50	166	5	2
multiplier_4b_a245db66ca5e47f43a5c99c51a51f1f1.v	399.20	72	291.10	138	4	3
multiplier_4b_2c2ee6027fdb73ead32a141a100cc935.v	430.80	80	100000.00	100000	4	8
multiplier_4b_1bd29fe495deee889fa3429831b66721.v	367.60	81	302.80	161	3	7
multiplier_4b_337c0adb2b27487af3197ad32f955d94.v	385.50	78	299.00	188	4	4
multiplier_4b_190c4bd0656290da78a8e781b343f631.v	427.40	73	305.90	172	5	2
multiplier_4b_2a073ab04256bcf0933e10f63c6b0eb7.v	444.90	70	301.80	134	4	3
multiplier_4b_7afe66944d4d96fee68af5da164065a7.v	367.20	75	305.90	155	5	4
multiplier_4b_42c3e3d2b5d8c33aea24875e50b6c2b5.v	382.30	81	307.20	160	5	4
multiplier_4b_f71764fe216ac52ddd79cb43dec84bb8.v	381.90	78	294.80	177	4	5
multiplier_4b_41c0ddfa5f682f208c7c029a12313ca7.v	453.00	76	311.30	156	5	4
multiplier_4b_87fb15a258055888dbea2ca02ce66767.v	409.70	75	284.50	171	3	4
multiplier_4b_590872e18d841623115b1dc43964d9de.v	407.40	72	329.70	117	6	1
multiplier_4b_8d91a217823a110a6fe9bde8583927b9.v	472.90	75	337.60	125	5	3
multiplier_4b_947e2edf2da310f3cefc653c066ca12d.v	391.60	75	294.30	170	5	3
multiplier_4b_a1f9e08c92077d9af3690c7e64c6cc50.v	380.70	75	304.20	196	4	5
multiplier_4b_cb778d7cd290b389be6eb01d83c0ff16.v	369.90	71	281.70	148	4	3
multiplier_4b_8294cc84c4accbc1114f49c5e606cfbe.v	409.90	75	290.70	130	4	4
multiplier_4b_361b6fce430ec7a05fb09f8526ef89f8.v	435.70	78	279.80	212	4	5
multiplier_4b_204f8d20b829ab5c46e8935708ad8d54.v	399.90	75	278.00	162	4	4
multiplier_4b_8b28c917a0b9186a85f225668c3d120a.v	441.60	83	304.10	207	4	8
multiplier_4b_9c768ba29575b603da68b863984a9580.v	414.90	72	283.20	152	3	4
multiplier_4b_8fc4ce6e61e0f73009b881409d244206.v	351.60	82	316.40	175	4	6
multiplier_4b_d13c8fd2dfcb1e4e5a33ce0299b89f2c.v	410.10	76	292.20	169	4	5
multiplier_4b_a9732630cb47aaeb8c7d871ca8976617.v	442.60	77	320.70	142	5	3
multiplier_4b_daedaa7c59f862343b6af2f37cb80fd6.v	369.00	70	283.90	165	5	2
multiplier_4b_20ab604062909ce9a04d246c4a778d06.v	372.40	74	308.70	147	4	4
multiplier_4b_592120fc052658d01afeb73c1b606e13.v	398.10	81	307.40	179	4	5
multiplier_4b_190c4bd0656290da78a8e781b343f631.v	427.40	73	305.90	172	5	2
multiplier_4b_d3a97596a2b7a69e202d879714fccdd1.v	392.80	81	339.60	136	4	5
multiplier_4b_eee6499652194f063be5b89d5d42460f.v	379.30	71	295.10	156	4	3
multiplier_4b_87fb15a258055888dbea2ca02ce66767.v	409.70	75	284.50	171	3	4
multiplier_4b_cb778d7cd290b389be6eb01d83c0ff16.v	369.90	71	281.70	148	4	3
multiplier_4b_f3501a31dd0e79cdb59fde556863bbc7.v	438.90	76	315.00	140	5	3
multiplier_4b_5137a362bb77a91662e40c2d2057cbe1.v	382.30	73	305.40	133	5	2
multiplier_4b_a9732630cb47aaeb8c7d871ca8976617.v	442.60	77	320.70	142	5	3
multiplier_4b_cd7d516dca79d343c78c3f021834851b.v	447.10	77	334.80	138	5	4
multiplier_4b_a245db66ca5e47f43a5c99c51a51f1f1.v	399.20	72	291.10	138	4	3
multiplier_4b_7eaf7ab48d4911bc471db2a0256f5898.v	416.30	75	305.40	165	5	3
multiplier_4b_320fd61b9cf210a2a7ceec8004daab69.v	363.10	73	293.30	180	4	3
multiplier_4b_4311fc1df183fd78c655944e2e7f3077.v	403.30	74	304.90	137	6	3
multiplier_4b_fa55bd2837fc373b4d95d4f632a9c120.v	402.80	73	291.80	152	5	3
multiplier_4b_65b7e210114518ebd2e69869385d6eb7.v	395.50	80	100000.00	100000	4	5
multiplier_4b_3a97b4f324e49e29dbe802b341d69426.v	352.90	70	280.30	155	4	3
multiplier_4b_9c376f2f069da2492e67f234e19b8a8d.v	386.90	75	100000.00	100000	3	4
multiplier_4b_190c4bd0656290da78a8e781b343f631.v	427.40	73	305.90	172	5	2
multiplier_4b_c24ce718ffa8291a2d50529bda29191a.v	430.80	80	100000.00	100000	5	6
multiplier_4b_590872e18d841623115b1dc43964d9de.v	407.40	72	329.70	117	6	1
multiplier_4b_78381886b026e06ea71bbea61ae44348.v	378.50	77	288.60	158	4	5
multiplier_4b_190c4bd0656290da78a8e781b343f631.v	427.40	73	305.90	172	5	2
multiplier_4b_190c4bd0656290da78a8e781b343f631.v	427.40	73	305.90	172	5	2
multiplier_4b_df8d828574a980f8723b8e0be8879829.v	449.30	81	100000.00	100000	5	6
multiplier_4b_320fd61b9cf210a2a7ceec8004daab69.v	363.10	73	293.30	180	4	3
multiplier_4b_aa01b3d7f64dbfbbb52b2e1bdccaac06.v	417.50	73	303.70	164	3	5
multiplier_4b_43e2aa093ce96c538b95ca140d9d6f90.v	419.10	78	312.80	184	7	3
multiplier_4b_fd0d824848db4833d10bd622c9fe224c.v	425.40	81	329.00	174	4	6
multiplier_4b_723162485ef2dbef3c91cb9b97dc2467.v	474.40	76	299.20	173	4	5
multiplier_4b_877a8e5b454405bf12370422234c205e.v	397.50	78	319.30	181	4	5
multiplier_4b_7cf74c2a63eaad152ee15277a91b9487.v	416.40	76	287.70	170	3	5
multiplier_4b_5137a362bb77a91662e40c2d2057cbe1.v	382.30	73	305.40	133	5	2
multiplier_4b_eee6499652194f063be5b89d5d42460f.v	379.30	71	295.10	156	4	3
multiplier_4b_2b1b935d7430ba59f0d44f59eadfda87.v	436.60	75	301.20	145	3	5
multiplier_4b_82515bce6f79f9966ff9508755a3e1d0.v	380.00	78	306.80	190	5	5
multiplier_4b_6832d6128d0f12dbe5f991fc07f4211f.v	378.30	81	308.50	183	6	4
multiplier_4b_0886bbef338b25e7c0e4c0b3636d3941.v	366.80	80	301.60	167	5	4
multiplier_4b_255acefcf0347c1c075959a5067bdd0b.v	489.20	73	297.70	165	4	4
multiplier_4b_9c376f2f069da2492e67f234e19b8a8d.v	386.90	75	100000.00	100000	3	4
multiplier_4b_cb778d7cd290b389be6eb01d83c0ff16.v	369.90	71	281.70	148	4	3
multiplier_4b_87fb15a258055888dbea2ca02ce66767.v	409.70	75	284.50	171	3	4
multiplier_4b_863a039fea5225e9de381d3cb3852457.v	387.50	80	323.50	173	5	5
multiplier_4b_a9732630cb47aaeb8c7d871ca8976617.v	442.60	77	320.70	142	5	3
multiplier_4b_2a2e0d2946b6fe8ad594e155288b9e96.v	399.40	78	327.80	172	5	4
multiplier_4b_cce3651e87fee1d285a88f2a06230d51.v	341.90	75	292.70	152	5	3
multiplier_4b_2a2e0d2946b6fe8ad594e155288b9e96.v	399.40	78	327.80	172	5	4
multiplier_4b_daedaa7c59f862343b6af2f37cb80fd6.v	369.00	70	283.90	165	5	2
multiplier_4b_b86c33eef308acc99323b1f836be2504.v	424.20	83	313.40	214	3	7
multiplier_4b_204da53a46d1b4ee42939d4c357025a8.v	389.50	88	328.40	165	5	7
multiplier_4b_bebaf9d39f71bbd3d130e9ccda032a02.v	416.50	75	306.00	160	5	3
multiplier_4b_65c78dacc7ed0680bac22c550f1bce3a.v	396.80	73	309.00	151	3	5
multiplier_4b_ecdf9d62847313a7de4219a8a984c24c.v	409.10	82	316.10	183	6	4
multiplier_4b_14fc0f68c935bb8cebb874cbd25687b4.v	462.50	77	303.60	156	6	2
multiplier_4b_cb778d7cd290b389be6eb01d83c0ff16.v	369.90	71	281.70	148	4	3
multiplier_4b_8a3ec684a7faff41b28838971e7d10c7.v	399.10	77	100000.00	100000	5	5
multiplier_4b_0688f7b572560d29a51cb08fa3f4aa8f.v	420.00	81	315.20	211	3	7
multiplier_4b_0254a17666e4627f5449e644008463ff.v	404.30	69	308.40	149	5	2
multiplier_4b_ebda57b71b6dc2681e40157a96e66759.v	436.40	70	301.60	157	4	3
multiplier_4b_e6204a254f6287f0efcb71f04e5111fe.v	359.40	78	100000.00	100000	2	9
multiplier_4b_cdd6e11a09eedddbf9427a1823cb907e.v	455.90	79	315.40	205	4	6
multiplier_4b_cce3651e87fee1d285a88f2a06230d51.v	341.90	75	292.70	152	5	3
multiplier_4b_ae2e59efeb75ec1cfa66ba0da44c2877.v	476.50	73	100000.00	100000	4	4
multiplier_4b_26acc055f005f493481087e2a03c8fc1.v	438.00	73	304.60	154	3	5
multiplier_4b_4dcf6ff53513bb390788eb9e0c3e29f2.v	373.50	78	295.60	160	4	5
multiplier_4b_5c964a4cb9ac88b0f7b7dd0a4a3e6b23.v	436.40	77	304.70	163	4	5
multiplier_4b_5137a362bb77a91662e40c2d2057cbe1.v	382.30	73	305.40	133	5	2
multiplier_4b_daedaa7c59f862343b6af2f37cb80fd6.v	369.00	70	283.90	165	5	2
multiplier_4b_8d91a217823a110a6fe9bde8583927b9.v	472.90	75	337.60	125	5	3
multiplier_4b_eee6499652194f063be5b89d5d42460f.v	379.30	71	295.10	156	4	3
multiplier_4b_31b41f3fa0f24aba275cc1f2e49c83b7.v	461.50	77	303.10	171	6	2
multiplier_4b_d49cdd600e5435b598d5786f0dd0e539.v	349.70	79	298.50	157	3	6
multiplier_4b_9c376f2f069da2492e67f234e19b8a8d.v	386.90	75	100000.00	100000	3	4
multiplier_4b_78381886b026e06ea71bbea61ae44348.v	378.50	77	288.60	158	4	5
multiplier_4b_9c768ba29575b603da68b863984a9580.v	414.90	72	283.20	152	3	4
multiplier_4b_ebef2b8b2ecf986fe27dacd515623722.v	390.30	77	303.40	120	5	3
multiplier_4b_255acefcf0347c1c075959a5067bdd0b.v	489.20	73	297.70	165	4	4
multiplier_4b_3a97b4f324e49e29dbe802b341d69426.v	352.90	70	280.30	155	4	3
multiplier_4b_1aa1a10c9b315a51d137201d9ae7e63f.v	410.10	77	280.40	174	4	4
multiplier_4b_3a9937fdc0a8eefe07a55cd384c65429.v	443.40	80	100000.00	100000	6	5
multiplier_4b_8e4a4cf7558b59d868e58466252c947e.v	385.60	71	292.50	166	5	2
multiplier_4b_337c0adb2b27487af3197ad32f955d94.v	385.50	78	299.00	188	4	4
multiplier_4b_8e4a4cf7558b59d868e58466252c947e.v	385.60	71	292.50	166	5	2
multiplier_4b_411cbd495545eb075f9fae062884407a.v	462.30	73	312.70	144	4	5
multiplier_4b_f1e7e08bcfc65420372b8caeedc2056c.v	408.00	86	320.40	200	3	9
multiplier_4b_182315b610040d04eaaa162dcd3638ea.v	371.70	80	295.90	207	5	5
multiplier_4b_2a073ab04256bcf0933e10f63c6b0eb7.v	444.90	70	301.80	134	4	3
multiplier_4b_f79ed73d62fa46bd27201bd7dafcda96.v	369.20	74	299.00	173	4	5
multiplier_4b_b96a35d56690691de883b652005fe370.v	372.20	73	297.40	194	5	3
multiplier_4b_ebda57b71b6dc2681e40157a96e66759.v	436.40	70	301.60	157	4	3
multiplier_4b_ae2e59efeb75ec1cfa66ba0da44c2877.v	476.50	73	100000.00	100000	4	4
multiplier_4b_d3e8de041f4c5b4a892c74743e650b1b.v	451.50	71	300.90	164	5	3
multiplier_4b_daedaa7c59f862343b6af2f37cb80fd6.v	369.00	70	283.90	165	5	2
multiplier_4b_8e4a4cf7558b59d868e58466252c947e.v	385.60	71	292.50	166	5	2
multiplier_4b_a379869eb2ef50c3cbe87ddadb9bb43c.v	403.60	83	310.00	153	4	6
multiplier_4b_e674d14f7958f0620ee9ded2f8f26f8b.v	386.80	74	303.90	161	4	4
multiplier_4b_0254a17666e4627f5449e644008463ff.v	404.30	69	308.40	149	5	2
multiplier_4b_9c768ba29575b603da68b863984a9580.v	414.90	72	283.20	152	3	4
multiplier_4b_3a97b4f324e49e29dbe802b341d69426.v	352.90	70	280.30	155	4	3
multiplier_4b_f4ec0d19c855b8414fd6ea916044148f.v	420.00	83	100000.00	100000	4	6
multiplier_4b_fd74ba4f0051d2f2ccc394856a4ea8b8.v	446.30	73	309.90	140	5	3
multiplier_4b_87968730c05d3f8ffa1170a184431f05.v	431.90	81	310.30	172	6	3
multiplier_4b_c77a976625831909c7d0194b0afaeaea.v	411.30	77	297.40	148	5	3
multiplier_4b_64d57c1219eea0cf60677b7e11599d8a.v	414.90	76	100000.00	100000	3	5
multiplier_4b_a245db66ca5e47f43a5c99c51a51f1f1.v	399.20	72	291.10	138	4	3
multiplier_4b_39b855e74b91dd82b0ea2849a866dc7b.v	397.10	76	302.00	152	4	4
multiplier_4b_f99a1b11cc5d180e70c0d783401ee679.v	390.10	77	285.00	191	3	6
multiplier_4b_aa01b3d7f64dbfbbb52b2e1bdccaac06.v	417.50	73	303.70	164	3	5
multiplier_4b_14fc0f68c935bb8cebb874cbd25687b4.v	462.50	77	303.60	156	6	2
multiplier_4b_bc93dac003ff7ce73a946c31fcae7859.v	454.00	75	294.00	186	3	5
multiplier_4b_87db339299c12055b99bbd2600d2d9d2.v	370.40	83	302.70	190	5	5
multiplier_4b_92efed8a3d7558ab5fb55c1533ec1bd6.v	418.20	81	306.10	181	3	7
multiplier_4b_430fb69a1e848dc2de3ece34944956d9.v	357.60	85	339.10	213	6	7
multiplier_4b_cbee9adaffb3919d421d529d3d31ce0a.v	378.30	76	299.90	176	5	4
multiplier_4b_2a2e0d2946b6fe8ad594e155288b9e96.v	399.40	78	327.80	172	5	4
multiplier_4b_255acefcf0347c1c075959a5067bdd0b.v	489.20	73	297.70	165	4	4
multiplier_4b_a2f7c92b6de0eacaa5fa3e27a9c21cde.v	350.70	75	295.40	148	4	4
multiplier_4b_b80351708d60100bdf524db79e53288f.v	421.80	74	306.50	149	4	4
multiplier_4b_8e4a4cf7558b59d868e58466252c947e.v	385.60	71	292.50	166	5	2
multiplier_4b_42c3e3d2b5d8c33aea24875e50b6c2b5.v	382.30	81	307.20	160	5	4
multiplier_4b_499cd8988edaefa9891e5ca91f22e69b.v	352.40	81	293.50	213	4	5
multiplier_4b_9c376f2f069da2492e67f234e19b8a8d.v	386.90	75	100000.00	100000	3	4
multiplier_4b_e82d85da919d630685036f16dd0e1914.v	407.00	76	299.30	183	3	5
multiplier_4b_e82d85da919d630685036f16dd0e1914.v	407.00	76	299.30	183	3	5
multiplier_4b_cb778d7cd290b389be6eb01d83c0ff16.v	369.90	71	281.70	148	4	3
multiplier_4b_20ab604062909ce9a04d246c4a778d06.v	372.40	74	308.70	147	4	4
multiplier_4b_7afe66944d4d96fee68af5da164065a7.v	367.20	75	305.90	155	5	4
multiplier_4b_3a97b4f324e49e29dbe802b341d69426.v	352.90	70	280.30	155	4	3
multiplier_4b_d27c671f0a004ebb9f2df717470fe4ef.v	391.70	72	302.90	196	5	3
multiplier_4b_10da21a959e3eb2b31b8de5c1287fca3.v	394.70	72	325.80	150	6	2
multiplier_4b_ecdf9d62847313a7de4219a8a984c24c.v	409.10	82	316.10	183	6	4
multiplier_4b_320fd61b9cf210a2a7ceec8004daab69.v	363.10	73	293.30	180	4	3
multiplier_4b_f4e511dc2e5132d2d9055200b22eb228.v	379.90	81	100000.00	100000	4	6
multiplier_4b_a245db66ca5e47f43a5c99c51a51f1f1.v	399.20	72	291.10	138	4	3
multiplier_4b_7eaf7ab48d4911bc471db2a0256f5898.v	416.30	75	305.40	165	5	3
multiplier_4b_383bf672ef5e8644ed451e369f15a6a3.v	356.40	76	100000.00	100000	4	4
multiplier_4b_0254a17666e4627f5449e644008463ff.v	404.30	69	308.40	149	5	2
multiplier_4b_2a073ab04256bcf0933e10f63c6b0eb7.v	444.90	70	301.80	134	4	3
multiplier_4b_06434026d3f9ae9e37d771937f77984f.v	405.00	78	305.70	130	3	8
multiplier_4b_87fb15a258055888dbea2ca02ce66767.v	409.70	75	284.50	171	3	4
multiplier_4b_a245db66ca5e47f43a5c99c51a51f1f1.v	399.20	72	291.10	138	4	3
multiplier_4b_31b41f3fa0f24aba275cc1f2e49c83b7.v	461.50	77	303.10	171	6	2
multiplier_4b_bc93dac003ff7ce73a946c31fcae7859.v	454.00	75	294.00	186	3	5
multiplier_4b_20ab604062909ce9a04d246c4a778d06.v	372.40	74	308.70	147	4	4
multiplier_4b_cb778d7cd290b389be6eb01d83c0ff16.v	369.90	71	281.70	148	4	3
multiplier_4b_ac02e1e66492759f9278473e2a3ca7c4.v	435.90	85	319.90	180	3	10
multiplier_4b_14fc0f68c935bb8cebb874cbd25687b4.v	462.50	77	303.60	156	6	2
multiplier_4b_288f29e46a80cb35b489a13420fa37e3.v	433.20	80	287.60	178	3	6
multiplier_4b_3b1143ffef2ad53a09ffdf259b04897d.v	396.60	80	321.40	169	6	4
multiplier_4b_d05c070f554207efeac8dce03f498604.v	418.40	78	319.40	174	5	5
multiplier_4b_d63398c72e6769763cb9635453f988fd.v	372.20	74	297.30	181	5	3
multiplier_4b_390f49ee10b0bdb1884d2f73f5cddc44.v	415.60	78	307.80	218	5	5
multiplier_4b_3da45529a68fac0432475fd92b0f0d55.v	470.10	71	313.60	130	4	4
multiplier_4b_863a039fea5225e9de381d3cb3852457.v	387.50	80	323.50	173	5	5
multiplier_4b_cce3651e87fee1d285a88f2a06230d51.v	341.90	75	292.70	152	5	3
multiplier_4b_255acefcf0347c1c075959a5067bdd0b.v	489.20	73	297.70	165	4	4
multiplier_4b_44c0f9cc99c5c92de3ef3b65df587bb3.v	405.20	82	318.90	165	3	7
multiplier_4b_9eb0a945d6df3f063a2229382361a83c.v	371.60	73	100000.00	100000	4	4
multiplier_4b_ebda57b71b6dc2681e40157a96e66759.v	436.40	70	301.60	157	4	3
multiplier_4b_74b0f98d14d50da4a9c1b33afd1327b2.v	455.00	73	311.70	155	6	2
multiplier_4b_8e4a4cf7558b59d868e58466252c947e.v	385.60	71	292.50	166	5	2
multiplier_4b_3a97b4f324e49e29dbe802b341d69426.v	352.90	70	280.30	155	4	3
multiplier_4b_590872e18d841623115b1dc43964d9de.v	407.40	72	329.70	117	6	1
multiplier_4b_87fb15a258055888dbea2ca02ce66767.v	409.70	75	284.50	171	3	4
multiplier_4b_9068808395ff2fe1258b8e2eaedece47.v	394.20	83	100000.00	100000	4	8
multiplier_4b_661a157ceae9621e3daf468538f483bc.v	378.20	73	291.90	178	6	2
multiplier_4b_5f5c5120b7a17b9ebf4454a170c2cc7e.v	354.80	76	292.00	160	5	3
multiplier_4b_a9732630cb47aaeb8c7d871ca8976617.v	442.60	77	320.70	142	5	3
multiplier_4b_025290994a24a510ad4b8252053afc58.v	408.00	78	310.90	144	4	5
multiplier_4b_62fc00d9c4b582f18cb001ce4756fbc0.v	406.70	79	299.10	185	5	4
multiplier_4b_418562c6efe0428529189157dc93881f.v	405.00	78	100000.00	100000	4	7
multiplier_4b_190c4bd0656290da78a8e781b343f631.v	427.40	73	305.90	172	5	2
multiplier_4b_590872e18d841623115b1dc43964d9de.v	407.40	72	329.70	117	6	1
multiplier_4b_590872e18d841623115b1dc43964d9de.v	407.40	72	329.70	117	6	1
multiplier_4b_f13f54871bf3bb306ee5cb287159ec4a.v	386.30	77	299.80	190	4	4
multiplier_4b_62a5228223d99203aa7fc97bfb94476a.v	394.50	84	318.60	157	4	7
multiplier_4b_d63398c72e6769763cb9635453f988fd.v	372.20	74	297.30	181	5	3
multiplier_4b_cd7d516dca79d343c78c3f021834851b.v	447.10	77	334.80	138	5	4
multiplier_4b_b4192a6b96bce21b26b0ae173c7ece7c.v	418.70	77	316.50	160	6	3
multiplier_4b_25ffa6e131d4ea76f15bc4fecab1495f.v	350.50	76	284.70	176	4	3
multiplier_4b_d63398c72e6769763cb9635453f988fd.v	372.20	74	297.30	181	5	3
multiplier_4b_5f5c5120b7a17b9ebf4454a170c2cc7e.v	354.80	76	292.00	160	5	3
multiplier_4b_aa01b3d7f64dbfbbb52b2e1bdccaac06.v	417.50	73	303.70	164	3	5
multiplier_4b_690c4ed49d5f4d70eb672275ba1cfa2d.v	416.10	79	327.10	138	6	3
multiplier_4b_5137a362bb77a91662e40c2d2057cbe1.v	382.30	73	305.40	133	5	2
multiplier_4b_70506bd2eede8596718c72ffc223c686.v	446.50	71	298.50	183	6	2
multiplier_4b_7eaf7ab48d4911bc471db2a0256f5898.v	416.30	75	305.40	165	5	3
multiplier_4b_b80351708d60100bdf524db79e53288f.v	421.80	74	306.50	149	4	4
multiplier_4b_07db61aeb53f09b1457e4bc9a0317544.v	385.00	74	293.60	134	3	5
multiplier_4b_aa2efed2b51b47cfa5ebc8ac1aade94d.v	412.10	75	294.10	154	2	6
multiplier_4b_361b6fce430ec7a05fb09f8526ef89f8.v	435.70	78	279.80	212	4	5
multiplier_4b_43e2aa093ce96c538b95ca140d9d6f90.v	419.10	78	312.80	184	7	3
multiplier_4b_5137a362bb77a91662e40c2d2057cbe1.v	382.30	73	305.40	133	5	2
multiplier_4b_bebaf9d39f71bbd3d130e9ccda032a02.v	416.50	75	306.00	160	5	3
multiplier_4b_a2fe57478d5bbf79c2db8fd622f8a7bc.v	412.50	82	100000.00	100000	5	6
multiplier_4b_70506bd2eede8596718c72ffc223c686.v	446.50	71	298.50	183	6	2
multiplier_4b_a245db66ca5e47f43a5c99c51a51f1f1.v	399.20	72	291.10	138	4	3
multiplier_4b_f4871ba760976360ce54affb6bd47d5a.v	393.90	80	299.30	159	5	4
multiplier_4b_0c147daa695e9115fe221108f1a22219.v	417.90	75	304.80	173	3	5
multiplier_4b_31b41f3fa0f24aba275cc1f2e49c83b7.v	461.50	77	303.10	171	6	2
multiplier_4b_ebda57b71b6dc2681e40157a96e66759.v	436.40	70	301.60	157	4	3
multiplier_4b_87968730c05d3f8ffa1170a184431f05.v	431.90	81	310.30	172	6	3
multiplier_4b_d05c070f554207efeac8dce03f498604.v	418.40	78	319.40	174	5	5
multiplier_4b_74b0f98d14d50da4a9c1b33afd1327b2.v	455.00	73	311.70	155	6	2
multiplier_4b_a9732630cb47aaeb8c7d871ca8976617.v	442.60	77	320.70	142	5	3
multiplier_4b_5137a362bb77a91662e40c2d2057cbe1.v	382.30	73	305.40	133	5	2
multiplier_4b_9511cbf02e658491dd007c71331dcd97.v	349.80	73	300.60	142	4	4
multiplier_4b_0254a17666e4627f5449e644008463ff.v	404.30	69	308.40	149	5	2
multiplier_4b_f6435928ab83362bcaf2aee497cfe99f.v	469.80	77	288.40	142	2	6
multiplier_4b_9511cbf02e658491dd007c71331dcd97.v	349.80	73	300.60	142	4	4
multiplier_4b_cb778d7cd290b389be6eb01d83c0ff16.v	369.90	71	281.70	148	4	3
multiplier_4b_7f60b094755b26d8709956b989e71efd.v	421.80	80	100000.00	100000	4	6
multiplier_4b_3a97b4f324e49e29dbe802b341d69426.v	352.90	70	280.30	155	4	3
multiplier_4b_0254a17666e4627f5449e644008463ff.v	404.30	69	308.40	149	5	2
multiplier_4b_06ffb7def7336c5ae08d59396fe7452d.v	394.50	76	279.00	165	4	4
multiplier_4b_8caaa7ea28c257887711f0bdf18bc3bc.v	398.10	77	304.30	160	5	4
multiplier_4b_255acefcf0347c1c075959a5067bdd0b.v	489.20	73	297.70	165	4	4
multiplier_4b_19685847eb8b684fde54051357e38ad8.v	416.30	77	325.00	168	6	3
multiplier_4b_0c90bba3da200809fee125feda15d8aa.v	440.90	79	100000.00	100000	5	6
multiplier_4b_9c376f2f069da2492e67f234e19b8a8d.v	386.90	75	100000.00	100000	3	4
multiplier_4b_24db09b781183e0d6ff09c0a9bfc5604.v	430.30	80	320.20	182	4	6
multiplier_4b_590872e18d841623115b1dc43964d9de.v	407.40	72	329.70	117	6	1
multiplier_4b_e674d14f7958f0620ee9ded2f8f26f8b.v	386.80	74	303.90	161	4	4
multiplier_4b_590872e18d841623115b1dc43964d9de.v	407.40	72	329.70	117	6	1
multiplier_4b_cb778d7cd290b389be6eb01d83c0ff16.v	369.90	71	281.70	148	4	3
multiplier_4b_c7d096ee11331f377fc4c2c834d7aed7.v	367.40	75	284.70	174	4	5
multiplier_4b_590872e18d841623115b1dc43964d9de.v	407.40	72	329.70	117	6	1
multiplier_4b_cb778d7cd290b389be6eb01d83c0ff16.v	369.90	71	281.70	148	4	3
multiplier_4b_590872e18d841623115b1dc43964d9de.v	407.40	72	329.70	117	6	1
multiplier_4b_eee6499652194f063be5b89d5d42460f.v	379.30	71	295.10	156	4	3
multiplier_4b_9e1dee313514066067f4f03b8150bc27.v	407.30	80	307.90	206	3	6
multiplier_4b_9511cbf02e658491dd007c71331dcd97.v	349.80	73	300.60	142	4	4
multiplier_4b_d3e8de041f4c5b4a892c74743e650b1b.v	451.50	71	300.90	164	5	3
multiplier_4b_6cb78740d2ec27e4c356522f7ecd7035.v	389.20	79	333.70	141	3	8
multiplier_4b_daedaa7c59f862343b6af2f37cb80fd6.v	369.00	70	283.90	165	5	2
multiplier_4b_9c768ba29575b603da68b863984a9580.v	414.90	72	283.20	152	3	4
multiplier_4b_f6435928ab83362bcaf2aee497cfe99f.v	469.80	77	288.40	142	2	6
multiplier_4b_316a5a81622610f71beaf18a72b3bee4.v	432.80	80	327.70	140	5	6
multiplier_4b_025290994a24a510ad4b8252053afc58.v	408.00	78	310.90	144	4	5
multiplier_4b_8e4a4cf7558b59d868e58466252c947e.v	385.60	71	292.50	166	5	2
multiplier_4b_eee6499652194f063be5b89d5d42460f.v	379.30	71	295.10	156	4	3
multiplier_4b_cb778d7cd290b389be6eb01d83c0ff16.v	369.90	71	281.70	148	4	3
multiplier_4b_daedaa7c59f862343b6af2f37cb80fd6.v	369.00	70	283.90	165	5	2
multiplier_4b_19685847eb8b684fde54051357e38ad8.v	416.30	77	325.00	168	6	3
multiplier_4b_9b962746469fc4af9de3f37003a7ccba.v	388.70	80	313.40	167	3	6
multiplier_4b_ebef2b8b2ecf986fe27dacd515623722.v	390.30	77	303.40	120	5	3
multiplier_4b_0254a17666e4627f5449e644008463ff.v	404.30	69	308.40	149	5	2
multiplier_4b_5137a362bb77a91662e40c2d2057cbe1.v	382.30	73	305.40	133	5	2
multiplier_4b_8d91a217823a110a6fe9bde8583927b9.v	472.90	75	337.60	125	5	3
multiplier_4b_a4263fe5ba388b53ef12b58d96475e83.v	402.80	81	302.60	163	4	5
multiplier_4b_5137a362bb77a91662e40c2d2057cbe1.v	382.30	73	305.40	133	5	2
multiplier_4b_8e4a4cf7558b59d868e58466252c947e.v	385.60	71	292.50	166	5	2
multiplier_4b_d63398c72e6769763cb9635453f988fd.v	372.20	74	297.30	181	5	3
multiplier_4b_a6533078e4aa17fced8ed7502da2aa11.v	389.90	82	303.30	161	5	4
multiplier_4b_9c768ba29575b603da68b863984a9580.v	414.90	72	283.20	152	3	4
multiplier_4b_87fb15a258055888dbea2ca02ce66767.v	409.70	75	284.50	171	3	4
multiplier_4b_661a157ceae9621e3daf468538f483bc.v	378.20	73	291.90	178	6	2
multiplier_4b_8084796aad10b5a9baa8b3fb60261578.v	387.60	77	286.00	159	5	4
multiplier_4b_0254a17666e4627f5449e644008463ff.v	404.30	69	308.40	149	5	2
multiplier_4b_9bf9cfc7eed2b4b72e337c1d9fd1b9a8.v	413.00	83	311.90	148	3	8
multiplier_4b_fd74ba4f0051d2f2ccc394856a4ea8b8.v	446.30	73	309.90	140	5	3
multiplier_4b_303ef2b659948ebb691c8ddfa12337c5.v	402.80	81	336.30	135	5	4
multiplier_4b_daedaa7c59f862343b6af2f37cb80fd6.v	369.00	70	283.90	165	5	2
multiplier_4b_5137a362bb77a91662e40c2d2057cbe1.v	382.30	73	305.40	133	5	2
multiplier_4b_947e2edf2da310f3cefc653c066ca12d.v	391.60	75	294.30	170	5	3
multiplier_4b_590872e18d841623115b1dc43964d9de.v	407.40	72	329.70	117	6	1
multiplier_4b_661a157ceae9621e3daf468538f483bc.v	378.20	73	291.90	178	6	2
