multiplier_64b_cf347eceeba3d9fc78c924d687551ec8.v	2241.90	36758	100000.00	100000	3876	4323
multiplier_64b_23794a5362fed70da6d6e00305c4e7e7.v	2334.00	37023	100000.00	100000	3884	4447
multiplier_64b_6b74621dab68d79eec87c039484ac209.v	100000.00	100000	100000.00	100000	3879	4441
multiplier_64b_741941fa9bda34d32fa83a0ab5fab207.v	2085.80	31279	1481.30	48287	3899	2202
multiplier_64b_2d60088a09055d71e159d195ed204dc1.v	2158.80	31410	100000.00	100000	3890	2278
multiplier_64b_0732178447a8ef70a9bdefabc1e7503d.v	2092.70	31378	1452.30	48839	3884	2256
multiplier_64b_cda42a07f71d20fc76dc85162ba18008.v	2177.10	31292	100000.00	100000	3889	2208
multiplier_64b_a7a10e17933a0ee6870e5672b4c6ff12.v	2038.80	28989	100000.00	100000	3893	1347
multiplier_64b_183f73da9f0808420eb2216cc07d3728.v	2139.80	29047	1391.80	44724	3896	1393
multiplier_64b_42d7fe788cbe9043a59241a80deab6d6.v	2028.40	29033	100000.00	100000	3898	1341
multiplier_64b_b945c744e4cc0709d912f233e16b88b4.v	1994.10	29090	1409.90	43900	3899	1379
multiplier_64b_ba4bdc8becb0a3436c2acf292060aa40.v	1978.40	28399	1374.70	41906	3892	1125
multiplier_64b_cee1536417ba748e33374349a08ca28c.v	1851.60	27216	1327.70	40951	3898	673
multiplier_64b_1f44ab03235498808674bffc2cd91be5.v	1946.80	27192	1320.60	39923	3895	661
multiplier_64b_1aa37d3aeb112661f66d36f9a69ebfd4.v	2049.70	27219	100000.00	100000	3913	672
multiplier_64b_c7fd9e44da4f0f257e7c435885cd0843.v	2046.20	27197	1306.30	42062	3899	674
multiplier_64b_1e62bc800c73998a53b25f1a8bd9f28f.v	2049.50	27255	1326.40	41338	3908	684
multiplier_64b_dc829125f6c6ce6c947de0a8a1475bea.v	2019.60	25856	1270.10	41942	3900	215
multiplier_64b_e4e6913f178856ad77902cf59760be58.v	1890.20	25834	1327.20	35588	3902	212
multiplier_64b_c0a42b41ff36d66f160e483f563a2e93.v	2000.50	25847	1305.10	41144	3906	220
multiplier_64b_34948938e41983d211b46b25c8a56afa.v	1861.90	25767	1297.80	42056	3906	187
multiplier_64b_b8cb127b79e73754a5fbb7b196ebe884.v	1942.90	25834	1263.70	43152	3903	178
multiplier_64b_6b08df51ad30e4220f322650f130f96c.v	2053.10	25842	1360.20	37652	3924	178
multiplier_64b_733cfbd15068831296f684e253c5a058.v	2023.40	28201	1397.70	43339	3900	1040
multiplier_64b_5839e24a650bfbe0eb8a0eb970a73dc1.v	2101.90	28220	1373.30	40852	3908	1043
multiplier_64b_bd06de2b8922fe1ca92aa4a6593708aa.v	1908.00	28205	1370.80	42734	3890	1036
multiplier_64b_24836508ca3cc72441245b47809e6791.v	2028.70	28292	1362.20	41706	3905	1074
multiplier_64b_11de7c8eac2843f8fe115f6c3fa2f41d.v	1973.40	28286	1343.50	45231	3901	1095
multiplier_64b_5a12d0f834f7eaadbfe7600d9199f3c1.v	1988.40	26107	1287.40	41731	3896	275
multiplier_64b_3acd3b7aea39e96706e981ed0b20c123.v	2030.80	26119	1296.80	37375	3908	277
multiplier_64b_29ce16826ea729d92234734f301e3168.v	1831.10	26059	1311.00	37898	3901	256
multiplier_64b_02e7a5292e01987e9f741e67e12f85ac.v	1949.40	26059	1294.30	40502	3906	262
multiplier_64b_65f4eb360e2df94c56521ae4cad58ecd.v	1924.60	26026	1285.50	41111	3898	268
multiplier_64b_5d9d6412862dbe0e7c701f76404fec47.v	1962.40	26300	1286.40	40431	3904	345
multiplier_64b_9e7f7eba8f769cf2a7439513b8c3c561.v	1915.10	27544	1322.30	45251	3898	802
multiplier_64b_4fda8e799aef9b8a50fc45b84435beb0.v	2067.20	27507	1350.10	42138	3898	786
multiplier_64b_b3254003eee88ea8adbcb69c031d7f7a.v	1874.30	27644	100000.00	100000	3894	840
multiplier_64b_aeae8a8d3db3b714ac52113f546d3934.v	1961.50	27548	1349.30	41952	3899	784
multiplier_64b_ebdf3c8848f551eaaf574f4980a1615b.v	2021.80	27553	1332.00	40887	3901	790
multiplier_64b_da498d49242f2069cbdb1eb2c5a79984.v	1954.10	26036	1296.40	41602	3903	281
multiplier_64b_03e606866015874303be1ed80a9f89aa.v	1951.10	25938	1294.40	38155	3901	224
multiplier_64b_24213f75cade694e9ebbf392579809a6.v	1900.70	26000	1262.80	42741	3902	255
multiplier_64b_26af825d6a4063f4ed6393a73d3cc75b.v	1839.70	25873	1308.70	37090	3903	227
multiplier_64b_3215826d89b5d44293025608d78cfb90.v	1952.20	26040	1284.60	38546	3900	243
multiplier_64b_60b3ad8953b44f01a99f69520b1c08d1.v	1910.80	25997	1278.90	39784	3905	230
multiplier_64b_1d04ef48ddbb776ab2e4b54f2308cbfc.v	2026.50	27973	1371.20	42590	3901	954
multiplier_64b_209f720f9f57769017e17a8b6c4c8926.v	1889.40	27840	1332.10	46194	3893	907
multiplier_64b_c50e408d91e1cbb4f9097bae3a7ef3b6.v	2022.60	27958	1360.40	38912	3897	956
multiplier_64b_1e97557497d0ebc8e90ab6af3cc0a4d3.v	1943.80	28019	1376.90	40838	3897	959
multiplier_64b_1e5c38822455ea4bdc1872a3e49e4ce8.v	2106.00	28064	1361.50	41543	3896	987
multiplier_64b_02b2faa88d39506a484b0dfbab44e34d.v	1949.20	25950	1256.50	42191	3898	210
multiplier_64b_b774537d1f667b6fd622a9aa20d5218d.v	2013.10	25780	1325.00	35846	3908	162
multiplier_64b_0f08201a8b73ec32f0751254b428a3df.v	1934.30	25770	1271.00	42821	3912	141
multiplier_64b_7c80aff3422a0c22379ea04acd3aec2e.v	1901.10	25667	1262.10	41185	3909	129
multiplier_64b_a0832116f79d409de8198ddfb1a8b697.v	1954.30	25721	1274.40	40585	3909	133
multiplier_64b_ba97c2ee6def15f0f7b5edb4c042eb09.v	1877.80	25749	1288.30	40605	3911	142
multiplier_64b_be9e0b1ff2a60a4409026bb390b8cb72.v	1986.10	28220	1346.10	45029	3898	1046
multiplier_64b_4ba5303ae3c5fbe306256df307259cd8.v	1869.10	28480	1350.30	46365	3892	1130
multiplier_64b_f1c8dd55e3d4c1862f512ad3ddbc557d.v	2145.80	28401	1344.90	46845	3895	1129
multiplier_64b_d2270bd495d00ea82ca181de721203b1.v	1994.50	28454	1388.90	43110	3899	1162
multiplier_64b_4e85621c3acfa167a16569d1ad4e91ca.v	2043.10	28443	100000.00	100000	3896	1158
multiplier_64b_f5f4abb73a98b7d2df54f2688fcaeb3c.v	2012.70	26155	1303.20	42432	3910	288
multiplier_64b_a4439f1fa55178ee4a12ca8dbd6e5ed6.v	1998.90	26097	1272.10	41179	3910	254
multiplier_64b_e131f32f09f36f88a7197a24cbc58287.v	1883.40	26203	1297.00	40756	3905	297
multiplier_64b_38c7bacf6ba4fd155a9abb7a86af3e8f.v	1927.30	26126	1285.30	40717	3910	264
multiplier_64b_97e9ba126770e913e7742211440ea9da.v	2068.50	26053	1287.00	41706	3890	264
multiplier_64b_3324a9de21129b076b17caa2298c728a.v	1920.00	26151	1291.40	41077	3915	279
multiplier_64b_d2385a05115392eab5545a99a111d52c.v	1962.20	26173	1290.00	39873	3896	294
multiplier_64b_b703ac19f471bbbbbf843e6e230d3897.v	2034.50	26072	1275.80	42152	3892	290
multiplier_64b_47fbfc7c7df4703bd1723ac91c063e02.v	2039.40	26000	1314.90	38726	3903	261
multiplier_64b_26fad9405a230c71a40a3233fb5137a4.v	1984.60	26015	1362.00	35902	3909	240
multiplier_64b_68018ceb834ebdb58e64a01de30ae9e3.v	1991.60	26053	1357.20	35576	3902	255
multiplier_64b_000fa090aa3b5a8879905240bc0934c7.v	1986.90	26264	1285.00	41782	3904	315
multiplier_64b_0e4d1f517aaa478313db99e8cb2e02fc.v	1964.10	26951	1336.30	40173	3907	577
multiplier_64b_c2ae3818035244f0a4d52e1b87b26535.v	2066.30	27022	1362.90	37126	3905	612
multiplier_64b_32cc1596cfbce2ec70885b14d21e8d94.v	2115.50	27072	1375.70	36838	3913	634
multiplier_64b_acec0beecf98f76387b66f1e6e6a4c1d.v	2017.70	26963	1320.40	40926	3898	587
multiplier_64b_ad8929abdcb9bc1025f2442f24d86cff.v	2104.90	27076	1378.70	35711	3899	626
multiplier_64b_127037754a1e97fa3037c3a1f230a9e3.v	2007.80	26809	1346.50	35232	3902	535
multiplier_64b_e3d31b071ee8ac67205ab08ce7bf44e0.v	2058.70	26499	1341.10	37952	3890	436
multiplier_64b_65593190d529eaa2c11ab3bb8d97ead9.v	1958.60	26658	1318.80	42330	3900	470
multiplier_64b_dfe39e7fbb6b326fbbaec2c9a36f8a4e.v	1950.60	26639	1328.20	42062	3896	465
multiplier_64b_47d353a8ba789e09f7a27261c92a12a1.v	2050.40	26660	1298.20	43288	3898	485
multiplier_64b_9271e597ba58a518603f9de350e97a87.v	1955.00	26578	100000.00	100000	3905	429
multiplier_64b_f8f2ccd894d306a9b227c7b3724a3b93.v	1912.50	26314	1295.30	41618	3906	348
multiplier_64b_22add166c57abf5baafa7b03544dea86.v	1898.70	26343	1291.20	39834	3900	359
multiplier_64b_1e96f5ef13bee6323ff1a955e51ff450.v	1876.30	26364	1322.60	40914	3899	362
multiplier_64b_9274101db960eedbb8a6849fba7ced3f.v	1949.00	26374	1298.70	40008	3904	362
multiplier_64b_2b406e683ed8c5ace79d6eec2a5c75f5.v	2028.90	26485	1336.30	36519	3911	417
multiplier_64b_fcd1b8fe5ea2e140d478cbcef4daeb00.v	2084.70	26400	1337.40	40706	3890	426
multiplier_64b_253a962cae9276a35f0aa8cb92c4a48d.v	2025.00	26175	1346.20	39403	3901	343
multiplier_64b_ddcc46d8ac5f26d835242913190f9d16.v	1945.10	26261	1348.70	36811	3899	356
multiplier_64b_ead75bc956bfd934ee47a7ec148fd917.v	1927.40	26181	1350.70	40881	3897	340
multiplier_64b_53afea8f36930bbbd6eb67339807073a.v	1964.10	26080	1318.90	40684	3894	315
multiplier_64b_c6ac2a2c7c85a5cb20d30e3f460f21f9.v	2090.90	26208	1331.70	40454	3907	338
