multiplier_4b_5176ea452e793a6ac4932f0feb7fb841.v	364.70	84	315.50	180	3	8
multiplier_4b_87fb15a258055888dbea2ca02ce66767.v	361.50	76	100000.00	100000	3	4
multiplier_4b_19685847eb8b684fde54051357e38ad8.v	413.70	77	317.90	168	6	3
multiplier_4b_ffd6bd9eeb2e0170588cd1c22c042809.v	409.00	82	100000.00	100000	3	9
multiplier_4b_9c376f2f069da2492e67f234e19b8a8d.v	387.90	76	276.00	171	3	4
multiplier_4b_50faebfb43b31d1028e11fe5f0f97eee.v	396.50	81	314.00	162	6	4
multiplier_4b_74b0f98d14d50da4a9c1b33afd1327b2.v	455.10	73	324.80	144	6	2
multiplier_4b_2a073ab04256bcf0933e10f63c6b0eb7.v	376.10	73	296.10	151	4	3
multiplier_4b_8c8a06c4dcae601d8c0472da1c2e165a.v	407.60	75	295.40	158	4	4
multiplier_4b_0254a17666e4627f5449e644008463ff.v	393.00	72	100000.00	100000	5	2
multiplier_4b_9c376f2f069da2492e67f234e19b8a8d.v	387.90	76	276.00	171	3	4
multiplier_4b_320fd61b9cf210a2a7ceec8004daab69.v	387.60	72	100000.00	100000	4	3
multiplier_4b_9c376f2f069da2492e67f234e19b8a8d.v	387.90	76	276.00	171	3	4
multiplier_4b_cbee9adaffb3919d421d529d3d31ce0a.v	406.30	77	301.00	185	5	4
multiplier_4b_3da45529a68fac0432475fd92b0f0d55.v	442.20	74	309.20	140	4	4
multiplier_4b_a8f4a7c7ec50b14b5c8f5f258e2708e4.v	429.70	81	309.20	181	3	8
multiplier_4b_20bb38377257fd13e177a0cf1e876931.v	363.90	82	100000.00	100000	2	7
multiplier_4b_a2d80ee234550fdf4c77f9ae174a9b7b.v	406.70	79	315.00	151	6	4
multiplier_4b_65b7e210114518ebd2e69869385d6eb7.v	405.80	80	315.20	178	4	5
multiplier_4b_0886bbef338b25e7c0e4c0b3636d3941.v	367.10	81	291.80	152	5	4
multiplier_4b_d3e8de041f4c5b4a892c74743e650b1b.v	437.90	73	317.70	133	5	3
multiplier_4b_eee6499652194f063be5b89d5d42460f.v	372.40	74	100000.00	100000	4	3
multiplier_4b_50faebfb43b31d1028e11fe5f0f97eee.v	396.50	81	314.00	162	6	4
multiplier_4b_1332c05c77f44e9f9068f8739eccfa07.v	405.70	81	100000.00	100000	2	8
multiplier_4b_daedaa7c59f862343b6af2f37cb80fd6.v	369.00	72	100000.00	100000	5	2
multiplier_4b_ea1a9ea15fe119465d2d266a7c8b3f43.v	434.90	75	320.90	143	6	2
multiplier_4b_5137a362bb77a91662e40c2d2057cbe1.v	402.50	73	100000.00	100000	5	2
multiplier_4b_20ab604062909ce9a04d246c4a778d06.v	408.20	77	326.40	136	4	4
multiplier_4b_25ffa6e131d4ea76f15bc4fecab1495f.v	353.10	73	100000.00	100000	4	3
multiplier_4b_7afe66944d4d96fee68af5da164065a7.v	406.80	75	308.90	156	5	4
multiplier_4b_8bc02ed61d489f3005ca2f82435a953b.v	370.40	80	287.20	189	5	4
multiplier_4b_92efed8a3d7558ab5fb55c1533ec1bd6.v	405.30	80	318.20	184	3	7
multiplier_4b_661a157ceae9621e3daf468538f483bc.v	378.20	74	291.70	186	6	2
multiplier_4b_320fd61b9cf210a2a7ceec8004daab69.v	387.60	72	100000.00	100000	4	3
multiplier_4b_0254a17666e4627f5449e644008463ff.v	393.00	72	100000.00	100000	5	2
multiplier_4b_190c4bd0656290da78a8e781b343f631.v	422.40	73	100000.00	100000	5	2
multiplier_4b_da12b3a13df7bc15c99320055f8251d2.v	393.80	81	100000.00	100000	3	7
multiplier_4b_4311fc1df183fd78c655944e2e7f3077.v	384.90	77	302.40	192	6	3
multiplier_4b_405dbaf48622f86b892460e1677336e0.v	432.20	77	293.40	197	2	6
multiplier_4b_590872e18d841623115b1dc43964d9de.v	400.90	72	100000.00	100000	6	1
multiplier_4b_f268ad7d523a4804e8184a2e5eea8e9f.v	357.60	81	302.10	182	6	4
multiplier_4b_b61df2e6bad4daba6cbcae1a4959e1c5.v	431.10	80	325.80	157	2	8
multiplier_4b_7eaf7ab48d4911bc471db2a0256f5898.v	393.30	77	307.60	146	5	3
multiplier_4b_d6d1a75cdcc2ca9a80e734a4af91d21f.v	429.50	83	321.80	170	5	6
multiplier_4b_2a073ab04256bcf0933e10f63c6b0eb7.v	376.10	73	296.10	151	4	3
multiplier_4b_a37c043b308c58ca9a5644f39583dde4.v	373.60	80	320.80	174	3	7
multiplier_4b_1fabea633c50b5c8fbd544ca1a374717.v	388.50	76	298.40	169	4	4
multiplier_4b_418562c6efe0428529189157dc93881f.v	417.80	78	100000.00	100000	4	7
multiplier_4b_190c4bd0656290da78a8e781b343f631.v	422.40	73	100000.00	100000	5	2
multiplier_4b_d3e8de041f4c5b4a892c74743e650b1b.v	437.90	73	317.70	133	5	3
multiplier_4b_07db61aeb53f09b1457e4bc9a0317544.v	411.80	77	300.00	168	3	5
multiplier_4b_f71764fe216ac52ddd79cb43dec84bb8.v	411.70	78	286.90	197	4	5
multiplier_4b_a245db66ca5e47f43a5c99c51a51f1f1.v	369.00	72	100000.00	100000	4	3
multiplier_4b_68c9c607169e288f8475cfe23a12d827.v	455.10	82	319.00	170	3	7
multiplier_4b_3cd1719725de55127a4d2537c5ad3267.v	404.00	76	305.90	164	4	4
multiplier_4b_eee6499652194f063be5b89d5d42460f.v	372.40	74	100000.00	100000	4	3
multiplier_4b_190c4bd0656290da78a8e781b343f631.v	422.40	73	100000.00	100000	5	2
multiplier_4b_5125c5ea660e70dd292ebf5a62b53928.v	359.50	73	100000.00	100000	3	4
multiplier_4b_5ae3b90271972f958c2028b4cae727bc.v	459.90	84	100000.00	100000	1	12
multiplier_4b_9c768ba29575b603da68b863984a9580.v	365.80	71	100000.00	100000	3	4
multiplier_4b_c396d23f07919c7df0b7e840b4422b0e.v	427.30	81	337.90	194	5	7
multiplier_4b_f71764fe216ac52ddd79cb43dec84bb8.v	411.70	78	286.90	197	4	5
multiplier_4b_ffa9d6f60dc2a3853ab101c567dd72bf.v	403.60	83	295.00	176	3	8
multiplier_4b_06434026d3f9ae9e37d771937f77984f.v	442.90	79	100000.00	100000	3	8
multiplier_4b_9d9869d3ff1edfaadf4d498d085fce5a.v	416.90	78	305.00	190	5	4
multiplier_4b_ae5057733481046242ac5787f317e6d8.v	388.80	80	100000.00	100000	3	7
multiplier_4b_190c4bd0656290da78a8e781b343f631.v	422.40	73	100000.00	100000	5	2
multiplier_4b_9c768ba29575b603da68b863984a9580.v	365.80	71	100000.00	100000	3	4
multiplier_4b_31b41f3fa0f24aba275cc1f2e49c83b7.v	441.00	77	311.20	207	6	2
multiplier_4b_b33feff8587bf8863b33991062b03ecf.v	350.90	80	310.40	166	5	5
multiplier_4b_9eb0a945d6df3f063a2229382361a83c.v	397.60	75	100000.00	100000	4	4
multiplier_4b_590872e18d841623115b1dc43964d9de.v	400.90	72	100000.00	100000	6	1
multiplier_4b_65c78dacc7ed0680bac22c550f1bce3a.v	418.10	78	304.40	160	3	5
multiplier_4b_320fd61b9cf210a2a7ceec8004daab69.v	387.60	72	100000.00	100000	4	3
multiplier_4b_7eaf7ab48d4911bc471db2a0256f5898.v	393.30	77	307.60	146	5	3
multiplier_4b_9511cbf02e658491dd007c71331dcd97.v	403.60	78	293.40	178	4	4
multiplier_4b_5137a362bb77a91662e40c2d2057cbe1.v	402.50	73	100000.00	100000	5	2
multiplier_4b_70506bd2eede8596718c72ffc223c686.v	432.70	73	303.20	145	6	2
multiplier_4b_81fb7f870af072a5cc89c8b194e0f438.v	391.80	80	310.80	181	3	7
multiplier_4b_5125c5ea660e70dd292ebf5a62b53928.v	359.50	73	100000.00	100000	3	4
multiplier_4b_f9c67ac0cf236300dc5f33c52b8002e2.v	414.40	80	293.00	181	4	5
multiplier_4b_305f9209e6f58447797f091283a66ed5.v	418.20	82	342.30	172	5	7
multiplier_4b_9c768ba29575b603da68b863984a9580.v	365.80	71	100000.00	100000	3	4
multiplier_4b_9c376f2f069da2492e67f234e19b8a8d.v	387.90	76	276.00	171	3	4
multiplier_4b_c77a976625831909c7d0194b0afaeaea.v	433.00	77	307.80	187	5	3
multiplier_4b_d3e8de041f4c5b4a892c74743e650b1b.v	437.90	73	317.70	133	5	3
multiplier_4b_051cba1964806d868ddd5857e20af87d.v	379.00	79	320.20	169	4	6
multiplier_4b_c9dd11434d2109efd9c7d4ba99d836ef.v	382.90	76	288.20	174	4	4
multiplier_4b_2ff5f2819fdc88d2a44c57afe1de2032.v	383.20	81	335.10	143	5	4
multiplier_4b_25ffa6e131d4ea76f15bc4fecab1495f.v	353.10	73	100000.00	100000	4	3
multiplier_4b_10da21a959e3eb2b31b8de5c1287fca3.v	430.30	74	319.30	169	6	2
multiplier_4b_ae5057733481046242ac5787f317e6d8.v	388.80	80	100000.00	100000	3	7
multiplier_4b_eba786afcc5a5ba9f7593eb63cf7e499.v	409.80	82	100000.00	100000	3	8
multiplier_4b_3a97b4f324e49e29dbe802b341d69426.v	399.30	74	273.10	198	4	3
multiplier_4b_723162485ef2dbef3c91cb9b97dc2467.v	420.50	79	311.00	151	4	5
multiplier_4b_e8894860c130dafc83c8c63a709fdfdc.v	387.00	83	309.70	188	2	7
multiplier_4b_3cd1719725de55127a4d2537c5ad3267.v	404.00	76	305.90	164	4	4
multiplier_4b_a2fe57478d5bbf79c2db8fd622f8a7bc.v	408.40	81	100000.00	100000	5	6
multiplier_4b_f71764fe216ac52ddd79cb43dec84bb8.v	411.70	78	286.90	197	4	5
multiplier_4b_8a3ec684a7faff41b28838971e7d10c7.v	422.20	78	100000.00	100000	5	5
multiplier_4b_31b41f3fa0f24aba275cc1f2e49c83b7.v	441.00	77	311.20	207	6	2
multiplier_4b_02a78aeb581fef05c5988dc0ebfb8f04.v	399.40	81	316.80	163	5	5
multiplier_4b_877a8e5b454405bf12370422234c205e.v	428.50	77	309.60	154	4	5
multiplier_4b_5137a362bb77a91662e40c2d2057cbe1.v	402.50	73	100000.00	100000	5	2
multiplier_4b_cb778d7cd290b389be6eb01d83c0ff16.v	357.70	72	100000.00	100000	4	3
multiplier_4b_320fd61b9cf210a2a7ceec8004daab69.v	387.60	72	100000.00	100000	4	3
multiplier_4b_63c6082bcf2b4713a5b9b02bdbe45c1d.v	395.20	83	316.30	156	4	7
multiplier_4b_ebda57b71b6dc2681e40157a96e66759.v	419.10	73	100000.00	100000	4	3
multiplier_4b_87b938243f1d3a02759cd5a76425e926.v	414.10	85	312.50	168	3	8
multiplier_4b_190c4bd0656290da78a8e781b343f631.v	422.40	73	100000.00	100000	5	2
multiplier_4b_2132263a422e2e7b72842e3efaf8c7d4.v	432.60	77	296.90	153	3	5
multiplier_4b_0254a17666e4627f5449e644008463ff.v	393.00	72	100000.00	100000	5	2
multiplier_4b_7096442f38888fead8947b50538c2ba3.v	386.30	80	100000.00	100000	4	6
multiplier_4b_59ba98cb160253e29ccb1e42e522c655.v	382.90	79	100000.00	100000	2	9
multiplier_4b_922f20ae5cf3a430a190eaf608143bb6.v	424.20	80	319.90	174	3	9
multiplier_4b_c09893428b684dcb8849d8da7516e9cd.v	461.70	78	307.60	173	2	7
multiplier_4b_320fd61b9cf210a2a7ceec8004daab69.v	387.60	72	100000.00	100000	4	3
multiplier_4b_a25a4c6ca0317098e1598cc867c64f19.v	420.80	81	325.50	171	3	8
multiplier_4b_0100fe44b2aafac4c22e336a72372145.v	388.40	81	301.80	152	3	6
multiplier_4b_2985cc280b504c52582390c9b5a64577.v	396.10	77	100000.00	100000	3	5
multiplier_4b_f9f79da4f94b1bac316f39ee6a0abe9f.v	393.80	81	100000.00	100000	2	9
multiplier_4b_d3e8de041f4c5b4a892c74743e650b1b.v	437.90	73	317.70	133	5	3
multiplier_4b_7cf74c2a63eaad152ee15277a91b9487.v	429.60	74	296.00	206	3	5
multiplier_4b_fe601dcbf4eb4bff3f01c19922b7f03a.v	412.80	80	100000.00	100000	4	6
multiplier_4b_c9dd11434d2109efd9c7d4ba99d836ef.v	382.90	76	288.20	174	4	4
multiplier_4b_9511cbf02e658491dd007c71331dcd97.v	403.60	78	293.40	178	4	4
multiplier_4b_ae74a28977f2216d02c31aa601409b3f.v	415.20	83	316.90	200	5	6
multiplier_4b_d49cdd600e5435b598d5786f0dd0e539.v	362.80	82	298.60	149	3	6
multiplier_4b_55bf15d11b283331323441eb26b4d801.v	413.40	79	301.40	169	3	6
multiplier_4b_5246e1fc6757a81bf7bda09ecf523100.v	403.10	82	100000.00	100000	3	7
multiplier_4b_8e4a4cf7558b59d868e58466252c947e.v	385.70	72	100000.00	100000	5	2
multiplier_4b_72023d54b6b753ff7754b3c43fd890e1.v	442.80	80	100000.00	100000	3	8
multiplier_4b_5246e1fc6757a81bf7bda09ecf523100.v	403.10	82	100000.00	100000	3	7
multiplier_4b_9c376f2f069da2492e67f234e19b8a8d.v	387.90	76	276.00	171	3	4
multiplier_4b_337c0adb2b27487af3197ad32f955d94.v	386.20	75	100000.00	100000	4	4
multiplier_4b_6f021aa712362cdbf265a521e1012d1e.v	418.60	78	312.80	169	3	7
multiplier_4b_b688a899bdc927b71c41c8b3e206f2f2.v	383.40	74	313.80	113	4	4
multiplier_4b_9c6f81c759425f4910aef058be98b4bb.v	422.40	74	100000.00	100000	5	3
multiplier_4b_204f8d20b829ab5c46e8935708ad8d54.v	389.20	76	100000.00	100000	4	4
multiplier_4b_7943ec5c4839a7fc58b7384997f8221d.v	390.30	79	323.50	176	5	5
multiplier_4b_6770bc36bbb95217b76ac65e11e1d0a0.v	439.80	81	312.10	191	5	5
multiplier_4b_337c0adb2b27487af3197ad32f955d94.v	386.20	75	100000.00	100000	4	4
multiplier_4b_c40897162350cc399443c1fc4e295f46.v	406.30	76	292.50	153	4	4
multiplier_4b_0e7337679101f18497e7e912743c8326.v	368.20	79	297.70	154	5	4
multiplier_4b_320fd61b9cf210a2a7ceec8004daab69.v	387.60	72	100000.00	100000	4	3
multiplier_4b_8e4a4cf7558b59d868e58466252c947e.v	385.70	72	100000.00	100000	5	2
multiplier_4b_303ef2b659948ebb691c8ddfa12337c5.v	421.50	80	323.80	173	5	4
multiplier_4b_383bf672ef5e8644ed451e369f15a6a3.v	356.90	74	100000.00	100000	4	4
multiplier_4b_3a9937fdc0a8eefe07a55cd384c65429.v	410.40	79	100000.00	100000	6	5
multiplier_4b_9c376f2f069da2492e67f234e19b8a8d.v	387.90	76	276.00	171	3	4
multiplier_4b_fc9473397ecaf016f30ab4810fcd67d8.v	418.70	78	301.80	171	4	5
multiplier_4b_ea0b04aeeae22ab257148cad65bfbe0b.v	419.60	81	100000.00	100000	4	7
multiplier_4b_48f4079a0eb31573ba1ede2c99d5a181.v	463.60	76	328.80	134	4	4
multiplier_4b_07db61aeb53f09b1457e4bc9a0317544.v	411.80	77	300.00	168	3	5
multiplier_4b_2c9c8d39eece3839ba5e70cce63672f9.v	436.50	82	320.30	162	4	8
multiplier_4b_f13f54871bf3bb306ee5cb287159ec4a.v	420.90	76	299.40	192	4	4
multiplier_4b_d87915384ed14cbcf9b8e0d0644c4342.v	387.80	80	306.00	172	5	5
multiplier_4b_fa74471798e12314c201771623e7ba9c.v	397.10	81	320.30	177	4	6
multiplier_4b_c77a976625831909c7d0194b0afaeaea.v	433.00	77	307.80	187	5	3
multiplier_4b_71b2f2f28344ee3ec146dd5cc996e14d.v	404.90	77	312.40	167	2	7
multiplier_4b_ebeb3e17c04315d11d1a72e32f026f1e.v	391.90	76	332.00	162	5	4
multiplier_4b_2a13364791050b3732791203922f3fef.v	398.50	88	100000.00	100000	4	8
multiplier_4b_00df589801ffab6c22132c309ea61919.v	410.30	80	100000.00	100000	2	8
multiplier_4b_3365fb2ca34e86be85f7725772b3e8c6.v	414.30	82	324.00	206	5	7
multiplier_4b_4ccfe3f8bdb3846a5360d341fe12e21a.v	414.90	79	301.80	206	3	6
multiplier_4b_0254a17666e4627f5449e644008463ff.v	393.00	72	100000.00	100000	5	2
multiplier_4b_9eb0a945d6df3f063a2229382361a83c.v	397.60	75	100000.00	100000	4	4
multiplier_4b_337c0adb2b27487af3197ad32f955d94.v	386.20	75	100000.00	100000	4	4
multiplier_4b_d27c671f0a004ebb9f2df717470fe4ef.v	430.20	73	320.50	173	5	3
multiplier_4b_1afea3641c32e69bd6b66c31894650e7.v	390.60	79	303.90	169	5	5
multiplier_4b_2b1b935d7430ba59f0d44f59eadfda87.v	426.00	76	304.80	179	3	5
multiplier_4b_e79720ff13148c5e6a13fc966ad8bd1d.v	394.50	81	320.80	182	4	6
multiplier_4b_71b2f2f28344ee3ec146dd5cc996e14d.v	404.90	77	312.40	167	2	7
multiplier_4b_b688a899bdc927b71c41c8b3e206f2f2.v	383.40	74	313.80	113	4	4
multiplier_4b_5125c5ea660e70dd292ebf5a62b53928.v	359.50	73	100000.00	100000	3	4
multiplier_4b_d443f68db32d4b2fe189b9165cd54c9d.v	402.00	78	322.30	196	4	6
multiplier_4b_9c768ba29575b603da68b863984a9580.v	365.80	71	100000.00	100000	3	4
multiplier_4b_9c768ba29575b603da68b863984a9580.v	365.80	71	100000.00	100000	3	4
multiplier_4b_e6204a254f6287f0efcb71f04e5111fe.v	380.50	80	100000.00	100000	2	9
multiplier_4b_9c376f2f069da2492e67f234e19b8a8d.v	387.90	76	276.00	171	3	4
multiplier_4b_25ffa6e131d4ea76f15bc4fecab1495f.v	353.10	73	100000.00	100000	4	3
multiplier_4b_c655445c5f1d1c2dba914aa275d1cd8a.v	431.90	80	327.50	159	3	7
multiplier_4b_661a157ceae9621e3daf468538f483bc.v	378.20	74	291.70	186	6	2
multiplier_4b_45b3e24e6d983d467f096a627963fec5.v	371.60	84	338.70	175	5	6
multiplier_4b_9886c7172854a1131a980bb568b9cf9c.v	394.40	82	298.30	173	4	7
multiplier_4b_d33cf40fc58638c4c034fb1dc68185d1.v	428.80	77	327.10	153	6	3
multiplier_4b_87b938243f1d3a02759cd5a76425e926.v	414.10	85	312.50	168	3	8
multiplier_4b_daedaa7c59f862343b6af2f37cb80fd6.v	369.00	72	100000.00	100000	5	2
multiplier_4b_c4f00a0e84ac343a529465372cab7523.v	437.80	84	100000.00	100000	3	9
multiplier_4b_947e2edf2da310f3cefc653c066ca12d.v	398.90	77	289.00	161	5	3
multiplier_4b_cb778d7cd290b389be6eb01d83c0ff16.v	357.70	72	100000.00	100000	4	3
multiplier_4b_863a039fea5225e9de381d3cb3852457.v	369.50	78	318.90	194	5	5
multiplier_4b_2a073ab04256bcf0933e10f63c6b0eb7.v	376.10	73	296.10	151	4	3
multiplier_4b_d2ba2be1f52a9d228debfda1ff71ec21.v	451.10	72	326.00	139	7	1
multiplier_4b_0c90bba3da200809fee125feda15d8aa.v	426.80	80	100000.00	100000	5	6
multiplier_4b_499cd8988edaefa9891e5ca91f22e69b.v	325.30	84	100000.00	100000	4	5
multiplier_4b_590872e18d841623115b1dc43964d9de.v	400.90	72	100000.00	100000	6	1
multiplier_4b_ea1a9ea15fe119465d2d266a7c8b3f43.v	434.90	75	320.90	143	6	2
multiplier_4b_9c376f2f069da2492e67f234e19b8a8d.v	387.90	76	276.00	171	3	4
multiplier_4b_24db09b781183e0d6ff09c0a9bfc5604.v	403.50	78	315.80	190	4	6
multiplier_4b_b4192a6b96bce21b26b0ae173c7ece7c.v	413.20	77	325.30	147	6	3
multiplier_4b_59998b78ec4647bd8903035ade8ae789.v	411.00	76	324.30	153	7	2
multiplier_4b_7eaf7ab48d4911bc471db2a0256f5898.v	393.30	77	307.60	146	5	3
multiplier_4b_190c4bd0656290da78a8e781b343f631.v	422.40	73	100000.00	100000	5	2
multiplier_4b_74b0f98d14d50da4a9c1b33afd1327b2.v	455.10	73	324.80	144	6	2
multiplier_4b_584997ccf1651eeff7383d3f3e31e244.v	375.20	80	291.90	173	6	3
multiplier_4b_878408acdb0ee87f08ab3e3f7530d347.v	397.30	73	288.20	174	3	5
multiplier_4b_2ff5f2819fdc88d2a44c57afe1de2032.v	383.20	81	335.10	143	5	4
multiplier_4b_10da21a959e3eb2b31b8de5c1287fca3.v	430.30	74	319.30	169	6	2
multiplier_4b_d3a97596a2b7a69e202d879714fccdd1.v	416.40	82	327.70	141	4	5
multiplier_4b_295ea983a3cfdc964f8b17dfd8483f0c.v	426.20	82	322.50	144	3	9
multiplier_4b_0886bbef338b25e7c0e4c0b3636d3941.v	367.10	81	291.80	152	5	4
multiplier_4b_26acc055f005f493481087e2a03c8fc1.v	398.80	77	303.00	140	3	5
multiplier_4b_48f4079a0eb31573ba1ede2c99d5a181.v	463.60	76	328.80	134	4	4
multiplier_4b_f3501a31dd0e79cdb59fde556863bbc7.v	428.30	77	325.60	124	5	3
multiplier_4b_690c4ed49d5f4d70eb672275ba1cfa2d.v	390.80	79	326.30	139	6	3
multiplier_4b_c655445c5f1d1c2dba914aa275d1cd8a.v	431.90	80	327.50	159	3	7
multiplier_4b_411cbd495545eb075f9fae062884407a.v	430.00	76	309.00	162	4	5
multiplier_4b_eee6499652194f063be5b89d5d42460f.v	372.40	74	100000.00	100000	4	3
multiplier_4b_f6435928ab83362bcaf2aee497cfe99f.v	438.60	74	306.40	153	2	6
multiplier_4b_4b8be675664ff9bc84803f5486ba4940.v	428.10	79	317.80	197	5	6
multiplier_4b_592120fc052658d01afeb73c1b606e13.v	416.70	78	299.20	145	4	5
multiplier_4b_22911fb3b58f4f64fb9ff8fcb194ddb7.v	368.80	85	324.70	178	4	7
multiplier_4b_2a2e0d2946b6fe8ad594e155288b9e96.v	422.40	76	293.70	164	5	4
multiplier_4b_9ea526adf1137bc101f029d3d5cd8c68.v	416.80	81	324.10	166	5	5
multiplier_4b_60e646cf172fe805a25e21f00d3c1ad3.v	457.70	80	310.90	168	5	6
multiplier_4b_b33feff8587bf8863b33991062b03ecf.v	350.90	80	310.40	166	5	5
multiplier_4b_3f6e020e6b83bea8f3ffad17176492fd.v	392.10	82	304.40	152	4	6
multiplier_4b_c30ef4f0492cb69220b501a6b56c4c2f.v	491.20	77	321.70	132	4	4
multiplier_4b_65c78dacc7ed0680bac22c550f1bce3a.v	418.10	78	304.40	160	3	5
multiplier_4b_d13c8fd2dfcb1e4e5a33ce0299b89f2c.v	410.50	79	295.60	155	4	5
multiplier_4b_4579d33a6ba7e075fd7df9f5864be034.v	383.10	83	311.00	181	4	6
multiplier_4b_592120fc052658d01afeb73c1b606e13.v	416.70	78	299.20	145	4	5
multiplier_4b_5248fed78f6d5e45182c5f05b81c43f8.v	400.20	81	290.60	194	3	8
multiplier_4b_818d7200c886ca1e5e42d850112fe267.v	395.80	83	323.90	164	3	9
multiplier_4b_2132263a422e2e7b72842e3efaf8c7d4.v	432.60	77	296.90	153	3	5
multiplier_4b_e79720ff13148c5e6a13fc966ad8bd1d.v	394.50	81	320.80	182	4	6
multiplier_4b_1fabea633c50b5c8fbd544ca1a374717.v	388.50	76	298.40	169	4	4
multiplier_4b_4359ccad55b28be59d19137252a21c82.v	403.70	76	306.60	142	4	4
multiplier_4b_f51c253c22b5d05f6633475ec2ae5054.v	435.30	86	320.20	176	3	10
multiplier_4b_45b3e24e6d983d467f096a627963fec5.v	371.60	84	338.70	175	5	6
multiplier_4b_cb778d7cd290b389be6eb01d83c0ff16.v	357.70	72	100000.00	100000	4	3
multiplier_4b_48f4079a0eb31573ba1ede2c99d5a181.v	463.60	76	328.80	134	4	4
multiplier_4b_02a78aeb581fef05c5988dc0ebfb8f04.v	399.40	81	316.80	163	5	5
multiplier_4b_0254a17666e4627f5449e644008463ff.v	393.00	72	100000.00	100000	5	2
multiplier_4b_9c768ba29575b603da68b863984a9580.v	365.80	71	100000.00	100000	3	4
multiplier_4b_87fb15a258055888dbea2ca02ce66767.v	361.50	76	100000.00	100000	3	4
multiplier_4b_190c4bd0656290da78a8e781b343f631.v	422.40	73	100000.00	100000	5	2
multiplier_4b_423cc50482ba0b758b4effc076e93061.v	416.60	82	317.30	145	4	6
multiplier_4b_8e4a4cf7558b59d868e58466252c947e.v	385.70	72	100000.00	100000	5	2
multiplier_4b_ebef2b8b2ecf986fe27dacd515623722.v	378.20	74	294.90	154	5	3
multiplier_4b_320fd61b9cf210a2a7ceec8004daab69.v	387.60	72	100000.00	100000	4	3
multiplier_4b_2132263a422e2e7b72842e3efaf8c7d4.v	432.60	77	296.90	153	3	5
multiplier_4b_5125c5ea660e70dd292ebf5a62b53928.v	359.50	73	100000.00	100000	3	4
multiplier_4b_ebda57b71b6dc2681e40157a96e66759.v	419.10	73	100000.00	100000	4	3
multiplier_4b_4579d33a6ba7e075fd7df9f5864be034.v	383.10	83	311.00	181	4	6
multiplier_4b_d27c671f0a004ebb9f2df717470fe4ef.v	430.20	73	320.50	173	5	3
multiplier_4b_c9dd11434d2109efd9c7d4ba99d836ef.v	382.90	76	288.20	174	4	4
multiplier_4b_aa2efed2b51b47cfa5ebc8ac1aade94d.v	413.70	77	297.40	142	2	6
multiplier_4b_dbd9a5e3fd86dac943835dc28d6295b0.v	360.00	81	318.80	155	4	6
multiplier_4b_190c4bd0656290da78a8e781b343f631.v	422.40	73	100000.00	100000	5	2
multiplier_4b_737f9b1205e2afd46e295bceea1c2a2b.v	385.80	81	307.80	173	4	6
multiplier_4b_2d684afbfed8a3bd9eb71b96a4b391bf.v	442.70	77	306.40	152	4	5
multiplier_4b_9c376f2f069da2492e67f234e19b8a8d.v	387.90	76	276.00	171	3	4
multiplier_4b_d1221e4926cd6597570a9df3d080da8e.v	394.90	76	298.60	151	3	5
multiplier_4b_ebda57b71b6dc2681e40157a96e66759.v	419.10	73	100000.00	100000	4	3
multiplier_4b_48db09971cae5e51e538668809056ad4.v	438.80	88	324.80	169	4	8
multiplier_4b_b96a35d56690691de883b652005fe370.v	416.40	75	312.40	138	5	3
multiplier_4b_14fc0f68c935bb8cebb874cbd25687b4.v	441.00	77	313.80	163	6	2
multiplier_4b_190c4bd0656290da78a8e781b343f631.v	422.40	73	100000.00	100000	5	2
multiplier_4b_d3a97596a2b7a69e202d879714fccdd1.v	416.40	82	327.70	141	4	5
multiplier_4b_89d49475eb2e9573212b5e19c767eacb.v	385.60	77	315.30	157	5	4
multiplier_4b_24db09b781183e0d6ff09c0a9bfc5604.v	403.50	78	315.80	190	4	6
multiplier_4b_ffa9d6f60dc2a3853ab101c567dd72bf.v	403.60	83	295.00	176	3	8
multiplier_4b_25ffa6e131d4ea76f15bc4fecab1495f.v	353.10	73	100000.00	100000	4	3
multiplier_4b_14fc0f68c935bb8cebb874cbd25687b4.v	441.00	77	313.80	163	6	2
multiplier_4b_8fc4ce6e61e0f73009b881409d244206.v	350.80	84	309.00	171	4	6
multiplier_4b_383bf672ef5e8644ed451e369f15a6a3.v	356.90	74	100000.00	100000	4	4
multiplier_4b_c24ce718ffa8291a2d50529bda29191a.v	413.60	81	322.90	177	5	6
multiplier_4b_423cc50482ba0b758b4effc076e93061.v	416.60	82	317.30	145	4	6
multiplier_4b_c09893428b684dcb8849d8da7516e9cd.v	461.70	78	307.60	173	2	7
multiplier_4b_70dd3bb82d327910941c02a1c3cabc5d.v	451.60	81	313.80	160	4	7
multiplier_4b_f5c931d415af51d25108cbc86a455f05.v	407.10	80	344.80	171	5	5
multiplier_4b_2a2e0d2946b6fe8ad594e155288b9e96.v	422.40	76	293.70	164	5	4
multiplier_4b_2d684afbfed8a3bd9eb71b96a4b391bf.v	442.70	77	306.40	152	4	5
multiplier_4b_65b7e210114518ebd2e69869385d6eb7.v	405.80	80	315.20	178	4	5
multiplier_4b_cb778d7cd290b389be6eb01d83c0ff16.v	357.70	72	100000.00	100000	4	3
multiplier_4b_2d16a475cf9a8f41fa767e4658e2f823.v	406.30	84	100000.00	100000	3	7
multiplier_4b_abce254e5affba47240262dd8fab1c39.v	372.20	85	316.00	183	3	7
multiplier_4b_e82d85da919d630685036f16dd0e1914.v	438.80	76	299.80	137	3	5
multiplier_4b_996505d82b95c921dfd7d36caac8d3fd.v	371.10	80	299.70	203	4	5
multiplier_4b_64bcfbfb4a2af67c68a6ada5d32edba5.v	392.40	78	100000.00	100000	4	6
multiplier_4b_1afea3641c32e69bd6b66c31894650e7.v	390.60	79	303.90	169	5	5
multiplier_4b_82515bce6f79f9966ff9508755a3e1d0.v	387.80	83	317.00	168	5	5
multiplier_4b_c66280adfa297655c59772f6d3ca740a.v	355.90	78	296.90	159	4	5
multiplier_4b_190c4bd0656290da78a8e781b343f631.v	422.40	73	100000.00	100000	5	2
multiplier_4b_cce3651e87fee1d285a88f2a06230d51.v	379.80	76	288.40	171	5	3
multiplier_4b_2a2e0d2946b6fe8ad594e155288b9e96.v	422.40	76	293.70	164	5	4
multiplier_4b_72d80d39e5735768d07bf56d4ffee1ba.v	407.60	75	299.40	169	3	5
multiplier_4b_20ab604062909ce9a04d246c4a778d06.v	408.20	77	326.40	136	4	4
multiplier_4b_7b3039459a70d18cdf7ce41439dd757c.v	398.20	81	310.90	163	5	5
multiplier_4b_af462453d3d023d7dd5ca57d5597acf5.v	449.10	79	325.90	174	5	5
multiplier_4b_42c3e3d2b5d8c33aea24875e50b6c2b5.v	402.50	81	307.60	169	5	4
multiplier_4b_190c4bd0656290da78a8e781b343f631.v	422.40	73	100000.00	100000	5	2
multiplier_4b_d990f25210b5a0f049cd0080e17f3b14.v	408.30	83	100000.00	100000	3	8
multiplier_4b_f3501a31dd0e79cdb59fde556863bbc7.v	428.30	77	325.60	124	5	3
multiplier_4b_a5bc972be85b9e0d9d33c7ee9a6727db.v	431.30	80	341.30	191	6	5
multiplier_4b_5137a362bb77a91662e40c2d2057cbe1.v	402.50	73	100000.00	100000	5	2
multiplier_4b_daedaa7c59f862343b6af2f37cb80fd6.v	369.00	72	100000.00	100000	5	2
multiplier_4b_d3e8de041f4c5b4a892c74743e650b1b.v	437.90	73	317.70	133	5	3
multiplier_4b_da12b3a13df7bc15c99320055f8251d2.v	393.80	81	100000.00	100000	3	7
multiplier_4b_690c4ed49d5f4d70eb672275ba1cfa2d.v	390.80	79	326.30	139	6	3
multiplier_4b_320fd61b9cf210a2a7ceec8004daab69.v	387.60	72	100000.00	100000	4	3
multiplier_4b_2132263a422e2e7b72842e3efaf8c7d4.v	432.60	77	296.90	153	3	5
multiplier_4b_3cd1719725de55127a4d2537c5ad3267.v	404.00	76	305.90	164	4	4
multiplier_4b_4c2b2adb95d1983a560428b0fc79dfb3.v	425.30	80	326.10	201	4	6
multiplier_4b_989db99efc06d484922376578031e1e5.v	412.80	83	309.10	189	4	7
multiplier_4b_d1221e4926cd6597570a9df3d080da8e.v	394.90	76	298.60	151	3	5
multiplier_4b_590872e18d841623115b1dc43964d9de.v	400.90	72	100000.00	100000	6	1
multiplier_4b_182315b610040d04eaaa162dcd3638ea.v	341.70	83	100000.00	100000	5	5
multiplier_4b_2a073ab04256bcf0933e10f63c6b0eb7.v	376.10	73	296.10	151	4	3
multiplier_4b_24db09b781183e0d6ff09c0a9bfc5604.v	403.50	78	315.80	190	4	6
multiplier_4b_b902fca939798f4259f0aa2f382924be.v	431.30	80	318.10	220	5	6
multiplier_4b_c9dd11434d2109efd9c7d4ba99d836ef.v	382.90	76	288.20	174	4	4
multiplier_4b_383bf672ef5e8644ed451e369f15a6a3.v	356.90	74	100000.00	100000	4	4
multiplier_4b_e895af97aa5b1261152c3c144e60d26f.v	362.00	81	302.20	157	3	6
multiplier_4b_1aa1a10c9b315a51d137201d9ae7e63f.v	341.90	78	288.00	205	4	4
multiplier_4b_e2058720b03b8caf33829d90bd0edff7.v	441.30	83	313.10	194	3	9
multiplier_4b_a2f7c92b6de0eacaa5fa3e27a9c21cde.v	385.50	75	283.50	206	4	4
multiplier_4b_5871ce4efa7a2f0f9d10947aef1b335f.v	423.50	78	307.90	185	3	6
multiplier_4b_d3e8de041f4c5b4a892c74743e650b1b.v	437.90	73	317.70	133	5	3
multiplier_4b_c66280adfa297655c59772f6d3ca740a.v	355.90	78	296.90	159	4	5
multiplier_4b_35cebcac0155a1fe14aee80f22099050.v	445.10	82	316.30	190	2	9
multiplier_4b_87b938243f1d3a02759cd5a76425e926.v	414.10	85	312.50	168	3	8
multiplier_4b_1ddd6100a99c0033b90e8387354cdfb5.v	404.90	77	289.00	189	5	3
multiplier_4b_a245db66ca5e47f43a5c99c51a51f1f1.v	369.00	72	100000.00	100000	4	3
multiplier_4b_f27b8e06e32c303d53b6a81f8af945e3.v	375.20	80	316.60	156	6	4
multiplier_4b_a37c043b308c58ca9a5644f39583dde4.v	373.60	80	320.80	174	3	7
multiplier_4b_ebda57b71b6dc2681e40157a96e66759.v	419.10	73	100000.00	100000	4	3
multiplier_4b_ef566c5d1b879bfc6b46f1d429b160bb.v	420.00	84	310.90	212	4	8
multiplier_4b_a583e0ffeb112ec8b8a84fe683c6cbca.v	418.10	80	307.60	176	4	7
multiplier_4b_f4e511dc2e5132d2d9055200b22eb228.v	418.00	82	100000.00	100000	4	6
multiplier_4b_8e7788ff95ea36f9186b59cac0d52e66.v	433.50	82	321.50	153	3	8
multiplier_4b_2132263a422e2e7b72842e3efaf8c7d4.v	432.60	77	296.90	153	3	5
multiplier_4b_f9c67ac0cf236300dc5f33c52b8002e2.v	414.40	80	293.00	181	4	5
multiplier_4b_157857a9798793aca84b1a75f76a4f40.v	409.00	79	319.80	165	4	6
multiplier_4b_8294cc84c4accbc1114f49c5e606cfbe.v	403.50	75	293.90	189	4	4
multiplier_4b_924c027f95203acf978bc060875328b2.v	405.80	90	100000.00	100000	4	10
multiplier_4b_669c6a5d9754a8c1a28a13538ec46510.v	374.80	81	309.00	148	3	6
multiplier_4b_78d81588802c8cdf461f939b38cef030.v	353.00	78	304.20	138	3	6
multiplier_4b_418562c6efe0428529189157dc93881f.v	417.80	78	100000.00	100000	4	7
multiplier_4b_ebda57b71b6dc2681e40157a96e66759.v	419.10	73	100000.00	100000	4	3
multiplier_4b_2b1b935d7430ba59f0d44f59eadfda87.v	426.00	76	304.80	179	3	5
multiplier_4b_2a073ab04256bcf0933e10f63c6b0eb7.v	376.10	73	296.10	151	4	3
multiplier_4b_9c768ba29575b603da68b863984a9580.v	365.80	71	100000.00	100000	3	4
multiplier_4b_da12b3a13df7bc15c99320055f8251d2.v	393.80	81	100000.00	100000	3	7
multiplier_4b_abc4721621db3e200a5d3783ce924c03.v	401.90	74	302.60	144	6	3
multiplier_4b_9c376f2f069da2492e67f234e19b8a8d.v	387.90	76	276.00	171	3	4
multiplier_4b_8c094b5f52a4d076a4b3040a8855c99b.v	403.50	75	290.20	164	5	3
multiplier_4b_ebda57b71b6dc2681e40157a96e66759.v	419.10	73	100000.00	100000	4	3
multiplier_4b_320fd61b9cf210a2a7ceec8004daab69.v	387.60	72	100000.00	100000	4	3
multiplier_4b_1ddd6100a99c0033b90e8387354cdfb5.v	404.90	77	289.00	189	5	3
multiplier_4b_2b1b935d7430ba59f0d44f59eadfda87.v	426.00	76	304.80	179	3	5
multiplier_4b_6832d6128d0f12dbe5f991fc07f4211f.v	365.60	78	307.40	192	6	4
multiplier_4b_cb778d7cd290b389be6eb01d83c0ff16.v	357.70	72	100000.00	100000	4	3
multiplier_4b_337c0adb2b27487af3197ad32f955d94.v	386.20	75	100000.00	100000	4	4
multiplier_4b_5c9e93ff7827e3ecf2c8f3e95d2503a8.v	415.70	82	308.60	195	4	6
multiplier_4b_d63398c72e6769763cb9635453f988fd.v	371.00	72	100000.00	100000	5	3
multiplier_4b_f51c253c22b5d05f6633475ec2ae5054.v	435.30	86	320.20	176	3	10
multiplier_4b_fc9473397ecaf016f30ab4810fcd67d8.v	418.70	78	301.80	171	4	5
multiplier_4b_a9732630cb47aaeb8c7d871ca8976617.v	444.30	76	332.30	130	5	3
multiplier_4b_10da21a959e3eb2b31b8de5c1287fca3.v	430.30	74	319.30	169	6	2
multiplier_4b_b902fca939798f4259f0aa2f382924be.v	431.30	80	318.10	220	5	6
multiplier_4b_d63398c72e6769763cb9635453f988fd.v	371.00	72	100000.00	100000	5	3
multiplier_4b_2132263a422e2e7b72842e3efaf8c7d4.v	432.60	77	296.90	153	3	5
multiplier_4b_9ea526adf1137bc101f029d3d5cd8c68.v	416.80	81	324.10	166	5	5
multiplier_4b_a245db66ca5e47f43a5c99c51a51f1f1.v	369.00	72	100000.00	100000	4	3
multiplier_4b_5355a837ade79b156953db5a1bbfcbd6.v	425.20	80	308.80	161	3	7
multiplier_4b_1332c05c77f44e9f9068f8739eccfa07.v	405.70	81	100000.00	100000	2	8
multiplier_4b_d48015aa8066624556c9d9a72510a042.v	356.80	85	307.50	151	2	8
multiplier_4b_b544b00e816d482d590e1a13d613be21.v	380.50	80	100000.00	100000	3	7
multiplier_4b_7eaf7ab48d4911bc471db2a0256f5898.v	393.30	77	307.60	146	5	3
multiplier_4b_fc9473397ecaf016f30ab4810fcd67d8.v	418.70	78	301.80	171	4	5
multiplier_4b_87fb15a258055888dbea2ca02ce66767.v	361.50	76	100000.00	100000	3	4
multiplier_4b_f6435928ab83362bcaf2aee497cfe99f.v	438.60	74	306.40	153	2	6
multiplier_4b_3da45529a68fac0432475fd92b0f0d55.v	442.20	74	309.20	140	4	4
multiplier_4b_62fc00d9c4b582f18cb001ce4756fbc0.v	395.00	80	304.80	173	5	4
multiplier_4b_8bc02ed61d489f3005ca2f82435a953b.v	370.40	80	287.20	189	5	4
multiplier_4b_5125c5ea660e70dd292ebf5a62b53928.v	359.50	73	100000.00	100000	3	4
multiplier_4b_d1221e4926cd6597570a9df3d080da8e.v	394.90	76	298.60	151	3	5
multiplier_4b_1aa1a10c9b315a51d137201d9ae7e63f.v	341.90	78	288.00	205	4	4
multiplier_4b_c655445c5f1d1c2dba914aa275d1cd8a.v	431.90	80	327.50	159	3	7
multiplier_4b_27fc864d78e6cc553536e04f9fcc960d.v	403.30	82	299.60	162	3	7
multiplier_4b_68c9c607169e288f8475cfe23a12d827.v	455.10	82	319.00	170	3	7
multiplier_4b_989db99efc06d484922376578031e1e5.v	412.80	83	309.10	189	4	7
multiplier_4b_190c4bd0656290da78a8e781b343f631.v	422.40	73	100000.00	100000	5	2
multiplier_4b_ea79be85a809fef1aa354353cf7064d7.v	402.00	85	338.20	203	6	7
multiplier_4b_82515bce6f79f9966ff9508755a3e1d0.v	387.80	83	317.00	168	5	5
multiplier_4b_dbd9a5e3fd86dac943835dc28d6295b0.v	360.00	81	318.80	155	4	6
multiplier_4b_c40897162350cc399443c1fc4e295f46.v	406.30	76	292.50	153	4	4
multiplier_4b_0c147daa695e9115fe221108f1a22219.v	394.60	77	303.80	148	3	5
multiplier_4b_411cbd495545eb075f9fae062884407a.v	430.00	76	309.00	162	4	5
multiplier_4b_423cc50482ba0b758b4effc076e93061.v	416.60	82	317.30	145	4	6
multiplier_4b_00df589801ffab6c22132c309ea61919.v	410.30	80	100000.00	100000	2	8
multiplier_4b_64d57c1219eea0cf60677b7e11599d8a.v	391.80	76	100000.00	100000	3	5
multiplier_4b_b688a899bdc927b71c41c8b3e206f2f2.v	383.40	74	313.80	113	4	4
multiplier_4b_5f84b347c28396b32d0b33214b07068a.v	408.40	84	100000.00	100000	3	9
multiplier_4b_b7fbb6c556f2f67ad4d552f4ca659df3.v	384.60	83	325.80	164	3	8
multiplier_4b_c30ef4f0492cb69220b501a6b56c4c2f.v	491.20	77	321.70	132	4	4
multiplier_4b_8fc4ce6e61e0f73009b881409d244206.v	350.80	84	309.00	171	4	6
multiplier_4b_cd7d516dca79d343c78c3f021834851b.v	450.90	77	321.90	178	5	4
multiplier_4b_daedaa7c59f862343b6af2f37cb80fd6.v	369.00	72	100000.00	100000	5	2
multiplier_4b_7cf74c2a63eaad152ee15277a91b9487.v	429.60	74	296.00	206	3	5
multiplier_4b_50faebfb43b31d1028e11fe5f0f97eee.v	396.50	81	314.00	162	6	4
multiplier_4b_fa4a5c127cbe4302aae47149925324d6.v	418.10	84	320.50	169	4	7
multiplier_4b_7b3039459a70d18cdf7ce41439dd757c.v	398.20	81	310.90	163	5	5
multiplier_4b_3da45529a68fac0432475fd92b0f0d55.v	442.20	74	309.20	140	4	4
multiplier_4b_d63398c72e6769763cb9635453f988fd.v	371.00	72	100000.00	100000	5	3
multiplier_4b_72d80d39e5735768d07bf56d4ffee1ba.v	407.60	75	299.40	169	3	5
multiplier_4b_64d57c1219eea0cf60677b7e11599d8a.v	391.80	76	100000.00	100000	3	5
multiplier_4b_36c9b942df0d444a9c45d024a61badab.v	376.20	79	309.50	165	5	5
multiplier_4b_fa55bd2837fc373b4d95d4f632a9c120.v	383.40	74	301.90	169	5	3
multiplier_4b_62fc00d9c4b582f18cb001ce4756fbc0.v	395.00	80	304.80	173	5	4
multiplier_4b_cbee9adaffb3919d421d529d3d31ce0a.v	406.30	77	301.00	185	5	4
multiplier_4b_2a073ab04256bcf0933e10f63c6b0eb7.v	376.10	73	296.10	151	4	3
multiplier_4b_daedaa7c59f862343b6af2f37cb80fd6.v	369.00	72	100000.00	100000	5	2
multiplier_4b_48f4079a0eb31573ba1ede2c99d5a181.v	463.60	76	328.80	134	4	4
multiplier_4b_41c0ddfa5f682f208c7c029a12313ca7.v	408.00	75	316.20	150	5	4
multiplier_4b_aa01b3d7f64dbfbbb52b2e1bdccaac06.v	433.90	78	301.50	168	3	5
multiplier_4b_2a073ab04256bcf0933e10f63c6b0eb7.v	376.10	73	296.10	151	4	3
multiplier_4b_abd2352f11e803247109fc34afeba39e.v	358.50	81	100000.00	100000	4	6
multiplier_4b_922f20ae5cf3a430a190eaf608143bb6.v	424.20	80	319.90	174	3	9
multiplier_4b_f6435928ab83362bcaf2aee497cfe99f.v	438.60	74	306.40	153	2	6
multiplier_4b_87fb15a258055888dbea2ca02ce66767.v	361.50	76	100000.00	100000	3	4
multiplier_4b_a245db66ca5e47f43a5c99c51a51f1f1.v	369.00	72	100000.00	100000	4	3
multiplier_4b_c9dd11434d2109efd9c7d4ba99d836ef.v	382.90	76	288.20	174	4	4
multiplier_4b_5137a362bb77a91662e40c2d2057cbe1.v	402.50	73	100000.00	100000	5	2
multiplier_4b_eea6fe6335a8a64d2b2bc5c257a5f157.v	392.00	82	301.80	174	3	8
multiplier_4b_c66280adfa297655c59772f6d3ca740a.v	355.90	78	296.90	159	4	5
multiplier_4b_8d8c5cb2f39c639a6be6d64201442f0b.v	424.40	82	311.20	180	5	6
multiplier_4b_590872e18d841623115b1dc43964d9de.v	400.90	72	100000.00	100000	6	1
multiplier_4b_b33feff8587bf8863b33991062b03ecf.v	350.90	80	310.40	166	5	5
multiplier_4b_bebaf9d39f71bbd3d130e9ccda032a02.v	391.10	77	305.50	192	5	3
multiplier_4b_a1f9e08c92077d9af3690c7e64c6cc50.v	417.90	76	310.50	186	4	5
multiplier_4b_877a8e5b454405bf12370422234c205e.v	428.50	77	309.60	154	4	5
multiplier_4b_8c8a06c4dcae601d8c0472da1c2e165a.v	407.60	75	295.40	158	4	4
multiplier_4b_2eb9a1cb82d5916728afde1d72a3ac47.v	411.70	88	345.20	158	4	9
multiplier_4b_3cd1719725de55127a4d2537c5ad3267.v	404.00	76	305.90	164	4	4
multiplier_4b_bcef06ccb3bac9a24cefc603ca43b7ca.v	371.00	86	100000.00	100000	5	8
multiplier_4b_1fabea633c50b5c8fbd544ca1a374717.v	388.50	76	298.40	169	4	4
multiplier_4b_a9732630cb47aaeb8c7d871ca8976617.v	444.30	76	332.30	130	5	3
multiplier_4b_8c8a06c4dcae601d8c0472da1c2e165a.v	407.60	75	295.40	158	4	4
multiplier_4b_2132263a422e2e7b72842e3efaf8c7d4.v	432.60	77	296.90	153	3	5
multiplier_4b_7da28f06c44892471aafd28275889813.v	407.40	80	314.30	189	4	6
multiplier_4b_590872e18d841623115b1dc43964d9de.v	400.90	72	100000.00	100000	6	1
multiplier_4b_9d9869d3ff1edfaadf4d498d085fce5a.v	416.90	78	305.00	190	5	4
multiplier_4b_7afe66944d4d96fee68af5da164065a7.v	406.80	75	308.90	156	5	4
multiplier_4b_3a6adb7435739513a565737d0781a5d9.v	392.40	78	100000.00	100000	3	8
multiplier_4b_cdd6e11a09eedddbf9427a1823cb907e.v	468.70	77	319.40	156	4	6
multiplier_4b_fd0d824848db4833d10bd622c9fe224c.v	413.70	79	314.40	177	4	6
multiplier_4b_80333ca60a0f4fb2171c25100f4260f2.v	445.70	81	318.90	170	4	7
multiplier_4b_288f29e46a80cb35b489a13420fa37e3.v	408.30	80	300.80	146	3	6
multiplier_4b_b19627cce7c6f8f51237d64953e2f339.v	419.00	83	311.70	149	3	9
multiplier_4b_06434026d3f9ae9e37d771937f77984f.v	442.90	79	100000.00	100000	3	8
multiplier_4b_185a8ac4e2944112e30aabf9f31dce5a.v	394.20	82	314.80	163	5	5
multiplier_4b_081ab29e323cc186b54b54ac0dd5b54b.v	376.10	81	307.00	181	4	5
multiplier_4b_cfb234a06070bd92a01c5f13d5f4e35e.v	424.80	84	324.00	201	5	7
multiplier_4b_d3e8de041f4c5b4a892c74743e650b1b.v	437.90	73	317.70	133	5	3
multiplier_4b_288f29e46a80cb35b489a13420fa37e3.v	408.30	80	300.80	146	3	6
multiplier_4b_2eb9a1cb82d5916728afde1d72a3ac47.v	411.70	88	345.20	158	4	9
multiplier_4b_1332c05c77f44e9f9068f8739eccfa07.v	405.70	81	100000.00	100000	2	8
multiplier_4b_fc9473397ecaf016f30ab4810fcd67d8.v	418.70	78	301.80	171	4	5
multiplier_4b_62fc00d9c4b582f18cb001ce4756fbc0.v	395.00	80	304.80	173	5	4
multiplier_4b_723162485ef2dbef3c91cb9b97dc2467.v	420.50	79	311.00	151	4	5
multiplier_4b_0c147daa695e9115fe221108f1a22219.v	394.60	77	303.80	148	3	5
multiplier_4b_87fb15a258055888dbea2ca02ce66767.v	361.50	76	100000.00	100000	3	4
multiplier_4b_9d9869d3ff1edfaadf4d498d085fce5a.v	416.90	78	305.00	190	5	4
multiplier_4b_2a073ab04256bcf0933e10f63c6b0eb7.v	376.10	73	296.10	151	4	3
multiplier_4b_a245db66ca5e47f43a5c99c51a51f1f1.v	369.00	72	100000.00	100000	4	3
multiplier_4b_383bf672ef5e8644ed451e369f15a6a3.v	356.90	74	100000.00	100000	4	4
multiplier_4b_7e80440a2cec6c2221c5259fc66663b6.v	381.70	80	310.70	176	4	6
multiplier_4b_c9dd11434d2109efd9c7d4ba99d836ef.v	382.90	76	288.20	174	4	4
multiplier_4b_7e80440a2cec6c2221c5259fc66663b6.v	381.70	80	310.70	176	4	6
multiplier_4b_9c768ba29575b603da68b863984a9580.v	365.80	71	100000.00	100000	3	4
multiplier_4b_a245db66ca5e47f43a5c99c51a51f1f1.v	369.00	72	100000.00	100000	4	3
multiplier_4b_828dbe20e4925ea5116f5591b748b4b1.v	432.60	83	325.00	176	4	8
multiplier_4b_7b3039459a70d18cdf7ce41439dd757c.v	398.20	81	310.90	163	5	5
multiplier_4b_fa55bd2837fc373b4d95d4f632a9c120.v	383.40	74	301.90	169	5	3
multiplier_4b_4f9021e8fa717045ddb5427ccf74d25f.v	405.80	80	315.90	134	4	5
multiplier_4b_adfc8520058c7e3e3fc46ae424a59591.v	383.10	84	100000.00	100000	4	9
multiplier_4b_68c9c607169e288f8475cfe23a12d827.v	455.10	82	319.00	170	3	7
multiplier_4b_4c2b2adb95d1983a560428b0fc79dfb3.v	425.30	80	326.10	201	4	6
multiplier_4b_bc93dac003ff7ce73a946c31fcae7859.v	379.50	77	303.10	156	3	5
multiplier_4b_f327bdc874d864a95f8f9a06bc9b4c1c.v	438.70	81	311.40	177	4	6
multiplier_4b_3a97b4f324e49e29dbe802b341d69426.v	399.30	74	273.10	198	4	3
multiplier_4b_0254a17666e4627f5449e644008463ff.v	393.00	72	100000.00	100000	5	2
multiplier_4b_af462453d3d023d7dd5ca57d5597acf5.v	449.10	79	325.90	174	5	5
multiplier_4b_d990f25210b5a0f049cd0080e17f3b14.v	408.30	83	100000.00	100000	3	8
multiplier_4b_a379869eb2ef50c3cbe87ddadb9bb43c.v	391.70	85	313.50	203	4	6
multiplier_4b_daedaa7c59f862343b6af2f37cb80fd6.v	369.00	72	100000.00	100000	5	2
multiplier_4b_4359ccad55b28be59d19137252a21c82.v	403.70	76	306.60	142	4	4
multiplier_4b_d6d595cb4f780305b2b7eae274f3a348.v	367.80	78	334.30	152	6	4
multiplier_4b_ffa9d6f60dc2a3853ab101c567dd72bf.v	403.60	83	295.00	176	3	8
multiplier_4b_dbd9a5e3fd86dac943835dc28d6295b0.v	360.00	81	318.80	155	4	6
multiplier_4b_5125c5ea660e70dd292ebf5a62b53928.v	359.50	73	100000.00	100000	3	4
multiplier_4b_383bf672ef5e8644ed451e369f15a6a3.v	356.90	74	100000.00	100000	4	4
multiplier_4b_5d840eb636d8700d432781fe39cc0a32.v	410.20	78	307.50	146	3	6
multiplier_4b_14fc0f68c935bb8cebb874cbd25687b4.v	441.00	77	313.80	163	6	2
multiplier_4b_9c6f81c759425f4910aef058be98b4bb.v	422.40	74	100000.00	100000	5	3
multiplier_4b_320fd61b9cf210a2a7ceec8004daab69.v	387.60	72	100000.00	100000	4	3
multiplier_4b_590872e18d841623115b1dc43964d9de.v	400.90	72	100000.00	100000	6	1
multiplier_4b_13e7f9dfc18d5c9814f13e65b197f540.v	393.90	80	303.50	209	4	5
multiplier_4b_5125c5ea660e70dd292ebf5a62b53928.v	359.50	73	100000.00	100000	3	4
multiplier_4b_1fabea633c50b5c8fbd544ca1a374717.v	388.50	76	298.40	169	4	4
multiplier_4b_c25cccf4c667ce9484e76de531d7d94a.v	433.70	82	321.00	199	3	9
multiplier_4b_19cdd8a4b78f6b29eb7a2451fd691589.v	386.30	80	100000.00	100000	3	8
multiplier_4b_1aa1a10c9b315a51d137201d9ae7e63f.v	341.90	78	288.00	205	4	4
multiplier_4b_cbee9adaffb3919d421d529d3d31ce0a.v	406.30	77	301.00	185	5	4
multiplier_4b_ebef2b8b2ecf986fe27dacd515623722.v	378.20	74	294.90	154	5	3
multiplier_4b_87fb15a258055888dbea2ca02ce66767.v	361.50	76	100000.00	100000	3	4
multiplier_4b_a4263fe5ba388b53ef12b58d96475e83.v	386.40	84	100000.00	100000	4	5
multiplier_4b_bc93dac003ff7ce73a946c31fcae7859.v	379.50	77	303.10	156	3	5
multiplier_4b_0210f2430950a86c0244e5cffd5ee4d5.v	443.10	78	355.70	190	6	5
multiplier_4b_878408acdb0ee87f08ab3e3f7530d347.v	397.30	73	288.20	174	3	5
multiplier_4b_5137a362bb77a91662e40c2d2057cbe1.v	402.50	73	100000.00	100000	5	2
multiplier_4b_8a0b1d518294221e0fb7c72b489db70d.v	442.70	87	323.40	180	3	9
multiplier_4b_a245db66ca5e47f43a5c99c51a51f1f1.v	369.00	72	100000.00	100000	4	3
multiplier_4b_65c78dacc7ed0680bac22c550f1bce3a.v	418.10	78	304.40	160	3	5
multiplier_4b_d3e8de041f4c5b4a892c74743e650b1b.v	437.90	73	317.70	133	5	3
multiplier_4b_337c0adb2b27487af3197ad32f955d94.v	386.20	75	100000.00	100000	4	4
multiplier_4b_9a94b557c7ae72094e40ca1acd213f19.v	404.70	82	295.50	186	4	5
multiplier_4b_99bb903122104bfeebd21b3c25bf4c85.v	413.90	80	312.10	183	3	7
multiplier_4b_2a073ab04256bcf0933e10f63c6b0eb7.v	376.10	73	296.10	151	4	3
multiplier_4b_c9dd11434d2109efd9c7d4ba99d836ef.v	382.90	76	288.20	174	4	4
multiplier_4b_27fc864d78e6cc553536e04f9fcc960d.v	403.30	82	299.60	162	3	7
multiplier_4b_a5bc972be85b9e0d9d33c7ee9a6727db.v	431.30	80	341.30	191	6	5
multiplier_4b_ef78899e97d01d6e32db0203b4e3c650.v	407.50	80	310.00	162	4	7
multiplier_4b_6d29e5a82d52aed9225c46c84abbc211.v	489.70	78	297.20	177	2	6
multiplier_4b_5871ce4efa7a2f0f9d10947aef1b335f.v	423.50	78	307.90	185	3	6
multiplier_4b_07db61aeb53f09b1457e4bc9a0317544.v	411.80	77	300.00	168	3	5
multiplier_4b_2985cc280b504c52582390c9b5a64577.v	396.10	77	100000.00	100000	3	5
multiplier_4b_59998b78ec4647bd8903035ade8ae789.v	411.00	76	324.30	153	7	2
multiplier_4b_411cbd495545eb075f9fae062884407a.v	430.00	76	309.00	162	4	5
multiplier_4b_cb778d7cd290b389be6eb01d83c0ff16.v	357.70	72	100000.00	100000	4	3
multiplier_4b_aa01b3d7f64dbfbbb52b2e1bdccaac06.v	433.90	78	301.50	168	3	5
multiplier_4b_5125c5ea660e70dd292ebf5a62b53928.v	359.50	73	100000.00	100000	3	4
multiplier_4b_d990f25210b5a0f049cd0080e17f3b14.v	408.30	83	100000.00	100000	3	8
multiplier_4b_2b1ea9e5f97574ba3d5949a7084f6fe9.v	413.70	82	312.90	203	5	5
multiplier_4b_877a8e5b454405bf12370422234c205e.v	428.50	77	309.60	154	4	5
multiplier_4b_8c8a06c4dcae601d8c0472da1c2e165a.v	407.60	75	295.40	158	4	4
multiplier_4b_405dbaf48622f86b892460e1677336e0.v	432.20	77	293.40	197	2	6
multiplier_4b_f13f54871bf3bb306ee5cb287159ec4a.v	420.90	76	299.40	192	4	4
multiplier_4b_2a073ab04256bcf0933e10f63c6b0eb7.v	376.10	73	296.10	151	4	3
multiplier_4b_6832d6128d0f12dbe5f991fc07f4211f.v	365.60	78	307.40	192	6	4
multiplier_4b_6d29e5a82d52aed9225c46c84abbc211.v	489.70	78	297.20	177	2	6
multiplier_4b_c30ef4f0492cb69220b501a6b56c4c2f.v	491.20	77	321.70	132	4	4
multiplier_4b_bebaf9d39f71bbd3d130e9ccda032a02.v	391.10	77	305.50	192	5	3
multiplier_4b_5355a837ade79b156953db5a1bbfcbd6.v	425.20	80	308.80	161	3	7
multiplier_4b_42bae3936a47743a93ebf9e94d26b746.v	409.00	82	100000.00	100000	4	7
multiplier_4b_c40897162350cc399443c1fc4e295f46.v	406.30	76	292.50	153	4	4
multiplier_4b_3cece5ce861cafd3bb9d9350a6c1ab8b.v	433.00	87	100000.00	100000	4	8
multiplier_4b_996505d82b95c921dfd7d36caac8d3fd.v	371.10	80	299.70	203	4	5
multiplier_4b_a245db66ca5e47f43a5c99c51a51f1f1.v	369.00	72	100000.00	100000	4	3
multiplier_4b_fc9473397ecaf016f30ab4810fcd67d8.v	418.70	78	301.80	171	4	5
multiplier_4b_f5c931d415af51d25108cbc86a455f05.v	407.10	80	344.80	171	5	5
multiplier_4b_d27c671f0a004ebb9f2df717470fe4ef.v	430.20	73	320.50	173	5	3
multiplier_4b_2132263a422e2e7b72842e3efaf8c7d4.v	432.60	77	296.90	153	3	5
multiplier_4b_1ee20125eddd54b1f5c5bfc84de96481.v	392.30	82	100000.00	100000	2	9
multiplier_4b_7e80440a2cec6c2221c5259fc66663b6.v	381.70	80	310.70	176	4	6
multiplier_4b_4709bf9fc67f67afe3f24fc4e105236e.v	408.70	83	312.50	164	5	7
multiplier_4b_b80351708d60100bdf524db79e53288f.v	397.60	76	307.50	166	4	4
multiplier_4b_8c8a06c4dcae601d8c0472da1c2e165a.v	407.60	75	295.40	158	4	4
multiplier_4b_3a97b4f324e49e29dbe802b341d69426.v	399.30	74	273.10	198	4	3
multiplier_4b_7da28f06c44892471aafd28275889813.v	407.40	80	314.30	189	4	6
multiplier_4b_e304fb8ee94bfc9763a10990cf12f839.v	387.40	81	100000.00	100000	5	5
multiplier_4b_d2ba2be1f52a9d228debfda1ff71ec21.v	451.10	72	326.00	139	7	1
multiplier_4b_8d91a217823a110a6fe9bde8583927b9.v	452.00	75	326.20	149	5	3
multiplier_4b_f79ed73d62fa46bd27201bd7dafcda96.v	365.10	78	100000.00	100000	4	5
multiplier_4b_3cd1719725de55127a4d2537c5ad3267.v	404.00	76	305.90	164	4	4
multiplier_4b_9c768ba29575b603da68b863984a9580.v	365.80	71	100000.00	100000	3	4
multiplier_4b_64d57c1219eea0cf60677b7e11599d8a.v	391.80	76	100000.00	100000	3	5
multiplier_4b_361b6fce430ec7a05fb09f8526ef89f8.v	403.80	80	286.10	183	4	5
multiplier_4b_204f8d20b829ab5c46e8935708ad8d54.v	389.20	76	100000.00	100000	4	4
multiplier_4b_8b28c917a0b9186a85f225668c3d120a.v	437.50	82	321.50	178	4	8
multiplier_4b_9c768ba29575b603da68b863984a9580.v	365.80	71	100000.00	100000	3	4
multiplier_4b_8fc4ce6e61e0f73009b881409d244206.v	350.80	84	309.00	171	4	6
multiplier_4b_5d840eb636d8700d432781fe39cc0a32.v	410.20	78	307.50	146	3	6
multiplier_4b_a9732630cb47aaeb8c7d871ca8976617.v	444.30	76	332.30	130	5	3
multiplier_4b_cb778d7cd290b389be6eb01d83c0ff16.v	357.70	72	100000.00	100000	4	3
multiplier_4b_20ab604062909ce9a04d246c4a778d06.v	408.20	77	326.40	136	4	4
multiplier_4b_9e1dee313514066067f4f03b8150bc27.v	456.10	79	305.70	156	3	6
multiplier_4b_14fc0f68c935bb8cebb874cbd25687b4.v	441.00	77	313.80	163	6	2
multiplier_4b_3a6adb7435739513a565737d0781a5d9.v	392.40	78	100000.00	100000	3	8
multiplier_4b_5137a362bb77a91662e40c2d2057cbe1.v	402.50	73	100000.00	100000	5	2
multiplier_4b_10da21a959e3eb2b31b8de5c1287fca3.v	430.30	74	319.30	169	6	2
multiplier_4b_337c0adb2b27487af3197ad32f955d94.v	386.20	75	100000.00	100000	4	4
multiplier_4b_24db09b781183e0d6ff09c0a9bfc5604.v	403.50	78	315.80	190	4	6
multiplier_4b_3cd1719725de55127a4d2537c5ad3267.v	404.00	76	305.90	164	4	4
multiplier_4b_cd7d516dca79d343c78c3f021834851b.v	450.90	77	321.90	178	5	4
multiplier_4b_a245db66ca5e47f43a5c99c51a51f1f1.v	369.00	72	100000.00	100000	4	3
multiplier_4b_7eaf7ab48d4911bc471db2a0256f5898.v	393.30	77	307.60	146	5	3
multiplier_4b_cbee9adaffb3919d421d529d3d31ce0a.v	406.30	77	301.00	185	5	4
multiplier_4b_337c0adb2b27487af3197ad32f955d94.v	386.20	75	100000.00	100000	4	4
multiplier_4b_320fd61b9cf210a2a7ceec8004daab69.v	387.60	72	100000.00	100000	4	3
multiplier_4b_65b7e210114518ebd2e69869385d6eb7.v	405.80	80	315.20	178	4	5
multiplier_4b_9c376f2f069da2492e67f234e19b8a8d.v	387.90	76	276.00	171	3	4
multiplier_4b_9c376f2f069da2492e67f234e19b8a8d.v	387.90	76	276.00	171	3	4
multiplier_4b_25ffa6e131d4ea76f15bc4fecab1495f.v	353.10	73	100000.00	100000	4	3
multiplier_4b_c24ce718ffa8291a2d50529bda29191a.v	413.60	81	322.90	177	5	6
multiplier_4b_8d91a217823a110a6fe9bde8583927b9.v	452.00	75	326.20	149	5	3
multiplier_4b_94b5f545896e4a8dfd64008bcb912b86.v	418.20	79	310.50	190	3	6
multiplier_4b_fd74ba4f0051d2f2ccc394856a4ea8b8.v	424.80	76	303.90	162	5	3
multiplier_4b_cb778d7cd290b389be6eb01d83c0ff16.v	357.70	72	100000.00	100000	4	3
multiplier_4b_2985cc280b504c52582390c9b5a64577.v	396.10	77	100000.00	100000	3	5
multiplier_4b_ebef2b8b2ecf986fe27dacd515623722.v	378.20	74	294.90	154	5	3
multiplier_4b_476fd3c7763317774d584158fb48f285.v	419.60	80	321.30	157	3	7
multiplier_4b_5125c5ea660e70dd292ebf5a62b53928.v	359.50	73	100000.00	100000	3	4
multiplier_4b_c7d096ee11331f377fc4c2c834d7aed7.v	382.20	78	296.50	178	4	5
multiplier_4b_cdaad7f4fe1a7c6de427e7492b8cf451.v	387.70	81	307.90	187	4	6
multiplier_4b_364eb555742ec75f645ffb98383e8597.v	391.60	74	100000.00	100000	3	5
multiplier_4b_38ef0cf66940cc677a27a1a1bc92cc26.v	423.40	81	317.80	169	3	8
multiplier_4b_9c6f81c759425f4910aef058be98b4bb.v	422.40	74	100000.00	100000	5	3
multiplier_4b_0c147daa695e9115fe221108f1a22219.v	394.60	77	303.80	148	3	5
multiplier_4b_a1658e542d45e2b3cd64bc311739d861.v	427.10	84	321.80	151	4	7
multiplier_4b_ae2e59efeb75ec1cfa66ba0da44c2877.v	408.60	75	100000.00	100000	4	4
multiplier_4b_24db09b781183e0d6ff09c0a9bfc5604.v	403.50	78	315.80	190	4	6
multiplier_4b_9c376f2f069da2492e67f234e19b8a8d.v	387.90	76	276.00	171	3	4
multiplier_4b_a1658e542d45e2b3cd64bc311739d861.v	427.10	84	321.80	151	4	7
multiplier_4b_405dbaf48622f86b892460e1677336e0.v	432.20	77	293.40	197	2	6
multiplier_4b_584997ccf1651eeff7383d3f3e31e244.v	375.20	80	291.90	173	6	3
multiplier_4b_a2fe57478d5bbf79c2db8fd622f8a7bc.v	408.40	81	100000.00	100000	5	6
multiplier_4b_2505bd0d44e738d9b2c0384cc64f2c94.v	430.60	83	322.80	172	4	7
multiplier_4b_fa55bd2837fc373b4d95d4f632a9c120.v	383.40	74	301.90	169	5	3
multiplier_4b_06ffb7def7336c5ae08d59396fe7452d.v	390.40	74	288.40	162	4	4
multiplier_4b_0254a17666e4627f5449e644008463ff.v	393.00	72	100000.00	100000	5	2
multiplier_4b_8a58623f84a374cfbbb3acfb8a7c0edf.v	431.30	85	328.60	175	4	9
multiplier_4b_1397211301101ed1339224bd35c48f97.v	366.80	83	100000.00	100000	4	7
multiplier_4b_d27c671f0a004ebb9f2df717470fe4ef.v	430.20	73	320.50	173	5	3
multiplier_4b_1ddd6100a99c0033b90e8387354cdfb5.v	404.90	77	289.00	189	5	3
multiplier_4b_27fc864d78e6cc553536e04f9fcc960d.v	403.30	82	299.60	162	3	7
multiplier_4b_590872e18d841623115b1dc43964d9de.v	400.90	72	100000.00	100000	6	1
multiplier_4b_ebef2b8b2ecf986fe27dacd515623722.v	378.20	74	294.90	154	5	3
multiplier_4b_87fb15a258055888dbea2ca02ce66767.v	361.50	76	100000.00	100000	3	4
multiplier_4b_87fb15a258055888dbea2ca02ce66767.v	361.50	76	100000.00	100000	3	4
multiplier_4b_d1221e4926cd6597570a9df3d080da8e.v	394.90	76	298.60	151	3	5
multiplier_4b_f13f54871bf3bb306ee5cb287159ec4a.v	420.90	76	299.40	192	4	4
multiplier_4b_ebda57b71b6dc2681e40157a96e66759.v	419.10	73	100000.00	100000	4	3
multiplier_4b_e6204a254f6287f0efcb71f04e5111fe.v	380.50	80	100000.00	100000	2	9
multiplier_4b_cdd6e11a09eedddbf9427a1823cb907e.v	468.70	77	319.40	156	4	6
multiplier_4b_cce3651e87fee1d285a88f2a06230d51.v	379.80	76	288.40	171	5	3
multiplier_4b_2985cc280b504c52582390c9b5a64577.v	396.10	77	100000.00	100000	3	5
multiplier_4b_26acc055f005f493481087e2a03c8fc1.v	398.80	77	303.00	140	3	5
multiplier_4b_4dcf6ff53513bb390788eb9e0c3e29f2.v	380.50	79	299.10	186	4	5
multiplier_4b_a379869eb2ef50c3cbe87ddadb9bb43c.v	391.70	85	313.50	203	4	6
multiplier_4b_a9732630cb47aaeb8c7d871ca8976617.v	444.30	76	332.30	130	5	3
multiplier_4b_8e4a4cf7558b59d868e58466252c947e.v	385.70	72	100000.00	100000	5	2
multiplier_4b_efbbd39d4c000522968a3444953cb795.v	452.80	78	322.70	147	4	5
multiplier_4b_a9732630cb47aaeb8c7d871ca8976617.v	444.30	76	332.30	130	5	3
multiplier_4b_d1221e4926cd6597570a9df3d080da8e.v	394.90	76	298.60	151	3	5
multiplier_4b_71b2f2f28344ee3ec146dd5cc996e14d.v	404.90	77	312.40	167	2	7
multiplier_4b_64bcfbfb4a2af67c68a6ada5d32edba5.v	392.40	78	100000.00	100000	4	6
multiplier_4b_877a8e5b454405bf12370422234c205e.v	428.50	77	309.60	154	4	5
multiplier_4b_ebef2b8b2ecf986fe27dacd515623722.v	378.20	74	294.90	154	5	3
multiplier_4b_bcef06ccb3bac9a24cefc603ca43b7ca.v	371.00	86	100000.00	100000	5	8
multiplier_4b_6770bc36bbb95217b76ac65e11e1d0a0.v	439.80	81	312.10	191	5	5
multiplier_4b_3a9937fdc0a8eefe07a55cd384c65429.v	410.40	79	100000.00	100000	6	5
multiplier_4b_a245db66ca5e47f43a5c99c51a51f1f1.v	369.00	72	100000.00	100000	4	3
multiplier_4b_637600a7cdfbd78cc6b3387c753ee324.v	404.20	83	313.00	171	5	5
multiplier_4b_74b0f98d14d50da4a9c1b33afd1327b2.v	455.10	73	324.80	144	6	2
multiplier_4b_405dbaf48622f86b892460e1677336e0.v	432.20	77	293.40	197	2	6
multiplier_4b_c6cf4468e4c243695802c0595028a64b.v	422.00	85	344.80	156	4	9
multiplier_4b_337c0adb2b27487af3197ad32f955d94.v	386.20	75	100000.00	100000	4	4
multiplier_4b_8caaa7ea28c257887711f0bdf18bc3bc.v	396.00	76	303.00	158	5	4
multiplier_4b_014e6ebfff3e9a493a93af03990a301b.v	396.60	82	304.80	205	5	5
multiplier_4b_5d89f17979cb52905cbf083d85212b5d.v	366.20	78	319.60	170	5	5
multiplier_4b_8a3ec684a7faff41b28838971e7d10c7.v	422.20	78	100000.00	100000	5	5
multiplier_4b_cb778d7cd290b389be6eb01d83c0ff16.v	357.70	72	100000.00	100000	4	3
multiplier_4b_a245db66ca5e47f43a5c99c51a51f1f1.v	369.00	72	100000.00	100000	4	3
multiplier_4b_a245db66ca5e47f43a5c99c51a51f1f1.v	369.00	72	100000.00	100000	4	3
multiplier_4b_27fc864d78e6cc553536e04f9fcc960d.v	403.30	82	299.60	162	3	7
multiplier_4b_e674d14f7958f0620ee9ded2f8f26f8b.v	376.40	77	291.50	131	4	4
multiplier_4b_0254a17666e4627f5449e644008463ff.v	393.00	72	100000.00	100000	5	2
multiplier_4b_9c768ba29575b603da68b863984a9580.v	365.80	71	100000.00	100000	3	4
multiplier_4b_0c0a28a714ecad79fc8b19d6010247e8.v	429.70	81	100000.00	100000	3	9
multiplier_4b_fa55bd2837fc373b4d95d4f632a9c120.v	383.40	74	301.90	169	5	3
multiplier_4b_2a073ab04256bcf0933e10f63c6b0eb7.v	376.10	73	296.10	151	4	3
multiplier_4b_35a1bd2ed40f11b2fa8a86706ec68ded.v	432.50	79	314.30	172	5	5
multiplier_4b_94dfff17f48075f980bf5111b2c34cab.v	409.80	84	321.40	174	3	9
multiplier_4b_d63398c72e6769763cb9635453f988fd.v	371.00	72	100000.00	100000	5	3
multiplier_4b_dbd9a5e3fd86dac943835dc28d6295b0.v	360.00	81	318.80	155	4	6
multiplier_4b_f6435928ab83362bcaf2aee497cfe99f.v	438.60	74	306.40	153	2	6
multiplier_4b_0e7337679101f18497e7e912743c8326.v	368.20	79	297.70	154	5	4
multiplier_4b_f99a1b11cc5d180e70c0d783401ee679.v	425.50	79	298.40	149	3	6
multiplier_4b_05e436cc0024d13364920394fb23035e.v	468.10	80	309.30	167	3	7
multiplier_4b_290d2b73b0f7d47c1fdb54ad6bfe6803.v	405.70	75	297.00	182	3	5
multiplier_4b_78d81588802c8cdf461f939b38cef030.v	353.00	78	304.20	138	3	6
multiplier_4b_9a94b557c7ae72094e40ca1acd213f19.v	404.70	82	295.50	186	4	5
multiplier_4b_ae2e59efeb75ec1cfa66ba0da44c2877.v	408.60	75	100000.00	100000	4	4
multiplier_4b_a6533078e4aa17fced8ed7502da2aa11.v	379.60	81	299.80	168	5	4
multiplier_4b_b688a899bdc927b71c41c8b3e206f2f2.v	383.40	74	313.80	113	4	4
multiplier_4b_9c376f2f069da2492e67f234e19b8a8d.v	387.90	76	276.00	171	3	4
multiplier_4b_877a8e5b454405bf12370422234c205e.v	428.50	77	309.60	154	4	5
multiplier_4b_025290994a24a510ad4b8252053afc58.v	395.30	81	325.50	134	4	5
multiplier_4b_4ccfe3f8bdb3846a5360d341fe12e21a.v	414.90	79	301.80	206	3	6
multiplier_4b_ea7ce76983f155a4bbf72fb2dd3cda31.v	437.50	88	337.40	197	5	8
multiplier_4b_9b962746469fc4af9de3f37003a7ccba.v	406.50	82	304.60	188	3	6
multiplier_4b_c09893428b684dcb8849d8da7516e9cd.v	461.70	78	307.60	173	2	7
multiplier_4b_754395cca5ce38427d927f9a56bba56a.v	380.60	77	299.80	200	4	5
multiplier_4b_20ab604062909ce9a04d246c4a778d06.v	408.20	77	326.40	136	4	4
multiplier_4b_7afe66944d4d96fee68af5da164065a7.v	406.80	75	308.90	156	5	4
multiplier_4b_3a97b4f324e49e29dbe802b341d69426.v	399.30	74	273.10	198	4	3
multiplier_4b_d27c671f0a004ebb9f2df717470fe4ef.v	430.20	73	320.50	173	5	3
multiplier_4b_10da21a959e3eb2b31b8de5c1287fca3.v	430.30	74	319.30	169	6	2
multiplier_4b_ecdf9d62847313a7de4219a8a984c24c.v	409.10	81	320.80	164	6	4
multiplier_4b_320fd61b9cf210a2a7ceec8004daab69.v	387.60	72	100000.00	100000	4	3
multiplier_4b_f4e511dc2e5132d2d9055200b22eb228.v	418.00	82	100000.00	100000	4	6
multiplier_4b_a245db66ca5e47f43a5c99c51a51f1f1.v	369.00	72	100000.00	100000	4	3
multiplier_4b_c40897162350cc399443c1fc4e295f46.v	406.30	76	292.50	153	4	4
multiplier_4b_383bf672ef5e8644ed451e369f15a6a3.v	356.90	74	100000.00	100000	4	4
multiplier_4b_0254a17666e4627f5449e644008463ff.v	393.00	72	100000.00	100000	5	2
multiplier_4b_3cd1719725de55127a4d2537c5ad3267.v	404.00	76	305.90	164	4	4
multiplier_4b_aa2efed2b51b47cfa5ebc8ac1aade94d.v	413.70	77	297.40	142	2	6
multiplier_4b_dbd9a5e3fd86dac943835dc28d6295b0.v	360.00	81	318.80	155	4	6
multiplier_4b_8e4a4cf7558b59d868e58466252c947e.v	385.70	72	100000.00	100000	5	2
multiplier_4b_303ef2b659948ebb691c8ddfa12337c5.v	421.50	80	323.80	173	5	4
multiplier_4b_64d57c1219eea0cf60677b7e11599d8a.v	391.80	76	100000.00	100000	3	5
multiplier_4b_290d2b73b0f7d47c1fdb54ad6bfe6803.v	405.70	75	297.00	182	3	5
multiplier_4b_5125c5ea660e70dd292ebf5a62b53928.v	359.50	73	100000.00	100000	3	4
multiplier_4b_35d0715bdf0ccd7ca1a1027d064a6d9c.v	392.40	87	319.20	183	3	9
multiplier_4b_aa01b3d7f64dbfbbb52b2e1bdccaac06.v	433.90	78	301.50	168	3	5
multiplier_4b_4c320bdc339f162f3a7947e486d79fbf.v	366.40	82	309.30	154	3	6
multiplier_4b_c9dd11434d2109efd9c7d4ba99d836ef.v	382.90	76	288.20	174	4	4
multiplier_4b_9911a8ae1a9634f2b8adf16cf54bdf85.v	420.30	80	317.00	165	5	6
multiplier_4b_d63398c72e6769763cb9635453f988fd.v	371.00	72	100000.00	100000	5	3
multiplier_4b_390f49ee10b0bdb1884d2f73f5cddc44.v	390.60	80	314.60	162	5	5
multiplier_4b_3da45529a68fac0432475fd92b0f0d55.v	442.20	74	309.20	140	4	4
multiplier_4b_863a039fea5225e9de381d3cb3852457.v	369.50	78	318.90	194	5	5
multiplier_4b_cce3651e87fee1d285a88f2a06230d51.v	379.80	76	288.40	171	5	3
multiplier_4b_255acefcf0347c1c075959a5067bdd0b.v	454.70	77	302.90	175	4	4
multiplier_4b_44c0f9cc99c5c92de3ef3b65df587bb3.v	384.00	79	310.50	166	3	7
multiplier_4b_9eb0a945d6df3f063a2229382361a83c.v	397.60	75	100000.00	100000	4	4
multiplier_4b_f268ad7d523a4804e8184a2e5eea8e9f.v	357.60	81	302.10	182	6	4
multiplier_4b_bebaf9d39f71bbd3d130e9ccda032a02.v	391.10	77	305.50	192	5	3
multiplier_4b_74b0f98d14d50da4a9c1b33afd1327b2.v	455.10	73	324.80	144	6	2
multiplier_4b_d33cf40fc58638c4c034fb1dc68185d1.v	428.80	77	327.10	153	6	3
multiplier_4b_7f2b5f7efce72fd241e7495afdfcc8c8.v	415.30	80	307.00	142	2	8
multiplier_4b_622609e62a64bd5aa4cc72bc0af26c66.v	395.80	80	333.40	149	3	7
multiplier_4b_ebef2b8b2ecf986fe27dacd515623722.v	378.20	74	294.90	154	5	3
multiplier_4b_39b855e74b91dd82b0ea2849a866dc7b.v	416.20	78	298.90	153	4	4
multiplier_4b_a9732630cb47aaeb8c7d871ca8976617.v	444.30	76	332.30	130	5	3
multiplier_4b_025290994a24a510ad4b8252053afc58.v	395.30	81	325.50	134	4	5
multiplier_4b_b902fca939798f4259f0aa2f382924be.v	431.30	80	318.10	220	5	6
multiplier_4b_a956cd2ce295f87829b0eec87431ea03.v	436.50	85	331.70	182	6	6
multiplier_4b_b688a899bdc927b71c41c8b3e206f2f2.v	383.40	74	313.80	113	4	4
multiplier_4b_ecdf9d62847313a7de4219a8a984c24c.v	409.10	81	320.80	164	6	4
multiplier_4b_a49b413463b5930aeb9c7fe28ecabc93.v	422.20	82	309.00	162	3	9
multiplier_4b_48e351b4de02ef500c50b2fe35b49a9f.v	455.10	80	306.10	197	3	7
multiplier_4b_d2ba2be1f52a9d228debfda1ff71ec21.v	451.10	72	326.00	139	7	1
multiplier_4b_bc93dac003ff7ce73a946c31fcae7859.v	379.50	77	303.10	156	3	5
multiplier_4b_e0eb987d4d94153027aa9a59529ee1b8.v	429.70	85	323.90	203	3	9
multiplier_4b_7afe66944d4d96fee68af5da164065a7.v	406.80	75	308.90	156	5	4
multiplier_4b_64d57c1219eea0cf60677b7e11599d8a.v	391.80	76	100000.00	100000	3	5
multiplier_4b_9eb0a945d6df3f063a2229382361a83c.v	397.60	75	100000.00	100000	4	4
multiplier_4b_79d2667cb7c6121254e21273cde799aa.v	382.80	76	285.90	208	5	3
multiplier_4b_87fb15a258055888dbea2ca02ce66767.v	361.50	76	100000.00	100000	3	4
multiplier_4b_4359ccad55b28be59d19137252a21c82.v	403.70	76	306.60	142	4	4
multiplier_4b_42c3e3d2b5d8c33aea24875e50b6c2b5.v	402.50	81	307.60	169	5	4
multiplier_4b_9c6f81c759425f4910aef058be98b4bb.v	422.40	74	100000.00	100000	5	3
multiplier_4b_5125c5ea660e70dd292ebf5a62b53928.v	359.50	73	100000.00	100000	3	4
multiplier_4b_d990f25210b5a0f049cd0080e17f3b14.v	408.30	83	100000.00	100000	3	8
multiplier_4b_c655445c5f1d1c2dba914aa275d1cd8a.v	431.90	80	327.50	159	3	7
multiplier_4b_337c0adb2b27487af3197ad32f955d94.v	386.20	75	100000.00	100000	4	4
multiplier_4b_5137a362bb77a91662e40c2d2057cbe1.v	402.50	73	100000.00	100000	5	2
multiplier_4b_bebaf9d39f71bbd3d130e9ccda032a02.v	391.10	77	305.50	192	5	3
multiplier_4b_a2fe57478d5bbf79c2db8fd622f8a7bc.v	408.40	81	100000.00	100000	5	6
multiplier_4b_3cd1719725de55127a4d2537c5ad3267.v	404.00	76	305.90	164	4	4
multiplier_4b_9c768ba29575b603da68b863984a9580.v	365.80	71	100000.00	100000	3	4
multiplier_4b_f4871ba760976360ce54affb6bd47d5a.v	391.30	81	306.70	143	5	4
multiplier_4b_0c147daa695e9115fe221108f1a22219.v	394.60	77	303.80	148	3	5
multiplier_4b_efbbd39d4c000522968a3444953cb795.v	452.80	78	322.70	147	4	5
multiplier_4b_c7d096ee11331f377fc4c2c834d7aed7.v	382.20	78	296.50	178	4	5
multiplier_4b_9e1dee313514066067f4f03b8150bc27.v	456.10	79	305.70	156	3	6
multiplier_4b_eaa957e2d1326bbcfe05ff57df45c0e3.v	429.40	79	302.90	155	4	6
multiplier_4b_89d49475eb2e9573212b5e19c767eacb.v	385.60	77	315.30	157	5	4
multiplier_4b_07db61aeb53f09b1457e4bc9a0317544.v	411.80	77	300.00	168	3	5
multiplier_4b_383bf672ef5e8644ed451e369f15a6a3.v	356.90	74	100000.00	100000	4	4
multiplier_4b_ebef2b8b2ecf986fe27dacd515623722.v	378.20	74	294.90	154	5	3
multiplier_4b_818d7200c886ca1e5e42d850112fe267.v	395.80	83	323.90	164	3	9
multiplier_4b_7096442f38888fead8947b50538c2ba3.v	386.30	80	100000.00	100000	4	6
multiplier_4b_65c78dacc7ed0680bac22c550f1bce3a.v	418.10	78	304.40	160	3	5
multiplier_4b_877a8e5b454405bf12370422234c205e.v	428.50	77	309.60	154	4	5
multiplier_4b_87968730c05d3f8ffa1170a184431f05.v	405.80	81	309.90	184	6	3
multiplier_4b_aa2efed2b51b47cfa5ebc8ac1aade94d.v	413.70	77	297.40	142	2	6
multiplier_4b_f99a1b11cc5d180e70c0d783401ee679.v	425.50	79	298.40	149	3	6
multiplier_4b_d6d1a75cdcc2ca9a80e734a4af91d21f.v	429.50	83	321.80	170	5	6
multiplier_4b_d63398c72e6769763cb9635453f988fd.v	371.00	72	100000.00	100000	5	3
multiplier_4b_405dbaf48622f86b892460e1677336e0.v	432.20	77	293.40	197	2	6
multiplier_4b_c40897162350cc399443c1fc4e295f46.v	406.30	76	292.50	153	4	4
multiplier_4b_7e80440a2cec6c2221c5259fc66663b6.v	381.70	80	310.70	176	4	6
multiplier_4b_fd0d824848db4833d10bd622c9fe224c.v	413.70	79	314.40	177	4	6
multiplier_4b_64d57c1219eea0cf60677b7e11599d8a.v	391.80	76	100000.00	100000	3	5
multiplier_4b_590872e18d841623115b1dc43964d9de.v	400.90	72	100000.00	100000	6	1
multiplier_4b_eee6499652194f063be5b89d5d42460f.v	372.40	74	100000.00	100000	4	3
multiplier_4b_c66280adfa297655c59772f6d3ca740a.v	355.90	78	296.90	159	4	5
multiplier_4b_d33cf40fc58638c4c034fb1dc68185d1.v	428.80	77	327.10	153	6	3
multiplier_4b_10da21a959e3eb2b31b8de5c1287fca3.v	430.30	74	319.30	169	6	2
multiplier_4b_bebaf9d39f71bbd3d130e9ccda032a02.v	391.10	77	305.50	192	5	3
multiplier_4b_204f8d20b829ab5c46e8935708ad8d54.v	389.20	76	100000.00	100000	4	4
multiplier_4b_a2fe57478d5bbf79c2db8fd622f8a7bc.v	408.40	81	100000.00	100000	5	6
multiplier_4b_50faebfb43b31d1028e11fe5f0f97eee.v	396.50	81	314.00	162	6	4
multiplier_4b_66995dd51b91a49ee1290053bdf63343.v	376.30	86	100000.00	100000	4	9
multiplier_4b_2a073ab04256bcf0933e10f63c6b0eb7.v	376.10	73	296.10	151	4	3
multiplier_4b_2a073ab04256bcf0933e10f63c6b0eb7.v	376.10	73	296.10	151	4	3
multiplier_4b_592120fc052658d01afeb73c1b606e13.v	416.70	78	299.20	145	4	5
multiplier_4b_0062293152a870bbe9185e5296e30784.v	421.60	81	316.20	177	3	8
multiplier_4b_2a073ab04256bcf0933e10f63c6b0eb7.v	376.10	73	296.10	151	4	3
multiplier_4b_1197101e854acfae84c56947334dd4ad.v	392.60	81	305.60	186	5	4
multiplier_4b_70506bd2eede8596718c72ffc223c686.v	432.70	73	303.20	145	6	2
multiplier_4b_3a97b4f324e49e29dbe802b341d69426.v	399.30	74	273.10	198	4	3
multiplier_4b_19685847eb8b684fde54051357e38ad8.v	413.70	77	317.90	168	6	3
multiplier_4b_f9f79da4f94b1bac316f39ee6a0abe9f.v	393.80	81	100000.00	100000	2	9
multiplier_4b_3a97b4f324e49e29dbe802b341d69426.v	399.30	74	273.10	198	4	3
multiplier_4b_a245db66ca5e47f43a5c99c51a51f1f1.v	369.00	72	100000.00	100000	4	3
multiplier_4b_190c4bd0656290da78a8e781b343f631.v	422.40	73	100000.00	100000	5	2
multiplier_4b_77086877bd10667e78fb4a753a884c86.v	457.90	84	100000.00	100000	4	7
multiplier_4b_9c376f2f069da2492e67f234e19b8a8d.v	387.90	76	276.00	171	3	4
multiplier_4b_1197101e854acfae84c56947334dd4ad.v	392.60	81	305.60	186	5	4
multiplier_4b_26acc055f005f493481087e2a03c8fc1.v	398.80	77	303.00	140	3	5
multiplier_4b_190c4bd0656290da78a8e781b343f631.v	422.40	73	100000.00	100000	5	2
multiplier_4b_a8d1e5839a2846678d7172d37e0fa7ad.v	406.40	82	315.20	202	4	6
multiplier_4b_723162485ef2dbef3c91cb9b97dc2467.v	420.50	79	311.00	151	4	5
multiplier_4b_d6d595cb4f780305b2b7eae274f3a348.v	367.80	78	334.30	152	6	4
multiplier_4b_9c768ba29575b603da68b863984a9580.v	365.80	71	100000.00	100000	3	4
multiplier_4b_ebda57b71b6dc2681e40157a96e66759.v	419.10	73	100000.00	100000	4	3
multiplier_4b_9bf9cfc7eed2b4b72e337c1d9fd1b9a8.v	442.80	82	100000.00	100000	3	8
multiplier_4b_fd74ba4f0051d2f2ccc394856a4ea8b8.v	424.80	76	303.90	162	5	3
multiplier_4b_6bea45dd4c53721cf18b4b38a601cbef.v	417.80	78	100000.00	100000	5	5
multiplier_4b_ebef2b8b2ecf986fe27dacd515623722.v	378.20	74	294.90	154	5	3
multiplier_4b_0254a17666e4627f5449e644008463ff.v	393.00	72	100000.00	100000	5	2
multiplier_4b_2a073ab04256bcf0933e10f63c6b0eb7.v	376.10	73	296.10	151	4	3
multiplier_4b_74b0f98d14d50da4a9c1b33afd1327b2.v	455.10	73	324.80	144	6	2
multiplier_4b_cce3651e87fee1d285a88f2a06230d51.v	379.80	76	288.40	171	5	3
multiplier_4b_c7d096ee11331f377fc4c2c834d7aed7.v	382.20	78	296.50	178	4	5
multiplier_4b_d3e8de041f4c5b4a892c74743e650b1b.v	437.90	73	317.70	133	5	3
multiplier_4b_20ab604062909ce9a04d246c4a778d06.v	408.20	77	326.40	136	4	4
multiplier_4b_8caaa7ea28c257887711f0bdf18bc3bc.v	396.00	76	303.00	158	5	4
multiplier_4b_00515e49b2e27ac23d88f2e21ead41e6.v	418.00	82	100000.00	100000	3	8
multiplier_4b_8e4a4cf7558b59d868e58466252c947e.v	385.70	72	100000.00	100000	5	2
multiplier_4b_7cf74c2a63eaad152ee15277a91b9487.v	429.60	74	296.00	206	3	5
multiplier_4b_45b3e24e6d983d467f096a627963fec5.v	371.60	84	338.70	175	5	6
multiplier_4b_87fb15a258055888dbea2ca02ce66767.v	361.50	76	100000.00	100000	3	4
multiplier_4b_bc93dac003ff7ce73a946c31fcae7859.v	379.50	77	303.10	156	3	5
multiplier_4b_ebda57b71b6dc2681e40157a96e66759.v	419.10	73	100000.00	100000	4	3
multiplier_4b_d2ba2be1f52a9d228debfda1ff71ec21.v	451.10	72	326.00	139	7	1
multiplier_4b_7096442f38888fead8947b50538c2ba3.v	386.30	80	100000.00	100000	4	6
multiplier_4b_74b0f98d14d50da4a9c1b33afd1327b2.v	455.10	73	324.80	144	6	2
multiplier_4b_ef566c5d1b879bfc6b46f1d429b160bb.v	420.00	84	310.90	212	4	8
multiplier_4b_cce3651e87fee1d285a88f2a06230d51.v	379.80	76	288.40	171	5	3
multiplier_4b_daedaa7c59f862343b6af2f37cb80fd6.v	369.00	72	100000.00	100000	5	2
multiplier_4b_28dbd1cd71ee74e7493e1edd80eeeb4b.v	424.40	83	305.50	170	4	7
multiplier_4b_8e4a4cf7558b59d868e58466252c947e.v	385.70	72	100000.00	100000	5	2
multiplier_4b_f71764fe216ac52ddd79cb43dec84bb8.v	411.70	78	286.90	197	4	5
multiplier_4b_a245db66ca5e47f43a5c99c51a51f1f1.v	369.00	72	100000.00	100000	4	3
multiplier_4b_316a5a81622610f71beaf18a72b3bee4.v	430.90	80	323.50	150	5	6
multiplier_4b_5c9e93ff7827e3ecf2c8f3e95d2503a8.v	415.70	82	308.60	195	4	6
multiplier_4b_41c0ddfa5f682f208c7c029a12313ca7.v	408.00	75	316.20	150	5	4
multiplier_4b_5137a362bb77a91662e40c2d2057cbe1.v	402.50	73	100000.00	100000	5	2
multiplier_4b_c30ef4f0492cb69220b501a6b56c4c2f.v	491.20	77	321.70	132	4	4
multiplier_4b_e674d14f7958f0620ee9ded2f8f26f8b.v	376.40	77	291.50	131	4	4
multiplier_4b_cb778d7cd290b389be6eb01d83c0ff16.v	357.70	72	100000.00	100000	4	3
multiplier_4b_eea6fe6335a8a64d2b2bc5c257a5f157.v	392.00	82	301.80	174	3	8
multiplier_4b_a245db66ca5e47f43a5c99c51a51f1f1.v	369.00	72	100000.00	100000	4	3
multiplier_4b_8e4a4cf7558b59d868e58466252c947e.v	385.70	72	100000.00	100000	5	2
multiplier_4b_41c0ddfa5f682f208c7c029a12313ca7.v	408.00	75	316.20	150	5	4
multiplier_4b_5125c5ea660e70dd292ebf5a62b53928.v	359.50	73	100000.00	100000	3	4
multiplier_4b_7cf74c2a63eaad152ee15277a91b9487.v	429.60	74	296.00	206	3	5
multiplier_4b_411cbd495545eb075f9fae062884407a.v	430.00	76	309.00	162	4	5
multiplier_4b_d48015aa8066624556c9d9a72510a042.v	356.80	85	307.50	151	2	8
multiplier_4b_e674d14f7958f0620ee9ded2f8f26f8b.v	376.40	77	291.50	131	4	4
multiplier_4b_ae2e59efeb75ec1cfa66ba0da44c2877.v	408.60	75	100000.00	100000	4	4
multiplier_4b_d990f25210b5a0f049cd0080e17f3b14.v	408.30	83	100000.00	100000	3	8
multiplier_4b_6d380b9b0719305912db82f12d20b714.v	401.60	79	321.00	170	4	6
multiplier_4b_eee6499652194f063be5b89d5d42460f.v	372.40	74	100000.00	100000	4	3
multiplier_4b_cd7d516dca79d343c78c3f021834851b.v	450.90	77	321.90	178	5	4
multiplier_4b_fd74ba4f0051d2f2ccc394856a4ea8b8.v	424.80	76	303.90	162	5	3
multiplier_4b_1fabea633c50b5c8fbd544ca1a374717.v	388.50	76	298.40	169	4	4
multiplier_4b_e79720ff13148c5e6a13fc966ad8bd1d.v	394.50	81	320.80	182	4	6
multiplier_4b_bab134f5d0fd7adb7e5c5958b4becd43.v	421.30	84	318.30	217	4	8
multiplier_4b_64bcfbfb4a2af67c68a6ada5d32edba5.v	392.40	78	100000.00	100000	4	6
multiplier_4b_fa55bd2837fc373b4d95d4f632a9c120.v	383.40	74	301.90	169	5	3
multiplier_4b_d49cdd600e5435b598d5786f0dd0e539.v	362.80	82	298.60	149	3	6
multiplier_4b_d3e8de041f4c5b4a892c74743e650b1b.v	437.90	73	317.70	133	5	3
multiplier_4b_d1221e4926cd6597570a9df3d080da8e.v	394.90	76	298.60	151	3	5
multiplier_4b_9e1dee313514066067f4f03b8150bc27.v	456.10	79	305.70	156	3	6
multiplier_4b_2a073ab04256bcf0933e10f63c6b0eb7.v	376.10	73	296.10	151	4	3
multiplier_4b_d63398c72e6769763cb9635453f988fd.v	371.00	72	100000.00	100000	5	3
multiplier_4b_3da45529a68fac0432475fd92b0f0d55.v	442.20	74	309.20	140	4	4
multiplier_4b_513c779b456659d1a9a73dc73f0eb9f2.v	451.30	77	100000.00	100000	6	4
multiplier_4b_c9dd11434d2109efd9c7d4ba99d836ef.v	382.90	76	288.20	174	4	4
multiplier_4b_a245db66ca5e47f43a5c99c51a51f1f1.v	369.00	72	100000.00	100000	4	3
