10000000000000000000000000000000
11000000000000000000000000000000
10100000000000000000000000000000
11110000000000000000000000000000
11001000000000000000000000000000
10001100000000000000000000000000
10000010000000000000000000000000
10001111000000000000000000000000
10000000100000000000000000000000
10000000110000000000000000000000
10000000001000000000000000000000
10000000101100000000000000000000
10001000100010000000000000000000
10000000000011000000000000000000
10000000000010100000000000000000
10000110100010110000000000000000
10000000100000001000000000000000
10000100100000001100000000000000
10000000000000000010000000000000
10000010000000001011000000000000
10000000000000000000100000000000
10000000000000000000110000000000
10000000000000000000001000000000
10000100000000001000101100000000
10000000000000000000000010000000
10000000000000000000000011000000
10000000000000000000000000100000
11000100000000000000000011110000
11000000000000000000000000001000
10000000000000000000000001001100
10000000000000000000000000000010
10000000000000001000000010001011

