10000000000000000000000000000000
11000000000000000000000000000000
10100000000000000000000000000000
10010000000000000000000000000000
10011000000000000000000000000000
10010100000000000000000000000000
10010110000000000000000000000000
10010101000000000000000000000000
10010100100000000000000000000000
10010100010000000000000000000000
10010100001000000000000000000000
10010100000100000000000000000000
10010100000010000000000000000000
10010100000001000000000000000000
10010100000000100000000000000000
10010100000000010000000000000000
10010100000000001000000000000000
10000100000000000100000000000000
10000100000000000010000000000000
10000100000000000001000000000000
10000100000000000000100000000000
10000000000000000000010000000000
10000000000000000000001000000000
10000000000000000000000100000000
10000000000000000000000010000000
10000000000000000000000001000000
10000000000000000000000000100000
10000000000000000000000000110000
10000000000000000000000000101000
10000000000000000000000000000100
10000000000000000000000000000010
10000000000000000000000000000001

