10000000000000000000000000000000
11000000000000000000000000000000
10100000000000000000000000000000
10110000000000000000000000000000
10001000000000000000000000000000
10101100000000000000000000000000
10000010000000000000000000000000
11101011000000000000000000000000
11100000100000000000000000000000
10000000110000000000000000000000
10000000001000000000000000000000
10100010111100000000000000000000
10000000000010000000000000000000
10000000000011000000000000000000
10100000000010100000000000000000
11000000110010110000000000000000
10000000000000001000000000000000
10000000000000001100000000000000
10000000000000001010000000000000
10000010000010011011000000000000
10000000000000000000100000000000
10000000000000001001110000000000
10000000000000000000001000000000
11000000010000001000101100000000
10000000000000001000000010000000
10000000010000001000000011000000
10000000000000000000000000100000
10000000000000001000000010110000
10000000000000000000000000001000
10000000000000001000000001101100
10000000000000000000000000100010
10000000000000001000001010001011

