10000000000000000000000000000000
11000000000000000000000000000000
10100000000000000000000000000000
10010000000000000000000000000000
10001000000000000000000000000000
10000100000000000000000000000000
10000010000000000000000000000000
10000001000000000000000000000000
10000000100000000000000000000000
10000000010000000000000000000000
10000000001000000000000000000000
10000000000100000000000000000000
10000000000010000000000000000000
10000000000001000000000000000000
10000000000011100000000000000000
10000000000001010000000000000000
10000000000001011000000000000000
10000000000001011100000000000000
10000000000001011010000000000000
10000000000001011001000000000000
10000000000001011000100000000000
10000000000001011000010000000000
10000000000001001000001000000000
10000000000001001000000100000000
10000000000000000000000010000000
10000000000000000000000001000000
10000000000000000000000000100000
10000000000000000000000000010000
10000000000000000000000000001000
10000000000000000000000000000100
10000000000000000000000000000010
10000000000000000000000000000001

