10000000000000000000000000000000
11000000000000000000000000000000
11100000000000000000000000000000
11010000000000000000000000000000
10011000000000000000000000000000
10011100000000000000000000000000
10011010000000000000000000000000
10011001000000000000000000000000
10011000100000000000000000000000
10011000010000000000000000000000
10011000001000000000000000000000
10011000000100000000000000000000
11011000000010000000000000000000
10000000000001000000000000000000
11000000000001100000000000000000
11001000000001010000000000000000
11000000000000011000000000000000
10000000000000000100000000000000
10000000000000001110000000000000
10000000000000000101000000000000
11000000000000000100100000000000
10000000000000010100010000000000
10000000000000000100001000000000
10000000000000000100001100000000
10000000000000000100000110000000
10000000000000000100000101000000
10001000000000001100000100100000
10001000000000000000000000010000
10000000000000001000000000011000
10000000000000000000000100010100
10000000000000000000000100000010
10000000000000000000000000000001

