10000000000000000000000000000000
11000000000000000000000000000000
10100000000000000000000000000000
10110000000000000000000000000000
10001000000000000000000000000000
10001100000000000000000000000000
10001010000000000000000000000000
10011111000000000000000000000000
10000000100000000000000000000000
10000000110000000000000000000000
10001000101000000000000000000000
10000000101100000000000000000000
10000000101010000000000000000000
10000000100011000000000000000000
10000010100010100000000000000000
10000110100010110000000000000000
10000000000000001000000000000000
10000000000000001100000000000000
10000100000000001010000000000000
10000010000000011111000000000000
10000000000000001010100000000000
10000010000000001000110000000000
10000000000000001010011000000000
10000000100000001100101100000000
10000000000000001000000010000000
10000000000000001000000011000000
10000000000000001000010110100000
10000000000000001000000010110000
10000000000000001000000010001000
10000000000000001100000010001100
10000000000000001000000000001010
10000100000000001000000010001011

