10000000000000000000000000000000
11000000000000000000000000000000
10100000000000000000000000000000
10110000000000000000000000000000
10111000000000000000000000000000
10110100000000000000000000000000
10000110000000000000000000000000
10000011000000000000000000000000
10000010100000000000000000000000
10100010110000000000000000000000
10010010101000000000000000000000
10000010101100000000000000000000
10000010101010000000000000000000
10000010000001000000000000000000
10100010001001100000000000000000
10100000001000010000000000000000
10100000001000001000000000000000
10100000001000000100000000000000
10100000001000000010000000000000
10000000000000000011000000000000
10000000000000000000100000000000
10000000000000000000010000000000
10000000000000000000001000000000
10000000000000000000000100000000
10000000000000000000000010000000
10000000000000000000000001000000
10000000000000000000000001100000
10000000000000000000000001010000
10000000000000000000000000001000
10000000000000000000000000001100
10000000000000000000000000001010
10000000000000000000000000001001

