10000000000000000000000000000000
11000000000000000000000000000000
10100000000000000000000000000000
10110000000000000000000000000000
10001000000000000000000000000000
10001100000000000000000000000000
10000010000000000000000000000000
10101011000000000000000000000000
10000000100000000000000000000000
10000000110000000000000000000000
10000000001000000000000000000000
10000000101100000000000000000000
10000000000010000000000000000000
10000000000011000000000000000000
10000000000000100000000000000000
10100000100011110000000000000000
10000000000000001000000000000000
10000000000000001100000000000000
10000000000000000010000000000000
10000000000000001011000000000000
10000000000000000000100000000000
10000000000000000000110000000000
10000000000000000000001000000000
10000000000001001000101100000000
10000000000000000000000010000000
10000000000000000000000011000000
10000000000000000000000000100000
10000000000001000000000010110000
10000000000000000000000000001000
10000000000000000000000000001100
10000000000000000000000000001010
10100000000000001000000010001001

