10000000000000000000000000000000
11000000000000000000000000000000
10100000000000000000000000000000
11110000000000000000000000000000
10001000000000000000000000000000
10001100000000000000000000000000
10000010000000000000000000000000
11001011000000000000000000000000
10000000100000000000000000000000
11000000110000000000000000000000
11000000001000000000000000000000
10000000101100000000000000000000
10000000000010000000000000000000
10000000100011000000000000000000
10000000100010100000000000000000
10001000100010110000000000000000
10000000000010001000000000000000
10000000000010001100000000000000
10000000000010000110000000000000
10000000000010001011000000000000
10000000000000000000100000000000
10000000000010000000110000000000
10000000000010000000001000000000
10000000000000001010101100000000
10000000000000000000000010000000
10000000000000000000000011000000
10000000000000000000000000100000
10000000000000000000000011110000
10000000000000000000000001001000
10000000000000000000000000001100
10000000000000000000000000000010
10000000000000001000000010001011

