10000000000000000000000000000000
11000000000000000000000000000000
10100000000000000000000000000000
10110000000000000000000000000000
10001000000000000000000000000000
10001100000000000000000000000000
10000010000000000000000000000000
10001111000000000000000000000000
10000000100000000000000000000000
10000100110000000000000000000000
10000000101000000000000000000000
10000000101100000000000000000000
10000000000010000000000000000000
10000000000011000000000000000000
10000000000000100000000000000000
10000100101011110000000000000000
10000000000000001000000000000000
10000000000001001100000000000000
10000000000001000010000000000000
10000000000000001011000000000000
10000000000000000000100000000000
10000000000000000000110000000000
10000000000000000000001000000000
10000100001000001000111100000000
10000000000000000000000010000000
10000000000000000000000011000000
10000000000000000000000000100000
10000100001000000000000010110000
10000000000000000000000010001000
10000000000000000000000000001100
10000000000000000000000000000010
10000000000000000000100010001011

