10000000000000000000000000000000
11000000000000000000000000000000
10100000000000000000000000000000
10010000000000000000000000000000
10001000000000000000000000000000
10000100000000000000000000000000
10000110000000000000000000000000
10001101000000000000000000000000
10000101100000000000000000000000
10000101110000000000000000000000
10000100101000000000000000000000
10000100100100000000000000000000
10000100100010000000000000000000
10000100100001000000000000000000
10000100100000100000000000000000
10001100100000010000000000000000
10001000000000001000000000000000
10001000100000001100000000000000
10001000000000000010000000000000
10000000000000000011000000000000
10000000000000000010100000000000
10000000100000000010110000000000
10000000000000000000101000000000
10000000000000000010100100000000
10000000000000000010100010000000
10000000000000001010100001000000
10000000000000000010100000100000
10000000000000000010000000010000
10000000000000000000100000011000
10000000000000000000100000010100
10000000000000000000000000010010
10000000000000000000000000010001

