10000000000000000000000000000000
11000000000000000000000000000000
10100000000000000000000000000000
10110000000000000000000000000000
10001000000000000000000000000000
10001100000000000000000000000000
10000110000000000000000000000000
11111011000000000000000000000000
10000000100000000000000000000000
11000000110000000000000000000000
10000000001000000000000000000000
10110000101100000000000000000000
11100000000010000000000000000000
10000000000011000000000000000000
10000000000000100000000000000000
10111000100010110000000000000000
10000000000000001000000000000000
10000000000000001100000000000000
10010000000010101010000000000000
10010000000000001011000000000000
10000000000000000000100000000000
10110000000000000000110000000000
10100000000000000000001000000000
10011000000000001001101100000000
10000000000000000000000010000000
10010000000000000000001011000000
10000000000000000000000000100000
10001000000000000000000010110000
10001000000000000000000010001000
10001000000000000000000000001100
10001000000000000000000010001110
10000000000000011001000010001001

