10000000000000000000000000000000
11000000000000000000000000000000
10100000000000000000000000000000
10110000000000000000000000000000
10101000000000000000000000000000
10100100000000000000000000000000
10100010000000000000000000000000
10000001000000000000000000000000
10000000100000000000000000000000
10000000010000000000000000000000
10000000011000000000000000000000
10000000010100000000000000000000
10000000000110000000000000000000
10000000000001000000000000000000
10000000010011100000000000000000
10000000000001010000000000000000
10000000000001011000000000000000
10000000000001010100000000000000
10000000000101010010000000000000
10000000000001010001000000000000
10000000000001010001100000000000
10000000000001000001010000000000
10000000000011000001001000000000
10000000000101000001000100000000
10000000000100000001000010000000
10000000000000000000000001000000
10000000000000000000000001100000
10000000000000000000000001010000
10000000000100000001000001001000
10000000000100000001000000000100
10000000000000000001000000000010
10000000000000000001000000000001

