10000000000000000000000000000000
11000000000000000000000000000000
10100000000000000000000000000000
10010000000000000000000000000000
10001000000000000000000000000000
10000100000000000000000000000000
10000110000000000000000000000000
10000101000000000000000000000000
10000100100000000000000000000000
10000100110000000000000000000000
10000100101000000000000000000000
10000000100100000000000000000000
10000100100010000000000000000000
10000100100001000000000000000000
10000100100000100000000000000000
10000100100000010000000000000000
10000100100000011000000000000000
10000000100000010100000000000000
10000000100000010010000000000000
10000000100000010001000000000000
10000000100000010000100000000000
10000000000000000000010000000000
10000000000000000000011000000000
10000000000000000000010100000000
10000000000000000000010010000000
10000000100000000000010001000000
10000000100000000000000000100000
10000000000000000000000000010000
10000000000000000000000000011000
10000000000000000000000000010100
10000000000000000000000000000010
10000000000000000000000000010011

