10000000000000000000000000000000
11000000000000000000000000000000
10100000000000000000000000000000
10010000000000000000000000000000
10111000000000000000000000000000
10100100000000000000000000000000
10010110000000000000000000000000
10000011000000000000000000000000
10000010100000000000000000000000
10000010110000000000000000000000
10000010101000000000000000000000
10000010100100000000000000000000
10000110100010000000000000000000
10000010000001000000000000000000
10000010000000100000000000000000
10000010000000010000000000000000
10100010000000011000000000000000
10000010000000000100000000000000
10000000000000000110000000000000
10000000000000000111000000000000
10000010000000000110100000000000
10000000000000010100110000000000
10100000000000000100101000000000
10000000000000000100100100000000
10000000000000000100100010000000
10000000000000000100100001000000
10000000000000000000100000100000
10000000000000000000100000010000
10000000000000000000100000001000
10000000000000000000100000000100
10000000000000000000000000000010
10000000000000000000000000000001

