10000000000000000000000000000000
11000000000000000000000000000000
10100000000000000000000000000000
10010000000000000000000000000000
10001000000000000000000000000000
10001100000000000000000000000000
10000010000000000000000000000000
10000001000000000000000000000000
10000001100000000000000000000000
10000001010000000000000000000000
10000001001000000000000000000000
10000001000100000000000000000000
10000011000010000000000000000000
10000010000001000000000000000000
10001010000000100000000000000000
10000010000000010000000000000000
10000010000000001000000000000000
10000010000000000100000000000000
10000010000000000010000000000000
10000010000000000001000000000000
10000000000000000000100000000000
10000000000000000000110000000000
10000000000000000000111000000000
10000000000000000000110100000000
10000010000000000000110010000000
10000000000000000000100001000000
10000000000000000000110001100000
10000000000000000000110000010000
10000000000000000000110000001000
10000000000000000000010000000100
10000000000000000000010000000010
10000000000000000000010000000001

