10000000000000000000000000000000
11000000000000000000000000000000
10100000000000000000000000000000
10110000000000000000000000000000
10001000000000000000000000000000
10001100000000000000000000000000
10000010000000000000000000000000
10001011000000000000000000000000
10000000100000000000000000000000
10000010110000000000000000000000
10000000001000000000000000000000
10000010101100000000000000000000
10000110000010000000000000000000
10000000000011000000000000000000
10000000000000100000000000000000
10000010100011110000000000000000
10000000000000001000000000000000
10000000000000001100000000000000
10000000000000000010000000000000
10000010000001001011000000000000
10000010000000000000100000000000
10000000000001001000110000000000
10000000000001000000001000000000
10000100000001001000001100000000
10000000000000000000000010000000
10000000000001000000000011000000
10000000000000000000000000100000
10000000000001000000000111110000
10000000000000000000000000001000
10000000000000000000000001001100
10000000000000000000000100001010
10000000000000001000000010001001

