10000000000000000000000000000000
11000000000000000000000000000000
10100000000000000000000000000000
10010000000000000000000000000000
10001000000000000000000000000000
10000100000000000000000000000000
10000010000000000000000000000000
10000011000000000000000000000000
10000000100000000000000000000000
10000000110000000000000000000000
10000010101000000000000000000000
10000010100100000000000000000000
10000010000110000000000000000000
10000010000101000000000000000000
10000010000100100000000000000000
10000010000100010000000000000000
10000010000100001000000000000000
10000010000100000100000000000000
10000010000100000010000000000000
10000010000100000001000000000000
10000010000100000000100000000000
10000010000100000000010000000000
10000010000100000000001000000000
10000010000000000000000100000000
10000000000000000000000010000000
10000000000000000000000001000000
10000000000000000000000000100000
10000000000000000000000000010000
10000000000000000000000000001000
10000000000000000000000000000100
10000000000000000000000000000010
10000000000000000000000000000001

