10000000000000000000000000000000
11000000000000000000000000000000
10100000000000000000000000000000
10010000000000000000000000000000
10001000000000000000000000000000
10000100000000000000000000000000
10000110000000000000000000000000
10000101000000000000000000000000
10000100100000000000000000000000
10000100110000000000000000000000
10000100101000000000000000000000
10000100101100000000000000000000
10000100101010000000000000000000
10000100101001000000000000000000
10000100101000100000000000000000
10000100101000010000000000000000
10000100101000001000000000000000
10000000101000000100000000000000
10000000101000000010000000000000
10000000101000000001000000000000
10000000100000000000100000000000
10000000000000000000010000000000
10000000000000000000011000000000
10000000000000000000010100000000
10000000000000000000010010000000
10000000100000000000010001000000
10000000100000000000000000100000
10000000000000000000000000010000
10000000000000000000000000001000
10000000000000000000000000000100
10000000000000000000000000000010
10000000000000000000000000000011

