10000000000000000000000000000000
11000000000000000000000000000000
11100000000000000000000000000000
11110000000000000000000000000000
10001000000000000000000000000000
10011100000000000000000000000000
10001010000000000000000000000000
11011011000000000000000000000000
10000000100000000000000000000000
10000010110000000000000000000000
10000000001000000000000000000000
10001001101100000000000000000000
10001010101010000000000000000000
10000000100011000000000000000000
10000000101001100000000000000000
10010010100001110000000000000000
10000000000001001000000000000000
10000000000000001100000000000000
10000000000000000010000000000000
10000000000001000111000000000000
10000000000000000000100000000000
10000000000001000000110000000000
10000000000000000000001000000000
10000010100001011100101100000000
10000000000000000000100010000000
10000010000001000000001011000000
10000000000001000000000000100000
10000000101000010000000010110000
11010000100000000000000000001000
10000000000000000000000000001100
10000000000000000000000000000010
10000000000000001000000010001011

