10000000000000000000000000000000
11000000000000000000000000000000
10100000000000000000000000000000
10110000000000000000000000000000
10101000000000000000000000000000
10100100000000000000000000000000
10000010000000000000000000000000
10000011000000000000000000000000
10000010100000000000000000000000
10000010110000000000000000000000
10000010101000000000000000000000
10000010100100000000000000000000
10000010100010000000000000000000
10000010100001000000000000000000
10100010000001100000000000000000
10100000000000010000000000000000
10100000000000001000000000000000
10100000000000000100000000000000
10100000000000000010000000000000
10000000000000000001000000000000
10000000000000000000100000000000
10000000000000000000010000000000
10000000000000000000001000000000
10000000000000000000000100000000
10000000000000000000000010000000
10000000000000000000000001000000
10000000000000000000000000100000
10000000000000000000000000010000
10000000000000000000000000001000
10000000000000000000000000001100
10000000000000000000000000001010
10000000000000000000000000001001

