10000000000000000000000000000000
11000000000000000000000000000000
10100000000000000000000000000000
10110000000000000000000000000000
10011000000000000000000000000000
10011100000000000000000000000000
10001010000000000000000000000000
10011011000000000000000000000000
10000000100000000000000000000000
10000000110000000000000000000000
10000000111000000000000000000000
10000000111100000000000000000000
10000000000010000000000000000000
10000001110111000000000000000000
10000000100110100000000000000000
10010000110100110000000000000000
10000000000000001000000000000000
10000000000000001100000000000000
10000000000000001010000000000000
10000000000000001011000000000000
10000000000000001000100000000000
10000000000100001000110000000000
10000000000000001001101000000000
10000000000000001000101100000000
10000000000000001000000010000000
10000000000100001000000111000000
10000000000000001000000010100000
10000000010000001000000010110000
10000000010000001000000010001000
10010000000000001000000010001100
10000000000000001000000010001010
10000000000000001000000010001011

