10000000000000000000000000000000
11000000000000000000000000000000
10100000000000000000000000000000
10010000000000000000000000000000
10011000000000000000000000000000
10010100000000000000000000000000
10000010000000000000000000000000
10000011000000000000000000000000
10000000100000000000000000000000
10000010110000000000000000000000
10010010001000000000000000000000
10010000000100000000000000000000
10000000000110000000000000000000
10000000001111000000000000000000
10000000000000100000000000000000
10000000000000110000000000000000
10000000000010101000000000000000
10000000000000100100000000000000
10000000000000100010000000000000
10000000000100100001000000000000
10000000000100000000100000000000
10000000000100000000010000000000
10000000000100000000001000000000
10000000000100000000000100000000
10000000000100000000000010000000
10000000000100000000000001000000
10000000000100000000000000100000
10000010000100000000000000010000
10000010000000000000000000001000
10000000000000000000000000000100
10000000000000000000000000000010
10000000000000000000000000000001

