10000000000000000000000000000000
11000000000000000000000000000000
11100000000000000000000000000000
11010000000000000000000000000000
10001000000000000000000000000000
10000100000000000000000000000000
10000110000000000000000000000000
10000101000000000000000000000000
10000100100000000000000000000000
10000100010000000000000000000000
10000100001000000000000000000000
10000100000100000000000000000000
10000100000010000000000000000000
10000100000001000000000000000000
10000100000000100000000000000000
10000100000000010000000000000000
10000100000000001000000000000000
10000100000000000100000000000000
10000100000000000110000000000000
10000000000000000001000000000000
10000000000000000000100000000000
10000000000000000000010000000000
10000000000000000000001000000000
10000000000000000000000100000000
10000000000000000000000010000000
10000000000000000000000011000000
10000000000000000000000010100000
10000000000000000000000010010000
10000000000000000000000010001000
10000000000000000000000010000100
10000000000000000000000010000010
10000000000000000000000000000001

