10000000000000000000000000000000
11000000000000000000000000000000
10100000000000000000000000000000
10110000000000000000000000000000
10001000000000000000000000000000
10001100000000000000000000000000
10011010000000000000000000000000
10001111000000000000000000000000
10000000100000000000000000000000
10000000110000000000000000000000
10000010101000000000000000000000
10000000101100000000000000000000
10000000100010000000000000000000
10000000101011000000000000000000
10000000100010100000000000000000
10000100101000110000000000000000
10000000000000001000000000000000
10000000000000001100000000000000
10000000000000101010000000000000
10000000000000001011000000000000
10000000000000001000100000000000
10000000000000001000110000000000
10000000000000001000101000000000
10000100000000001000001100000000
10000000001000001000000010000000
10000000000000001000000011000000
10000000000000001000000010100000
10000000000000001000000010110000
10000000000000001000000010001000
10000000000000001000000010001100
10000100000000001000000000001010
10000000000000001000000010011011

