10000000000000000000000000000000
11000000000000000000000000000000
10100000000000000000000000000000
11110000000000000000000000000000
10011000000000000000000000000000
10011100000000000000000000000000
11001010000000000000000000000000
10001011000000000000000000000000
10000000100000000000000000000000
10000000110000000000000000000000
10000000111000000000000000000000
10000000111100000000000000000000
10000000000010000000000000000000
10000001110111000000000000000000
10000000100110100000000000000000
10000000110110110000000000000000
10000000000000001000000000000000
10000000000000001100000000000000
10000000000000011010000000000000
10000000000100001011000000000000
10000000000000001000100000000000
10000000000100000000110000000000
10000000000000001001101000000000
10000000000000001000111100000000
10000000000000001000000010000000
10000000000100001000000111000000
10000000000000001000010010100000
10000000010000001000000010110000
10000000010000001000000010001000
10000000000000001000000010001100
10000000000000001000000010001010
10000000000010001000000010001011

