10000000000000000000000000000000
11000000000000000000000000000000
10100000000000000000000000000000
10110000000000000000000000000000
10001000000000000000000000000000
10001100000000000000000000000000
10001110000000000000000000000000
10101011000000000000000000000000
10000000100000000000000000000000
10000000110000000000000000000000
10000000001000000000000000000000
10100000101100000000000000000000
11100000000010000000000000000000
10000000000011000000000000000000
10000000000000100000000000000000
10111001100010110000000000000000
10000000000000001000000000000000
10000000000010001100000000000000
10000000000010101010000000000000
10010000000000001011000000000000
10000000000000000000100000000000
10110000000000000000110000000000
10100000000000000000001000000000
10011001000000001001101100000000
10000000000000000000000010000000
10010000000000000000001011000000
10000000000000000000000000100000
10001001000000000000000010110000
10001000000000000000000010001000
10001001000000000000000000001100
10001000000000000000000010000110
10000000000000001001000010001011

