10000000000000000000000000000000
11000000000000000000000000000000
11100000000000000000000000000000
11010000000000000000000000000000
11001000000000000000000000000000
11001100000000000000000000000000
11001010000000000000000000000000
11001001000000000000000000000000
11001000100000000000000000000000
11001000010000000000000000000000
11001000001000000000000000000000
11001000000100000000000000000000
11001000000010000000000000000000
10001000000001000000000000000000
10001000000000100000000000000000
10001000000000010000000000000000
10001000000000001000000000000000
10001000000000000100000000000000
10001000000000000010000000000000
10001000000000000001000000000000
10001000000000000000100000000000
10001000000000000000010000000000
10001000000000000000001000000000
10001000000000000000000100000000
10001000000000000000000010000000
10001000000000000000000001000000
10001000000000000000000000100000
10001000000000000000000000010000
10001000000000000000000000001000
10001000000000000000000000000100
10001000000000000000000000000010
10001000000000000000000000000001

