10000000000000000000000000000000
11000000000000000000000000000000
10100000000000000000000000000000
10010000000000000000000000000000
10011000000000000000000000000000
10010100000000000000000000000000
10010010000000000000000000000000
10010001000000000000000000000000
10010000100000000000000000000000
10010000010000000000000000000000
10010000011000000000000000000000
10010000010100000000000000000000
10010000010010000000000000000000
10010000010001000000000000000000
10010000010000100000000000000000
10010000010000010000000000000000
10010000010000001000000000000000
10000000010000000100000000000000
10000000010000000010000000000000
10000000010000000001000000000000
10000000010000000000100000000000
10000000010000000000010000000000
10000000000000000000001000000000
10000000000000000000000100000000
10000000000000000000000010000000
10000000000000000000000001000000
10000000000000000000000000100000
10000000000000000000000000010000
10000000000000000000000000001000
10000000000000000000000000000100
10000000000000000000000000000010
10000000000000000000000000000001

