10000000000000000000000000000000
11000000000000000000000000000000
10100000000000000000000000000000
10110000000000000000000000000000
10101000000000000000000000000000
10001100000000000000000000000000
10000010000000000000000000000000
10001111000000000000000000000000
10000000100000000000000000000000
10000000110000000000000000000000
10000000101000000000000000000000
10000000111100000000000000000000
10000000100110000000000000000000
10000000000011000000000000000000
10000000000000100000000000000000
10100100100111110000000000000000
10000000000000001000000000000000
10000000000000001100000000000000
10000000000000000010000000000000
10000100000000001011000000000000
10000000000000000000100000000000
10000000000000000000110000000000
10000000000000000000001000000000
10000000000101001010101100000000
10000000000000000010000010000000
10000000000000000000000011000000
10000000000000000000000000100000
10000000000100001000000010110000
10000000000000000000000000011000
10000000000000000000000000001100
10000000000000000000000000000010
10000000000000001000000010001011

