10000000000000000000000000000000
11000000000000000000000000000000
11100000000000000000000000000000
11010000000000000000000000000000
11011000000000000000000000000000
11010100000000000000000000000000
11010010000000000000000000000000
11010001000000000000000000000000
11010000100000000000000000000000
11010000010000000000000000000000
11010000001000000000000000000000
11010000000100000000000000000000
11010000000010000000000000000000
10010000000001000000000000000000
10010000000000100000000000000000
10000000000000010000000000000000
10000000000000011000000000000000
10000000000000010100000000000000
10000000000000010010000000000000
10000000000000010001000000000000
10000000000000010000100000000000
10010000000000010000010000000000
10010000000000000000001000000000
10010000000000000000000100000000
10010000000000000000000010000000
10000000000000000000000001000000
10000000000000000000000000100000
10000000000000000000000000010000
10000000000000000000000000001000
10000000000000000000000000000100
10000000000000000000000000000010
10000000000000000000000000000001

