10000000000000000000000000000000
11000000000000000000000000000000
10100000000000000000000000000000
11110000000000000000000000000000
11001000000000000000000000000000
10001100000000000000000000000000
10000010000000000000000000000000
11001111000000000000000000000000
10000100100000000000000000000000
10000000110000000000000000000000
10000000101000000000000000000000
11000100100100000000000000000000
11000100000010000000000000000000
10000100000001000000000000000000
10000000000000100000000000000000
10000100100011110000000000000000
10000000000000001000000000000000
10000000000001101100000000000000
10000000000001000010000000000000
10000100000000001111000000000000
10000000000000000000100000000000
10000000000000000000110000000000
10000000000000000000001000000000
10000100000000101110111100000000
10000000000000000000000010000000
10000000000000000100000011000000
10000000000000000000000000100000
10000100000000000000100011110000
10000000000000100010000011001000
10000000000000000000000000001100
10000000000000000000000000000010
10000000000000000000100000001011

