10000000000000000000000000000000
11000000000000000000000000000000
10100000000000000000000000000000
10110000000000000000000000000000
10001000000000000000000000000000
10001100000000000000000000000000
10000010000000000000000000000000
10011011000000000000000000000000
10010000100000000000000000000000
10000000110000000000000000000000
10000000111000000000000000000000
10000000101100000000000000000000
10000000000010000000000000000000
10000000000011000000000000000000
10000000000000100000000000000000
10000000110110110000000000000000
10000000000000001000000000000000
10000000000000001100000000000000
10000000000000001010000000000000
10000000000000001011000000000000
10000000000000000000100000000000
10000000000000000000110000000000
10000000000000000000001000000000
10010000010000001001101100000000
10000000000000000001000010000000
10000000010000000000000011000000
10000000010000000000000000100000
10010000000000000000000010110000
10010000000000000000000000001000
10000000000000000000000000001100
10000000000000000000000000000010
10000000000000001000000010001011

