10000000000000000000000000000000
11000000000000000000000000000000
10100000000000000000000000000000
10010000000000000000000000000000
10001000000000000000000000000000
10000100000000000000000000000000
10000110000000000000000000000000
10000101000000000000000000000000
10000101100000000000000000000000
10000111010000000000000000000000
10000110001000000000000000000000
10000110000100000000000000000000
10000110000010000000000000000000
10000110000001000000000000000000
10000110000000100000000000000000
10001110000000010000000000000000
10001000000000001000000000000000
10001000000000001100000000000000
10001000000000000010000000000000
10001000000000000011000000000000
10000000000000000010100000000000
10000000000000000010110000000000
10000000000000000000101000000000
10000000000000000010101100000000
10000000000000000010101010000000
10000010000000001010100001000000
10000000000000000110101001100000
10000000000000000010000000010000
10000000000000000000100000011000
10000000000000000000100001010100
10000000000000000000000000010010
10000000000000000000001000010001

