10000000000000000000000000000000
11000000000000000000000000000000
10100000000000000000000000000000
10110000000000000000000000000000
10001000000000000000000000000000
11101100000000000000000000000000
10100010000000000000000000000000
10111011000000000000000000000000
10100000100000000000000000000000
10010000110000000000000000000000
10100000011000000000000000000000
10000000111100000000000000000000
10000000000010000000000000000000
10000000000111000000000000000000
10000000010110100000000000000000
10100011100010010000000000000000
10100001000000001000000000000000
10000010000000001100000000000000
10000000000000000010000000000000
10100000000000001111000000000000
10100000000000000100100000000000
10000000000000000000110000000000
10000000000000000000001000000000
10000011000000001110101100000000
11000010000000000010000010000000
10000001000000000000000011000000
10000001000000000000000000100000
10000001000000000100100010110000
10000000000000000100100000001000
10000001000000000100000000001100
10000000000000000100000000001010
10000000000000001000000010001011

