10000000000000000000000000000000
11000000000000000000000000000000
10100000000000000000000000000000
10010000000000000000000000000000
10001000000000000000000000000000
10000100000000000000000000000000
10000010000000000000000000000000
10000001000000000000000000000000
10000000100000000000000000000000
10000000110000000000000000000000
10000000001000000000000000000000
10000000001100000000000000000000
10000000001010000000000000000000
10000001101011000000000000000000
10000000001000100000000000000000
10000000000010110000000000000000
10000000001000011000000000000000
10000000000001101100000000000000
10000000000000101010000000000000
10000000000000111001000000000000
10000000100000100000100000000000
10000000000000100000010000000000
10000000000001100000001000000000
10000000000000100000000100000000
10000000000000100000000110000000
10000001000000100000000101000000
10000000000000100000000100100000
10000000000000100000000100010000
10000000000000100000000100001000
10000000000000000000000100000100
10000000000000000000000100000010
10000000000000000000000000000001

