10000000000000000000000000000000
11000000000000000000000000000000
10100000000000000000000000000000
10110000000000000000000000000000
10101000000000000000000000000000
10100100000000000000000000000000
10100010000000000000000000000000
10000001000000000000000000000000
10100001100000000000000000000000
10000011110000000000000000000000
10100000011000000000000000000000
10000000011100000000000000000000
10000000000110000000000000000000
10100000000101000000000000000000
10000000001100100000000000000000
10000000001000010000000000000000
10000000001000001000000000000000
10000000001000000100000000000000
10000000101000000010000000000000
10000000001000000001000000000000
10000000001000000011100000000000
10000000001000000001010000000000
10000000001000000001001000000000
10000000001000000001000100000000
10000000001000000000000010000000
10000000001000000000000001000000
10000000000000000000000000100000
10000000000000000000000000010000
10000000000000000000000000011000
10000000000000000000000000000100
10000000000000000000000000000010
10000000000000000000000000000001

