10000000000000000000000000000000
11000000000000000000000000000000
10100000000000000000000000000000
10110000000000000000000000000000
10111000000000000000000000000000
10110100000000000000000000000000
10100110000000000000000000000000
10000011000000000000000000000000
10100011100000000000000000000000
10000011110000000000000000000000
10010010111000000000000000000000
10000010110100000000000000000000
10000010110010000000000000000000
10000010000001000000000000000000
10100010010001100000000000000000
11100000010000010000000000000000
10100001010000001000000000000000
10100001000000000100000000000000
10100000000000000010000000000000
10000001000000000011000000000000
10000000000000000000100000000000
10000000000000000000010000000000
10000000000000000000001000000000
10000000000000000000000100000000
10000000000000000000000010000000
10000000000000000000000001000000
10000000000000000000000011100000
10000000000000000000000001010000
10000000000000000000000000001000
10000000000000000000000000001100
10000000000000000000000000001010
10000000000000000000000000001001

