10000000000000000000000000000000
11000000000000000000000000000000
10100000000000000000000000000000
10110000000000000000000000000000
10011000000000000000000000000000
10010100000000000000000000000000
10010010000000000000000000000000
10010001000000000000000000000000
10000000100000000000000000000000
10000000110000000000000000000000
10010000111000000000000000000000
10000000010100000000000000000000
10000000000110000000000000000000
10000000001111000000000000000000
10000000000110100000000000000000
10010000100100110000000000000000
10000000000100101000000000000000
10000000100100100100000000000000
10000000100100100010000000000000
10000000100100100001000000000000
10000000000100000000100000000000
10000000000100000000110000000000
10010000000100100000101000000000
10000000000100000000100100000000
10000000100100100000000110000000
10000000000000000000000001000000
10000000000000000000000000100000
10000000000000000000000000010000
10000000000000000000000000001000
10000000000000000000000000000100
10000000000000000000000000000010
10000000000000000000000000000001

