10000000000000000000000000000000
11000000000000000000000000000000
10100000000000000000000000000000
10010000000000000000000000000000
10001000000000000000000000000000
10001100000000000000000000000000
10000010000000000000000000000000
10000011000000000000000000000000
10000000100000000000000000000000
10000011110000000000000000000000
10001111001000000000000000000000
10000000000100000000000000000000
10000000000110000000000000000000
10000000001111000000000000000000
10000000000000100000000000000000
10000000000000110000000000000000
10000000000010101000000000000000
10000000000000100100000000000000
10000000000000100010000000000000
10000010000100100001000000000000
10000000000100000000100000000000
10000000000100000000110000000000
10001000000100000000101000000000
10000000000100000000100100000000
10000000000100000000100010000000
10000000000100000000100001000000
10000000000100000000100000100000
10000011000100000000100000010000
10000010000000000000100000001000
10000000000000000000000000000100
10000000000000000000000000000010
10000000000000000000000000000001

