10000000000000000000000000000000
11000000000000000000000000000000
10100000000000000000000000000000
10010000000000000000000000000000
10001000000000000000000000000000
10000100000000000000000000000000
10000110000000000000000000000000
10000001000000000000000000000000
10000101100000000000000000000000
10000111110000000000000000000000
10000000011000000000000000000000
10000000011100000000000000000000
10000000000110000000000000000000
10000000000101000000000000000000
10000000001100100000000000000000
10000000011000010000000000000000
10000000001000001000000000000000
10000000001000001100000000000000
10000000101000000010000000000000
10000000001000000001000000000000
10000000001000000011100000000000
10000100001000000001010000000000
10000000001000000001001000000000
10000000001000000001000100000000
10000000001000000000000110000000
10000000001000000000000101000000
10000000000000000000000100100000
10000000000000000000000100010000
10000000000000000000000000011000
10000000000000000000000000010100
10000000000000000000000000000010
10000000000000000000000000000001

