10000000000000000000000000000000
11000000000000000000000000000000
10100000000000000000000000000000
11110000000000000000000000000000
10001000000000000000000000000000
10011100000000000000000000000000
10000010000000000000000000000000
11001011000000000000000000000000
10001010100000000000000000000000
10011000010000000000000000000000
10010010011000000000000000000000
11000000111100000000000000000000
11000000000010000000000000000000
10000000000011000000000000000000
10000000000000100000000000000000
10000010110110110000000000000000
10000000000000001000000000000000
10000000000000001100000000000000
10000000000000000010000000000000
10000000000010001011000000000000
10000000000000000000100000000000
10000000000010000000110000000000
10000000000000000000001000000000
10000010000100001000101100000000
10000000000000000000000010000000
10000010000100000000000011000000
10000010000000000000000000100000
10000000000000001000000010110000
10000000000000000000000000001000
10000000000000000000000000001100
10000000000000000000000000000010
10000000000000001000000010001011

