10000000000000000000000000000000
11000000000000000000000000000000
10100000000000000000000000000000
10010000000000000000000000000000
10001000000000000000000000000000
10001100000000000000000000000000
10001010000000000000000000000000
10001011000000000000000000000000
10000000100000000000000000000000
10000010110000000000000000000000
10000000101000000000000000000000
10000000100100000000000000000000
10000000100010000000000000000000
10001000100001000000000000000000
10000000100000100000000000000000
10000000100000010000000000000000
10000000100000001000000000000000
10000000000000000100000000000000
10000000000000000010000000000000
10000000000000000001000000000000
10000000000000000000100000000000
10000000000000000000010000000000
10000000000000000000001000000000
10000000000000000000000100000000
10000000000000000000000010000000
10000000000000000000000001000000
10000000000000000000000001100000
10000000000000000000000001010000
10000000000000000000000001001000
10000000000000000000000001001100
10000000000000000000000000000010
10000000000000000000000000000001

