10000000000000000000000000000000
11000000000000000000000000000000
10100000000000000000000000000000
10110000000000000000000000000000
10101000000000000000000000000000
10101100000000000000000000000000
10000110000000000000000000000000
10000011000000000000000000000000
10000010100000000000000000000000
10000010010000000000000000000000
10000010001000000000000000000000
10001010000100000000000000000000
10000010000010000000000000000000
10000010000001000000000000000000
10100010000001100000000000000000
10100000000000010000000000000000
10100000000000001000000000000000
10100000000000000100000000000000
10100000000000000010000000000000
10000000000000000001000000000000
10000000000000000000100000000000
10000000000000000000010000000000
10000000000000000000001000000000
10000000000000000000000100000000
10000000000000000000000010000000
10000000000000000000000001000000
10000000000000000000000001100000
10000000000000000000000001010000
10000000000000000000000000001000
10000000000000000000000000001100
10000000000000000000000000001010
10000000000000000000000000001001

