10000000000000000000000000000000
11000000000000000000000000000000
11100000000000000000000000000000
10010000000000000000000000000000
11011000000000000000000000000000
11000100000000000000000000000000
10001110000000000000000000000000
10000101000000000000000000000000
10000100100000000000000000000000
10000100010000000000000000000000
10000100001000000000000000000000
10010100000100000000000000000000
10000100000010000000000000000000
10000100000011000000000000000000
10000100000010100000000000000000
10000100000010010000000000000000
10010100000010001000000000000000
10110000000010000100000000000000
10010000000010000010000000000000
10010000000010000001000000000000
10010000000010000000100000000000
10000000000010000000010000000000
10000000000000000000001000000000
10000000000000000000001100000000
10000000000000000000000110000000
10000000000000000000000101000000
10000000000000000000000100100000
10000000000000000000000000010000
10000000000000000000000000011000
10000000000000000000000000010100
10000000000000000000000000000010
10000000000000000000000000000001

