10000000000000000000000000000000
11000000000000000000000000000000
10100000000000000000000000000000
10010000000000000000000000000000
10111000000000000000000000000000
10100100000000000000000000000000
10010110000000000000000000000000
10000011000000000000000000000000
10000010100000000000000000000000
10000010110000000000000000000000
10000010101000000000000000000000
10000010100100000000000000000000
10000110100010000000000000000000
10000010000001000000000000000000
10000010000000100000000000000000
10000010000000010000000000000000
10100010000000011000000000000000
10100010000000000100000000000000
10000000000000000110000000000000
10000000000000001111000000000000
10000010000000000111100000000000
10000000000000010101010000000000
10100000000000000100001000000000
10000000000000000100000100000000
10000000000000000100000110000000
10000000000000000100000101000000
10000000000000000000000001100000
10000000000000000000000000110000
10000000000000000000000000101000
10000000000000000000000000100100
10000000000000000000000000000010
10000000000000000000000000000001

