10000000000000000000000000000000
11000000000000000000000000000000
10100000000000000000000000000000
10110000000000000000000000000000
10111000000000000000000000000000
10001100000000000000000000000000
10001010000000000000000000000000
10001111000000000000000000000000
10000010100000000000000000000000
10000000110000000000000000000000
10000000001000000000000000000000
10000000111100000000000000000000
10000000000010000000000000000000
10000000010011000000000000000000
10000000000000100000000000000000
10100100100010110000000000000000
10000100100000001000000000000000
10000000000000001100000000000000
10000000000000000010000000000000
10000000000000001111000000000000
10000000000000000000100000000000
10000000000000000100110000000000
10000000000000000000001000000000
10000100000000001100001100000000
10000000000000000000000010000000
10000000000000000000000011000000
10000000000000000000000001100000
10000100000000000100000010110000
10000100000000000000000000001000
10000000000000000100000000001100
10000000000000001100000000000010
10100000000000001000000010001011

