10000000000000000000000000000000
11000000000000000000000000000000
10100000000000000000000000000000
10110000000000000000000000000000
10101000000000000000000000000000
10100100000000000000000000000000
10100010000000000000000000000000
10100001000000000000000000000000
10100000100000000000000000000000
10000000010000000000000000000000
10000000001000000000000000000000
10000000000100000000000000000000
10000000000010000000000000000000
10000000000001000000000000000000
10000000000000100000000000000000
10000000000000010000000000000000
10000000000000001000000000000000
10000000000000000100000000000000
10000000000000000010000000000000
10000000000000000001000000000000
10000000000000000000100000000000
10000000000000000000010000000000
10000000000000000000001000000000
10000000000000000000000100000000
10000000000000000000000010000000
10000000000000000000000001000000
10000000000000000000000000100000
10000000000000000000000000010000
10000000000000000000000000001000
10000000000000000000000000000100
10000000000000000000000000000010
10000000000000000000000000000001

