10000000000000000000000000000000
11000000000000000000000000000000
10100000000000000000000000000000
10110000000000000000000000000000
10101000000000000000000000000000
10000100000000000000000000000000
10100110000000000000000000000000
10000001000000000000000000000000
10000011100000000000000000000000
10000001110000000000000000000000
10000011101000000000000000000000
10000001000100000000000000000000
10100001000110000000000000000000
10001101100101000000000000000000
10001000000000100000000000000000
10000100000000110000000000000000
10000000100000101000000000000000
10000000000000111100000000000000
10000001000100101010000000000000
10000000000000101001000000000000
10000001000000100001100000000000
10000001000000000001010000000000
10000001000000000001001000000000
10000000000000000001000100000000
10000000000000000001000010000000
10000000000000000001000001000000
10000000000000000001000000100000
10000000000000000001000000010000
10000000000000000000000000011000
10000000000000000000000000010100
10000000000000000000000000000010
10000000000000000000000000000001

