10000000000000000000000000000000
11000000000000000000000000000000
10100000000000000000000000000000
10010000000000000000000000000000
10001000000000000000000000000000
10000100000000000000000000000000
10000110000000000000000000000000
10001111000000000000000000000000
10000000100000000000000000000000
10000000110000000000000000000000
10000000001000000000000000000000
10000000001100000000000000000000
10000000101010000000000000000000
10000000001001000000000000000000
10000000001000100000000000000000
10000000001001110000000000000000
10000000011001001000000000000000
10000000001001000100000000000000
10000000001000000010000000000000
10000000001000000011000000000000
10000000101001000010100000000000
10000000100001000000010000000000
10000000100001000000001000000000
10000000100001000000000100000000
10000000100001000000000010000000
10000100100001000000000001000000
10000100100001000000000000100000
10001000100000000000000000010000
10000010100000000000000000001000
10000010000000000000000000000100
10000000000000000000000000000010
10000000000000000000000000000001

