10000000000000000000000000000000
11000000000000000000000000000000
10100000000000000000000000000000
10010000000000000000000000000000
10001000000000000000000000000000
10011100000000000000000000000000
10001010000000000000000000000000
10000001000000000000000000000000
10000001100000000000000000000000
10000001010000000000000000000000
10000001001000000000000000000000
10000001000100000000000000000000
10000011000010000000000000000000
10000010000001000000000000000000
10001010000001100000000000000000
10000010000000110000000000000000
10010010000000101000000000000000
10010010000000100100000000000000
10000010000001100010000000000000
10000010000001000001000000000000
10000000000000000000100000000000
10000000000000000000110000000000
10000000000000000000101000000000
10000000000000000000100100000000
10000010000000000000100110000000
10000000000000000000100001000000
10000000000000000000100101100000
10000000000000000000100100010000
10000000000000000000100100001000
10000000000000000000000100000100
10000000000000000000000000000010
10000000000000000000000000000001

