10000000000000000000000000000000
11000000000000000000000000000000
10100000000000000000000000000000
10010000000000000000000000000000
10001000000000000000000000000000
10000100000000000000000000000000
10001110000000000000000000000000
10000011000000000000000000000000
10000011100000000000000000000000
10000011010000000000000000000000
10000011001000000000000000000000
10000001000100000000000000000000
10000001000110000000000000000000
10001101000101000000000000000000
10001001000000100000000000000000
10000100000000110000000000000000
10000000000000111000000000000000
10000000000000110100000000000000
10000000000100110010000000000000
10000000000000110001000000000000
10000001000000110000100000000000
10000001000000010000010000000000
10000001000000000000001000000000
10000000000000000000000100000000
10000000000000000000000010000000
10000000000000000000000001000000
10000000000000000000000000100000
10000000000000000000000000010000
10000000000000000000000000011000
10000000000000000000000000010100
10000000000000000000000000000010
10000000000000000000000000000001

