10000000000000000000000000000000
11000000000000000000000000000000
10100000000000000000000000000000
10010000000000000000000000000000
10011000000000000000000000000000
10000100000000000000000000000000
10001110000000000000000000000000
10000101000000000000000000000000
10000100100000000000000000000000
10010100010000000000000000000000
10000100001000000000000000000000
10000100001100000000000000000000
10000100001010000000000000000000
10000100001001000000000000000000
10000100001000100000000000000000
10000100001000010000000000000000
10010100001000001000000000000000
10110000001000000100000000000000
10010000001000000010000000000000
10010000001000000001000000000000
10010000001000000000100000000000
10000000001000000000010000000000
10000000000000000000001000000000
10000000001000000000001100000000
10000000001000000000000010000000
10000000001000000000000001000000
10000000001000000000000000100000
10000000000000000000000000010000
10000000001000000000000000011000
10000000000000000000000000010100
10000000000000000000000000000010
10000000000000000000000000000001

