10000000000000000000000000000000
11000000000000000000000000000000
11100000000000000000000000000000
10110000000000000000000000000000
10001000000000000000000000000000
10001100000000000000000000000000
10001010000000000000000000000000
11011011000000000000000000000000
10000000100000000000000000000000
10000000110000000000000000000000
10010000101000000000000000000000
10000000111100000000000000000000
10000010100010000000000000000000
10000000100011000000000000000000
10000000101010100000000000000000
11010000111010110000000000000000
10000000000000101000000000000000
10000000100000001100000000000000
10000000001000001110000000000000
10000000000000001011000000000000
10000000000000001000100000000000
10000000000010001000110000000000
10000000000000001000101000000000
11000000000000001000101100000000
10010000000000001000001010000000
10000000000000011000000011000000
10000000000000001000000010100000
10000000000000001000000010110000
10000000000000001000000010001000
10000000010000001000000010001100
10010000000000001000100010001010
11000000000000000000000010011011

