10000000000000000000000000000000
11000000000000000000000000000000
10100000000000000000000000000000
11110000000000000000000000000000
10001000000000000000000000000000
10101100000000000000000000000000
10000010000000000000000000000000
10111011000000000000000000000000
10000000100000000000000000000000
10000001110000000000000000000000
10000000001000000000000000000000
10100010101100000000000000000000
10000000000010000000000000000000
10100000000011000000000000000000
10000000000000100000000000000000
11001000100010110000000000000000
10000000100000001000000000000000
10000000000000001100000000000000
11000000000000001010000000000000
10000000100000001111000000000000
10000000000000000000100000000000
10000000100000000100110000000000
10000000000000000000011000000000
11001000100000001001101100000000
10000000000000000000000010000000
11000000000000000001000011000000
11000000000000000001000000100000
10001000100000000000001010110000
10000000000000000000000000001000
10000000100000000100001000001100
10000000000000000000001000000010
10000000000000001000000010001011

