10000000000000000000000000000000
11000000000000000000000000000000
10100000000000000000000000000000
10110000000000000000000000000000
10011000000000000000000000000000
10001100000000000000000000000000
10000010000000000000000000000000
10011011000000000000000000000000
10000000100000000000000000000000
10011000110000000000000000000000
10010000001000000000000000000000
10001000101100000000000000000000
10000000000010000000000000000000
10000000001011000000000000000000
10000000000000100000000000000000
10001000001010110000000000000000
10001000000000001000000000000000
10000000001000001100000000000000
10000000001000000010000000000000
10001000000000001111000000000000
10000000000000000000100000000000
10001000000000000100110000000000
10001000000000000100001000000000
10001000000000001110101100000000
10001000000000000100000110000000
10000000000000000100000011000000
10000000000000000100000000100000
10000000000000000010000011110000
10000000000000000000000000101000
10000000000000000000000101001100
10000000000000000000000000000010
10000000000000011000000011001011

