10000000000000000000000000000000
11000000000000000000000000000000
10100000000000000000000000000000
10010000000000000000000000000000
10001000000000000000000000000000
10001100000000000000000000000000
10001010000000000000000000000000
10001001000000000000000000000000
10001000100000000000000000000000
10001000010000000000000000000000
10001000001000000000000000000000
10001000000100000000000000000000
10001000000010000000000000000000
10001000000001000000000000000000
10001000000000100000000000000000
10001000000000010000000000000000
10000000000000011000000000000000
10000000000000110100000000000000
10000000000000100010000000000000
10000000000000100001000000000000
10000000000000100000100000000000
10000000000000100000010000000000
10000000000000100000001000000000
10000000000000100000000100000000
10000000000000100000000010000000
10000000000000100000000001000000
10000000000000100000000000100000
10000000000000100000000000010000
10000000000000100000000000001000
10000000000000000000000000000100
10000000000000000000000000000010
10000000000000000000000000000001

