10000000000000000000000000000000
11000000000000000000000000000000
11100000000000000000000000000000
11010000000000000000000000000000
11001000000000000000000000000000
11000100000000000000000000000000
11000010000000000000000000000000
11000001000000000000000000000000
11000000100000000000000000000000
11000000010000000000000000000000
11000000001000000000000000000000
11000000000100000000000000000000
11000000000010000000000000000000
10000000000001000000000000000000
10000000000000100000000000000000
10000000000000010000000000000000
10000000000000011000000000000000
10000000000000011100000000000000
10000000000000011010000000000000
10000000000000011001000000000000
10000000000000011000100000000000
10000000000000011000010000000000
10000000000000001000001000000000
10000000000000001000000100000000
10000000000000001000000010000000
10000000000000001000000001000000
10000000000000001000000000100000
10000000000000001000000000010000
10000000000000001000000000001000
10000000000000001000000000000100
10000000000000001000000000000010
10000000000000001000000000000001

