10000000000000000000000000000000
11000000000000000000000000000000
10100000000000000000000000000000
10110000000000000000000000000000
10101000000000000000000000000000
10100100000000000000000000000000
10100010000000000000000000000000
10100011000000000000000000000000
10100010100000000000000000000000
10000010010000000000000000000000
10000010001000000000000000000000
10000010000100000000000000000000
10000010000010000000000000000000
10000010000001000000000000000000
10000010000000100000000000000000
10000010000000010000000000000000
10000010000000001000000000000000
10000010000000000100000000000000
10000010000000000010000000000000
10000010000000000001000000000000
10000010000000000000100000000000
10000010000000000000010000000000
10000010000000000000001000000000
10000010000000000000000100000000
10000010000000000000000010000000
10000000000000000000000001000000
10000000000000000000000000100000
10000000000000000000000000010000
10000000000000000000000000001000
10000000000000000000000000000100
10000000000000000000000000000010
10000000000000000000000000000001

