10000000000000000000000000000000
11000000000000000000000000000000
11100000000000000000000000000000
10010000000000000000000000000000
11011000000000000000000000000000
11000100000000000000000000000000
10001110000000000000000000000000
10000101000000000000000000000000
10000100100000000000000000000000
10000100010000000000000000000000
10000100001000000000000000000000
10000100000100000000000000000000
10000100000010000000000000000000
10000100000001000000000000000000
10000100000000100000000000000000
10010100000000010000000000000000
10010100000000001000000000000000
10110000000000001100000000000000
10010000000000001010000000000000
10010000000000000001000000000000
10010000000000000000100000000000
10000000000000000000010000000000
10000000000000000000001000000000
10000000000000000000001100000000
10000000000000000000000110000000
10000000000000000000000101000000
10000000000000000000000100100000
10000000000000000000000000010000
10000000000000000000000000011000
10000000000000000000000000010100
10000000000000000000000000000010
10000000000000000000000000000011

