10000000000000000000000000000000
11000000000000000000000000000000
10100000000000000000000000000000
10110000000000000000000000000000
10111000000000000000000000000000
10101100000000000000000000000000
10100010000000000000000000000000
10001111000000000000000000000000
10000000100000000000000000000000
10000000110000000000000000000000
10000000111000000000000000000000
10001000110100000000000000000000
10000000100010000000000000000000
10000000100011000000000000000000
10000000100000100000000000000000
10101100100110110000000000000000
10000000000000001000000000000000
10001000000010001100000000000000
10000000000010000010000000000000
10000100000000001011000000000000
10000000000000000000100000000000
10000000000000000000110000000000
10000000000000000000001000000000
10000000001100001010101100000000
10001000000000000010000010000000
10000000000000000000000011000000
10000000000000000000000000100000
10000000000100001000000010110000
10000000000000000000000000011000
10000000000000000000000000001100
10000000000000000000000000000010
10000000000000001000000010001011

