10000000000000000000000000000000
11000000000000000000000000000000
11100000000000000000000000000000
11010000000000000000000000000000
11001000000000000000000000000000
10000100000000000000000000000000
10000110000000000000000000000000
11000111000000000000000000000000
10000000100000000000000000000000
11000000110000000000000000000000
10000000001000000000000000000000
10000000001100000000000000000000
10000000001010000000000000000000
11000000001001000000000000000000
10000000001000100000000000000000
10000000001000110000000000000000
10000000011000001000000000000000
10000000001000000100000000000000
10000000001000000010000000000000
10000000001000000001000000000000
10000000101000000000100000000000
10000000100000000000010000000000
10000000100000000000001000000000
10000000100000000000000100000000
10000000100000000000000010000000
10000100100000000000000001000000
10000100100000000000000000100000
10000000100000000000000000010000
10000010100000000000000000001000
10000010000000000000000000000100
10000000000000000000000000000010
10000000000000000000000000000001

