10000000000000000000000000000000
11000000000000000000000000000000
10100000000000000000000000000000
10110000000000000000000000000000
10001000000000000000000000000000
10001100000000000000000000000000
10000010000000000000000000000000
10111011000000000000000000000000
10010000100000000000000000000000
10000000110000000000000000000000
10010000111000000000000000000000
10010000101100000000000000000000
10010000000110000000000000000000
10010000100111000000000000000000
10000000000000100000000000000000
10000000110101110000000000000000
10000000000000001000000000000000
10000000000100001100000000000000
10000000000000001010000000000000
10010000000001101011000000000000
10000000000000000000100000000000
10000000000000100000110000000000
10000000000000000000001000000000
10010000110000001001101100000000
10000000000000001001000010000000
10000000010000000000000011000000
10000000010000000000000000100000
10010000000000000000100010110000
10000000000000000000000000001000
10010000000000000000100000001100
10000000000000000000000000000010
10000000100000001000000010001011

