10000000000000000000000000000000
11000000000000000000000000000000
10100000000000000000000000000000
10010000000000000000000000000000
10001000000000000000000000000000
10000100000000000000000000000000
10001110000000000000000000000000
10000101000000000000000000000000
10000101100000000000000000000000
10000101010000000000000000000000
10000101001000000000000000000000
10000101000100000000000000000000
10000101000010000000000000000000
10000101000001000000000000000000
10000101000000100000000000000000
10001101000000010000000000000000
10001001000000001000000000000000
10001001000000000100000000000000
10001000000000000010000000000000
10000000000000000011000000000000
10000000000000000010100000000000
10000000000000000010110000000000
10000000000000000000101000000000
10000001000000000010100100000000
10000000000000000010100010000000
10000000000000000010100001000000
10000000000000000010100000100000
10000000000000000010000000010000
10000000000000000000100000011000
10000000000000000000100000000100
10000000000000000000000000000010
10000000000000000000000000000001

