10000000000000000000000000000000
11000000000000000000000000000000
10100000000000000000000000000000
10010000000000000000000000000000
10001000000000000000000000000000
10001100000000000000000000000000
10001010000000000000000000000000
10001011000000000000000000000000
10000001100000000000000000000000
10001001110000000000000000000000
10001000101000000000000000000000
10011000000100000000000000000000
10001000000110000000000000000000
10001000000101000000000000000000
10001000000101100000000000000000
10001010101100010000000000000000
10001000100000001000000000000000
10000000000000001100000000000000
10000000000100001010000000000000
10000000000000001001000000000000
10000000001000001000100000000000
10000000000000011000010000000000
10000010000000001000001000000000
10000000000100001000000100000000
10000000000100000000000010000000
10001000000100000000000001000000
10011000000000000000000000100000
10000000000000000000000000110000
10000000000000000000000000101000
10000000000000000000000000000100
10000000000000000000000000000010
10000000000000000000000000000001

