10000000000000000000000000000000
11000000000000000000000000000000
10100000000000000000000000000000
10110000000000000000000000000000
10001000000000000000000000000000
10001100000000000000000000000000
10001010000000000000000000000000
10101001000000000000000000000000
10000000100000000000000000000000
10000000110000000000000000000000
10000000101000000000000000000000
10000000101100000000000000000000
10000000100010000000000000000000
10000000100011000000000000000000
10100000100010100000000000000000
10100000100011110000000000000000
10000000001010001000000000000000
10000000000001001100000000000000
10000000000000001010000000000000
10000000000000001111000000000000
10000000000000000000100000000000
10000000000000001000110000000000
10000000000000001000101000000000
10000000000000001100101100000000
10000000000000001000000010000000
10000000000000001000000011000000
10100000000000001000000010100000
10000000000000001000000010110000
10000000000001001000000010001000
10000000000000000000000010001100
10000000000000001100000010001010
10000000000000001000000010101011

