10000000000000000000000000000000
11000000000000000000000000000000
10100000000000000000000000000000
10010000000000000000000000000000
10011000000000000000000000000000
10010100000000000000000000000000
10010110000000000000000000000000
10010101000000000000000000000000
10010100100000000000000000000000
10010100010000000000000000000000
10010100001000000000000000000000
10010100000100000000000000000000
10010100000010000000000000000000
10000100000001000000000000000000
10000100000000100000000000000000
10000100000000010000000000000000
10000100000000001000000000000000
10000000000000000100000000000000
10000000000000001110000000000000
10000000000000000111000000000000
10000000000000000100100000000000
10000000000000000100010000000000
10000100000000000100001000000000
10000000000000000100000100000000
10000000000000000100000110000000
10000000000000000100000101000000
10000000000000000100000100100000
10000000000000000000000000010000
10000000000000000000000000011000
10000000000000000000000100010100
10000100000000000000000100000010
10000000000000000000000000000001

