10000000000000000000000000000000
11000000000000000000000000000000
10100000000000000000000000000000
10110000000000000000000000000000
10011000000000000000000000000000
10001100000000000000000000000000
10001010000000000000000000000000
10111111000000000000000000000000
10000100100000000000000000000000
10000000110000000000000000000000
10010000101000000000000000000000
10000001101100000000000000000000
10000000101010000000000000000000
10000000100011000000000000000000
10000000100010100000000000000000
10010100101011110000000000000000
10000100000000001000000000000000
10000000001001001100000000000000
10000000000000001010000000000000
10000000000011001011000000000000
10000000000000001000100000000000
10010000000000001000110000000000
10000000000011000000111000000000
10000000000000001010101100000000
10000000000000001000000010000000
10000000000000001000100011000000
10000000000000001000000010100000
10000000000000001000000010110000
10000000000000000000000010001000
10000000000000001010000010001100
10000000000000001000000010001010
10000000000000001000000010001011

