10000000000000000000000000000000
11000000000000000000000000000000
10100000000000000000000000000000
10010000000000000000000000000000
10001000000000000000000000000000
10000100000000000000000000000000
10000010000000000000000000000000
10000001000000000000000000000000
10000000100000000000000000000000
10000000110000000000000000000000
10000000001000000000000000000000
10000000000100000000000000000000
10000000000110000000000000000000
10000000000111000000000000000000
10000000000000100000000000000000
10000000000000110000000000000000
10000000000000101000000000000000
10000000000000100100000000000000
10000000000000100010000000000000
10000000000110100001000000000000
10000000000110000000100000000000
10000000000110000000010000000000
10000000000110000000001000000000
10000000000110000000000100000000
10000000000100000000000010000000
10000000000100000000000001000000
10000000000100000000000000100000
10000000000100000000000000010000
10000000000000000000000000001000
10000000000000000000000000000100
10000000000000000000000000000010
10000000000000000000000000000001

