10000000000000000000000000000000
11000000000000000000000000000000
10100000000000000000000000000000
10110000000000000000000000000000
10001000000000000000000000000000
10101100000000000000000000000000
10100010000000000000000000000000
10001011000000000000000000000000
10000000100000000000000000000000
10000001110000000000000000000000
10000000001000000000000000000000
10000000101100000000000000000000
10000000000010000000000000000000
10000000000011000000000000000000
10000000000000100000000000000000
10100001101010110000000000000000
10000001001000001000000000000000
10000000000000001100000000000000
10000000000000000010000000000000
10100000000000001111000000000000
10100000000000000000100000000000
10000000000000000000110000000000
10000000000000000000001000000000
10000001000000001100101100000000
10000000000000000000000010000000
10000000000000000000000011000000
10000000000000000000000000100000
10000001001000000100000010110000
10000000000000000100000000001000
10000001000000000000000000001100
10000000000000000000000000000010
10000000000000001000000010001011

