10000000000000000000000000000000
11000000000000000000000000000000
10100000000000000000000000000000
10010000000000000000000000000000
10011000000000000000000000000000
10010100000000000000000000000000
10010010000000000000000000000000
10010001000000000000000000000000
10000000100000000000000000000000
10000000110000000000000000000000
10000000111000000000000000000000
10000000010100000000000000000000
10000000000110000000000000000000
10000000001111000000000000000000
10000000000110100000000000000000
10110000100100010000000000000000
10000000000100001000000000000000
10000000100100000100000000000000
10000000000100000010000000000000
10000000000100000001000000000000
10000000000100000000100000000000
10000000000100000000110000000000
10000000000100000000101000000000
10000000000100000000100100000000
10000000100100000000000110000000
10000000000000000000000001000000
10000000000000000000000000100000
10000000000000000000000000010000
10000000000000000000000000001000
10000000000000000000000000000100
10000000000000000000000000000010
10000000000000000000000000000001

