10000000000000000000000000000000
11000000000000000000000000000000
10100000000000000000000000000000
10110000000000000000000000000000
10001000000000000000000000000000
10101100000000000000000000000000
10100010000000000000000000000000
10011011000000000000000000000000
10000000100000000000000000000000
10010000110000000000000000000000
10000000011000000000000000000000
10000000111100000000000000000000
10000000000010000000000000000000
10000000010111000000000000000000
10000000010100100000000000000000
10100001100010110000000000000000
10100001000000001000000000000000
10000000000000001100000000000000
10000000000000000010000000000000
10100000000000001111000000000000
10100000000000000100100000000000
10000000000000000000110000000000
10000000000000000000001000000000
10000011000000001100101100000000
10000010000000000000000010000000
10000001000000000000000011000000
10000001000000000000000000100000
10000001000000000100100010110000
10000000000000000100100000001000
10000001000000000100000000001100
10000000000000000100000000000010
10000000000000001000000010001011

