10000000000000000000000000000000
11000000000000000000000000000000
11100000000000000000000000000000
11110000000000000000000000000000
11001000000000000000000000000000
10001100000000000000000000000000
10001010000000000000000000000000
10111111000000000000000000000000
10001100100000000000000000000000
10000000110000000000000000000000
10000000101000000000000000000000
10000010101100000000000000000000
10000000000010000000000000000000
10000010100111000000000000000000
10000010000000100000000000000000
11110000100010110000000000000000
10000000000010001000000000000000
10000000000010001100000000000000
10000010000010000010000000000000
10010000000000001011000000000000
10000000000000000000100000000000
10010000000000000000110000000000
10000000000000000000001000000000
11100000000000001000101100000000
10000000000000000000000010000000
10000000000000001000000011000000
10000000000000000000000000100000
11100000000000000000000011110000
11000000000000000000000000001000
10000000000000000000000001001100
10100000000000000000000000001010
10000000000000001000000010001011

