10000000000000000000000000000000
11000000000000000000000000000000
10100000000000000000000000000000
10110000000000000000000000000000
10011000000000000000000000000000
10001100000000000000000000000000
10001010000000000000000000000000
10001011000000000000000000000000
10000000100000000000000000000000
10000000110000000000000000000000
10000000101000000000000000000000
10000000101100000000000000000000
10000000100010000000000000000000
10001000100011000000000000000000
10000000100011100000000000000000
10000001100010110000000000000000
10000000100000001000000000000000
10000000000000001100000000000000
10000000100000001010000000000000
10000000000000001011000000000000
10000000000000001000100000000000
10000000000000001000110000000000
10000000000000001000001000000000
10000000000000001000101100000000
10000000000000001000000010000000
10000000000000001000000011000000
10000000000000001000000010100000
10000000000000001000001010110000
10000000000000001000000000101000
10000000000000001000000010001100
10000001000000001000000010000010
10000000000000001000000000001011

