10000000000000000000000000000000
11000000000000000000000000000000
10100000000000000000000000000000
10110000000000000000000000000000
10111000000000000000000000000000
10000100000000000000000000000000
10000110000000000000000000000000
10000101000000000000000000000000
10000100100000000000000000000000
10000100110000000000000000000000
10000100101000000000000000000000
10000100100100000000000000000000
10000100100010000000000000000000
10000100000001000000000000000000
10000100000001100000000000000000
10000100000001010000000000000000
10000100100001001000000000000000
10000100100000000100000000000000
10110101100000000010000000000000
10100101000000000001000000000000
10110101000000000000100000000000
10000000000000000000010000000000
10100101000000000000011000000000
10000001000000000000000100000000
10000000000000000000010110000000
10000100000000000000010101000000
10101100000000000000000100100000
10000100000000000000000000110000
10001100000000000000000000011000
10001000000000000000000000010100
10001000000000000000000000010010
10000000000000000000000000010001

