10000000000000000000000000000000
11000000000000000000000000000000
10100000000000000000000000000000
10010000000000000000000000000000
10011000000000000000000000000000
10010100000000000000000000000000
10010010000000000000000000000000
10010001000000000000000000000000
10010000100000000000000000000000
10000000010000000000000000000000
10010000011000000000000000000000
10000000010100000000000000000000
10000000000110000000000000000000
10000000000001000000000000000000
10000000010011100000000000000000
10000000000001010000000000000000
10000000000001011000000000000000
10000000000001010100000000000000
10000000000001010010000000000000
10000000000001010001000000000000
10000000000001010000100000000000
10000000000001000000010000000000
10000000000011000000001000000000
10000000000101000000000100000000
10010000000100000000000010000000
10000000000000000000000001000000
10000000000000000000000001100000
10000000000000000000000001010000
10000000000100000000000001001000
10000000000100000000000000000100
10000000000000000000000000000010
10000000000000000000000000000001

