10000000000000000000000000000000
11000000000000000000000000000000
10100000000000000000000000000000
10110000000000000000000000000000
10101000000000000000000000000000
10101100000000000000000000000000
10100010000000000000000000000000
10100011000000000000000000000000
11100010100000000000000000000000
10100010010000000000000000000000
10100010001000000000000000000000
10100010001100000000000000000000
10101010001010000000000000000000
10100010001001000000000000000000
10100010001000100000000000000000
10100010001000010000000000000000
10000000000000001000000000000000
10000010000000001100000000000000
10000000000000001010000000000000
10100000001000001001000000000000
10100000001000000000100000000000
10100000001000000000010000000000
10100000001000000000001000000000
10100000001000000000000100000000
10100000000000000000000010000000
10100000000000000000000001000000
10100000000000000000000000100000
10100000000000000000000000110000
10100000000000000000000000001000
10000000000000000000000000000100
10000000000000000000000000000010
10000000000000000000000000000001

