10000000000000000000000000000000
11000000000000000000000000000000
11100000000000000000000000000000
10010000000000000000000000000000
10011000000000000000000000000000
11010100000000000000000000000000
10010010000000000000000000000000
10010011000000000000000000000000
10010010100000000000000000000000
10010010010000000000000000000000
10010010001000000000000000000000
10010010000100000000000000000000
11010010000010000000000000000000
10000000000001000000000000000000
11000010000001100000000000000000
11000000000001010000000000000000
11000010000000011000000000000000
10000000000000000100000000000000
10000000000000001110000000000000
10000000000000000101000000000000
11000000000000000100100000000000
10000000000000010100010000000000
10000000000000000100001000000000
10000010000000000100000100000000
10000000000000000100000110000000
10000000000000000100000101000000
10000000000000001100000100100000
10000000000000000000000000010000
10000000000000001000000000011000
10000000000000000000000100010100
10000000000000000000000100000010
10000000000000000000000000000001

