10000000000000000000000000000000
11000000000000000000000000000000
10100000000000000000000000000000
10010000000000000000000000000000
10001000000000000000000000000000
10000100000000000000000000000000
10000110000000000000000000000000
10000001000000000000000000000000
10000000100000000000000000000000
10000001110000000000000000000000
10000000001000000000000000000000
10000000001100000000000000000000
10000000001010000000000000000000
10000101101011000000000000000000
10000000001000100000000000000000
10000000000010110000000000000000
10000000001000111000000000000000
10000000000001101100000000000000
10000000000000101110000000000000
10000000000000111101000000000000
10000000100000100101100000000000
10000000000000100101010000000000
10000000000001100101001000000000
10000000000000100101000100000000
10000000000000100101000010000000
10000001001000100101000001000000
10000000000000100001000000100000
10000000100000100001000000010000
10000000000000100000000000001000
10000000000000000000000000000100
10000000000000000000000000000010
10000000000000000000000000000001

