10000000000000000000000000000000
11000000000000000000000000000000
11100000000000000000000000000000
11010000000000000000000000000000
11111000000000000000000000000000
10000100000000000000000000000000
10010110000000000000000000000000
10010101000000000000000000000000
11000101100000000000000000000000
10000101010000000000000000000000
10001101001000000000000000000000
10010101000100000000000000000000
10000101000010000000000000000000
10000111000011000000000000000000
10000101000010100000000000000000
10000111000000110000000000000000
10000101000010011000000000000000
10000100000010000100000000000000
10001100000000001110000000000000
10000000000000000001000000000000
10000000000000000000100000000000
10000000000000000000010000000000
10000000000000000000001000000000
10000000000000000000000100000000
10000000000000000000000010000000
10000000000000000000000001000000
10000000000000000000000000100000
10000000000000000000000000010000
10000000000000000000000000001000
10000000000000000000000000000100
10000000000000000000000000000010
10000000000000000000000000000001

