10000000000000000000000000000000
11000000000000000000000000000000
10100000000000000000000000000000
10110000000000000000000000000000
10001000000000000000000000000000
11101100000000000000000000000000
10100010000000000000000000000000
10001011000000000000000000000000
10000000100000000000000000000000
10000000110000000000000000000000
10000000101000000000000000000000
10000010101100000000000000000000
10000000000010000000000000000000
10000010000011000000000000000000
10000000000000100000000000000000
11000010100110110000000000000000
10000000000000001000000000000000
10000000000000001100000000000000
10000000000000000010000000000000
10000000000000001011000000000000
10000000000000000000100000000000
10000000000000001000110000000000
10000000000100001000001000000000
10001000100000001000101100000000
10000000100000000000000010000000
10000000000000000000000011000000
10000000100000000000000001100000
10000000100000000000000010110000
10000000000000000000000000101000
10000000000000000000000000001100
10000000000000000000000000000010
10000000000000001000000110001011

