10000000000000000000000000000000
11000000000000000000000000000000
10100000000000000000000000000000
10110000000000000000000000000000
10101000000000000000000000000000
10001100000000000000000000000000
10000010000000000000000000000000
10001011000000000000000000000000
10000000100000000000000000000000
10000001110000000000000000000000
10000000001000000000000000000000
10000000111100000000000000000000
10000000000010000000000000000000
10000000110011000000000000000000
10000000010000100000000000000000
10000000110010110000000000000000
10000000000000001000000000000000
10000000100000101100000000000000
10000000000000000110000000000000
10000000010000001111000000000000
10000000000000000000100000000000
10000000010000000000110000000000
10000000010000000000001000000000
10000000010000001101101100000000
10000000000000000000000010000000
10000000000000000101000011000000
10000000000000000101000000100000
10000000010000000000000110110000
10000000010000000000000100001000
10000000000000000000000000001100
10000000000000000000000000000010
10000000000000001000000010001011

