10000000000000000000000000000000
11000000000000000000000000000000
11100000000000000000000000000000
10110000000000000000000000000000
10001000000000000000000000000000
10001100000000000000000000000000
10001010000000000000000000000000
11011011000000000000000000000000
10000000100000000000000000000000
10000000110000000000000000000000
10000000101000000000000000000000
10000000111100000000000000000000
10000000100010000000000000000000
10000000110011000000000000000000
10000000101010100000000000000000
11000000110010110000000000000000
11000000000000001000000000000000
10000000000000001100000000000000
10000000010000001010000000000000
10000000000000001011000000000000
10000000000000001000100000000000
10000000100000001000110000000000
10000000000000001000101000000000
10000000100000001000111100000000
10000000000000001000000010000000
10000000000000001000000011000000
10000000000000001000010010100000
10000000000000001000100010010000
10000000000000001000000010001000
10000000010000001000000010001100
10000000000000001000000010000010
10000000000000001000000010001011

