10000000000000000000000000000000
11000000000000000000000000000000
11100000000000000000000000000000
11110000000000000000000000000000
10011000000000000000000000000000
11011100000000000000000000000000
10000010000000000000000000000000
10000111000000000000000000000000
10000000100000000000000000000000
10000000110000000000000000000000
10000000001000000000000000000000
10000100101100000000000000000000
10000100000010000000000000000000
10000000000011000000000000000000
10000000000000100000000000000000
10001100100010110000000000000000
10000000000000001000000000000000
10001000000000001100000000000000
11001000000000000010000000000000
10000000000000001011000000000000
10000000000000000000100000000000
10000000000000000010110000000000
10000000000000000000001000000000
10000100000000001010001100000000
10000000000000000000000010000000
10000000000000000010000011000000
10000000000000000010000000100000
10010100000000000000000010110000
10010000000000000000000000001000
10000000000000000000000000001100
10000000000000000000000000000010
10000000000000001000000010001011

