10000000000000000000000000000000
11000000000000000000000000000000
10100000000000000000000000000000
11110000000000000000000000000000
11001000000000000000000000000000
10001100000000000000000000000000
10000010000000000000000000000000
11101111000000000000000000000000
11100000100000000000000000000000
10000000110000000000000000000000
10000000001000000000000000000000
10100000111100000000000000000000
10000000000010000000000000000000
10000000000011000000000000000000
10100000000010100000000000000000
11000100110010110000000000000000
10000000000000001000000000000000
10000000000000001100000000000000
10000100000000001010000000000000
10000000000010011011000000000000
10000000000000000000100000000000
10000100000000000001110000000000
10000000000000000000001000000000
11000000010000001000101100000000
10000000000000001000000010000000
10000000010000001000000011000000
10000000000000000000000000100000
10000000000000001000000010110000
10000000000000000000000000001000
10000000000000001000000001101100
10000000000000000000000000100010
10000000000000001000000010001011

