10000000000000000000000000000000
11000000000000000000000000000000
10100000000000000000000000000000
10010000000000000000000000000000
10001000000000000000000000000000
10000100000000000000000000000000
10000110000000000000000000000000
10000101000000000000000000000000
10000101100000000000000000000000
10000101010000000000000000000000
10000100011000000000000000000000
10000100010100000000000000000000
10000100010010000000000000000000
10000100010001000000000000000000
10000100010000100000000000000000
10001100010000010000000000000000
10001000000000001000000000000000
10001000000000001100000000000000
10001000000000000010000000000000
10001000000000000011000000000000
10000000000000000010100000000000
10000000000000000010110000000000
10000000000000000000101000000000
10000000000000000010101100000000
10000000000000000010101010000000
10000000000000001010100001000000
10000000000000000110101001100000
10000000000000000010000000010000
10000000000000000000100000011000
10000000000000000000100001010100
10000000000000000000000000010010
10000000000000000000001000010001

