10000000000000000000000000000000
11000000000000000000000000000000
11100000000000000000000000000000
11010000000000000000000000000000
10001000000000000000000000000000
10000100000000000000000000000000
10000110000000000000000000000000
10000101000000000000000000000000
10000101100000000000000000000000
10000101010000000000000000000000
10000101001000000000000000000000
10000101000100000000000000000000
10000101000010000000000000000000
10000101000001000000000000000000
10000101000000100000000000000000
10000101000000010000000000000000
10000101000000001000000000000000
10000100000000000100000000000000
10000100000000000110000000000000
10000000000000000001000000000000
10000000000000000000100000000000
10000000000000000000010000000000
10000000000000000000001000000000
10000000000000000000000100000000
10000000000000000000000110000000
10000000000000000000000101000000
10000000000000000000000100100000
10000000000000000000000100010000
10000000000000000000000100001000
10000000000000000000000100000100
10000000000000000000000000000010
10000000000000000000000000000001

