10000000000000000000000000000000
11000000000000000000000000000000
10100000000000000000000000000000
10010000000000000000000000000000
10001000000000000000000000000000
10000100000000000000000000000000
10000110000000000000000000000000
10001111000000000000000000000000
10000000100000000000000000000000
10000000110000000000000000000000
10000000001000000000000000000000
10000000001100000000000000000000
10000000001010000000000000000000
10000000101001000000000000000000
10000000001000100000000000000000
10000000001000110000000000000000
10000000011000101000000000000000
10000000001000100100000000000000
10000000001000100010000000000000
10000000001000100001000000000000
10000000101000100000100000000000
10000000100000100000010000000000
10000000100000100000001000000000
10000000100000100000000100000000
10000000100000100000000010000000
10000100100000100000000001000000
10000100100000100000000000100000
10001000100000100000000000010000
10000010100000100000000000001000
10000010000000000000000000000100
10000000000000000000000000000010
10000000000000000000000000000001

