10000000000000000000000000000000
11000000000000000000000000000000
11100000000000000000000000000000
11110000000000000000000000000000
11101000000000000000000000000000
11100100000000000000000000000000
11100010000000000000000000000000
11100001000000000000000000000000
11100000100000000000000000000000
11000000010000000000000000000000
11000000011000000000000000000000
11000000010100000000000000000000
11000000010010000000000000000000
10000000010001000000000000000000
10000000010000100000000000000000
10000000010000010000000000000000
10000000010000001000000000000000
10000000010000000100000000000000
10000000010000000010000000000000
10000000010000000001000000000000
10000000010000000000100000000000
10000000010000000000010000000000
10100000010000000000001000000000
10100000000000000000000100000000
10100000000000000000000010000000
10100000000000000000000001000000
10000000000000000000000000100000
10000000000000000000000000010000
10000000000000000000000000001000
10000000000000000000000000000100
10000000000000000000000000000010
10000000000000000000000000000001

