10000000000000000000000000000000
11000000000000000000000000000000
11100000000000000000000000000000
10010000000000000000000000000000
10111000000000000000000000000000
10001100000000000000000000000000
10000010000000000000000000000000
10000111000000000000000000000000
10000010100000000000000000000000
10000110110000000000000000000000
10000100101000000000000000000000
10010100100100000000000000000000
10010100100010000000000000000000
10000100000001000000000000000000
10000100000001100000000000000000
10000100100001010000000000000000
10000100000000001000000000000000
10100100000000000100000000000000
10000100000000000110000000000000
10010100000000000001000000000000
10010000000000000000100000000000
10000000000000000000110000000000
10000000000000000000101000000000
10000000000000000000100100000000
10100100000000000000100010000000
10000000000000000000000011000000
10000000000000000000000000100000
10000000000000000000000000010000
10000000000000000000000000001000
10000000000000000000000000000100
10000000000000000000000000000110
10000000000000000000000000000101

