10000000000000000000000000000000
11000000000000000000000000000000
11100000000000000000000000000000
11110000000000000000000000000000
10101000000000000000000000000000
11011100000000000000000000000000
10000010000000000000000000000000
10100111000000000000000000000000
10000000100000000000000000000000
10000000110000000000000000000000
10000000001000000000000000000000
10100100101100000000000000000000
10001100000010000000000000000000
10100000100011000000000000000000
10000100100000100000000000000000
10001100101010110000000000000000
10000000000000001000000000000000
10001000000000001100000000000000
11001000000000000010000000000000
10000000000000001011000000000000
10000000000000000000100000000000
10000000000000000010110000000000
10000000000000000000001000000000
10000100000000011010001100000000
10000000000000000000000010000000
10000000000000000010000011000000
10000000000000000010000000100000
10000100000000011000000011110000
10000000000000010000000000001000
10000000000000000000000001001100
10000000000000000000000001000010
10000000000000001000000010001111

