10000000000000000000000000000000
11000000000000000000000000000000
10100000000000000000000000000000
10010000000000000000000000000000
10001000000000000000000000000000
10000100000000000000000000000000
10000110000000000000000000000000
10000101000000000000000000000000
10000100100000000000000000000000
10000100010000000000000000000000
10000100011000000000000000000000
10000100010100000000000000000000
10000100000110000000000000000000
10000100000101000000000000000000
10000100000100100000000000000000
10000100000100110000000000000000
10001100000100001000000000000000
10000100000100001100000000000000
10000100000100000010000000000000
10000000000100000001000000000000
10000000000100000000100000000000
10000000000100000000010000000000
10000000000100000000001000000000
10000000000100000000000100000000
10000100000100000000000010000000
10000000000100000000000011000000
10000000000000000000000000100000
10000000000000000000000011110000
10000000000000000000000001001000
10000000000000000000000001000100
10000000000000000000000001000010
10000000000000000000000000000001

