10000000000000000000000000000000
11000000000000000000000000000000
10100000000000000000000000000000
10010000000000000000000000000000
10011000000000000000000000000000
10010100000000000000000000000000
10010010000000000000000000000000
10010001000000000000000000000000
10010000100000000000000000000000
10010000010000000000000000000000
10010000011000000000000000000000
10010000010100000000000000000000
10010000010010000000000000000000
10000000000001000000000000000000
10000000000001100000000000000000
10000000010001010000000000000000
10000000000000001000000000000000
10000000000000000100000000000000
10000000000000001110000000000000
10000000000000000111000000000000
10000000000000000100100000000000
10000000000000000100010000000000
10000000000000000100001000000000
10000000000000000100000100000000
10000000000000000100000110000000
10000000000000000100000101000000
10000000000000000100000100100000
10000000000000000000000000010000
10000000000000000000000000011000
10000000000000000000000100010100
10000000000000000000000100000010
10000000000000000000000000000001

