10000000000000000000000000000000
11000000000000000000000000000000
11100000000000000000000000000000
11110000000000000000000000000000
11001000000000000000000000000000
10011100000000000000000000000000
11001010000000000000000000000000
11001011000000000000000000000000
11101011100000000000000000000000
11000000010000000000000000000000
11001000011000000000000000000000
11000000010100000000000000000000
11000000000110000000000000000000
10000000010101000000000000000000
10000000010100100000000000000000
10000000010100010000000000000000
10000001110000001000000000000000
10000000010000000100000000000000
10000000010000000010000000000000
10000000010000000001000000000000
10000000010000000000100000000000
10000000010000000000010000000000
10000010010000000000001000000000
10000000000000000000000100000000
10000000000000000000000110000000
10000000000000000000000101000000
10000000000000000000000100100000
10000010000000000000000100010000
10000010000000000000000000001000
10000010000000000000000000000100
10000010000000000000000000000010
10000010000000000000000000000001

