10000000000000000000000000000000
11000000000000000000000000000000
10100000000000000000000000000000
10010000000000000000000000000000
10011000000000000000000000000000
10000100000000000000000000000000
10000110000000000000000000000000
10000101000000000000000000000000
10000100100000000000000000000000
10000100010000000000000000000000
10000100011000000000000000000000
10000100000100000000000000000000
10000100000110000000000000000000
10000000000101000000000000000000
10000100000100100000000000000000
10000100010100010000000000000000
10000100010000001000000000000000
10000100010000000100000000000000
10010100010000000010000000000000
10000100000000000001000000000000
10000100000000000001100000000000
10000000000000000001010000000000
10000000000000000001001000000000
10000000010000000001000100000000
10000000000000000001000010000000
10010000000000000001000001000000
10010000000000000000000000100000
10010000000000000000000000010000
10000000000000000000000000001000
10000000000000000000000000000100
10000000000000000000000000000010
10000000000000000000000000000011

