10000000000000000000000000000000
11000000000000000000000000000000
10100000000000000000000000000000
10110000000000000000000000000000
10011000000000000000000000000000
10001100000000000000000000000000
10011010000000000000000000000000
10001111000000000000000000000000
10000010100000000000000000000000
10101100110000000000000000000000
10001000001000000000000000000000
10000000101100000000000000000000
10000000000010000000000000000000
10000000000011000000000000000000
10000000000010100000000000000000
10001100100010110000000000000000
10000000000000001000000000000000
10000100000000001100000000000000
10000000000000000010000000000000
10000000000000001011000000000000
10000000000000000010100000000000
10000000000000000000110000000000
10000000000000000000001000000000
10000100000000001010101100000000
10000000000000000000000010000000
10000100000000000010000011000000
10000000000000000000000010100000
10010100000000001000000010110000
10000000000000000000000000001000
10001000000000001000000000001100
10000000000000000000000000000010
10000000000000000000000010001011

