10000000000000000000000000000000
11000000000000000000000000000000
10100000000000000000000000000000
10110000000000000000000000000000
10101000000000000000000000000000
10001100000000000000000000000000
10001010000000000000000000000000
10101001000000000000000000000000
10000000100000000000000000000000
10100000110000000000000000000000
10000000011000000000000000000000
10101000101100000000000000000000
10000000000110000000000000000000
10000000001011000000000000000000
10000000000000100000000000000000
11100000101010110000000000000000
10000000000000001000000000000000
10000000000000001100000000000000
10000000000000001110000000000000
10100000001000001101000000000000
10000000000000000000100000000000
10100000000000000000110000000000
10000000000000000000001000000000
11000000000000001000101100000000
10000000000000000000000010000000
10000000000000000000001011000000
10100000001000000000101000100000
11000000000000001000000010110000
10000000000000000000000000001000
11000000000000000000000010001100
10000000000000000000000000000010
10000000000010001000000010001011

