10000000000000000000000000000000
11000000000000000000000000000000
10100000000000000000000000000000
10010000000000000000000000000000
10001000000000000000000000000000
10000100000000000000000000000000
10000110000000000000000000000000
10000111000000000000000000000000
10000110100000000000000000000000
10000110010000000000000000000000
10000110001000000000000000000000
10000110000100000000000000000000
10000110000010000000000000000000
10000110000001000000000000000000
10000110000000100000000000000000
10000110000000010000000000000000
10000110000000001000000000000000
10000010000000000100000000000000
10000000000000000010000000000000
10000000000000000001000000000000
10000000000000000000100000000000
10000000000000000000010000000000
10000000000000000000011000000000
10000000000000000000010100000000
10000000000000000000010010000000
10000000000000000000010001000000
10000000000000000000000000100000
10000000000000000000000000010000
10000000000000000000000000001000
10000000000000000000000000000100
10000000000000000000000000000010
10000000000000000000000000000011

