10000000000000000000000000000000
11000000000000000000000000000000
10100000000000000000000000000000
10110000000000000000000000000000
10001000000000000000000000000000
10001100000000000000000000000000
10001110000000000000000000000000
10001101000000000000000000000000
10000000100000000000000000000000
10000000110000000000000000000000
10000000101000000000000000000000
10000100101100000000000000000000
10000000001010000000000000000000
10000100000011000000000000000000
10000100000000100000000000000000
10000101100110110000000000000000
10000000100000001000000000000000
10000001000000001100000000000000
10000000000000000010000000000000
10000000000000001011000000000000
10000000000100001000100000000000
10000000000000000000110000000000
10000000000000000000001000000000
10000100100000001000111100000000
10000000000000000000000010000000
10000000100000000000000011000000
10000000100000000000000000100000
10000100100000000000000010110000
10000000100000000000000000001000
10000100000000000000000010001100
10000100000000000000000000000010
10000000000000001000010010000011

