10000000000000000000000000000000
11000000000000000000000000000000
10100000000000000000000000000000
10110000000000000000000000000000
10001000000000000000000000000000
10000100000000000000000000000000
10000010000000000000000000000000
10001111000000000000000000000000
10000000100000000000000000000000
10000000110000000000000000000000
10000000001000000000000000000000
10001100101100000000000000000000
10001000000010000000000000000000
10001100000011000000000000000000
10001000000001100000000000000000
10000100100010110000000000000000
10000000000000001000000000000000
10000100000000001100000000000000
10000000000000000010000000000000
10000000000010111011000000000000
10000000000000000000100000000000
10000000000000000000110000000000
10000000000000000000001000000000
10000000000010001000101100000000
10000000000000000000000010000000
10000000000000000000100011000000
10000000000000100000100010100000
10000000000010000000100010010000
10000000000010000000000000001000
10000000000000000000100000001100
10000000000000000000100000000010
10000000000000000000000010001011

