10000000000000000000000000000000
11000000000000000000000000000000
10100000000000000000000000000000
10010000000000000000000000000000
10011000000000000000000000000000
10000100000000000000000000000000
10000110000000000000000000000000
10000101000000000000000000000000
10000100100000000000000000000000
10000100110000000000000000000000
10000000001000000000000000000000
10000000001100000000000000000000
10000000001010000000000000000000
10000000001001000000000000000000
10000100101000100000000000000000
10000000000000010000000000000000
10010100000000011000000000000000
10000000000000010100000000000000
10000100000000010010000000000000
10000000000000010001000000000000
10000000000000010000100000000000
10000000001000010000010000000000
10000000000000010000001000000000
10000000100000010000001100000000
10000000001000010000001010000000
10000000001000000000001001000000
10000000001000000000001000100000
10000000001000000000001000010000
10000000001000000000001000001000
10000000001000000000000000000100
10000000000000000000000000000010
10000000000000000000000000000001

