10000000000000000000000000000000
11000000000000000000000000000000
10100000000000000000000000000000
10010000000000000000000000000000
10001000000000000000000000000000
10000100000000000000000000000000
10000010000000000000000000000000
10000001000000000000000000000000
10000000100000000000000000000000
10000000010000000000000000000000
10000000001000000000000000000000
10000000001100000000000000000000
10000000001010000000000000000000
10000000001001000000000000000000
10000000001000100000000000000000
10000000000000010000000000000000
10000000000000011000000000000000
10000000000000110100000000000000
10000000000000100010000000000000
10000000000000100001000000000000
10000000000000100000100000000000
10000000000000100000110000000000
10000000000000100000101000000000
10000000000000100000100100000000
10000000000000100000100010000000
10000000000000100000100001000000
10000000000000100000100000100000
10000000000000100000100000010000
10000000000000100000100000001000
10000000000000000000000000000100
10000000000000000000000000000010
10000000000000000000000000000001

