10000000000000000000000000000000
11000000000000000000000000000000
11100000000000000000000000000000
11010000000000000000000000000000
11001000000000000000000000000000
10001100000000000000000000000000
10001010000000000000000000000000
10001111000000000000000000000000
10000000100000000000000000000000
10000000110000000000000000000000
10001001101000000000000000000000
10000000101100000000000000000000
10000000100010000000000000000000
10000000100111000000000000000000
10000000100010100000000000000000
11001100100110110000000000000000
10000000000000001000000000000000
11000000000000001100000000000000
10001000000000001010000000000000
10000001000100001011000000000000
10000000000000001000100000000000
10000000100000001000110000000000
10000000000000001000101000000000
10000000000000001001101100000000
10000100000000001000000010000000
10000000000000001001000011000000
10000000000000001000000010100000
10000000000000001000000010110000
10000000000000001000000010001000
10000000000000001000000010011100
10000000000000001000000010011010
10000000000000001000000110010001

