10000000000000000000000000000000
11000000000000000000000000000000
11100000000000000000000000000000
10110000000000000000000000000000
10001000000000000000000000000000
10001100000000000000000000000000
10001010000000000000000000000000
11011011000000000000000000000000
10000000100000000000000000000000
10000000110000000000000000000000
10000000101000000000000000000000
10000000101100000000000000000000
10000000100010000000000000000000
11000000100011000000000000000000
10000000100010100000000000000000
10010000101010110000000000000000
11010000000000001000000000000000
10000000000000101100000000000000
10000000100000101010000000000000
11000000000000101111000000000000
10000000000000001000100000000000
10000000000000101100110000000000
10000000000000001010101000000000
10000000000000001000101100000000
10000000000000001000000110000000
10000000100000001000000011000000
10000000000000000000000010100000
10000000100000001000000010110000
10000000000000001000000010001000
10000000001000001000000010001100
10000000000000001000000010001010
10000000000000001000000010001011

