10000000000000000000000000000000
11000000000000000000000000000000
10100000000000000000000000000000
10110000000000000000000000000000
10001000000000000000000000000000
10001100000000000000000000000000
10001010000000000000000000000000
10111011000000000000000000000000
10000000100000000000000000000000
10000110110000000000000000000000
10000000101000000000000000000000
10000000100100000000000000000000
10000000100010000000000000000000
10001000100001000000000000000000
10100000100000100000000000000000
10000000100000110000000000000000
10000000100000101000000000000000
10000000000000100100000000000000
10000000000000100010000000000000
10000000000000100001000000000000
10000000000000000000100000000000
10000000000000000000110000000000
10000000000000100000101000000000
10000000000000100000000100000000
10000000000000100000000010000000
10000000000000000000000001000000
10000000000000000000000001100000
10000000000000000000000001010000
10000000000000100000000001001000
10000000000000000000000001000100
10000000000000000000000000000010
10000000000000000000000000000001

