10000000000000000000000000000000
11000000000000000000000000000000
10100000000000000000000000000000
10010000000000000000000000000000
10001000000000000000000000000000
10000100000000000000000000000000
10000010000000000000000000000000
10000001000000000000000000000000
10000011100000000000000000000000
10000001010000000000000000000000
10000001011000000000000000000000
10000001010100000000000000000000
10000011010010000000000000000000
10000010010001000000000000000000
10000010010000100000000000000000
10000010010000010000000000000000
10000010010000001000000000000000
10000010010000000100000000000000
10000010010000000010000000000000
10000010010000000001000000000000
10000000000000000000100000000000
10000000000000000000110000000000
10000000000000000000101000000000
10000000000000000000100100000000
10000010000000000000100010000000
10000000000000000000100001000000
10000000000000000000100001100000
10000000000000000000100000010000
10000000010000000000100000001000
10000000010000000000000000000100
10000000010000000000000000000010
10000000000000000000000000000001

