10000000000000000000000000000000
11000000000000000000000000000000
10100000000000000000000000000000
10110000000000000000000000000000
10001000000000000000000000000000
10001100000000000000000000000000
10000010000000000000000000000000
10011011000000000000000000000000
10000000100000000000000000000000
10010000110000000000000000000000
10010000001000000000000000000000
10001010101100000000000000000000
10000000000010000000000000000000
10000000000011000000000000000000
10000000000000100000000000000000
10001010000010110000000000000000
10000000000000001000000000000000
10000000000000001100000000000000
10000000000000000010000000000000
10001000000000001011000000000000
10000000000000000000100000000000
10001000000000000000110000000000
10001000000000000000001000000000
10001000000000001000101100000000
10001000000000000000000110000000
10000000000000000000000011000000
10000000000000000000000000100000
10000000000000000000000011110000
10000000000000000000000010001000
10000000000000000000000101001100
10000000000000000000000000000010
10000010000000001000000010001011

