10000000000000000000000000000000
11000000000000000000000000000000
10100000000000000000000000000000
10110000000000000000000000000000
10001000000000000000000000000000
10001100000000000000000000000000
10001010000000000000000000000000
10001111000000000000000000000000
10000000100000000000000000000000
10000000110000000000000000000000
10000000101000000000000000000000
10000000101100000000000000000000
10000000000010000000000000000000
10000100100011000000000000000000
10000001100010100000000000000000
10000100100010110000000000000000
10000000000000001000000000000000
10000000000000001100000000000000
10000000000000001010000000000000
10000000000000001011000000000000
10000000000000000000100000000000
10000000000000001000110000000000
10000000000000001000101000000000
10000000000000001001101100000000
10000000000000001000000010000000
10000000000000001000000011000000
10000000000000001000000010100000
10000000000000001000000010110000
10000000000000001000000000001000
10000000000000001000000010001100
10000000000000001001000010001010
10000100000000101000000010001011

