10000000000000000000000000000000
11000000000000000000000000000000
10100000000000000000000000000000
10010000000000000000000000000000
10001000000000000000000000000000
10000100000000000000000000000000
10000110000000000000000000000000
10001111000000000000000000000000
10000000100000000000000000000000
10000010110000000000000000000000
10000010001000000000000000000000
10000000001100000000000000000000
10000000001110000000000000000000
10000000001101000000000000000000
10000000001000100000000000000000
10000000001100110000000000000000
10000000011100001000000000000000
10000000001100000100000000000000
10000000111100000010000000000000
10000000001000000011000000000000
10000000111000000011100000000000
10000000110000000001010000000000
10000000110000000001001000000000
10000000100000000001000100000000
10000000100000000001000010000000
10000100100000000001000001000000
10000100100000000001000000100000
10001000100000000001000000010000
10000010100000000001000000001000
10000010000000000000000000000100
10000000000000000000000000000010
10000000000000000000000000000001

