10000000000000000000000000000000
11000000000000000000000000000000
10100000000000000000000000000000
11110000000000000000000000000000
11001000000000000000000000000000
10101100000000000000000000000000
10001010000000000000000000000000
11001111000000000000000000000000
10000000100000000000000000000000
10000000110000000000000000000000
10000000101000000000000000000000
10000000101100000000000000000000
10000000100010000000000000000000
10000000100011000000000000000000
10000000100010100000000000000000
11000100100011110000000000000000
11000000000000001000000000000000
10000000000001001100000000000000
11000100000000001110000000000000
10000000000000001011000000000000
10000000000000001000100000000000
10000000000000011001110000000000
10000000000000001000111000000000
10000000000000001001111100000000
10000000000000001000000010000000
11000000000000001001000011000000
10000000000000001000000010100000
10000000000000001000010010110000
10000000000000001000000010001000
10000100000000001000000010101100
10000000000000001001001010001010
10000000000000001000000010001011

