10000000000000000000000000000000
11000000000000000000000000000000
11100000000000000000000000000000
11010000000000000000000000000000
11011000000000000000000000000000
11000100000000000000000000000000
11000110000000000000000000000000
11000111000000000000000000000000
11000000100000000000000000000000
11000000110000000000000000000000
11000010101000000000000000000000
11000010000100000000000000000000
11000000000010000000000000000000
11000000000011000000000000000000
11000000000110100000000000000000
10000000000000010000000000000000
10000000000000011000000000000000
10000000000100010100000000000000
10000000000000010010000000000000
10000000000000010001000000000000
10000010000010010000100000000000
11000000000000110000110000000000
11000000000000100000001000000000
11000000000001100000000100000000
11000000000001000000000010000000
11000000000001000000000001000000
11000000000000000000000000100000
11000000000000000000000000010000
11000000000000000000000000001000
10000000000000000000000000000100
10000000000000000000000000000010
10000000000000000000000000000001

