10000000000000000000000000000000
11000000000000000000000000000000
10100000000000000000000000000000
10010000000000000000000000000000
10011000000000000000000000000000
10000100000000000000000000000000
10000110000000000000000000000000
10010101000000000000000000000000
10000100100000000000000000000000
10001100110000000000000000000000
10000000001000000000000000000000
10000000001100000000000000000000
10000000001010000000000000000000
10000000001011000000000000000000
10010100101010100000000000000000
10000000000010010000000000000000
10010100000000011000000000000000
10000000000000010100000000000000
10000100000000010010000000000000
10000000000000010001000000000000
10000000000000010000100000000000
10000000000000010000010000000000
10000000000000010000001000000000
10000000101000010000000100000000
10000000001000010000000010000000
10000000001000000000000011000000
10000000001000000000000010100000
10001000001000000000000010010000
10000000001000000000000010001000
10000000001000000000000010000100
10000000000000000000000010000010
10000000000000000000000010000001

