10000000000000000000000000000000
11000000000000000000000000000000
11100000000000000000000000000000
10010000000000000000000000000000
11011000000000000000000000000000
11000100000000000000000000000000
10001110000000000000000000000000
10001111000000000000000000000000
10000110100000000000000000000000
10000110010000000000000000000000
10000110001000000000000000000000
10000110000100000000000000000000
10010110000010000000000000000000
10001100000001000000000000000000
10010100000001100000000000000000
10000100000000010000000000000000
10010100000000011000000000000000
10110000000000010100000000000000
10010000000000010010000000000000
10010000000001010001000000000000
10010000000000010000100000000000
10000000000000000000110000000000
10000000000000000000101000000000
10000000000000000000001100000000
10000000000000000000100110000000
10000000000000000000000101000000
10000000000000000000000100100000
10000000000000000000000000010000
10000000000000000000000000011000
10000000000000000000000000010100
10000000000000000000000000000010
10000000000000000000000000000011

