10000000000000000000000000000000
11000000000000000000000000000000
10100000000000000000000000000000
10110000000000000000000000000000
10101000000000000000000000000000
10101100000000000000000000000000
10101110000000000000000000000000
10001101000000000000000000000000
10001100100000000000000000000000
10000000010000000000000000000000
10001000111000000000000000000000
10000000110100000000000000000000
10001000100110000000000000000000
10000000000001000000000000000000
10000000010011100000000000000000
10000000000001010000000000000000
10000000000001011000000000000000
10000000000001010100000000000000
10000000000001010010000000000000
10000000000001010001000000000000
10001000100001010000100000000000
10000000000001000000010000000000
10000000000011000000001000000000
10000000000111000000000100000000
10000000010110000000000010000000
10000100010000000000000001000000
10000000100010000000000001100000
10000000000000000000000001010000
10000000000100000000000001001000
10000000000100000000000000000100
10000000000000000000000000000010
10000000000000000000000000000001

