10000000000000000000000000000000
11000000000000000000000000000000
11100000000000000000000000000000
11010000000000000000000000000000
10011000000000000000000000000000
10000100000000000000000000000000
10000110000000000000000000000000
10010101000000000000000000000000
10000101100000000000000000000000
10000101010000000000000000000000
10000101001000000000000000000000
10010101000100000000000000000000
10000101000010000000000000000000
10000101000001000000000000000000
10000101000000100000000000000000
10000101000001110000000000000000
10000101000000011000000000000000
10000100000000000100000000000000
10000100000001001110000000000000
10000000000001000001000000000000
10000000000000000000100000000000
10000000000000000000010000000000
10000000000000000000001000000000
10000000000000000000000100000000
10000000000000000000000010000000
10000000000000000000000001000000
10000000000000000000000000100000
10000000000000000000000000010000
10000000000000000000000000001000
10000000000000000000000000000100
10000000000000000000000000000010
10000000000000000000000000000001

