10000000000000000000000000000000
11000000000000000000000000000000
10100000000000000000000000000000
10010000000000000000000000000000
10011000000000000000000000000000
10000100000000000000000000000000
10000110000000000000000000000000
10000101000000000000000000000000
10010100100000000000000000000000
10000100110000000000000000000000
10000100101000000000000000000000
10000100000100000000000000000000
10000100000010000000000000000000
10000100000001000000000000000000
10000100000001100000000000000000
10000100000001010000000000000000
10000100000001011000000000000000
10000000000001010100000000000000
10000000000001010110000000000000
10000000000001000101000000000000
10000000000000000000100000000000
10000000000000000000010000000000
10000000000000000000001000000000
10000000000000000000000100000000
10000000000000000000000010000000
10000000000000000000000001000000
10000000000000000000000000100000
10000000000000000000000000010000
10000000000000000000000000011000
10000000000000000000000000000100
10000000000000000000000000000010
10000000000000000000000000000001

