10000000000000000000000000000000
11000000000000000000000000000000
10100000000000000000000000000000
10110000000000000000000000000000
10001000000000000000000000000000
10001100000000000000000000000000
10000010000000000000000000000000
11101011000000000000000000000000
11100000100000000000000000000000
10000000110000000000000000000000
10000000001000000000000000000000
10100000111100000000000000000000
10000000000010000000000000000000
10000000000011000000000000000000
10100000000010100000000000000000
11000000110010110000000000000000
10000000000000001000000000000000
10000000000000001100000000000000
10000000000000001010000000000000
10000000000010011011000000000000
10000000000000001000100000000000
10000000000000001001110000000000
10000000000000000000001000000000
11000000010000001000111100000000
10000000000000001000000010000000
10000000010000001000000011000000
10000000000000000000000000100000
10000000000000001000010010110000
10000000000000000000000000001000
10000000000000001000000001111100
10000000000000000000000000100010
10000000000000001000001010001011

