10000000000000000000000000000000
11000000000000000000000000000000
10100000000000000000000000000000
10110000000000000000000000000000
10001000000000000000000000000000
10001100000000000000000000000000
10000110000000000000000000000000
10001111000000000000000000000000
10000001100000000000000000000000
10000000110000000000000000000000
10000000001000000000000000000000
10001111111100000000000000000000
10000101010010000000000000000000
10000000000011000000000000000000
10001000000010100000000000000000
10000000100011110000000000000000
10000000000001001000000000000000
10000000000000001100000000000000
10000000000000000010000000000000
10000101010001001011000000000000
10000000000000000000100000000000
10000000000001001000110000000000
10000000000001001000001000000000
10000000000000001000101100000000
10000000000000000000000010000000
10000000000000000000000011000000
10000000000000000000000000100000
10000000000000001000000110110000
10000000000000000000000000001000
10000000000000000000000100001100
10000000000000000000000000000010
10000000000000000000000010001011

