10000000000000000000000000000000
11000000000000000000000000000000
10100000000000000000000000000000
10010000000000000000000000000000
10011000000000000000000000000000
10001100000000000000000000000000
10000110000000000000000000000000
10000111000000000000000000000000
10000100100000000000000000000000
10000100110000000000000000000000
10000100101000000000000000000000
10000000100100000000000000000000
10000100100110000000000000000000
10000100100101000000000000000000
10000100100100100000000000000000
10000110100100010000000000000000
10000100100100001000000000000000
10000000100100000100000000000000
10000000100000000010000000000000
10000000100000000001000000000000
10000000100000000000100000000000
10000000000000000000010000000000
10000000000000000000011000000000
10000000000000000000010100000000
10000000000000000000010110000000
10000000100000000000010101000000
10000000100000000000000000100000
10000000000000000000000000010000
10000000000000000000000000011000
10000000000000000000000000010100
10000000000000000000000000000010
10000000000000000000000000010011

