10000000000000000000000000000000
11000000000000000000000000000000
10100000000000000000000000000000
11110000000000000000000000000000
11001000000000000000000000000000
11001100000000000000000000000000
11000110000000000000000000000000
10001111000000000000000000000000
10000000100000000000000000000000
10000000110000000000000000000000
10000000001000000000000000000000
10000111101100000000000000000000
10000010000010000000000000000000
10000100000011000000000000000000
10000000000001100000000000000000
10000000100011110000000000000000
10000000000000001000000000000000
10000000000000001100000000000000
10000000000000000010000000000000
10000000000001011011000000000000
10000000000000000000100000000000
10000010000001000000110000000000
10000000000000000000001000000000
10000000000010001000101100000000
10000000000000000000000010000000
10000000000010000000000011000000
10000000000000000000000000100000
10000000000000001000000010110000
10000000000000000000000000001000
10000000000000000000000000001100
10000000000000000000000000000010
10000000000000001000000010001011

