10000000000000000000000000000000
11000000000000000000000000000000
10100000000000000000000000000000
10010000000000000000000000000000
10001000000000000000000000000000
10000100000000000000000000000000
10000010000000000000000000000000
10000011000000000000000000000000
10000010100000000000000000000000
10000010010000000000000000000000
10000010011000000000000000000000
10000010010100000000000000000000
10000010010010000000000000000000
10000010010001000000000000000000
10000010010000100000000000000000
10000000010000010000000000000000
10000000010000001000000000000000
10000000010000000100000000000000
10000000010000000010000000000000
10000000010000000001000000000000
10000000010000000000100000000000
10000000000000000000010000000000
10000000000000000000001000000000
10000000000000000000000100000000
10000000000000000000000010000000
10000000000000000000000001000000
10000000000000000000000000100000
10000000000000000000000000010000
10000000000000000000000000001000
10000000000000000000000000001100
10000000000000000000000000001010
10000000000000000000000000001001

