10000000000000000000000000000000
11000000000000000000000000000000
10100000000000000000000000000000
11110000000000000000000000000000
11001000000000000000000000000000
10001100000000000000000000000000
10001010000000000000000000000000
10101011000000000000000000000000
10000000100000000000000000000000
10000000110000000000000000000000
10000000111000000000000000000000
10000000111100000000000000000000
10000000110110000000000000000000
10000000100011000000000000000000
10000000100010100000000000000000
10101000101011110000000000000000
10000000000000011000000000000000
10000000000000001100000000000000
10000000001000001010000000000000
10000000010001001011000000000000
10000000000101101000100000000000
10000000000000001000110000000000
10101000000000001000101000000000
10000000000000001000101100000000
10000000000000001000000010000000
10000000000000011000001011000000
10000000000000001000000010100000
10000000001000001000000010110000
10000000000000001000000010101000
10000000000000101000000010001100
10000000000000000000000010001010
10100000000000001000000010001011

