10000000000000000000000000000000
11000000000000000000000000000000
10100000000000000000000000000000
10110000000000000000000000000000
10001000000000000000000000000000
10001100000000000000000000000000
10000010000000000000000000000000
10111011000000000000000000000000
10010000100000000000000000000000
10000000110000000000000000000000
10000000111000000000000000000000
10000000101100000000000000000000
10000000000010000000000000000000
10000000000111000000000000000000
10000000000000100000000000000000
10000000110100110000000000000000
10000000000000101000000000000000
10000000000100001100000000000000
10000000000000001010000000000000
10000000000000101111000000000000
10000000000000000000100000000000
10000000000000100100110000000000
10000000000000000100001000000000
10010000010000001001101100000000
10000000000000000001000010000000
10000000010000000000000011000000
10000000010000000000000000100000
10010000000000000000000010110000
10000000000000000000000000001000
10010000000000000000000000001100
10000000000000000000000000000010
10000000000000001000000010001011

