10000000000000000000000000000000
11000000000000000000000000000000
10100000000000000000000000000000
10110000000000000000000000000000
10101000000000000000000000000000
10100100000000000000000000000000
10100010000000000000000000000000
10100011000000000000000000000000
11100011100000000000000000000000
10100011010000000000000000000000
10100011001000000000000000000000
10100011000100000000000000000000
10100011000010000000000000000000
10100011000001000000000000000000
10100011000000100000000000000000
10100001000000010000000000000000
10000000000000001000000000000000
10000001000000001100000000000000
10000000000000001010000000000000
10100000000000001001000000000000
10100000000000000000100000000000
10100000000000000000010000000000
10100000000000000000001000000000
10100000000000000000000100000000
10100000000000000000000010000000
10100000000000000000000001000000
10100000000000000000000000100000
10100000000000000000000000110000
10100000000000000000000000001000
10000000000000000000000000000100
10000000000000000000000000000010
10000000000000000000000000000001

