10000000000000000000000000000000
11000000000000000000000000000000
11100000000000000000000000000000
11010000000000000000000000000000
11011000000000000000000000000000
11000100000000000000000000000000
11000110000000000000000000000000
11000101000000000000000000000000
11000000100000000000000000000000
11000000110000000000000000000000
11000000111000000000000000000000
11000000010100000000000000000000
11000000000010000000000000000000
11000000000011000000000000000000
11000000000110100000000000000000
11000000000001110000000000000000
10000000000000011000000000000000
10000000001100011100000000000000
10000000000000011010000000000000
10000000000000011001000000000000
10000000000010010000100000000000
11000000000000111000110000000000
11000000000000101000001000000000
10000000000001101000000100000000
11000000000001001000000010000000
11000000000001001000000001000000
11000000000000001000000000100000
11000000000000000000000000010000
11000000000000000000000000001000
10000000000000000000000000000100
10000000000000000000000000000010
10000000000000000000000000000001

