10000000000000000000000000000000
11000000000000000000000000000000
10100000000000000000000000000000
10110000000000000000000000000000
10001000000000000000000000000000
10101100000000000000000000000000
10000010000000000000000000000000
10101011000000000000000000000000
10000000100000000000000000000000
10000010110000000000000000000000
10000010001000000000000000000000
10100010101100000000000000000000
10100000000010000000000000000000
10000010001111000000000000000000
10000000000000100000000000000000
10101000100011110000000000000000
10100000100000001000000000000000
10001000000000001100000000000000
10000000000000000010000000000000
10100000000000001111000000000000
10000000000000000000100000000000
10000000000000000000110000000000
10000000000000000000001000000000
10100000000001001100101100000000
10000000000000000000001010000000
10000000000001000000000011000000
10000000000001000000000000100000
10100000100000000100000010110000
10100000000000000000000000001000
10000000000000000100000010001100
10000000000000000000000000000010
10000000000000001000000010000011

