10000000000000000000000000000000
11000000000000000000000000000000
10100000000000000000000000000000
10010000000000000000000000000000
10001000000000000000000000000000
10000100000000000000000000000000
10000010000000000000000000000000
10000001000000000000000000000000
10000000100000000000000000000000
10000000010000000000000000000000
10000000011000000000000000000000
10000000010100000000000000000000
10000000000110000000000000000000
10000000000001000000000000000000
10000000010011100000000000000000
10000000000001010000000000000000
10000000000001011000000000000000
10000000000101010100000000000000
10000000000001010010000000000000
10000000000001010011000000000000
10000000000001010010100000000000
10000000000001010010010000000000
10000000000011000010001000000000
10000000000101000010000100000000
10000000000100000010000010000000
10000000000000000000000001000000
10000000000000000010000001100000
10000000000000000000000001010000
10000000000100000000000001001000
10000000000100000000000000000100
10000000000000000000000000000010
10000000000000000000000000000001

