10000000000000000000000000000000
11000000000000000000000000000000
11100000000000000000000000000000
11010000000000000000000000000000
10001000000000000000000000000000
10001100000000000000000000000000
10000010000000000000000000000000
10000011000000000000000000000000
10000000100000000000000000000000
10000011110000000000000000000000
11001111001000000000000000000000
11000000000100000000000000000000
10000000000110000000000000000000
10000000101111000000000000000000
10001000000100100000000000000000
10000010000100110000000000000000
10000000000010111000000000000000
10000000000000111100000000000000
10000000100000111010000000000000
10000000000100111001000000000000
10000000000000011000100000000000
10000000000100011000010000000000
10001000000000011000001000000000
10000000000100011000000100000000
10000000000100011000000010000000
10000000000100011000000001000000
10000000000100111000000000100000
10000011000100001000000000010000
10000010000000001000000000001000
10000000000000001000000000000100
10000000000000001000000000000010
10000000000000000000000000000001

