10000000000000000000000000000000
11000000000000000000000000000000
10100000000000000000000000000000
10010000000000000000000000000000
10011000000000000000000000000000
10011100000000000000000000000000
10010110000000000000000000000000
10000011000000000000000000000000
10000000100000000000000000000000
10001011110000000000000000000000
10000000101000000000000000000000
10000010101100000000000000000000
10000011001010000000000000000000
10000011001001000000000000000000
10000010001000100000000000000000
10000111001000010000000000000000
10000011001000001000000000000000
10000011001000001100000000000000
10000000001000001010000000000000
10000010001000001001000000000000
10000000001000001000100000000000
10000010001000001000010000000000
10000010000000001000001000000000
10000110000000001000000100000000
10000100000000001000000010000000
10000100000000001000000001000000
10000000000000001000000000100000
10000000000000000000000000010000
10000000000000000000000000011000
10000000000000001000000000010100
10000000000000000000000000000010
10000000000000000000000000000001

