10000000000000000000000000000000
11000000000000000000000000000000
11100000000000000000000000000000
11010000000000000000000000000000
11001000000000000000000000000000
11001100000000000000000000000000
11001010000000000000000000000000
11001001000000000000000000000000
11001000100000000000000000000000
11000000010000000000000000000000
11001000011000000000000000000000
11000000010100000000000000000000
11000000010010000000000000000000
10000000010001000000000000000000
10000000010000100000000000000000
10000000010000010000000000000000
10000000010000001000000000000000
10000000010000000100000000000000
10000000010000000010000000000000
10000000010000000011000000000000
10000000010000000000100000000000
10000000010000000000010000000000
10000000010000000000001000000000
10000000000000000000000100000000
10000000000000000000000010000000
10000000000000000000000001000000
10000000000000000000000000100000
10000000000000000000000000010000
10000000000000000000000000001000
10000000000000000000000000000100
10000000000000000000000000000010
10000000000000000000000000000001

