10000000000000000000000000000000
11000000000000000000000000000000
10100000000000000000000000000000
10010000000000000000000000000000
10001000000000000000000000000000
10000100000000000000000000000000
10000010000000000000000000000000
10000001000000000000000000000000
10000001100000000000000000000000
10000011110000000000000000000000
10000000011000000000000000000000
10000000011100000000000000000000
10000000000110000000000000000000
10000000000101000000000000000000
10000000001100100000000000000000
10000000011000010000000000000000
10000000001000001000000000000000
10000000001000000100000000000000
10000000101000000010000000000000
10000000001000000001000000000000
10000000001000000011100000000000
10000000001000000001110000000000
10000000001000000001101000000000
10000000001000000001100100000000
10000000001000000000100010000000
10000000001000000000100001000000
10000000000000000000100000100000
10000000000000000000000000010000
10000000000000000000100000011000
10000000000000000000100000000100
10000000000000000000100000000010
10000000000000000000100000000001

