10000000000000000000000000000000
11000000000000000000000000000000
10100000000000000000000000000000
10110000000000000000000000000000
10001000000000000000000000000000
10001100000000000000000000000000
10000010000000000000000000000000
10011011000000000000000000000000
10010000100000000000000000000000
10011000110000000000000000000000
10000000001000000000000000000000
10000000101100000000000000000000
10000000000010000000000000000000
10000000101011000000000000000000
10010000001000100000000000000000
10000000101010110000000000000000
10000000000000001000000000000000
10000000000000011100000000000000
10000000000000001110000000000000
10000000000000001101000000000000
10000000000000000000100000000000
10000000000000000100110000000000
10000000000000000100001000000000
10000000000000001100101100000000
10000000000000000000000110000000
10000000000000000000001011000000
10000000000000000000000000100000
10000000000000000000000010110000
10000000000000000000000000001000
10000000000000000000001000101100
10000000000000000000001000000010
10000000100000101000000010001011

