10000000000000000000000000000000
11000000000000000000000000000000
10100000000000000000000000000000
10110000000000000000000000000000
10101000000000000000000000000000
10000100000000000000000000000000
10000110000000000000000000000000
10001101000000000000000000000000
10000100100000000000000000000000
10000100010000000000000000000000
10000100001000000000000000000000
10000100000100000000000000000000
10000100000010000000000000000000
10000100000001000000000000000000
10000100000001100000000000000000
10000100000001010000000000000000
10000100000001001000000000000000
10000100000000000100000000000000
10100100000000000010000000000000
10100000000000000001000000000000
10100000000000000001100000000000
10000000000000000000010000000000
10100000000000000000011000000000
10000000000000000000000100000000
10000000000000000001010110000000
10000000000000000000010101000000
10100000000000000000000100100000
10000000000000000000000000010000
10000000000000000000000000001000
10000000000000000000000000000100
10000000000000000000000000000010
10000000000000000000000000000001

