10000000000000000000000000000000
11000000000000000000000000000000
10100000000000000000000000000000
11110000000000000000000000000000
10101000000000000000000000000000
10001100000000000000000000000000
10000010000000000000000000000000
10001011000000000000000000000000
10000000100000000000000000000000
10011000110000000000000000000000
10010000001000000000000000000000
10000011101100000000000000000000
10000000000010000000000000000000
10000010000011000000000000000000
10000011000010100000000000000000
10000010100010110000000000000000
10000000000000001000000000000000
10000010000000011100000000000000
10000000000000000010000000000000
10000010000000011011000000000000
10000001000000010010100000000000
10000000000000010000110000000000
10000000000000000000001000000000
10000010000010011000111100000000
10000000000010000000000010000000
10000010000000000000000011000000
10000010000000000000000000100000
10000001000000010000010010110000
10000000000000000000000000001000
10000001000000000000010000001100
10000001000000000000000000000010
10000000000000101000000010001011

