10000000000000000000000000000000
11000000000000000000000000000000
11100000000000000000000000000000
11010000000000000000000000000000
11011000000000000000000000000000
10000100000000000000000000000000
10000110000000000000000000000000
10010101000000000000000000000000
11000101100000000000000000000000
10000101110000000000000000000000
10001101101000000000000000000000
10010101100100000000000000000000
10000101100010000000000000000000
10000111100001000000000000000000
10000101000000100000000000000000
10000101100000110000000000000000
10000101000000011000000000000000
10000100000000000100000000000000
10001100100000001110000000000000
10000000100000000001000000000000
10000000000000000000100000000000
10000000000000000000010000000000
10000000000000000000001000000000
10000000000000000000000100000000
10000000000000000000000010000000
10000000000000000000000001000000
10000000000000000000000000100000
10000000000000000000000000010000
10000000000000000000000000001000
10000000000000000000000000000100
10000000000000000000000000000010
10000000000000000000000000000001

