10000000000000000000000000000000
11000000000000000000000000000000
10100000000000000000000000000000
10110000000000000000000000000000
10001000000000000000000000000000
10001100000000000000000000000000
10001010000000000000000000000000
10101011000000000000000000000000
10101000100000000000000000000000
10000001110000000000000000000000
10001000101000000000000000000000
10000000101100000000000000000000
10000000100010000000000000000000
10000000100011000000000000000000
10000000100010100000000000000000
10000000101010110000000000000000
10000000000000001000000000000000
10000000000000001100000000000000
10000000000000001010000000000000
10000000000000001011000000000000
10000000000000001000100000000000
10000000000000001000110000000000
10000000000000000001101000000000
10000000000000001001101100000000
10000000001000001000000010000000
10100000100000001001000011000000
10000000000000001001000010100000
10000000000000101001100010110000
10000000000000001000000010001000
10000000000000001000000010001100
10000000000000001000100010001010
10000000000000011000000000001011

