adder_32b_9_58_81610601cf80ba2885b4b6cb12545fe7	1669.09	295.53	0.0	9	58	4	1	0	0	0.99
adder_32b_10_61_70eeeb9767d295d014cce56caf1b1188	1613.11	296.06	0.0	10	61	4	2	0	0	1.59
adder_32b_10_62_848059d1b8938d4f7f2c483da405631d	1614.06	298.45	0.0	10	62	4	3	0	0	2.15
adder_32b_10_63_eeeff6ee6bd88f6e13ee1a56891a5d24	1622.26	299.52	0.0	10	63	4	4	0	0	2.61
adder_32b_9_63_3a3b1e55d8740e3c9c5161d7dfb17ae9	1688.96	298.19	0.0	9	63	6	5	0	0	3.08
adder_32b_11_65_f38ebf76df7b0f00b739186526f8e982	1630.45	299.52	0.0	11	65	5	6	0	0	3.55
adder_32b_10_65_b3cf2aad4989184936c2003ae9ee0b12	1677.65	314.41	0.0	10	65	4	7	0	0	4.01
adder_32b_11_67_b82cd556b828d378bb852cfc6d6092cd	1630.16	309.09	0.0	11	67	4	8	0	0	4.47
adder_32b_11_63_a40f86d238e0d91d506d7f9c1fb3da3e	1622.08	312.82	0.0	11	63	4	9	0	0	4.94
adder_32b_10_63_4aae29c42903161071a6f7fe9f34ea63	1594.10	284.09	0.0	10	63	5	10	0	0	5.41
adder_32b_10_64_6a137ffe8dd4fdd59620b33e642daa9d	1601.15	287.81	0.0	10	64	5	11	0	0	5.90
adder_32b_10_67_3cf76f7eab22c1bb82c06446e3fd49fa	1618.89	296.32	0.0	10	67	6	12	0	0	6.35
adder_32b_10_64_122a747e5dd391e6be85f7d61d8d6a3d	1597.53	286.48	0.0	10	64	5	13	0	0	6.84
adder_32b_10_67_7cf2ca5ce3150423a838064ffa815a08	1642.86	310.16	0.0	10	67	6	14	0	0	7.31
adder_32b_10_67_0e983b55b51d926180780e2f03b18578	1646.70	339.68	0.0	10	67	5	15	0	0	7.78
adder_32b_10_66_9bb2f82d433ee015a52f75884b745065	1584.43	292.60	0.0	10	66	4	16	0	0	8.22
adder_32b_11_69_7574a2286361421617e2328cf4199c1c	1597.32	313.61	0.0	11	69	5	17	0	0	8.68
adder_32b_10_69_744e6000637ae553c68eda4b80f9fee4	1613.37	299.25	0.0	10	69	5	18	0	0	9.15
adder_32b_10_67_5d87d3f97d3f33d9c4a67301c98d9de8	1585.03	294.20	0.0	10	67	4	19	0	0	9.61
adder_32b_10_65_948f79d3ef92b8976b6e8434b283a254	1599.54	289.14	0.0	10	65	4	20	0	0	10.12
adder_32b_10_71_8e90ba50f6d45e595df873a514f47db9	1610.35	304.30	0.0	10	71	5	21	0	0	10.61
adder_32b_11_70_f67e64b84f4eb07e8b14f2ab2c280973	1649.86	322.92	0.0	11	70	4	22	0	0	11.06
adder_32b_10_69_555febede7b29deb2e888268ec4b09bc	1586.65	298.72	0.0	10	69	3	23	0	0	11.55
