adder_32b_7_79_79072c31fffd47704ed2f4fe4f5e6f34	1670.10	412.57	0.0	7	79	16	1	0	0	1.04
adder_32b_7_81_339c5b15c4c4691b77dc4ced6c5b4f4a	1656.89	431.19	0.0	7	81	15	2	0	0	1.56
adder_32b_8_80_eb4e2ed9ba6d047f2e1a70d8fca322e6	1690.71	408.84	0.0	8	80	15	3	0	0	2.07
adder_32b_6_81_2f3842e0eae57ef0764d2fbf0fed4f0c	1704.26	404.32	0.0	6	81	16	4	0	0	2.58
adder_32b_7_81_89bf4bd8a2f1e27ec483ddb7668c4004	1730.59	389.42	0.0	7	81	16	5	0	0	3.07
adder_32b_8_84_2d19aa6b051d186b0ce13f1071675fb3	1616.83	379.05	0.0	8	84	15	6	0	0	3.57
adder_32b_8_85_c4ba585f9950d4a0d9985ce53a378442	1613.43	400.33	0.0	8	85	14	7	0	0	4.10
adder_32b_8_85_c14983e4928b9e26c3bacdbb30b89a26	1614.00	397.94	0.0	8	85	14	8	0	0	4.60
adder_32b_8_85_e3fe86e23bf440d3289a928029fd526a	1614.64	384.90	0.0	8	85	14	9	0	0	5.10
adder_32b_8_85_5a62e45873de517275bd35186029c626	1616.51	387.83	0.0	8	85	14	10	0	0	5.60
adder_32b_8_88_648a2b21175da05e2c90b4805ea8d8b0	1615.71	382.24	0.0	8	88	14	11	0	0	6.08
adder_32b_8_89_db82ce500b96d6b1f88dc52014c91b6e	1625.26	394.74	0.0	8	89	13	12	0	0	6.56
adder_32b_9_91_c84b933e258cf0540a80f8a60f5f0b78	1645.71	383.84	0.0	9	91	13	13	0	0	7.10
adder_32b_8_89_663d9e527fbf8af5fccbf05a81450c73	1615.04	383.84	0.0	8	89	14	14	0	0	7.57
adder_32b_9_91_cff22a8074aff9405eaa57d340243536	1647.43	406.98	0.0	9	91	13	15	0	0	8.17
adder_32b_8_90_6f637a09cb25d1212e923b87f0268976	1605.28	392.88	0.0	8	90	13	16	0	0	8.92
adder_32b_8_93_dba8eec9df70d849c1a8bcde01339aad	1657.70	391.55	0.0	8	93	13	17	0	0	9.44
adder_32b_8_91_93433e87437887434cd5d55217eafa6a	1610.95	394.48	0.0	8	91	12	18	0	0	9.95
adder_32b_9_94_078e263560226ffbfda28a21926ec4ed	1656.73	397.67	0.0	9	94	12	19	0	0	10.53
adder_32b_8_91_217b9c24eb7ee529e554ac8532caf878	1607.07	395.28	0.0	8	91	13	20	0	0	11.10
adder_32b_8_92_84327c74d557beaa34a95916825f7704	1618.07	400.86	0.0	8	92	12	21	0	0	11.59
adder_32b_8_92_a5b4c7bac5babf049f86fbfe31f8f401	1604.17	406.18	0.0	8	92	13	22	0	0	12.13
adder_32b_8_92_08d2db01993f18750068eb35feeac440	1617.63	407.78	0.0	8	92	12	23	0	0	12.64
adder_32b_8_92_ed431fc32bfe0e1b8d0edce55bae4505	1606.31	398.73	0.0	8	92	13	24	0	0	13.13
adder_32b_9_95_853cce34712d13dcb96cef12fc85054e	1623.22	387.83	0.0	9	95	12	25	0	0	13.63
adder_32b_8_93_78e4d7733b24feac08b252f6c4912914	1605.29	403.26	0.0	8	93	12	26	0	0	14.12
adder_32b_9_94_7b91338f3385bc7e3284b464774f3bce	1613.19	402.99	0.0	9	94	12	27	0	0	14.66
adder_32b_8_91_13246f11259d22e4c456fdf5abd53126	1720.39	362.29	0.0	8	91	13	28	0	0	15.16
adder_32b_8_94_6decfcab64fe97c89747b71f22e5fcd8	1612.50	415.49	0.0	8	94	11	29	0	0	15.65
adder_32b_9_96_7bbb68b2bb6bfea2870b7e0d5b0c3346	1624.14	389.16	0.0	9	96	12	30	0	0	16.13
adder_32b_8_94_bb97f2babca38079bdbe089e78617c59	1609.07	404.32	0.0	8	94	11	31	0	0	16.61
adder_32b_9_95_1c641f88b06dc9fdd9800571d84e4e7a	1598.54	435.44	0.0	9	95	12	32	0	0	17.08
adder_32b_10_98_0061999a9beba87545f2cc641529aee7	1751.59	402.46	0.0	10	98	12	33	0	0	17.55
adder_32b_10_99_6bcb86c9734d425f6735b870b04654a5	1749.84	406.98	0.0	10	99	12	34	0	0	18.10
adder_32b_9_98_a474f8619a1e97e28b0c252024aa3667	1625.81	417.35	0.0	9	98	12	35	0	0	18.60
adder_32b_10_98_bcd56266a8587f99a2b8a70c5a87d849	1741.49	403.79	0.0	10	98	11	36	0	0	19.11
adder_32b_9_99_ac9c21fbe260392756ec387aff9e07e3	1618.02	421.08	0.0	9	99	11	37	0	0	19.60
adder_32b_10_102_11c260de2a13ee6de5ff9992cd0a3c2d	1698.89	441.03	0.0	10	102	11	38	0	0	20.20
adder_32b_9_102_d06560abcbeba3def0c66d469a22a954	1603.84	422.67	0.0	9	102	11	39	0	0	20.77
adder_32b_9_103_78f1e3d2a32146fd8bcfb45a6311c90d	1614.34	424.54	0.0	9	103	11	40	0	0	21.29
adder_32b_9_103_004aa8d157e1f2034a3b4eccc54275c6	1609.54	425.33	0.0	9	103	10	41	0	0	21.80
adder_32b_10_103_d7f3b770ab73f9a17bccc30fa1caa42f	1616.65	430.92	0.0	10	103	11	42	0	0	22.32
adder_32b_9_103_4ef37a3a3b095843534f4fac6d112f1a	1615.34	425.33	0.0	9	103	11	43	0	0	22.82
adder_32b_10_106_595aaac744ebc985ebb8ef0313bad151	1614.64	449.27	0.0	10	106	10	44	0	0	23.30
adder_32b_9_104_3d1b8e2a007d8d19491f3406b805cc85	1618.01	425.07	0.0	9	104	9	45	0	0	23.92
adder_32b_9_104_01e9e6466b09662fe39d67d2ae282db7	1600.12	431.98	0.0	9	104	10	46	0	0	24.44
adder_32b_9_106_06f0d3a6d6aef1070cf5d11cee90a6e6	1607.24	443.69	0.0	9	106	10	47	0	0	24.94
adder_32b_9_105_a8108420ac0be4113f282f9d881adae0	1605.83	444.22	0.0	9	105	10	48	0	0	25.48
adder_32b_9_105_9cc88804392b8ed6f3eb61f024077419	1601.65	434.11	0.0	9	105	10	49	0	0	25.97
adder_32b_9_105_52edc58c1167de180443cc0d97549d48	1614.96	431.45	0.0	9	105	10	50	0	0	26.48
adder_32b_7_79_4463a0bc338c8dbd7f57b2d703788e0f	1675.24	369.21	0.0	7	79	16	51	0	0	26.96
adder_32b_7_80_253c1b3c420259b9846d3bbfe39dd400	1678.30	372.67	0.0	7	80	16	52	0	0	27.47
adder_32b_7_83_38fbe3126c8ffbb1bcd5224416f047ab	1712.66	392.62	0.0	7	83	15	53	0	0	27.95
adder_32b_7_80_10498c00124e48971b620b737b15c60a	1678.28	373.20	0.0	7	80	16	54	0	0	28.41
adder_32b_7_83_630de4ee8fd24c4806d7af3d667b4855	1712.56	388.89	0.0	7	83	15	55	0	0	28.90
adder_32b_7_81_d02203e5e02e75804dd0370fc6b001c3	1667.08	375.33	0.0	7	81	15	56	0	0	29.38
adder_32b_7_83_5da5ea4406627000c2cb89fc1205d26b	1793.06	379.58	0.0	7	83	15	57	0	0	29.86
adder_32b_7_84_89d56f60d36720017034ecdf2c78d4b7	1712.28	381.98	0.0	7	84	14	58	0	0	30.34
adder_32b_7_82_1fe31b473ad035bd5d9d57292c617286	1677.39	377.72	0.0	7	82	14	59	0	0	30.84
adder_32b_7_82_5723b323b497f818a8397c5e2c0b682c	1661.42	380.38	0.0	7	82	14	60	0	0	31.35
adder_32b_7_85_2a6f046bcb60705cf3159a30a71deab0	1710.45	395.81	0.0	7	85	13	61	0	0	32.09
adder_32b_7_84_3b948a3bad8086cb8804442bae02d269	1625.98	396.07	0.0	7	84	13	62	0	0	32.60
adder_32b_8_86_ac9c88615cf7416d26c585afe7153a5f	1727.66	405.38	0.0	8	86	13	63	0	0	33.23
adder_32b_7_85_ad8e136090afd7c113a90832ac665bd3	1632.98	394.21	0.0	7	85	13	64	0	0	33.70
adder_32b_8_87_29ef48d4948db92ca15e25d8d96a82e4	1682.10	393.68	0.0	8	87	13	65	0	0	34.19
adder_32b_8_86_030e00e53f0f0f753c17dc448c3a1dd2	1667.07	391.29	0.0	8	86	12	66	0	0	34.70
adder_32b_7_88_4fb8f3f5a883a2050db71f4cceab0eb2	1648.44	403.52	0.0	7	88	13	67	0	0	35.21
adder_32b_8_86_5a6c2aeb2d8b4b38352a45638a78265e	1662.79	386.23	0.0	8	86	13	68	0	0	35.71
adder_32b_8_87_53ed69bec8d8b651d9fb3faafaca6246	1711.41	394.48	0.0	8	87	13	69	0	0	36.18
adder_32b_8_88_6efbe9aec2f9af6fc5cd448df6d19aae	1637.83	418.42	0.0	8	88	13	70	0	0	36.69
adder_32b_8_87_243e146db0593ae2a62adc0527c734e4	1652.52	396.34	0.0	8	87	13	71	0	0	37.19
adder_32b_9_89_da9597749116620680d666025c9c7745	1650.97	404.85	0.0	9	89	13	72	0	0	37.67
adder_32b_9_91_2df3c02c253bef7a2f648d7511ef7680	1761.09	407.25	0.0	9	91	12	73	0	0	38.17
adder_32b_8_88_8b752012cd6ce8b279f59d88571141bb	1651.25	399.00	0.0	8	88	13	74	0	0	38.65
adder_32b_8_88_1043109c1dde0214040bc12e90d10d2a	1658.54	397.40	0.0	8	88	12	75	0	0	39.27
adder_32b_8_91_a6a6461f9287fbed2cd2c830743ad016	1652.35	421.34	0.0	8	91	13	76	0	0	39.80
adder_32b_8_90_2c425e412eaf00737509de22963ce59a	1665.27	412.83	0.0	8	90	13	77	0	0	40.31
